============================================================
  Generated by:           Genus(TM) Synthesis Solution 18.10-p003_1
  Generated on:           Oct 03 2021  09:10:51 pm
  Module:                 axis_conv_engine
  Operating conditions:   BCCOM 
  Interconnect mode:      global
  Area mode:              physical library
============================================================

                                         Leakage      Dynamic       Total    
            Instance             Cells  Power(nW)    Power(nW)    Power(nW)  
-----------------------------------------------------------------------------
axis_conv_engine                 25114 4587582.757 23402648.303 27990231.060 
  SLICE                          18598 3651677.952 18161883.542 21813561.494 
  ENGINE                          6515  935877.407  5240351.918  6176229.325 
    MUL_CONTROL                     45   11760.650    51765.071    63525.721 
      delay_reg_..0].m_data_reg     15    3979.172    17328.762    21307.934 
      delay_reg_..1].m_data_reg     15    3890.739    17157.629    21048.368 
      delay_reg_..2].m_data_reg     15    3890.739    17278.680    21169.419 
    PAD_FILTER                      53    7897.644    18340.405    26238.049 
      REG_CLR_LEFT                   2     522.900     2233.779     2756.679 
      COL_START_REG                  1     267.510     1163.385     1430.895 
      genblk3[1]..ND_MASKED_REG      1     260.481     1085.823     1346.304 
      genblk3[4]..ND_MASKED_REG      1     260.481     1085.823     1346.304 
      genblk3[7]..ND_MASKED_REG      1     260.481     1085.823     1346.304 
      genblk3[10..ND_MASKED_REG      1     260.481     1085.823     1346.304 
      COL_END_REG                    1     259.715     1107.755     1367.469 
      genblk3[0]..ND_MASKED_REG      1     259.121      936.735     1195.856 
      genblk3[2]..ND_MASKED_REG      1     259.121      936.735     1195.856 
      genblk3[3]..ND_MASKED_REG      1     259.121      936.735     1195.856 
      genblk3[5]..ND_MASKED_REG      1     259.121      936.735     1195.856 
      genblk3[6]..ND_MASKED_REG      1     259.121      936.735     1195.856 
      genblk3[8]..ND_MASKED_REG      1     259.121      936.735     1195.856 
      genblk3[9]..ND_MASKED_REG      1     259.121      936.735     1195.856 
      genblk3[11..ND_MASKED_REG      1     259.121      936.735     1195.856 
    ACC_USER                        12    3160.982    12371.299    15532.280 
      delay_reg_..0].m_data_reg     12    3160.982    12371.299    15532.280 
    ACC_VALID_LAST                   2     506.368     2244.379     2750.747 
      delay_reg_..0].m_data_reg      2     506.368     2244.379     2750.747 
    MUX_SEL                          2     448.216     1500.014     1948.231 
    Mb[0].BYPASS_SUM                 1     256.624     1015.435     1272.060 
    Mb[9].BYPASS_SUM                 1     256.624     1015.435     1272.060 
    Mb[1].BYPASS_SUM                 1     256.479     1036.512     1292.990 
    Mb[4].BYPASS_SUM                 1     256.479     1036.512     1292.990 
    Mb[5].BYPASS_SUM                 1     256.479     1036.512     1292.990 
    Mb[8].BYPASS_SUM                 1     256.479     1036.512     1292.990 
    Mb[3].BYPASS_SUM                 1     256.300     1011.196     1267.496 
    Mb[6].BYPASS_SUM                 1     256.300     1011.196     1267.496 
    Mb[2].BYPASS_SUM                 1     256.151     1046.558     1302.709 
    Mb[7].BYPASS_SUM                 1     256.151     1046.558     1302.709 
    Mb[10].BYPASS_SUM                1     256.151     1046.558     1302.709 
    Mb[11].BYPASS_SUM                1     256.151     1046.558     1302.709 
    Ca[0].Ga[0..[0].Ma[0].ACC        0       0.000  1348837.051  1348837.051 
    Ca[0].Ga[0..[0].Ma[1].ACC        0       0.000  1349296.983  1349296.983 
    Ca[0].Ga[0..[0].Ma[2].ACC        0       0.000  1349535.883  1349535.883 
    Ca[0].Ga[0..[0].Ma[3].ACC        0       0.000  1349486.367  1349486.367 
    Ca[0].Ga[0..[0].Ma[4].ACC        0       0.000  1349552.856  1349552.856 
    Ca[0].Ga[0..[0].Ma[5].ACC        0       0.000  1349575.316  1349575.316 
    Ca[0].Ga[0..[0].Ma[6].ACC        0       0.000  1349554.642  1349554.642 
    Ca[0].Ga[0..[0].Ma[7].ACC        0       0.000  1349335.141  1349335.141 
    Ca[0].Ga[0..[0].Ma[8].ACC        0       0.000  1349500.022  1349500.022 
    Ca[0].Ga[0..[0].Ma[9].ACC        0       0.000  1349546.347  1349546.347 
    Ca[0].Ga[0..0].Ma[10].ACC        0       0.000  1349362.451  1349362.451 
    Ca[0].Ga[0..0].Ma[11].ACC        0       0.000  1348069.689  1348069.689 
    Ca[0].Ga[0..[1].Ma[0].ACC        0       0.000  1349126.742  1349126.742 
    Ca[0].Ga[0..[1].Ma[1].ACC        0       0.000  1349608.369  1349608.369 
    Ca[0].Ga[0..[1].Ma[2].ACC        0       0.000  1349383.635  1349383.635 
    Ca[0].Ga[0..[1].Ma[3].ACC        0       0.000  1349522.483  1349522.483 
    Ca[0].Ga[0..[1].Ma[4].ACC        0       0.000  1349505.765  1349505.765 
    Ca[0].Ga[0..[1].Ma[5].ACC        0       0.000  1349522.866  1349522.866 
    Ca[0].Ga[0..[1].Ma[6].ACC        0       0.000  1349398.567  1349398.567 
    Ca[0].Ga[0..[1].Ma[7].ACC        0       0.000  1349542.008  1349542.008 
    Ca[0].Ga[0..[1].Ma[8].ACC        0       0.000  1349495.045  1349495.045 
    Ca[0].Ga[0..[1].Ma[9].ACC        0       0.000  1349406.734  1349406.734 
    Ca[0].Ga[0..1].Ma[10].ACC        0       0.000  1349317.657  1349317.657 
    Ca[0].Ga[0..1].Ma[11].ACC        0       0.000  1348135.539  1348135.539 
    Ca[0].Ga[0..[2].Ma[0].ACC        0       0.000  1349024.010  1349024.010 
    Ca[0].Ga[0..[2].Ma[1].ACC        0       0.000  1349318.423  1349318.423 
    Ca[0].Ga[0..[2].Ma[2].ACC        0       0.000  1349449.358  1349449.358 
    Ca[0].Ga[0..[2].Ma[3].ACC        0       0.000  1349595.352  1349595.352 
    Ca[0].Ga[0..[2].Ma[4].ACC        0       0.000  1349403.927  1349403.927 
    Ca[0].Ga[0..[2].Ma[5].ACC        0       0.000  1349379.296  1349379.296 
    Ca[0].Ga[0..[2].Ma[6].ACC        0       0.000  1349522.866  1349522.866 
    Ca[0].Ga[0..[2].Ma[7].ACC        0       0.000  1349430.599  1349430.599 
    Ca[0].Ga[0..[2].Ma[8].ACC        0       0.000  1349428.684  1349428.684 
    Ca[0].Ga[0..[2].Ma[9].ACC        0       0.000  1349550.303  1349550.303 
    Ca[0].Ga[0..2].Ma[10].ACC        0       0.000  1349444.509  1349444.509 
    Ca[0].Ga[0..2].Ma[11].ACC        0       0.000  1348124.054  1348124.054 
    Ca[0].Ga[0..[3].Ma[0].ACC        0       0.000  1349115.256  1349115.256 
    Ca[0].Ga[0..[3].Ma[1].ACC        0       0.000  1349653.291  1349653.291 
    Ca[0].Ga[0..[3].Ma[2].ACC        0       0.000  1349565.873  1349565.873 
    Ca[0].Ga[0..[3].Ma[3].ACC        0       0.000  1349428.940  1349428.940 
    Ca[0].Ga[0..[3].Ma[4].ACC        0       0.000  1349522.611  1349522.611 
    Ca[0].Ga[0..[3].Ma[5].ACC        0       0.000  1349506.914  1349506.914 
    Ca[0].Ga[0..[3].Ma[6].ACC        0       0.000  1349612.836  1349612.836 
    Ca[0].Ga[0..[3].Ma[7].ACC        0       0.000  1349378.148  1349378.148 
    Ca[0].Ga[0..[3].Ma[8].ACC        0       0.000  1349523.631  1349523.631 
    Ca[0].Ga[0..[3].Ma[9].ACC        0       0.000  1349391.037  1349391.037 
    Ca[0].Ga[0..3].Ma[10].ACC        0       0.000  1349528.864  1349528.864 
    Ca[0].Ga[0..3].Ma[11].ACC        0       0.000  1348085.769  1348085.769 
    Ca[0].Ga[1..[0].Ma[0].ACC        0       0.000  1348789.833  1348789.833 
    Ca[0].Ga[1..[0].Ma[1].ACC        0       0.000  1349417.964  1349417.964 
    Ca[0].Ga[1..[0].Ma[2].ACC        0       0.000  1349495.939  1349495.939 
    Ca[0].Ga[1..[0].Ma[3].ACC        0       0.000  1349466.076  1349466.076 
    Ca[0].Ga[1..[0].Ma[4].ACC        0       0.000  1349552.345  1349552.345 
    Ca[0].Ga[1..[0].Ma[5].ACC        0       0.000  1349442.339  1349442.339 
    Ca[0].Ga[1..[0].Ma[6].ACC        0       0.000  1349573.402  1349573.402 
    Ca[0].Ga[1..[0].Ma[7].ACC        0       0.000  1349469.905  1349469.905 
    Ca[0].Ga[1..[0].Ma[8].ACC        0       0.000  1349519.292  1349519.292 
    Ca[0].Ga[1..[0].Ma[9].ACC        0       0.000  1349530.650  1349530.650 
    Ca[0].Ga[1..0].Ma[10].ACC        0       0.000  1349511.635  1349511.635 
    Ca[0].Ga[1..0].Ma[11].ACC        0       0.000  1348287.149  1348287.149 
    Ca[0].Ga[1..[1].Ma[0].ACC        0       0.000  1349034.858  1349034.858 
    Ca[0].Ga[1..[1].Ma[1].ACC        0       0.000  1349422.814  1349422.814 
    Ca[0].Ga[1..[1].Ma[2].ACC        0       0.000  1349508.317  1349508.317 
    Ca[0].Ga[1..[1].Ma[3].ACC        0       0.000  1349539.966  1349539.966 
    Ca[0].Ga[1..[1].Ma[4].ACC        0       0.000  1349612.325  1349612.325 
    Ca[0].Ga[1..[1].Ma[5].ACC        0       0.000  1349528.609  1349528.609 
    Ca[0].Ga[1..[1].Ma[6].ACC        0       0.000  1349468.756  1349468.756 
    Ca[0].Ga[1..[1].Ma[7].ACC        0       0.000  1349370.618  1349370.618 
    Ca[0].Ga[1..[1].Ma[8].ACC        0       0.000  1349439.915  1349439.915 
    Ca[0].Ga[1..[1].Ma[9].ACC        0       0.000  1349493.514  1349493.514 
    Ca[0].Ga[1..1].Ma[10].ACC        0       0.000  1349489.685  1349489.685 
    Ca[0].Ga[1..1].Ma[11].ACC        0       0.000  1348016.090  1348016.090 
    Ca[0].Ga[1..[2].Ma[0].ACC        0       0.000  1348987.384  1348987.384 
    Ca[0].Ga[1..[2].Ma[1].ACC        0       0.000  1349506.403  1349506.403 
    Ca[0].Ga[1..[2].Ma[2].ACC        0       0.000  1349485.474  1349485.474 
    Ca[0].Ga[1..[2].Ma[3].ACC        0       0.000  1349420.262  1349420.262 
    Ca[0].Ga[1..[2].Ma[4].ACC        0       0.000  1349377.637  1349377.637 
    Ca[0].Ga[1..[2].Ma[5].ACC        0       0.000  1349558.981  1349558.981 
    Ca[0].Ga[1..[2].Ma[6].ACC        0       0.000  1349388.357  1349388.357 
    Ca[0].Ga[1..[2].Ma[7].ACC        0       0.000  1349459.823  1349459.823 
    Ca[0].Ga[1..[2].Ma[8].ACC        0       0.000  1349343.691  1349343.691 
    Ca[0].Ga[1..[2].Ma[9].ACC        0       0.000  1349310.638  1349310.638 
    Ca[0].Ga[1..2].Ma[10].ACC        0       0.000  1349565.745  1349565.745 
    Ca[0].Ga[1..2].Ma[11].ACC        0       0.000  1348236.612  1348236.612 
    Ca[0].Ga[1..[3].Ma[0].ACC        0       0.000  1349053.362  1349053.362 
    Ca[0].Ga[1..[3].Ma[1].ACC        0       0.000  1349465.183  1349465.183 
    Ca[0].Ga[1..[3].Ma[2].ACC        0       0.000  1349322.890  1349322.890 
    Ca[0].Ga[1..[3].Ma[3].ACC        0       0.000  1349421.665  1349421.665 
    Ca[0].Ga[1..[3].Ma[4].ACC        0       0.000  1349511.508  1349511.508 
    Ca[0].Ga[1..[3].Ma[5].ACC        0       0.000  1349428.557  1349428.557 
    Ca[0].Ga[1..[3].Ma[6].ACC        0       0.000  1349501.171  1349501.171 
    Ca[0].Ga[1..[3].Ma[7].ACC        0       0.000  1349422.686  1349422.686 
    Ca[0].Ga[1..[3].Ma[8].ACC        0       0.000  1349516.485  1349516.485 
    Ca[0].Ga[1..[3].Ma[9].ACC        0       0.000  1349540.094  1349540.094 
    Ca[0].Ga[1..3].Ma[10].ACC        0       0.000  1349594.331  1349594.331 
    Ca[0].Ga[1..3].Ma[11].ACC        0       0.000  1348186.841  1348186.841 
    Ca[1].Ga[0..[0].Ma[0].ACC        0       0.000  1348990.447  1348990.447 
    Ca[1].Ga[0..[0].Ma[1].ACC        0       0.000  1349537.287  1349537.287 
    Ca[1].Ga[0..[0].Ma[2].ACC        0       0.000  1349531.799  1349531.799 
    Ca[1].Ga[0..[0].Ma[3].ACC        0       0.000  1349501.554  1349501.554 
    Ca[1].Ga[0..[0].Ma[4].ACC        0       0.000  1349365.386  1349365.386 
    Ca[1].Ga[0..[0].Ma[5].ACC        0       0.000  1349389.633  1349389.633 
    Ca[1].Ga[0..[0].Ma[6].ACC        0       0.000  1349581.825  1349581.825 
    Ca[1].Ga[0..[0].Ma[7].ACC        0       0.000  1349558.471  1349558.471 
    Ca[1].Ga[0..[0].Ma[8].ACC        0       0.000  1349446.423  1349446.423 
    Ca[1].Ga[0..[0].Ma[9].ACC        0       0.000  1349489.047  1349489.047 
    Ca[1].Ga[0..0].Ma[10].ACC        0       0.000  1349463.651  1349463.651 
    Ca[1].Ga[0..0].Ma[11].ACC        0       0.000  1348255.755  1348255.755 
    Ca[1].Ga[0..[1].Ma[0].ACC        0       0.000  1348990.319  1348990.319 
    Ca[1].Ga[0..[1].Ma[1].ACC        0       0.000  1349343.946  1349343.946 
    Ca[1].Ga[0..[1].Ma[2].ACC        0       0.000  1349555.663  1349555.663 
    Ca[1].Ga[0..[1].Ma[3].ACC        0       0.000  1349614.495  1349614.495 
    Ca[1].Ga[0..[1].Ma[4].ACC        0       0.000  1349512.912  1349512.912 
    Ca[1].Ga[0..[1].Ma[5].ACC        0       0.000  1349420.517  1349420.517 
    Ca[1].Ga[0..[1].Ma[6].ACC        0       0.000  1349498.491  1349498.491 
    Ca[1].Ga[0..[1].Ma[7].ACC        0       0.000  1349621.514  1349621.514 
    Ca[1].Ga[0..[1].Ma[8].ACC        0       0.000  1349337.055  1349337.055 
    Ca[1].Ga[0..[1].Ma[9].ACC        0       0.000  1349405.203  1349405.203 
    Ca[1].Ga[0..1].Ma[10].ACC        0       0.000  1349525.801  1349525.801 
    Ca[1].Ga[0..1].Ma[11].ACC        0       0.000  1348092.660  1348092.660 
    Ca[1].Ga[0..[2].Ma[0].ACC        0       0.000  1349103.516  1349103.516 
    Ca[1].Ga[0..[2].Ma[1].ACC        0       0.000  1349509.211  1349509.211 
    Ca[1].Ga[0..[2].Ma[2].ACC        0       0.000  1349442.977  1349442.977 
    Ca[1].Ga[0..[2].Ma[3].ACC        0       0.000  1349478.838  1349478.838 
    Ca[1].Ga[0..[2].Ma[4].ACC        0       0.000  1349425.111  1349425.111 
    Ca[1].Ga[0..[2].Ma[5].ACC        0       0.000  1349494.152  1349494.152 
    Ca[1].Ga[0..[2].Ma[6].ACC        0       0.000  1349448.082  1349448.082 
    Ca[1].Ga[0..[2].Ma[7].ACC        0       0.000  1349513.933  1349513.933 
    Ca[1].Ga[0..[2].Ma[8].ACC        0       0.000  1349368.321  1349368.321 
    Ca[1].Ga[0..[2].Ma[9].ACC        0       0.000  1349615.261  1349615.261 
    Ca[1].Ga[0..2].Ma[10].ACC        0       0.000  1349482.028  1349482.028 
    Ca[1].Ga[0..2].Ma[11].ACC        0       0.000  1348057.438  1348057.438 
    Ca[1].Ga[0..[3].Ma[0].ACC        0       0.000  1349039.069  1349039.069 
    Ca[1].Ga[0..[3].Ma[1].ACC        0       0.000  1349430.599  1349430.599 
    Ca[1].Ga[0..[3].Ma[2].ACC        0       0.000  1349438.256  1349438.256 
    Ca[1].Ga[0..[3].Ma[3].ACC        0       0.000  1349590.503  1349590.503 
    Ca[1].Ga[0..[3].Ma[4].ACC        0       0.000  1349421.155  1349421.155 
    Ca[1].Ga[0..[3].Ma[5].ACC        0       0.000  1349449.869  1349449.869 
    Ca[1].Ga[0..[3].Ma[6].ACC        0       0.000  1349524.014  1349524.014 
    Ca[1].Ga[0..[3].Ma[7].ACC        0       0.000  1349586.674  1349586.674 
    Ca[1].Ga[0..[3].Ma[8].ACC        0       0.000  1349514.954  1349514.954 
    Ca[1].Ga[0..[3].Ma[9].ACC        0       0.000  1349414.136  1349414.136 
    Ca[1].Ga[0..3].Ma[10].ACC        0       0.000  1349458.036  1349458.036 
    Ca[1].Ga[0..3].Ma[11].ACC        0       0.000  1348101.083  1348101.083 
    Ca[1].Ga[1..[0].Ma[0].ACC        0       0.000  1348923.575  1348923.575 
    Ca[1].Ga[1..[0].Ma[1].ACC        0       0.000  1349471.564  1349471.564 
    Ca[1].Ga[1..[0].Ma[2].ACC        0       0.000  1349420.262  1349420.262 
    Ca[1].Ga[1..[0].Ma[3].ACC        0       0.000  1349440.936  1349440.936 
    Ca[1].Ga[1..[0].Ma[4].ACC        0       0.000  1349444.126  1349444.126 
    Ca[1].Ga[1..[0].Ma[5].ACC        0       0.000  1349470.670  1349470.670 
    Ca[1].Ga[1..[0].Ma[6].ACC        0       0.000  1349503.340  1349503.340 
    Ca[1].Ga[1..[0].Ma[7].ACC        0       0.000  1349387.081  1349387.081 
    Ca[1].Ga[1..[0].Ma[8].ACC        0       0.000  1349487.899  1349487.899 
    Ca[1].Ga[1..[0].Ma[9].ACC        0       0.000  1349476.668  1349476.668 
    Ca[1].Ga[1..0].Ma[10].ACC        0       0.000  1349476.668  1349476.668 
    Ca[1].Ga[1..0].Ma[11].ACC        0       0.000  1348124.819  1348124.819 
    Ca[1].Ga[1..[1].Ma[0].ACC        0       0.000  1348962.754  1348962.754 
    Ca[1].Ga[1..[1].Ma[1].ACC        0       0.000  1349350.200  1349350.200 
    Ca[1].Ga[1..[1].Ma[2].ACC        0       0.000  1349532.182  1349532.182 
    Ca[1].Ga[1..[1].Ma[3].ACC        0       0.000  1349644.995  1349644.995 
    Ca[1].Ga[1..[1].Ma[4].ACC        0       0.000  1349552.983  1349552.983 
    Ca[1].Ga[1..[1].Ma[5].ACC        0       0.000  1349493.003  1349493.003 
    Ca[1].Ga[1..[1].Ma[6].ACC        0       0.000  1349512.529  1349512.529 
    Ca[1].Ga[1..[1].Ma[7].ACC        0       0.000  1349613.729  1349613.729 
    Ca[1].Ga[1..[1].Ma[8].ACC        0       0.000  1349485.474  1349485.474 
    Ca[1].Ga[1..[1].Ma[9].ACC        0       0.000  1349549.410  1349549.410 
    Ca[1].Ga[1..1].Ma[10].ACC        0       0.000  1349573.019  1349573.019 
    Ca[1].Ga[1..1].Ma[11].ACC        0       0.000  1348199.858  1348199.858 
    Ca[1].Ga[1..[2].Ma[0].ACC        0       0.000  1348945.781  1348945.781 
    Ca[1].Ga[1..[2].Ma[1].ACC        0       0.000  1349484.581  1349484.581 
    Ca[1].Ga[1..[2].Ma[2].ACC        0       0.000  1349448.593  1349448.593 
    Ca[1].Ga[1..[2].Ma[3].ACC        0       0.000  1349381.083  1349381.083 
    Ca[1].Ga[1..[2].Ma[4].ACC        0       0.000  1349496.577  1349496.577 
    Ca[1].Ga[1..[2].Ma[5].ACC        0       0.000  1349407.372  1349407.372 
    Ca[1].Ga[1..[2].Ma[6].ACC        0       0.000  1349483.815  1349483.815 
    Ca[1].Ga[1..[2].Ma[7].ACC        0       0.000  1349540.222  1349540.222 
    Ca[1].Ga[1..[2].Ma[8].ACC        0       0.000  1349393.972  1349393.972 
    Ca[1].Ga[1..[2].Ma[9].ACC        0       0.000  1349413.625  1349413.625 
    Ca[1].Ga[1..2].Ma[10].ACC        0       0.000  1349402.012  1349402.012 
    Ca[1].Ga[1..2].Ma[11].ACC        0       0.000  1348060.500  1348060.500 
    Ca[1].Ga[1..[3].Ma[0].ACC        0       0.000  1349024.138  1349024.138 
    Ca[1].Ga[1..[3].Ma[1].ACC        0       0.000  1349533.968  1349533.968 
    Ca[1].Ga[1..[3].Ma[2].ACC        0       0.000  1349457.909  1349457.909 
    Ca[1].Ga[1..[3].Ma[3].ACC        0       0.000  1349374.319  1349374.319 
    Ca[1].Ga[1..[3].Ma[4].ACC        0       0.000  1349546.858  1349546.858 
    Ca[1].Ga[1..[3].Ma[5].ACC        0       0.000  1349568.297  1349568.297 
    Ca[1].Ga[1..[3].Ma[6].ACC        0       0.000  1349440.042  1349440.042 
    Ca[1].Ga[1..[3].Ma[7].ACC        0       0.000  1349463.907  1349463.907 
    Ca[1].Ga[1..[3].Ma[8].ACC        0       0.000  1349634.276  1349634.276 
    Ca[1].Ga[1..[3].Ma[9].ACC        0       0.000  1349512.018  1349512.018 
    Ca[1].Ga[1..3].Ma[10].ACC        0       0.000  1349451.655  1349451.655 
    Ca[1].Ga[1..3].Ma[11].ACC        0       0.000  1348211.344  1348211.344 
    Cm[0].Gm[0..[0].Mm[0].MUL        0       0.000  1351097.662  1351097.662 
    Cm[0].Gm[0..[0].Mm[1].MUL        0       0.000  1351090.132  1351090.132 
    Cm[0].Gm[0..[0].Mm[2].MUL        0       0.000  1351087.963  1351087.963 
    Cm[0].Gm[0..[0].Mm[3].MUL        0       0.000  1351095.875  1351095.875 
    Cm[0].Gm[0..[0].Mm[4].MUL        0       0.000  1351093.706  1351093.706 
    Cm[0].Gm[0..[0].Mm[5].MUL        0       0.000  1351089.367  1351089.367 
    Cm[0].Gm[0..[0].Mm[6].MUL        0       0.000  1351089.367  1351089.367 
    Cm[0].Gm[0..[0].Mm[7].MUL        0       0.000  1351091.536  1351091.536 
    Cm[0].Gm[0..[0].Mm[8].MUL        0       0.000  1351095.875  1351095.875 
    Cm[0].Gm[0..[0].Mm[9].MUL        0       0.000  1351081.455  1351081.455 
    Cm[0].Gm[0..0].Mm[10].MUL        0       0.000  1351085.793  1351085.793 
    Cm[0].Gm[0..0].Mm[11].MUL        0       0.000  1351089.367  1351089.367 
    Cm[0].Gm[0..[1].Mm[0].MUL        0       0.000  1351099.831  1351099.831 
    Cm[0].Gm[0..[1].Mm[1].MUL        0       0.000  1351087.963  1351087.963 
    Cm[0].Gm[0..[1].Mm[2].MUL        0       0.000  1351079.285  1351079.285 
    Cm[0].Gm[0..[1].Mm[3].MUL        0       0.000  1351087.197  1351087.197 
    Cm[0].Gm[0..[1].Mm[4].MUL        0       0.000  1351091.536  1351091.536 
    Cm[0].Gm[0..[1].Mm[5].MUL        0       0.000  1351087.197  1351087.197 
    Cm[0].Gm[0..[1].Mm[6].MUL        0       0.000  1351087.197  1351087.197 
    Cm[0].Gm[0..[1].Mm[7].MUL        0       0.000  1351093.706  1351093.706 
    Cm[0].Gm[0..[1].Mm[8].MUL        0       0.000  1351093.706  1351093.706 
    Cm[0].Gm[0..[1].Mm[9].MUL        0       0.000  1351085.793  1351085.793 
    Cm[0].Gm[0..1].Mm[10].MUL        0       0.000  1351085.538  1351085.538 
    Cm[0].Gm[0..1].Mm[11].MUL        0       0.000  1351093.706  1351093.706 
    Cm[0].Gm[0..[2].Mm[0].MUL        0       0.000  1351095.492  1351095.492 
    Cm[0].Gm[0..[2].Mm[1].MUL        0       0.000  1351083.369  1351083.369 
    Cm[0].Gm[0..[2].Mm[2].MUL        0       0.000  1351092.302  1351092.302 
    Cm[0].Gm[0..[2].Mm[3].MUL        0       0.000  1351093.706  1351093.706 
    Cm[0].Gm[0..[2].Mm[4].MUL        0       0.000  1351093.706  1351093.706 
    Cm[0].Gm[0..[2].Mm[5].MUL        0       0.000  1351089.367  1351089.367 
    Cm[0].Gm[0..[2].Mm[6].MUL        0       0.000  1351087.197  1351087.197 
    Cm[0].Gm[0..[2].Mm[7].MUL        0       0.000  1351085.028  1351085.028 
    Cm[0].Gm[0..[2].Mm[8].MUL        0       0.000  1351095.875  1351095.875 
    Cm[0].Gm[0..[2].Mm[9].MUL        0       0.000  1351092.302  1351092.302 
    Cm[0].Gm[0..2].Mm[10].MUL        0       0.000  1351074.946  1351074.946 
    Cm[0].Gm[0..2].Mm[11].MUL        0       0.000  1351095.875  1351095.875 
    Cm[0].Gm[0..[3].Mm[0].MUL        0       0.000  1351099.831  1351099.831 
    Cm[0].Gm[0..[3].Mm[1].MUL        0       0.000  1351090.132  1351090.132 
    Cm[0].Gm[0..[3].Mm[2].MUL        0       0.000  1351083.624  1351083.624 
    Cm[0].Gm[0..[3].Mm[3].MUL        0       0.000  1351093.578  1351093.578 
    Cm[0].Gm[0..[3].Mm[4].MUL        0       0.000  1351091.536  1351091.536 
    Cm[0].Gm[0..[3].Mm[5].MUL        0       0.000  1351095.875  1351095.875 
    Cm[0].Gm[0..[3].Mm[6].MUL        0       0.000  1351093.706  1351093.706 
    Cm[0].Gm[0..[3].Mm[7].MUL        0       0.000  1351093.706  1351093.706 
    Cm[0].Gm[0..[3].Mm[8].MUL        0       0.000  1351087.197  1351087.197 
    Cm[0].Gm[0..[3].Mm[9].MUL        0       0.000  1351087.708  1351087.708 
    Cm[0].Gm[0..3].Mm[10].MUL        0       0.000  1351081.455  1351081.455 
    Cm[0].Gm[0..3].Mm[11].MUL        0       0.000  1351095.875  1351095.875 
    Cm[0].Gm[1..[0].Mm[0].MUL        0       0.000  1351093.068  1351093.068 
    Cm[0].Gm[1..[0].Mm[1].MUL        0       0.000  1351082.603  1351082.603 
    Cm[0].Gm[1..[0].Mm[2].MUL        0       0.000  1351093.706  1351093.706 
    Cm[0].Gm[1..[0].Mm[3].MUL        0       0.000  1351083.624  1351083.624 
    Cm[0].Gm[1..[0].Mm[4].MUL        0       0.000  1351095.875  1351095.875 
    Cm[0].Gm[1..[0].Mm[5].MUL        0       0.000  1351095.875  1351095.875 
    Cm[0].Gm[1..[0].Mm[6].MUL        0       0.000  1351086.942  1351086.942 
    Cm[0].Gm[1..[0].Mm[7].MUL        0       0.000  1351084.900  1351084.900 
    Cm[0].Gm[1..[0].Mm[8].MUL        0       0.000  1351087.197  1351087.197 
    Cm[0].Gm[1..[0].Mm[9].MUL        0       0.000  1351087.197  1351087.197 
    Cm[0].Gm[1..0].Mm[10].MUL        0       0.000  1351090.132  1351090.132 
    Cm[0].Gm[1..0].Mm[11].MUL        0       0.000  1351085.028  1351085.028 
    Cm[0].Gm[1..[1].Mm[0].MUL        0       0.000  1351097.662  1351097.662 
    Cm[0].Gm[1..[1].Mm[1].MUL        0       0.000  1351091.536  1351091.536 
    Cm[0].Gm[1..[1].Mm[2].MUL        0       0.000  1351080.434  1351080.434 
    Cm[0].Gm[1..[1].Mm[3].MUL        0       0.000  1351079.285  1351079.285 
    Cm[0].Gm[1..[1].Mm[4].MUL        0       0.000  1351085.028  1351085.028 
    Cm[0].Gm[1..[1].Mm[5].MUL        0       0.000  1351091.536  1351091.536 
    Cm[0].Gm[1..[1].Mm[6].MUL        0       0.000  1351093.706  1351093.706 
    Cm[0].Gm[1..[1].Mm[7].MUL        0       0.000  1351089.367  1351089.367 
    Cm[0].Gm[1..[1].Mm[8].MUL        0       0.000  1351095.875  1351095.875 
    Cm[0].Gm[1..[1].Mm[9].MUL        0       0.000  1351080.434  1351080.434 
    Cm[0].Gm[1..1].Mm[10].MUL        0       0.000  1351092.302  1351092.302 
    Cm[0].Gm[1..1].Mm[11].MUL        0       0.000  1351093.578  1351093.578 
    Cm[0].Gm[1..[2].Mm[0].MUL        0       0.000  1351086.814  1351086.814 
    Cm[0].Gm[1..[2].Mm[1].MUL        0       0.000  1351091.536  1351091.536 
    Cm[0].Gm[1..[2].Mm[2].MUL        0       0.000  1351089.367  1351089.367 
    Cm[0].Gm[1..[2].Mm[3].MUL        0       0.000  1351092.302  1351092.302 
    Cm[0].Gm[1..[2].Mm[4].MUL        0       0.000  1351087.197  1351087.197 
    Cm[0].Gm[1..[2].Mm[5].MUL        0       0.000  1351093.706  1351093.706 
    Cm[0].Gm[1..[2].Mm[6].MUL        0       0.000  1351093.706  1351093.706 
    Cm[0].Gm[1..[2].Mm[7].MUL        0       0.000  1351091.536  1351091.536 
    Cm[0].Gm[1..[2].Mm[8].MUL        0       0.000  1351091.281  1351091.281 
    Cm[0].Gm[1..[2].Mm[9].MUL        0       0.000  1351080.689  1351080.689 
    Cm[0].Gm[1..2].Mm[10].MUL        0       0.000  1351079.285  1351079.285 
    Cm[0].Gm[1..2].Mm[11].MUL        0       0.000  1351087.197  1351087.197 
    Cm[0].Gm[1..[3].Mm[0].MUL        0       0.000  1351097.662  1351097.662 
    Cm[0].Gm[1..[3].Mm[1].MUL        0       0.000  1351091.536  1351091.536 
    Cm[0].Gm[1..[3].Mm[2].MUL        0       0.000  1351089.367  1351089.367 
    Cm[0].Gm[1..[3].Mm[3].MUL        0       0.000  1351087.963  1351087.963 
    Cm[0].Gm[1..[3].Mm[4].MUL        0       0.000  1351087.197  1351087.197 
    Cm[0].Gm[1..[3].Mm[5].MUL        0       0.000  1351095.875  1351095.875 
    Cm[0].Gm[1..[3].Mm[6].MUL        0       0.000  1351091.536  1351091.536 
    Cm[0].Gm[1..[3].Mm[7].MUL        0       0.000  1351087.197  1351087.197 
    Cm[0].Gm[1..[3].Mm[8].MUL        0       0.000  1351091.536  1351091.536 
    Cm[0].Gm[1..[3].Mm[9].MUL        0       0.000  1351093.706  1351093.706 
    Cm[0].Gm[1..3].Mm[10].MUL        0       0.000  1351090.132  1351090.132 
    Cm[0].Gm[1..3].Mm[11].MUL        0       0.000  1351087.070  1351087.070 
    Cm[1].Gm[0..[0].Mm[0].MUL        0       0.000  1351093.323  1351093.323 
    Cm[1].Gm[0..[0].Mm[1].MUL        0       0.000  1351091.536  1351091.536 
    Cm[1].Gm[0..[0].Mm[2].MUL        0       0.000  1351083.624  1351083.624 
    Cm[1].Gm[0..[0].Mm[3].MUL        0       0.000  1351095.875  1351095.875 
    Cm[1].Gm[0..[0].Mm[4].MUL        0       0.000  1351091.536  1351091.536 
    Cm[1].Gm[0..[0].Mm[5].MUL        0       0.000  1351095.875  1351095.875 
    Cm[1].Gm[0..[0].Mm[6].MUL        0       0.000  1351082.858  1351082.858 
    Cm[1].Gm[0..[0].Mm[7].MUL        0       0.000  1351092.302  1351092.302 
    Cm[1].Gm[0..[0].Mm[8].MUL        0       0.000  1351091.536  1351091.536 
    Cm[1].Gm[0..[0].Mm[9].MUL        0       0.000  1351091.536  1351091.536 
    Cm[1].Gm[0..0].Mm[10].MUL        0       0.000  1351087.197  1351087.197 
    Cm[1].Gm[0..0].Mm[11].MUL        0       0.000  1351095.875  1351095.875 
    Cm[1].Gm[0..[1].Mm[0].MUL        0       0.000  1351093.323  1351093.323 
    Cm[1].Gm[0..[1].Mm[1].MUL        0       0.000  1351093.706  1351093.706 
    Cm[1].Gm[0..[1].Mm[2].MUL        0       0.000  1351092.302  1351092.302 
    Cm[1].Gm[0..[1].Mm[3].MUL        0       0.000  1351076.350  1351076.350 
    Cm[1].Gm[0..[1].Mm[4].MUL        0       0.000  1351078.136  1351078.136 
    Cm[1].Gm[0..[1].Mm[5].MUL        0       0.000  1351082.731  1351082.731 
    Cm[1].Gm[0..[1].Mm[6].MUL        0       0.000  1351087.197  1351087.197 
    Cm[1].Gm[0..[1].Mm[7].MUL        0       0.000  1351092.302  1351092.302 
    Cm[1].Gm[0..[1].Mm[8].MUL        0       0.000  1351093.706  1351093.706 
    Cm[1].Gm[0..[1].Mm[9].MUL        0       0.000  1351091.536  1351091.536 
    Cm[1].Gm[0..1].Mm[10].MUL        0       0.000  1351095.875  1351095.875 
    Cm[1].Gm[0..1].Mm[11].MUL        0       0.000  1351091.536  1351091.536 
    Cm[1].Gm[0..[2].Mm[0].MUL        0       0.000  1351093.068  1351093.068 
    Cm[1].Gm[0..[2].Mm[1].MUL        0       0.000  1351089.367  1351089.367 
    Cm[1].Gm[0..[2].Mm[2].MUL        0       0.000  1351081.455  1351081.455 
    Cm[1].Gm[0..[2].Mm[3].MUL        0       0.000  1351087.197  1351087.197 
    Cm[1].Gm[0..[2].Mm[4].MUL        0       0.000  1351082.731  1351082.731 
    Cm[1].Gm[0..[2].Mm[5].MUL        0       0.000  1351091.536  1351091.536 
    Cm[1].Gm[0..[2].Mm[6].MUL        0       0.000  1351084.645  1351084.645 
    Cm[1].Gm[0..[2].Mm[7].MUL        0       0.000  1351087.963  1351087.963 
    Cm[1].Gm[0..[2].Mm[8].MUL        0       0.000  1351091.536  1351091.536 
    Cm[1].Gm[0..[2].Mm[9].MUL        0       0.000  1351091.536  1351091.536 
    Cm[1].Gm[0..2].Mm[10].MUL        0       0.000  1351093.706  1351093.706 
    Cm[1].Gm[0..2].Mm[11].MUL        0       0.000  1351093.706  1351093.706 
    Cm[1].Gm[0..[3].Mm[0].MUL        0       0.000  1351091.153  1351091.153 
    Cm[1].Gm[0..[3].Mm[1].MUL        0       0.000  1351093.706  1351093.706 
    Cm[1].Gm[0..[3].Mm[2].MUL        0       0.000  1351083.496  1351083.496 
    Cm[1].Gm[0..[3].Mm[3].MUL        0       0.000  1351089.367  1351089.367 
    Cm[1].Gm[0..[3].Mm[4].MUL        0       0.000  1351082.731  1351082.731 
    Cm[1].Gm[0..[3].Mm[5].MUL        0       0.000  1351089.367  1351089.367 
    Cm[1].Gm[0..[3].Mm[6].MUL        0       0.000  1351093.706  1351093.706 
    Cm[1].Gm[0..[3].Mm[7].MUL        0       0.000  1351090.132  1351090.132 
    Cm[1].Gm[0..[3].Mm[8].MUL        0       0.000  1351085.028  1351085.028 
    Cm[1].Gm[0..[3].Mm[9].MUL        0       0.000  1351089.367  1351089.367 
    Cm[1].Gm[0..3].Mm[10].MUL        0       0.000  1351095.875  1351095.875 
    Cm[1].Gm[0..3].Mm[11].MUL        0       0.000  1351091.536  1351091.536 
    Cm[1].Gm[1..[0].Mm[0].MUL        0       0.000  1351081.837  1351081.837 
    Cm[1].Gm[1..[0].Mm[1].MUL        0       0.000  1351095.875  1351095.875 
    Cm[1].Gm[1..[0].Mm[2].MUL        0       0.000  1351089.367  1351089.367 
    Cm[1].Gm[1..[0].Mm[3].MUL        0       0.000  1351085.028  1351085.028 
    Cm[1].Gm[1..[0].Mm[4].MUL        0       0.000  1351081.455  1351081.455 
    Cm[1].Gm[1..[0].Mm[5].MUL        0       0.000  1351093.706  1351093.706 
    Cm[1].Gm[1..[0].Mm[6].MUL        0       0.000  1351082.603  1351082.603 
    Cm[1].Gm[1..[0].Mm[7].MUL        0       0.000  1351085.793  1351085.793 
    Cm[1].Gm[1..[0].Mm[8].MUL        0       0.000  1351091.536  1351091.536 
    Cm[1].Gm[1..[0].Mm[9].MUL        0       0.000  1351095.875  1351095.875 
    Cm[1].Gm[1..0].Mm[10].MUL        0       0.000  1351087.197  1351087.197 
    Cm[1].Gm[1..0].Mm[11].MUL        0       0.000  1351093.706  1351093.706 
    Cm[1].Gm[1..[1].Mm[0].MUL        0       0.000  1351086.176  1351086.176 
    Cm[1].Gm[1..[1].Mm[1].MUL        0       0.000  1351089.367  1351089.367 
    Cm[1].Gm[1..[1].Mm[2].MUL        0       0.000  1351093.706  1351093.706 
    Cm[1].Gm[1..[1].Mm[3].MUL        0       0.000  1351078.519  1351078.519 
    Cm[1].Gm[1..[1].Mm[4].MUL        0       0.000  1351087.963  1351087.963 
    Cm[1].Gm[1..[1].Mm[5].MUL        0       0.000  1351091.536  1351091.536 
    Cm[1].Gm[1..[1].Mm[6].MUL        0       0.000  1351085.028  1351085.028 
    Cm[1].Gm[1..[1].Mm[7].MUL        0       0.000  1351085.793  1351085.793 
    Cm[1].Gm[1..[1].Mm[8].MUL        0       0.000  1351089.367  1351089.367 
    Cm[1].Gm[1..[1].Mm[9].MUL        0       0.000  1351095.875  1351095.875 
    Cm[1].Gm[1..1].Mm[10].MUL        0       0.000  1351093.706  1351093.706 
    Cm[1].Gm[1..1].Mm[11].MUL        0       0.000  1351095.875  1351095.875 
    Cm[1].Gm[1..[2].Mm[0].MUL        0       0.000  1351081.837  1351081.837 
    Cm[1].Gm[1..[2].Mm[1].MUL        0       0.000  1351087.197  1351087.197 
    Cm[1].Gm[1..[2].Mm[2].MUL        0       0.000  1351089.367  1351089.367 
    Cm[1].Gm[1..[2].Mm[3].MUL        0       0.000  1351095.875  1351095.875 
    Cm[1].Gm[1..[2].Mm[4].MUL        0       0.000  1351092.302  1351092.302 
    Cm[1].Gm[1..[2].Mm[5].MUL        0       0.000  1351093.706  1351093.706 
    Cm[1].Gm[1..[2].Mm[6].MUL        0       0.000  1351082.731  1351082.731 
    Cm[1].Gm[1..[2].Mm[7].MUL        0       0.000  1351079.030  1351079.030 
    Cm[1].Gm[1..[2].Mm[8].MUL        0       0.000  1351085.028  1351085.028 
    Cm[1].Gm[1..[2].Mm[9].MUL        0       0.000  1351087.197  1351087.197 
    Cm[1].Gm[1..2].Mm[10].MUL        0       0.000  1351089.367  1351089.367 
    Cm[1].Gm[1..2].Mm[11].MUL        0       0.000  1351091.536  1351091.536 
    Cm[1].Gm[1..[3].Mm[0].MUL        0       0.000  1351090.515  1351090.515 
    Cm[1].Gm[1..[3].Mm[1].MUL        0       0.000  1351093.706  1351093.706 
    Cm[1].Gm[1..[3].Mm[2].MUL        0       0.000  1351091.536  1351091.536 
    Cm[1].Gm[1..[3].Mm[3].MUL        0       0.000  1351087.197  1351087.197 
    Cm[1].Gm[1..[3].Mm[4].MUL        0       0.000  1351083.624  1351083.624 
    Cm[1].Gm[1..[3].Mm[5].MUL        0       0.000  1351093.706  1351093.706 
    Cm[1].Gm[1..[3].Mm[6].MUL        0       0.000  1351085.028  1351085.028 
    Cm[1].Gm[1..[3].Mm[7].MUL        0       0.000  1351087.963  1351087.963 
    Cm[1].Gm[1..[3].Mm[8].MUL        0       0.000  1351082.858  1351082.858 
    Cm[1].Gm[1..[3].Mm[9].MUL        0       0.000  1351093.706  1351093.706 
    Cm[1].Gm[1..3].Mm[10].MUL        0       0.000  1351087.197  1351087.197 
    Cm[1].Gm[1..3].Mm[11].MUL        0       0.000  1351095.875  1351095.875 

