============================================================
  Generated by:           Genus(TM) Synthesis Solution 18.10-p003_1
  Generated on:           Oct 04 2021  12:18:36 am
  Module:                 axis_conv_engine
  Operating conditions:   BC0D88COM 
  Interconnect mode:      global
  Area mode:              physical library
============================================================


Path 1: MET (3832 ps) Setup Check with Pin ENGINE/Ca[0].Ga[0].Ua[13].Ma[13].ACC/REG/data_out_reg[23]/CP->D
          Group: aclk
     Startpoint: (R) ENGINE/MUX_SEL/data_out_reg[0]/CP
          Clock: (R) aclk
       Endpoint: (F) ENGINE/Ca[0].Ga[0].Ua[13].Ma[13].ACC/REG/data_out_reg[23]/D
          Clock: (R) aclk

                     Capture       Launch     
        Clock Edge:+    5000            0     
       Src Latency:+       0            0     
       Net Latency:+       0 (I)        0 (I) 
           Arrival:=    5000            0     
                                              
             Setup:-      23                  
     Required Time:=    4977                  
      Launch Clock:-       0                  
         Data Path:-    1146                  
             Slack:=    3832                  

#----------------------------------------------------------------------------------------------------------------------------------------
#                        Timing Point                         Flags    Arc   Edge    Cell      Fanout  Load Trans Delay Arrival Instance 
#                                                                                                      (fF)  (ps)  (ps)   (ps)  Location 
#----------------------------------------------------------------------------------------------------------------------------------------
  ENGINE/MUX_SEL/data_out_reg[0]/CP                           -       -      R     (arrival)    17365     -     0     -       0    (-,-) 
  ENGINE/MUX_SEL/data_out_reg[0]/Q                            -       CP->Q  F     DFKCSND1BWP      2  11.4    42    67      67    (-,-) 
  ENGINE/g91015/ZN                                            -       I->ZN  R     INVD16BWP      404 636.8   162   102     169    (-,-) 
  ENGINE/g91014/ZN                                            -       I->ZN  F     INVD16BWP      431 678.8   171   136     305    (-,-) 
  ENGINE/g88314/Z                                             -       S->Z   R     CKMUX2D1BWP      1   1.9    24    53     358    (-,-) 
  ENGINE/Ca[0].Ga[0].Ua[13].Ma[13].ACC/add_31_23_g1642/CO     -       A->CO  R     FA1D0BWP         1   1.9    22    57     415    (-,-) 
  ENGINE/Ca[0].Ga[0].Ua[13].Ma[13].ACC/add_31_23_g1641/CO     -       CI->CO R     FA1D0BWP         1   1.9    22    33     448    (-,-) 
  ENGINE/Ca[0].Ga[0].Ua[13].Ma[13].ACC/add_31_23_g1640/CO     -       CI->CO R     FA1D0BWP         1   1.9    22    33     481    (-,-) 
  ENGINE/Ca[0].Ga[0].Ua[13].Ma[13].ACC/add_31_23_g1639/CO     -       CI->CO R     FA1D0BWP         1   1.9    22    33     514    (-,-) 
  ENGINE/Ca[0].Ga[0].Ua[13].Ma[13].ACC/add_31_23_g1638/CO     -       CI->CO R     FA1D0BWP         1   1.9    22    33     547    (-,-) 
  ENGINE/Ca[0].Ga[0].Ua[13].Ma[13].ACC/add_31_23_g1637/CO     -       CI->CO R     FA1D0BWP         1   1.9    22    33     580    (-,-) 
  ENGINE/Ca[0].Ga[0].Ua[13].Ma[13].ACC/add_31_23_g1636/CO     -       CI->CO R     FA1D0BWP         1   1.9    22    33     613    (-,-) 
  ENGINE/Ca[0].Ga[0].Ua[13].Ma[13].ACC/add_31_23_g1635/CO     -       CI->CO R     FA1D0BWP         1   1.9    22    33     646    (-,-) 
  ENGINE/Ca[0].Ga[0].Ua[13].Ma[13].ACC/add_31_23_g1634/CO     -       CI->CO R     FA1D0BWP         1   1.9    22    33     679    (-,-) 
  ENGINE/Ca[0].Ga[0].Ua[13].Ma[13].ACC/add_31_23_g1633/CO     -       CI->CO R     FA1D0BWP         1   1.9    22    33     712    (-,-) 
  ENGINE/Ca[0].Ga[0].Ua[13].Ma[13].ACC/add_31_23_g1632/CO     -       CI->CO R     FA1D0BWP         1   1.9    22    33     745    (-,-) 
  ENGINE/Ca[0].Ga[0].Ua[13].Ma[13].ACC/add_31_23_g1631/CO     -       CI->CO R     FA1D0BWP         1   1.9    22    33     778    (-,-) 
  ENGINE/Ca[0].Ga[0].Ua[13].Ma[13].ACC/add_31_23_g1630/CO     -       CI->CO R     FA1D0BWP         1   1.9    22    33     811    (-,-) 
  ENGINE/Ca[0].Ga[0].Ua[13].Ma[13].ACC/add_31_23_g1629/CO     -       CI->CO R     FA1D0BWP         1   1.9    22    33     844    (-,-) 
  ENGINE/Ca[0].Ga[0].Ua[13].Ma[13].ACC/add_31_23_g1628/CO     -       CI->CO R     FA1D0BWP         1   1.9    22    33     877    (-,-) 
  ENGINE/Ca[0].Ga[0].Ua[13].Ma[13].ACC/add_31_23_g1627/CO     -       CI->CO R     FA1D0BWP         1   1.9    22    33     910    (-,-) 
  ENGINE/Ca[0].Ga[0].Ua[13].Ma[13].ACC/add_31_23_g1626/CO     -       CI->CO R     FA1D0BWP         1   1.9    22    33     943    (-,-) 
  ENGINE/Ca[0].Ga[0].Ua[13].Ma[13].ACC/add_31_23_g1625/CO     -       CI->CO R     FA1D0BWP         1   1.9    22    33     976    (-,-) 
  ENGINE/Ca[0].Ga[0].Ua[13].Ma[13].ACC/add_31_23_g1624/CO     -       CI->CO R     FA1D0BWP         1   1.9    22    33    1009    (-,-) 
  ENGINE/Ca[0].Ga[0].Ua[13].Ma[13].ACC/add_31_23_g1623/CO     -       CI->CO R     FA1D0BWP         1   1.9    22    33    1042    (-,-) 
  ENGINE/Ca[0].Ga[0].Ua[13].Ma[13].ACC/add_31_23_g1622/CO     -       CI->CO R     FA1D0BWP         1   1.9    22    33    1075    (-,-) 
  ENGINE/Ca[0].Ga[0].Ua[13].Ma[13].ACC/add_31_23_g1621/CO     -       CI->CO R     FA1D0BWP         1   2.0    22    34    1108    (-,-) 
  ENGINE/Ca[0].Ga[0].Ua[13].Ma[13].ACC/add_31_23_g1620/Z      -       A3->Z  F     XOR3D1BWP        1   1.7    15    37    1146    (-,-) 
  ENGINE/Ca[0].Ga[0].Ua[13].Ma[13].ACC/REG/data_out_reg[23]/D -       -      F     EDFQD1BWP        1     -     -     0    1146    (-,-) 
#----------------------------------------------------------------------------------------------------------------------------------------



Path 2: MET (3832 ps) Setup Check with Pin ENGINE/Ca[0].Ga[0].Ua[13].Ma[12].ACC/REG/data_out_reg[23]/CP->D
          Group: aclk
     Startpoint: (R) ENGINE/MUX_SEL/data_out_reg[0]/CP
          Clock: (R) aclk
       Endpoint: (F) ENGINE/Ca[0].Ga[0].Ua[13].Ma[12].ACC/REG/data_out_reg[23]/D
          Clock: (R) aclk

                     Capture       Launch     
        Clock Edge:+    5000            0     
       Src Latency:+       0            0     
       Net Latency:+       0 (I)        0 (I) 
           Arrival:=    5000            0     
                                              
             Setup:-      23                  
     Required Time:=    4977                  
      Launch Clock:-       0                  
         Data Path:-    1146                  
             Slack:=    3832                  

#----------------------------------------------------------------------------------------------------------------------------------------
#                        Timing Point                         Flags    Arc   Edge    Cell      Fanout  Load Trans Delay Arrival Instance 
#                                                                                                      (fF)  (ps)  (ps)   (ps)  Location 
#----------------------------------------------------------------------------------------------------------------------------------------
  ENGINE/MUX_SEL/data_out_reg[0]/CP                           -       -      R     (arrival)    17365     -     0     -       0    (-,-) 
  ENGINE/MUX_SEL/data_out_reg[0]/Q                            -       CP->Q  F     DFKCSND1BWP      2  11.4    42    67      67    (-,-) 
  ENGINE/g91015/ZN                                            -       I->ZN  R     INVD16BWP      404 636.8   162   102     169    (-,-) 
  ENGINE/g91014/ZN                                            -       I->ZN  F     INVD16BWP      431 678.8   171   136     305    (-,-) 
  ENGINE/g87924/Z                                             -       S->Z   R     CKMUX2D1BWP      1   1.9    24    53     358    (-,-) 
  ENGINE/Ca[0].Ga[0].Ua[13].Ma[12].ACC/add_31_23_g1642/CO     -       A->CO  R     FA1D0BWP         1   1.9    22    57     415    (-,-) 
  ENGINE/Ca[0].Ga[0].Ua[13].Ma[12].ACC/add_31_23_g1641/CO     -       CI->CO R     FA1D0BWP         1   1.9    22    33     448    (-,-) 
  ENGINE/Ca[0].Ga[0].Ua[13].Ma[12].ACC/add_31_23_g1640/CO     -       CI->CO R     FA1D0BWP         1   1.9    22    33     481    (-,-) 
  ENGINE/Ca[0].Ga[0].Ua[13].Ma[12].ACC/add_31_23_g1639/CO     -       CI->CO R     FA1D0BWP         1   1.9    22    33     514    (-,-) 
  ENGINE/Ca[0].Ga[0].Ua[13].Ma[12].ACC/add_31_23_g1638/CO     -       CI->CO R     FA1D0BWP         1   1.9    22    33     547    (-,-) 
  ENGINE/Ca[0].Ga[0].Ua[13].Ma[12].ACC/add_31_23_g1637/CO     -       CI->CO R     FA1D0BWP         1   1.9    22    33     580    (-,-) 
  ENGINE/Ca[0].Ga[0].Ua[13].Ma[12].ACC/add_31_23_g1636/CO     -       CI->CO R     FA1D0BWP         1   1.9    22    33     613    (-,-) 
  ENGINE/Ca[0].Ga[0].Ua[13].Ma[12].ACC/add_31_23_g1635/CO     -       CI->CO R     FA1D0BWP         1   1.9    22    33     646    (-,-) 
  ENGINE/Ca[0].Ga[0].Ua[13].Ma[12].ACC/add_31_23_g1634/CO     -       CI->CO R     FA1D0BWP         1   1.9    22    33     679    (-,-) 
  ENGINE/Ca[0].Ga[0].Ua[13].Ma[12].ACC/add_31_23_g1633/CO     -       CI->CO R     FA1D0BWP         1   1.9    22    33     712    (-,-) 
  ENGINE/Ca[0].Ga[0].Ua[13].Ma[12].ACC/add_31_23_g1632/CO     -       CI->CO R     FA1D0BWP         1   1.9    22    33     745    (-,-) 
  ENGINE/Ca[0].Ga[0].Ua[13].Ma[12].ACC/add_31_23_g1631/CO     -       CI->CO R     FA1D0BWP         1   1.9    22    33     778    (-,-) 
  ENGINE/Ca[0].Ga[0].Ua[13].Ma[12].ACC/add_31_23_g1630/CO     -       CI->CO R     FA1D0BWP         1   1.9    22    33     811    (-,-) 
  ENGINE/Ca[0].Ga[0].Ua[13].Ma[12].ACC/add_31_23_g1629/CO     -       CI->CO R     FA1D0BWP         1   1.9    22    33     844    (-,-) 
  ENGINE/Ca[0].Ga[0].Ua[13].Ma[12].ACC/add_31_23_g1628/CO     -       CI->CO R     FA1D0BWP         1   1.9    22    33     877    (-,-) 
  ENGINE/Ca[0].Ga[0].Ua[13].Ma[12].ACC/add_31_23_g1627/CO     -       CI->CO R     FA1D0BWP         1   1.9    22    33     910    (-,-) 
  ENGINE/Ca[0].Ga[0].Ua[13].Ma[12].ACC/add_31_23_g1626/CO     -       CI->CO R     FA1D0BWP         1   1.9    22    33     943    (-,-) 
  ENGINE/Ca[0].Ga[0].Ua[13].Ma[12].ACC/add_31_23_g1625/CO     -       CI->CO R     FA1D0BWP         1   1.9    22    33     976    (-,-) 
  ENGINE/Ca[0].Ga[0].Ua[13].Ma[12].ACC/add_31_23_g1624/CO     -       CI->CO R     FA1D0BWP         1   1.9    22    33    1009    (-,-) 
  ENGINE/Ca[0].Ga[0].Ua[13].Ma[12].ACC/add_31_23_g1623/CO     -       CI->CO R     FA1D0BWP         1   1.9    22    33    1042    (-,-) 
  ENGINE/Ca[0].Ga[0].Ua[13].Ma[12].ACC/add_31_23_g1622/CO     -       CI->CO R     FA1D0BWP         1   1.9    22    33    1075    (-,-) 
  ENGINE/Ca[0].Ga[0].Ua[13].Ma[12].ACC/add_31_23_g1621/CO     -       CI->CO R     FA1D0BWP         1   2.0    22    34    1108    (-,-) 
  ENGINE/Ca[0].Ga[0].Ua[13].Ma[12].ACC/add_31_23_g1620/Z      -       A3->Z  F     XOR3D1BWP        1   1.7    15    37    1146    (-,-) 
  ENGINE/Ca[0].Ga[0].Ua[13].Ma[12].ACC/REG/data_out_reg[23]/D -       -      F     EDFQD1BWP        1     -     -     0    1146    (-,-) 
#----------------------------------------------------------------------------------------------------------------------------------------



Path 3: MET (3832 ps) Setup Check with Pin ENGINE/Ca[0].Ga[0].Ua[13].Ma[11].ACC/REG/data_out_reg[23]/CP->D
          Group: aclk
     Startpoint: (R) ENGINE/MUX_SEL/data_out_reg[0]/CP
          Clock: (R) aclk
       Endpoint: (F) ENGINE/Ca[0].Ga[0].Ua[13].Ma[11].ACC/REG/data_out_reg[23]/D
          Clock: (R) aclk

                     Capture       Launch     
        Clock Edge:+    5000            0     
       Src Latency:+       0            0     
       Net Latency:+       0 (I)        0 (I) 
           Arrival:=    5000            0     
                                              
             Setup:-      23                  
     Required Time:=    4977                  
      Launch Clock:-       0                  
         Data Path:-    1146                  
             Slack:=    3832                  

#----------------------------------------------------------------------------------------------------------------------------------------
#                        Timing Point                         Flags    Arc   Edge    Cell      Fanout  Load Trans Delay Arrival Instance 
#                                                                                                      (fF)  (ps)  (ps)   (ps)  Location 
#----------------------------------------------------------------------------------------------------------------------------------------
  ENGINE/MUX_SEL/data_out_reg[0]/CP                           -       -      R     (arrival)    17365     -     0     -       0    (-,-) 
  ENGINE/MUX_SEL/data_out_reg[0]/Q                            -       CP->Q  F     DFKCSND1BWP      2  11.4    42    67      67    (-,-) 
  ENGINE/g91015/ZN                                            -       I->ZN  R     INVD16BWP      404 636.8   162   102     169    (-,-) 
  ENGINE/g91014/ZN                                            -       I->ZN  F     INVD16BWP      431 678.8   171   136     305    (-,-) 
  ENGINE/g90059/Z                                             -       S->Z   R     CKMUX2D1BWP      1   1.9    24    53     358    (-,-) 
  ENGINE/Ca[0].Ga[0].Ua[13].Ma[11].ACC/add_31_23_g1642/CO     -       A->CO  R     FA1D0BWP         1   1.9    22    57     415    (-,-) 
  ENGINE/Ca[0].Ga[0].Ua[13].Ma[11].ACC/add_31_23_g1641/CO     -       CI->CO R     FA1D0BWP         1   1.9    22    33     448    (-,-) 
  ENGINE/Ca[0].Ga[0].Ua[13].Ma[11].ACC/add_31_23_g1640/CO     -       CI->CO R     FA1D0BWP         1   1.9    22    33     481    (-,-) 
  ENGINE/Ca[0].Ga[0].Ua[13].Ma[11].ACC/add_31_23_g1639/CO     -       CI->CO R     FA1D0BWP         1   1.9    22    33     514    (-,-) 
  ENGINE/Ca[0].Ga[0].Ua[13].Ma[11].ACC/add_31_23_g1638/CO     -       CI->CO R     FA1D0BWP         1   1.9    22    33     547    (-,-) 
  ENGINE/Ca[0].Ga[0].Ua[13].Ma[11].ACC/add_31_23_g1637/CO     -       CI->CO R     FA1D0BWP         1   1.9    22    33     580    (-,-) 
  ENGINE/Ca[0].Ga[0].Ua[13].Ma[11].ACC/add_31_23_g1636/CO     -       CI->CO R     FA1D0BWP         1   1.9    22    33     613    (-,-) 
  ENGINE/Ca[0].Ga[0].Ua[13].Ma[11].ACC/add_31_23_g1635/CO     -       CI->CO R     FA1D0BWP         1   1.9    22    33     646    (-,-) 
  ENGINE/Ca[0].Ga[0].Ua[13].Ma[11].ACC/add_31_23_g1634/CO     -       CI->CO R     FA1D0BWP         1   1.9    22    33     679    (-,-) 
  ENGINE/Ca[0].Ga[0].Ua[13].Ma[11].ACC/add_31_23_g1633/CO     -       CI->CO R     FA1D0BWP         1   1.9    22    33     712    (-,-) 
  ENGINE/Ca[0].Ga[0].Ua[13].Ma[11].ACC/add_31_23_g1632/CO     -       CI->CO R     FA1D0BWP         1   1.9    22    33     745    (-,-) 
  ENGINE/Ca[0].Ga[0].Ua[13].Ma[11].ACC/add_31_23_g1631/CO     -       CI->CO R     FA1D0BWP         1   1.9    22    33     778    (-,-) 
  ENGINE/Ca[0].Ga[0].Ua[13].Ma[11].ACC/add_31_23_g1630/CO     -       CI->CO R     FA1D0BWP         1   1.9    22    33     811    (-,-) 
  ENGINE/Ca[0].Ga[0].Ua[13].Ma[11].ACC/add_31_23_g1629/CO     -       CI->CO R     FA1D0BWP         1   1.9    22    33     844    (-,-) 
  ENGINE/Ca[0].Ga[0].Ua[13].Ma[11].ACC/add_31_23_g1628/CO     -       CI->CO R     FA1D0BWP         1   1.9    22    33     877    (-,-) 
  ENGINE/Ca[0].Ga[0].Ua[13].Ma[11].ACC/add_31_23_g1627/CO     -       CI->CO R     FA1D0BWP         1   1.9    22    33     910    (-,-) 
  ENGINE/Ca[0].Ga[0].Ua[13].Ma[11].ACC/add_31_23_g1626/CO     -       CI->CO R     FA1D0BWP         1   1.9    22    33     943    (-,-) 
  ENGINE/Ca[0].Ga[0].Ua[13].Ma[11].ACC/add_31_23_g1625/CO     -       CI->CO R     FA1D0BWP         1   1.9    22    33     976    (-,-) 
  ENGINE/Ca[0].Ga[0].Ua[13].Ma[11].ACC/add_31_23_g1624/CO     -       CI->CO R     FA1D0BWP         1   1.9    22    33    1009    (-,-) 
  ENGINE/Ca[0].Ga[0].Ua[13].Ma[11].ACC/add_31_23_g1623/CO     -       CI->CO R     FA1D0BWP         1   1.9    22    33    1042    (-,-) 
  ENGINE/Ca[0].Ga[0].Ua[13].Ma[11].ACC/add_31_23_g1622/CO     -       CI->CO R     FA1D0BWP         1   1.9    22    33    1075    (-,-) 
  ENGINE/Ca[0].Ga[0].Ua[13].Ma[11].ACC/add_31_23_g1621/CO     -       CI->CO R     FA1D0BWP         1   2.0    22    34    1108    (-,-) 
  ENGINE/Ca[0].Ga[0].Ua[13].Ma[11].ACC/add_31_23_g1620/Z      -       A3->Z  F     XOR3D1BWP        1   1.7    15    37    1146    (-,-) 
  ENGINE/Ca[0].Ga[0].Ua[13].Ma[11].ACC/REG/data_out_reg[23]/D -       -      F     EDFQD1BWP        1     -     -     0    1146    (-,-) 
#----------------------------------------------------------------------------------------------------------------------------------------



Path 4: MET (3832 ps) Setup Check with Pin ENGINE/Ca[0].Ga[0].Ua[13].Ma[10].ACC/REG/data_out_reg[23]/CP->D
          Group: aclk
     Startpoint: (R) ENGINE/MUX_SEL/data_out_reg[0]/CP
          Clock: (R) aclk
       Endpoint: (F) ENGINE/Ca[0].Ga[0].Ua[13].Ma[10].ACC/REG/data_out_reg[23]/D
          Clock: (R) aclk

                     Capture       Launch     
        Clock Edge:+    5000            0     
       Src Latency:+       0            0     
       Net Latency:+       0 (I)        0 (I) 
           Arrival:=    5000            0     
                                              
             Setup:-      23                  
     Required Time:=    4977                  
      Launch Clock:-       0                  
         Data Path:-    1146                  
             Slack:=    3832                  

#----------------------------------------------------------------------------------------------------------------------------------------
#                        Timing Point                         Flags    Arc   Edge    Cell      Fanout  Load Trans Delay Arrival Instance 
#                                                                                                      (fF)  (ps)  (ps)   (ps)  Location 
#----------------------------------------------------------------------------------------------------------------------------------------
  ENGINE/MUX_SEL/data_out_reg[0]/CP                           -       -      R     (arrival)    17365     -     0     -       0    (-,-) 
  ENGINE/MUX_SEL/data_out_reg[0]/Q                            -       CP->Q  F     DFKCSND1BWP      2  11.4    42    67      67    (-,-) 
  ENGINE/g91015/ZN                                            -       I->ZN  R     INVD16BWP      404 636.8   162   102     169    (-,-) 
  ENGINE/g91014/ZN                                            -       I->ZN  F     INVD16BWP      431 678.8   171   136     305    (-,-) 
  ENGINE/g87820/Z                                             -       S->Z   R     CKMUX2D1BWP      1   1.9    24    53     358    (-,-) 
  ENGINE/Ca[0].Ga[0].Ua[13].Ma[10].ACC/add_31_23_g1642/CO     -       A->CO  R     FA1D0BWP         1   1.9    22    57     415    (-,-) 
  ENGINE/Ca[0].Ga[0].Ua[13].Ma[10].ACC/add_31_23_g1641/CO     -       CI->CO R     FA1D0BWP         1   1.9    22    33     448    (-,-) 
  ENGINE/Ca[0].Ga[0].Ua[13].Ma[10].ACC/add_31_23_g1640/CO     -       CI->CO R     FA1D0BWP         1   1.9    22    33     481    (-,-) 
  ENGINE/Ca[0].Ga[0].Ua[13].Ma[10].ACC/add_31_23_g1639/CO     -       CI->CO R     FA1D0BWP         1   1.9    22    33     514    (-,-) 
  ENGINE/Ca[0].Ga[0].Ua[13].Ma[10].ACC/add_31_23_g1638/CO     -       CI->CO R     FA1D0BWP         1   1.9    22    33     547    (-,-) 
  ENGINE/Ca[0].Ga[0].Ua[13].Ma[10].ACC/add_31_23_g1637/CO     -       CI->CO R     FA1D0BWP         1   1.9    22    33     580    (-,-) 
  ENGINE/Ca[0].Ga[0].Ua[13].Ma[10].ACC/add_31_23_g1636/CO     -       CI->CO R     FA1D0BWP         1   1.9    22    33     613    (-,-) 
  ENGINE/Ca[0].Ga[0].Ua[13].Ma[10].ACC/add_31_23_g1635/CO     -       CI->CO R     FA1D0BWP         1   1.9    22    33     646    (-,-) 
  ENGINE/Ca[0].Ga[0].Ua[13].Ma[10].ACC/add_31_23_g1634/CO     -       CI->CO R     FA1D0BWP         1   1.9    22    33     679    (-,-) 
  ENGINE/Ca[0].Ga[0].Ua[13].Ma[10].ACC/add_31_23_g1633/CO     -       CI->CO R     FA1D0BWP         1   1.9    22    33     712    (-,-) 
  ENGINE/Ca[0].Ga[0].Ua[13].Ma[10].ACC/add_31_23_g1632/CO     -       CI->CO R     FA1D0BWP         1   1.9    22    33     745    (-,-) 
  ENGINE/Ca[0].Ga[0].Ua[13].Ma[10].ACC/add_31_23_g1631/CO     -       CI->CO R     FA1D0BWP         1   1.9    22    33     778    (-,-) 
  ENGINE/Ca[0].Ga[0].Ua[13].Ma[10].ACC/add_31_23_g1630/CO     -       CI->CO R     FA1D0BWP         1   1.9    22    33     811    (-,-) 
  ENGINE/Ca[0].Ga[0].Ua[13].Ma[10].ACC/add_31_23_g1629/CO     -       CI->CO R     FA1D0BWP         1   1.9    22    33     844    (-,-) 
  ENGINE/Ca[0].Ga[0].Ua[13].Ma[10].ACC/add_31_23_g1628/CO     -       CI->CO R     FA1D0BWP         1   1.9    22    33     877    (-,-) 
  ENGINE/Ca[0].Ga[0].Ua[13].Ma[10].ACC/add_31_23_g1627/CO     -       CI->CO R     FA1D0BWP         1   1.9    22    33     910    (-,-) 
  ENGINE/Ca[0].Ga[0].Ua[13].Ma[10].ACC/add_31_23_g1626/CO     -       CI->CO R     FA1D0BWP         1   1.9    22    33     943    (-,-) 
  ENGINE/Ca[0].Ga[0].Ua[13].Ma[10].ACC/add_31_23_g1625/CO     -       CI->CO R     FA1D0BWP         1   1.9    22    33     976    (-,-) 
  ENGINE/Ca[0].Ga[0].Ua[13].Ma[10].ACC/add_31_23_g1624/CO     -       CI->CO R     FA1D0BWP         1   1.9    22    33    1009    (-,-) 
  ENGINE/Ca[0].Ga[0].Ua[13].Ma[10].ACC/add_31_23_g1623/CO     -       CI->CO R     FA1D0BWP         1   1.9    22    33    1042    (-,-) 
  ENGINE/Ca[0].Ga[0].Ua[13].Ma[10].ACC/add_31_23_g1622/CO     -       CI->CO R     FA1D0BWP         1   1.9    22    33    1075    (-,-) 
  ENGINE/Ca[0].Ga[0].Ua[13].Ma[10].ACC/add_31_23_g1621/CO     -       CI->CO R     FA1D0BWP         1   2.0    22    34    1108    (-,-) 
  ENGINE/Ca[0].Ga[0].Ua[13].Ma[10].ACC/add_31_23_g1620/Z      -       A3->Z  F     XOR3D1BWP        1   1.7    15    37    1146    (-,-) 
  ENGINE/Ca[0].Ga[0].Ua[13].Ma[10].ACC/REG/data_out_reg[23]/D -       -      F     EDFQD1BWP        1     -     -     0    1146    (-,-) 
#----------------------------------------------------------------------------------------------------------------------------------------



Path 5: MET (3832 ps) Setup Check with Pin ENGINE/Ca[0].Ga[0].Ua[13].Ma[9].ACC/REG/data_out_reg[23]/CP->D
          Group: aclk
     Startpoint: (R) ENGINE/MUX_SEL/data_out_reg[0]/CP
          Clock: (R) aclk
       Endpoint: (F) ENGINE/Ca[0].Ga[0].Ua[13].Ma[9].ACC/REG/data_out_reg[23]/D
          Clock: (R) aclk

                     Capture       Launch     
        Clock Edge:+    5000            0     
       Src Latency:+       0            0     
       Net Latency:+       0 (I)        0 (I) 
           Arrival:=    5000            0     
                                              
             Setup:-      23                  
     Required Time:=    4977                  
      Launch Clock:-       0                  
         Data Path:-    1146                  
             Slack:=    3832                  

#---------------------------------------------------------------------------------------------------------------------------------------
#                       Timing Point                         Flags    Arc   Edge    Cell      Fanout  Load Trans Delay Arrival Instance 
#                                                                                                     (fF)  (ps)  (ps)   (ps)  Location 
#---------------------------------------------------------------------------------------------------------------------------------------
  ENGINE/MUX_SEL/data_out_reg[0]/CP                          -       -      R     (arrival)    17365     -     0     -       0    (-,-) 
  ENGINE/MUX_SEL/data_out_reg[0]/Q                           -       CP->Q  F     DFKCSND1BWP      2  11.4    42    67      67    (-,-) 
  ENGINE/g91015/ZN                                           -       I->ZN  R     INVD16BWP      404 636.8   162   102     169    (-,-) 
  ENGINE/g91014/ZN                                           -       I->ZN  F     INVD16BWP      431 678.8   171   136     305    (-,-) 
  ENGINE/g88475/Z                                            -       S->Z   R     CKMUX2D1BWP      1   1.9    24    53     358    (-,-) 
  ENGINE/Ca[0].Ga[0].Ua[13].Ma[9].ACC/add_31_23_g1642/CO     -       A->CO  R     FA1D0BWP         1   1.9    22    57     415    (-,-) 
  ENGINE/Ca[0].Ga[0].Ua[13].Ma[9].ACC/add_31_23_g1641/CO     -       CI->CO R     FA1D0BWP         1   1.9    22    33     448    (-,-) 
  ENGINE/Ca[0].Ga[0].Ua[13].Ma[9].ACC/add_31_23_g1640/CO     -       CI->CO R     FA1D0BWP         1   1.9    22    33     481    (-,-) 
  ENGINE/Ca[0].Ga[0].Ua[13].Ma[9].ACC/add_31_23_g1639/CO     -       CI->CO R     FA1D0BWP         1   1.9    22    33     514    (-,-) 
  ENGINE/Ca[0].Ga[0].Ua[13].Ma[9].ACC/add_31_23_g1638/CO     -       CI->CO R     FA1D0BWP         1   1.9    22    33     547    (-,-) 
  ENGINE/Ca[0].Ga[0].Ua[13].Ma[9].ACC/add_31_23_g1637/CO     -       CI->CO R     FA1D0BWP         1   1.9    22    33     580    (-,-) 
  ENGINE/Ca[0].Ga[0].Ua[13].Ma[9].ACC/add_31_23_g1636/CO     -       CI->CO R     FA1D0BWP         1   1.9    22    33     613    (-,-) 
  ENGINE/Ca[0].Ga[0].Ua[13].Ma[9].ACC/add_31_23_g1635/CO     -       CI->CO R     FA1D0BWP         1   1.9    22    33     646    (-,-) 
  ENGINE/Ca[0].Ga[0].Ua[13].Ma[9].ACC/add_31_23_g1634/CO     -       CI->CO R     FA1D0BWP         1   1.9    22    33     679    (-,-) 
  ENGINE/Ca[0].Ga[0].Ua[13].Ma[9].ACC/add_31_23_g1633/CO     -       CI->CO R     FA1D0BWP         1   1.9    22    33     712    (-,-) 
  ENGINE/Ca[0].Ga[0].Ua[13].Ma[9].ACC/add_31_23_g1632/CO     -       CI->CO R     FA1D0BWP         1   1.9    22    33     745    (-,-) 
  ENGINE/Ca[0].Ga[0].Ua[13].Ma[9].ACC/add_31_23_g1631/CO     -       CI->CO R     FA1D0BWP         1   1.9    22    33     778    (-,-) 
  ENGINE/Ca[0].Ga[0].Ua[13].Ma[9].ACC/add_31_23_g1630/CO     -       CI->CO R     FA1D0BWP         1   1.9    22    33     811    (-,-) 
  ENGINE/Ca[0].Ga[0].Ua[13].Ma[9].ACC/add_31_23_g1629/CO     -       CI->CO R     FA1D0BWP         1   1.9    22    33     844    (-,-) 
  ENGINE/Ca[0].Ga[0].Ua[13].Ma[9].ACC/add_31_23_g1628/CO     -       CI->CO R     FA1D0BWP         1   1.9    22    33     877    (-,-) 
  ENGINE/Ca[0].Ga[0].Ua[13].Ma[9].ACC/add_31_23_g1627/CO     -       CI->CO R     FA1D0BWP         1   1.9    22    33     910    (-,-) 
  ENGINE/Ca[0].Ga[0].Ua[13].Ma[9].ACC/add_31_23_g1626/CO     -       CI->CO R     FA1D0BWP         1   1.9    22    33     943    (-,-) 
  ENGINE/Ca[0].Ga[0].Ua[13].Ma[9].ACC/add_31_23_g1625/CO     -       CI->CO R     FA1D0BWP         1   1.9    22    33     976    (-,-) 
  ENGINE/Ca[0].Ga[0].Ua[13].Ma[9].ACC/add_31_23_g1624/CO     -       CI->CO R     FA1D0BWP         1   1.9    22    33    1009    (-,-) 
  ENGINE/Ca[0].Ga[0].Ua[13].Ma[9].ACC/add_31_23_g1623/CO     -       CI->CO R     FA1D0BWP         1   1.9    22    33    1042    (-,-) 
  ENGINE/Ca[0].Ga[0].Ua[13].Ma[9].ACC/add_31_23_g1622/CO     -       CI->CO R     FA1D0BWP         1   1.9    22    33    1075    (-,-) 
  ENGINE/Ca[0].Ga[0].Ua[13].Ma[9].ACC/add_31_23_g1621/CO     -       CI->CO R     FA1D0BWP         1   2.0    22    34    1108    (-,-) 
  ENGINE/Ca[0].Ga[0].Ua[13].Ma[9].ACC/add_31_23_g1620/Z      -       A3->Z  F     XOR3D1BWP        1   1.7    15    37    1146    (-,-) 
  ENGINE/Ca[0].Ga[0].Ua[13].Ma[9].ACC/REG/data_out_reg[23]/D -       -      F     EDFQD1BWP        1     -     -     0    1146    (-,-) 
#---------------------------------------------------------------------------------------------------------------------------------------



Path 6: MET (3832 ps) Setup Check with Pin ENGINE/Ca[0].Ga[0].Ua[13].Ma[8].ACC/REG/data_out_reg[23]/CP->D
          Group: aclk
     Startpoint: (R) ENGINE/MUX_SEL/data_out_reg[0]/CP
          Clock: (R) aclk
       Endpoint: (F) ENGINE/Ca[0].Ga[0].Ua[13].Ma[8].ACC/REG/data_out_reg[23]/D
          Clock: (R) aclk

                     Capture       Launch     
        Clock Edge:+    5000            0     
       Src Latency:+       0            0     
       Net Latency:+       0 (I)        0 (I) 
           Arrival:=    5000            0     
                                              
             Setup:-      23                  
     Required Time:=    4977                  
      Launch Clock:-       0                  
         Data Path:-    1146                  
             Slack:=    3832                  

#---------------------------------------------------------------------------------------------------------------------------------------
#                       Timing Point                         Flags    Arc   Edge    Cell      Fanout  Load Trans Delay Arrival Instance 
#                                                                                                     (fF)  (ps)  (ps)   (ps)  Location 
#---------------------------------------------------------------------------------------------------------------------------------------
  ENGINE/MUX_SEL/data_out_reg[0]/CP                          -       -      R     (arrival)    17365     -     0     -       0    (-,-) 
  ENGINE/MUX_SEL/data_out_reg[0]/Q                           -       CP->Q  F     DFKCSND1BWP      2  11.4    42    67      67    (-,-) 
  ENGINE/g91015/ZN                                           -       I->ZN  R     INVD16BWP      404 636.8   162   102     169    (-,-) 
  ENGINE/g91014/ZN                                           -       I->ZN  F     INVD16BWP      431 678.8   171   136     305    (-,-) 
  ENGINE/g88859/Z                                            -       S->Z   R     CKMUX2D1BWP      1   1.9    24    53     358    (-,-) 
  ENGINE/Ca[0].Ga[0].Ua[13].Ma[8].ACC/add_31_23_g1642/CO     -       A->CO  R     FA1D0BWP         1   1.9    22    57     415    (-,-) 
  ENGINE/Ca[0].Ga[0].Ua[13].Ma[8].ACC/add_31_23_g1641/CO     -       CI->CO R     FA1D0BWP         1   1.9    22    33     448    (-,-) 
  ENGINE/Ca[0].Ga[0].Ua[13].Ma[8].ACC/add_31_23_g1640/CO     -       CI->CO R     FA1D0BWP         1   1.9    22    33     481    (-,-) 
  ENGINE/Ca[0].Ga[0].Ua[13].Ma[8].ACC/add_31_23_g1639/CO     -       CI->CO R     FA1D0BWP         1   1.9    22    33     514    (-,-) 
  ENGINE/Ca[0].Ga[0].Ua[13].Ma[8].ACC/add_31_23_g1638/CO     -       CI->CO R     FA1D0BWP         1   1.9    22    33     547    (-,-) 
  ENGINE/Ca[0].Ga[0].Ua[13].Ma[8].ACC/add_31_23_g1637/CO     -       CI->CO R     FA1D0BWP         1   1.9    22    33     580    (-,-) 
  ENGINE/Ca[0].Ga[0].Ua[13].Ma[8].ACC/add_31_23_g1636/CO     -       CI->CO R     FA1D0BWP         1   1.9    22    33     613    (-,-) 
  ENGINE/Ca[0].Ga[0].Ua[13].Ma[8].ACC/add_31_23_g1635/CO     -       CI->CO R     FA1D0BWP         1   1.9    22    33     646    (-,-) 
  ENGINE/Ca[0].Ga[0].Ua[13].Ma[8].ACC/add_31_23_g1634/CO     -       CI->CO R     FA1D0BWP         1   1.9    22    33     679    (-,-) 
  ENGINE/Ca[0].Ga[0].Ua[13].Ma[8].ACC/add_31_23_g1633/CO     -       CI->CO R     FA1D0BWP         1   1.9    22    33     712    (-,-) 
  ENGINE/Ca[0].Ga[0].Ua[13].Ma[8].ACC/add_31_23_g1632/CO     -       CI->CO R     FA1D0BWP         1   1.9    22    33     745    (-,-) 
  ENGINE/Ca[0].Ga[0].Ua[13].Ma[8].ACC/add_31_23_g1631/CO     -       CI->CO R     FA1D0BWP         1   1.9    22    33     778    (-,-) 
  ENGINE/Ca[0].Ga[0].Ua[13].Ma[8].ACC/add_31_23_g1630/CO     -       CI->CO R     FA1D0BWP         1   1.9    22    33     811    (-,-) 
  ENGINE/Ca[0].Ga[0].Ua[13].Ma[8].ACC/add_31_23_g1629/CO     -       CI->CO R     FA1D0BWP         1   1.9    22    33     844    (-,-) 
  ENGINE/Ca[0].Ga[0].Ua[13].Ma[8].ACC/add_31_23_g1628/CO     -       CI->CO R     FA1D0BWP         1   1.9    22    33     877    (-,-) 
  ENGINE/Ca[0].Ga[0].Ua[13].Ma[8].ACC/add_31_23_g1627/CO     -       CI->CO R     FA1D0BWP         1   1.9    22    33     910    (-,-) 
  ENGINE/Ca[0].Ga[0].Ua[13].Ma[8].ACC/add_31_23_g1626/CO     -       CI->CO R     FA1D0BWP         1   1.9    22    33     943    (-,-) 
  ENGINE/Ca[0].Ga[0].Ua[13].Ma[8].ACC/add_31_23_g1625/CO     -       CI->CO R     FA1D0BWP         1   1.9    22    33     976    (-,-) 
  ENGINE/Ca[0].Ga[0].Ua[13].Ma[8].ACC/add_31_23_g1624/CO     -       CI->CO R     FA1D0BWP         1   1.9    22    33    1009    (-,-) 
  ENGINE/Ca[0].Ga[0].Ua[13].Ma[8].ACC/add_31_23_g1623/CO     -       CI->CO R     FA1D0BWP         1   1.9    22    33    1042    (-,-) 
  ENGINE/Ca[0].Ga[0].Ua[13].Ma[8].ACC/add_31_23_g1622/CO     -       CI->CO R     FA1D0BWP         1   1.9    22    33    1075    (-,-) 
  ENGINE/Ca[0].Ga[0].Ua[13].Ma[8].ACC/add_31_23_g1621/CO     -       CI->CO R     FA1D0BWP         1   2.0    22    34    1108    (-,-) 
  ENGINE/Ca[0].Ga[0].Ua[13].Ma[8].ACC/add_31_23_g1620/Z      -       A3->Z  F     XOR3D1BWP        1   1.7    15    37    1146    (-,-) 
  ENGINE/Ca[0].Ga[0].Ua[13].Ma[8].ACC/REG/data_out_reg[23]/D -       -      F     EDFQD1BWP        1     -     -     0    1146    (-,-) 
#---------------------------------------------------------------------------------------------------------------------------------------



Path 7: MET (3832 ps) Setup Check with Pin ENGINE/Ca[0].Ga[0].Ua[13].Ma[7].ACC/REG/data_out_reg[23]/CP->D
          Group: aclk
     Startpoint: (R) ENGINE/MUX_SEL/data_out_reg[0]/CP
          Clock: (R) aclk
       Endpoint: (F) ENGINE/Ca[0].Ga[0].Ua[13].Ma[7].ACC/REG/data_out_reg[23]/D
          Clock: (R) aclk

                     Capture       Launch     
        Clock Edge:+    5000            0     
       Src Latency:+       0            0     
       Net Latency:+       0 (I)        0 (I) 
           Arrival:=    5000            0     
                                              
             Setup:-      23                  
     Required Time:=    4977                  
      Launch Clock:-       0                  
         Data Path:-    1146                  
             Slack:=    3832                  

#---------------------------------------------------------------------------------------------------------------------------------------
#                       Timing Point                         Flags    Arc   Edge    Cell      Fanout  Load Trans Delay Arrival Instance 
#                                                                                                     (fF)  (ps)  (ps)   (ps)  Location 
#---------------------------------------------------------------------------------------------------------------------------------------
  ENGINE/MUX_SEL/data_out_reg[0]/CP                          -       -      R     (arrival)    17365     -     0     -       0    (-,-) 
  ENGINE/MUX_SEL/data_out_reg[0]/Q                           -       CP->Q  F     DFKCSND1BWP      2  11.4    42    67      67    (-,-) 
  ENGINE/g91015/ZN                                           -       I->ZN  R     INVD16BWP      404 636.8   162   102     169    (-,-) 
  ENGINE/g91014/ZN                                           -       I->ZN  F     INVD16BWP      431 678.8   171   136     305    (-,-) 
  ENGINE/g88381/Z                                            -       S->Z   R     CKMUX2D1BWP      1   1.9    24    53     358    (-,-) 
  ENGINE/Ca[0].Ga[0].Ua[13].Ma[7].ACC/add_31_23_g1642/CO     -       A->CO  R     FA1D0BWP         1   1.9    22    57     415    (-,-) 
  ENGINE/Ca[0].Ga[0].Ua[13].Ma[7].ACC/add_31_23_g1641/CO     -       CI->CO R     FA1D0BWP         1   1.9    22    33     448    (-,-) 
  ENGINE/Ca[0].Ga[0].Ua[13].Ma[7].ACC/add_31_23_g1640/CO     -       CI->CO R     FA1D0BWP         1   1.9    22    33     481    (-,-) 
  ENGINE/Ca[0].Ga[0].Ua[13].Ma[7].ACC/add_31_23_g1639/CO     -       CI->CO R     FA1D0BWP         1   1.9    22    33     514    (-,-) 
  ENGINE/Ca[0].Ga[0].Ua[13].Ma[7].ACC/add_31_23_g1638/CO     -       CI->CO R     FA1D0BWP         1   1.9    22    33     547    (-,-) 
  ENGINE/Ca[0].Ga[0].Ua[13].Ma[7].ACC/add_31_23_g1637/CO     -       CI->CO R     FA1D0BWP         1   1.9    22    33     580    (-,-) 
  ENGINE/Ca[0].Ga[0].Ua[13].Ma[7].ACC/add_31_23_g1636/CO     -       CI->CO R     FA1D0BWP         1   1.9    22    33     613    (-,-) 
  ENGINE/Ca[0].Ga[0].Ua[13].Ma[7].ACC/add_31_23_g1635/CO     -       CI->CO R     FA1D0BWP         1   1.9    22    33     646    (-,-) 
  ENGINE/Ca[0].Ga[0].Ua[13].Ma[7].ACC/add_31_23_g1634/CO     -       CI->CO R     FA1D0BWP         1   1.9    22    33     679    (-,-) 
  ENGINE/Ca[0].Ga[0].Ua[13].Ma[7].ACC/add_31_23_g1633/CO     -       CI->CO R     FA1D0BWP         1   1.9    22    33     712    (-,-) 
  ENGINE/Ca[0].Ga[0].Ua[13].Ma[7].ACC/add_31_23_g1632/CO     -       CI->CO R     FA1D0BWP         1   1.9    22    33     745    (-,-) 
  ENGINE/Ca[0].Ga[0].Ua[13].Ma[7].ACC/add_31_23_g1631/CO     -       CI->CO R     FA1D0BWP         1   1.9    22    33     778    (-,-) 
  ENGINE/Ca[0].Ga[0].Ua[13].Ma[7].ACC/add_31_23_g1630/CO     -       CI->CO R     FA1D0BWP         1   1.9    22    33     811    (-,-) 
  ENGINE/Ca[0].Ga[0].Ua[13].Ma[7].ACC/add_31_23_g1629/CO     -       CI->CO R     FA1D0BWP         1   1.9    22    33     844    (-,-) 
  ENGINE/Ca[0].Ga[0].Ua[13].Ma[7].ACC/add_31_23_g1628/CO     -       CI->CO R     FA1D0BWP         1   1.9    22    33     877    (-,-) 
  ENGINE/Ca[0].Ga[0].Ua[13].Ma[7].ACC/add_31_23_g1627/CO     -       CI->CO R     FA1D0BWP         1   1.9    22    33     910    (-,-) 
  ENGINE/Ca[0].Ga[0].Ua[13].Ma[7].ACC/add_31_23_g1626/CO     -       CI->CO R     FA1D0BWP         1   1.9    22    33     943    (-,-) 
  ENGINE/Ca[0].Ga[0].Ua[13].Ma[7].ACC/add_31_23_g1625/CO     -       CI->CO R     FA1D0BWP         1   1.9    22    33     976    (-,-) 
  ENGINE/Ca[0].Ga[0].Ua[13].Ma[7].ACC/add_31_23_g1624/CO     -       CI->CO R     FA1D0BWP         1   1.9    22    33    1009    (-,-) 
  ENGINE/Ca[0].Ga[0].Ua[13].Ma[7].ACC/add_31_23_g1623/CO     -       CI->CO R     FA1D0BWP         1   1.9    22    33    1042    (-,-) 
  ENGINE/Ca[0].Ga[0].Ua[13].Ma[7].ACC/add_31_23_g1622/CO     -       CI->CO R     FA1D0BWP         1   1.9    22    33    1075    (-,-) 
  ENGINE/Ca[0].Ga[0].Ua[13].Ma[7].ACC/add_31_23_g1621/CO     -       CI->CO R     FA1D0BWP         1   2.0    22    34    1108    (-,-) 
  ENGINE/Ca[0].Ga[0].Ua[13].Ma[7].ACC/add_31_23_g1620/Z      -       A3->Z  F     XOR3D1BWP        1   1.7    15    37    1146    (-,-) 
  ENGINE/Ca[0].Ga[0].Ua[13].Ma[7].ACC/REG/data_out_reg[23]/D -       -      F     EDFQD1BWP        1     -     -     0    1146    (-,-) 
#---------------------------------------------------------------------------------------------------------------------------------------



Path 8: MET (3832 ps) Setup Check with Pin ENGINE/Ca[0].Ga[0].Ua[13].Ma[6].ACC/REG/data_out_reg[23]/CP->D
          Group: aclk
     Startpoint: (R) ENGINE/MUX_SEL/data_out_reg[0]/CP
          Clock: (R) aclk
       Endpoint: (F) ENGINE/Ca[0].Ga[0].Ua[13].Ma[6].ACC/REG/data_out_reg[23]/D
          Clock: (R) aclk

                     Capture       Launch     
        Clock Edge:+    5000            0     
       Src Latency:+       0            0     
       Net Latency:+       0 (I)        0 (I) 
           Arrival:=    5000            0     
                                              
             Setup:-      23                  
     Required Time:=    4977                  
      Launch Clock:-       0                  
         Data Path:-    1146                  
             Slack:=    3832                  

#---------------------------------------------------------------------------------------------------------------------------------------
#                       Timing Point                         Flags    Arc   Edge    Cell      Fanout  Load Trans Delay Arrival Instance 
#                                                                                                     (fF)  (ps)  (ps)   (ps)  Location 
#---------------------------------------------------------------------------------------------------------------------------------------
  ENGINE/MUX_SEL/data_out_reg[0]/CP                          -       -      R     (arrival)    17365     -     0     -       0    (-,-) 
  ENGINE/MUX_SEL/data_out_reg[0]/Q                           -       CP->Q  F     DFKCSND1BWP      2  11.4    42    67      67    (-,-) 
  ENGINE/g91015/ZN                                           -       I->ZN  R     INVD16BWP      404 636.8   162   102     169    (-,-) 
  ENGINE/g91014/ZN                                           -       I->ZN  F     INVD16BWP      431 678.8   171   136     305    (-,-) 
  ENGINE/g87582/Z                                            -       S->Z   R     CKMUX2D1BWP      1   1.9    24    53     358    (-,-) 
  ENGINE/Ca[0].Ga[0].Ua[13].Ma[6].ACC/add_31_23_g1642/CO     -       A->CO  R     FA1D0BWP         1   1.9    22    57     415    (-,-) 
  ENGINE/Ca[0].Ga[0].Ua[13].Ma[6].ACC/add_31_23_g1641/CO     -       CI->CO R     FA1D0BWP         1   1.9    22    33     448    (-,-) 
  ENGINE/Ca[0].Ga[0].Ua[13].Ma[6].ACC/add_31_23_g1640/CO     -       CI->CO R     FA1D0BWP         1   1.9    22    33     481    (-,-) 
  ENGINE/Ca[0].Ga[0].Ua[13].Ma[6].ACC/add_31_23_g1639/CO     -       CI->CO R     FA1D0BWP         1   1.9    22    33     514    (-,-) 
  ENGINE/Ca[0].Ga[0].Ua[13].Ma[6].ACC/add_31_23_g1638/CO     -       CI->CO R     FA1D0BWP         1   1.9    22    33     547    (-,-) 
  ENGINE/Ca[0].Ga[0].Ua[13].Ma[6].ACC/add_31_23_g1637/CO     -       CI->CO R     FA1D0BWP         1   1.9    22    33     580    (-,-) 
  ENGINE/Ca[0].Ga[0].Ua[13].Ma[6].ACC/add_31_23_g1636/CO     -       CI->CO R     FA1D0BWP         1   1.9    22    33     613    (-,-) 
  ENGINE/Ca[0].Ga[0].Ua[13].Ma[6].ACC/add_31_23_g1635/CO     -       CI->CO R     FA1D0BWP         1   1.9    22    33     646    (-,-) 
  ENGINE/Ca[0].Ga[0].Ua[13].Ma[6].ACC/add_31_23_g1634/CO     -       CI->CO R     FA1D0BWP         1   1.9    22    33     679    (-,-) 
  ENGINE/Ca[0].Ga[0].Ua[13].Ma[6].ACC/add_31_23_g1633/CO     -       CI->CO R     FA1D0BWP         1   1.9    22    33     712    (-,-) 
  ENGINE/Ca[0].Ga[0].Ua[13].Ma[6].ACC/add_31_23_g1632/CO     -       CI->CO R     FA1D0BWP         1   1.9    22    33     745    (-,-) 
  ENGINE/Ca[0].Ga[0].Ua[13].Ma[6].ACC/add_31_23_g1631/CO     -       CI->CO R     FA1D0BWP         1   1.9    22    33     778    (-,-) 
  ENGINE/Ca[0].Ga[0].Ua[13].Ma[6].ACC/add_31_23_g1630/CO     -       CI->CO R     FA1D0BWP         1   1.9    22    33     811    (-,-) 
  ENGINE/Ca[0].Ga[0].Ua[13].Ma[6].ACC/add_31_23_g1629/CO     -       CI->CO R     FA1D0BWP         1   1.9    22    33     844    (-,-) 
  ENGINE/Ca[0].Ga[0].Ua[13].Ma[6].ACC/add_31_23_g1628/CO     -       CI->CO R     FA1D0BWP         1   1.9    22    33     877    (-,-) 
  ENGINE/Ca[0].Ga[0].Ua[13].Ma[6].ACC/add_31_23_g1627/CO     -       CI->CO R     FA1D0BWP         1   1.9    22    33     910    (-,-) 
  ENGINE/Ca[0].Ga[0].Ua[13].Ma[6].ACC/add_31_23_g1626/CO     -       CI->CO R     FA1D0BWP         1   1.9    22    33     943    (-,-) 
  ENGINE/Ca[0].Ga[0].Ua[13].Ma[6].ACC/add_31_23_g1625/CO     -       CI->CO R     FA1D0BWP         1   1.9    22    33     976    (-,-) 
  ENGINE/Ca[0].Ga[0].Ua[13].Ma[6].ACC/add_31_23_g1624/CO     -       CI->CO R     FA1D0BWP         1   1.9    22    33    1009    (-,-) 
  ENGINE/Ca[0].Ga[0].Ua[13].Ma[6].ACC/add_31_23_g1623/CO     -       CI->CO R     FA1D0BWP         1   1.9    22    33    1042    (-,-) 
  ENGINE/Ca[0].Ga[0].Ua[13].Ma[6].ACC/add_31_23_g1622/CO     -       CI->CO R     FA1D0BWP         1   1.9    22    33    1075    (-,-) 
  ENGINE/Ca[0].Ga[0].Ua[13].Ma[6].ACC/add_31_23_g1621/CO     -       CI->CO R     FA1D0BWP         1   2.0    22    34    1108    (-,-) 
  ENGINE/Ca[0].Ga[0].Ua[13].Ma[6].ACC/add_31_23_g1620/Z      -       A3->Z  F     XOR3D1BWP        1   1.7    15    37    1146    (-,-) 
  ENGINE/Ca[0].Ga[0].Ua[13].Ma[6].ACC/REG/data_out_reg[23]/D -       -      F     EDFQD1BWP        1     -     -     0    1146    (-,-) 
#---------------------------------------------------------------------------------------------------------------------------------------



Path 9: MET (3832 ps) Setup Check with Pin ENGINE/Ca[0].Ga[0].Ua[13].Ma[4].ACC/REG/data_out_reg[23]/CP->D
          Group: aclk
     Startpoint: (R) ENGINE/MUX_SEL/data_out_reg[0]/CP
          Clock: (R) aclk
       Endpoint: (F) ENGINE/Ca[0].Ga[0].Ua[13].Ma[4].ACC/REG/data_out_reg[23]/D
          Clock: (R) aclk

                     Capture       Launch     
        Clock Edge:+    5000            0     
       Src Latency:+       0            0     
       Net Latency:+       0 (I)        0 (I) 
           Arrival:=    5000            0     
                                              
             Setup:-      23                  
     Required Time:=    4977                  
      Launch Clock:-       0                  
         Data Path:-    1146                  
             Slack:=    3832                  

#---------------------------------------------------------------------------------------------------------------------------------------
#                       Timing Point                         Flags    Arc   Edge    Cell      Fanout  Load Trans Delay Arrival Instance 
#                                                                                                     (fF)  (ps)  (ps)   (ps)  Location 
#---------------------------------------------------------------------------------------------------------------------------------------
  ENGINE/MUX_SEL/data_out_reg[0]/CP                          -       -      R     (arrival)    17365     -     0     -       0    (-,-) 
  ENGINE/MUX_SEL/data_out_reg[0]/Q                           -       CP->Q  F     DFKCSND1BWP      2  11.4    42    67      67    (-,-) 
  ENGINE/g91015/ZN                                           -       I->ZN  R     INVD16BWP      404 636.8   162   102     169    (-,-) 
  ENGINE/g91014/ZN                                           -       I->ZN  F     INVD16BWP      431 678.8   171   136     305    (-,-) 
  ENGINE/g88086/Z                                            -       S->Z   R     CKMUX2D1BWP      1   1.9    24    53     358    (-,-) 
  ENGINE/Ca[0].Ga[0].Ua[13].Ma[4].ACC/add_31_23_g1642/CO     -       A->CO  R     FA1D0BWP         1   1.9    22    57     415    (-,-) 
  ENGINE/Ca[0].Ga[0].Ua[13].Ma[4].ACC/add_31_23_g1641/CO     -       CI->CO R     FA1D0BWP         1   1.9    22    33     448    (-,-) 
  ENGINE/Ca[0].Ga[0].Ua[13].Ma[4].ACC/add_31_23_g1640/CO     -       CI->CO R     FA1D0BWP         1   1.9    22    33     481    (-,-) 
  ENGINE/Ca[0].Ga[0].Ua[13].Ma[4].ACC/add_31_23_g1639/CO     -       CI->CO R     FA1D0BWP         1   1.9    22    33     514    (-,-) 
  ENGINE/Ca[0].Ga[0].Ua[13].Ma[4].ACC/add_31_23_g1638/CO     -       CI->CO R     FA1D0BWP         1   1.9    22    33     547    (-,-) 
  ENGINE/Ca[0].Ga[0].Ua[13].Ma[4].ACC/add_31_23_g1637/CO     -       CI->CO R     FA1D0BWP         1   1.9    22    33     580    (-,-) 
  ENGINE/Ca[0].Ga[0].Ua[13].Ma[4].ACC/add_31_23_g1636/CO     -       CI->CO R     FA1D0BWP         1   1.9    22    33     613    (-,-) 
  ENGINE/Ca[0].Ga[0].Ua[13].Ma[4].ACC/add_31_23_g1635/CO     -       CI->CO R     FA1D0BWP         1   1.9    22    33     646    (-,-) 
  ENGINE/Ca[0].Ga[0].Ua[13].Ma[4].ACC/add_31_23_g1634/CO     -       CI->CO R     FA1D0BWP         1   1.9    22    33     679    (-,-) 
  ENGINE/Ca[0].Ga[0].Ua[13].Ma[4].ACC/add_31_23_g1633/CO     -       CI->CO R     FA1D0BWP         1   1.9    22    33     712    (-,-) 
  ENGINE/Ca[0].Ga[0].Ua[13].Ma[4].ACC/add_31_23_g1632/CO     -       CI->CO R     FA1D0BWP         1   1.9    22    33     745    (-,-) 
  ENGINE/Ca[0].Ga[0].Ua[13].Ma[4].ACC/add_31_23_g1631/CO     -       CI->CO R     FA1D0BWP         1   1.9    22    33     778    (-,-) 
  ENGINE/Ca[0].Ga[0].Ua[13].Ma[4].ACC/add_31_23_g1630/CO     -       CI->CO R     FA1D0BWP         1   1.9    22    33     811    (-,-) 
  ENGINE/Ca[0].Ga[0].Ua[13].Ma[4].ACC/add_31_23_g1629/CO     -       CI->CO R     FA1D0BWP         1   1.9    22    33     844    (-,-) 
  ENGINE/Ca[0].Ga[0].Ua[13].Ma[4].ACC/add_31_23_g1628/CO     -       CI->CO R     FA1D0BWP         1   1.9    22    33     877    (-,-) 
  ENGINE/Ca[0].Ga[0].Ua[13].Ma[4].ACC/add_31_23_g1627/CO     -       CI->CO R     FA1D0BWP         1   1.9    22    33     910    (-,-) 
  ENGINE/Ca[0].Ga[0].Ua[13].Ma[4].ACC/add_31_23_g1626/CO     -       CI->CO R     FA1D0BWP         1   1.9    22    33     943    (-,-) 
  ENGINE/Ca[0].Ga[0].Ua[13].Ma[4].ACC/add_31_23_g1625/CO     -       CI->CO R     FA1D0BWP         1   1.9    22    33     976    (-,-) 
  ENGINE/Ca[0].Ga[0].Ua[13].Ma[4].ACC/add_31_23_g1624/CO     -       CI->CO R     FA1D0BWP         1   1.9    22    33    1009    (-,-) 
  ENGINE/Ca[0].Ga[0].Ua[13].Ma[4].ACC/add_31_23_g1623/CO     -       CI->CO R     FA1D0BWP         1   1.9    22    33    1042    (-,-) 
  ENGINE/Ca[0].Ga[0].Ua[13].Ma[4].ACC/add_31_23_g1622/CO     -       CI->CO R     FA1D0BWP         1   1.9    22    33    1075    (-,-) 
  ENGINE/Ca[0].Ga[0].Ua[13].Ma[4].ACC/add_31_23_g1621/CO     -       CI->CO R     FA1D0BWP         1   2.0    22    34    1108    (-,-) 
  ENGINE/Ca[0].Ga[0].Ua[13].Ma[4].ACC/add_31_23_g1620/Z      -       A3->Z  F     XOR3D1BWP        1   1.7    15    37    1146    (-,-) 
  ENGINE/Ca[0].Ga[0].Ua[13].Ma[4].ACC/REG/data_out_reg[23]/D -       -      F     EDFQD1BWP        1     -     -     0    1146    (-,-) 
#---------------------------------------------------------------------------------------------------------------------------------------



Path 10: MET (3832 ps) Setup Check with Pin ENGINE/Ca[0].Ga[0].Ua[12].Ma[13].ACC/REG/data_out_reg[23]/CP->D
          Group: aclk
     Startpoint: (R) ENGINE/MUX_SEL/data_out_reg[0]/CP
          Clock: (R) aclk
       Endpoint: (F) ENGINE/Ca[0].Ga[0].Ua[12].Ma[13].ACC/REG/data_out_reg[23]/D
          Clock: (R) aclk

                     Capture       Launch     
        Clock Edge:+    5000            0     
       Src Latency:+       0            0     
       Net Latency:+       0 (I)        0 (I) 
           Arrival:=    5000            0     
                                              
             Setup:-      23                  
     Required Time:=    4977                  
      Launch Clock:-       0                  
         Data Path:-    1146                  
             Slack:=    3832                  

#----------------------------------------------------------------------------------------------------------------------------------------
#                        Timing Point                         Flags    Arc   Edge    Cell      Fanout  Load Trans Delay Arrival Instance 
#                                                                                                      (fF)  (ps)  (ps)   (ps)  Location 
#----------------------------------------------------------------------------------------------------------------------------------------
  ENGINE/MUX_SEL/data_out_reg[0]/CP                           -       -      R     (arrival)    17365     -     0     -       0    (-,-) 
  ENGINE/MUX_SEL/data_out_reg[0]/Q                            -       CP->Q  F     DFKCSND1BWP      2  11.4    42    67      67    (-,-) 
  ENGINE/g91015/ZN                                            -       I->ZN  R     INVD16BWP      404 636.8   162   102     169    (-,-) 
  ENGINE/g91014/ZN                                            -       I->ZN  F     INVD16BWP      431 678.8   171   136     305    (-,-) 
  ENGINE/g88310/Z                                             -       S->Z   R     CKMUX2D1BWP      1   1.9    24    53     358    (-,-) 
  ENGINE/Ca[0].Ga[0].Ua[12].Ma[13].ACC/add_31_23_g1642/CO     -       A->CO  R     FA1D0BWP         1   1.9    22    57     415    (-,-) 
  ENGINE/Ca[0].Ga[0].Ua[12].Ma[13].ACC/add_31_23_g1641/CO     -       CI->CO R     FA1D0BWP         1   1.9    22    33     448    (-,-) 
  ENGINE/Ca[0].Ga[0].Ua[12].Ma[13].ACC/add_31_23_g1640/CO     -       CI->CO R     FA1D0BWP         1   1.9    22    33     481    (-,-) 
  ENGINE/Ca[0].Ga[0].Ua[12].Ma[13].ACC/add_31_23_g1639/CO     -       CI->CO R     FA1D0BWP         1   1.9    22    33     514    (-,-) 
  ENGINE/Ca[0].Ga[0].Ua[12].Ma[13].ACC/add_31_23_g1638/CO     -       CI->CO R     FA1D0BWP         1   1.9    22    33     547    (-,-) 
  ENGINE/Ca[0].Ga[0].Ua[12].Ma[13].ACC/add_31_23_g1637/CO     -       CI->CO R     FA1D0BWP         1   1.9    22    33     580    (-,-) 
  ENGINE/Ca[0].Ga[0].Ua[12].Ma[13].ACC/add_31_23_g1636/CO     -       CI->CO R     FA1D0BWP         1   1.9    22    33     613    (-,-) 
  ENGINE/Ca[0].Ga[0].Ua[12].Ma[13].ACC/add_31_23_g1635/CO     -       CI->CO R     FA1D0BWP         1   1.9    22    33     646    (-,-) 
  ENGINE/Ca[0].Ga[0].Ua[12].Ma[13].ACC/add_31_23_g1634/CO     -       CI->CO R     FA1D0BWP         1   1.9    22    33     679    (-,-) 
  ENGINE/Ca[0].Ga[0].Ua[12].Ma[13].ACC/add_31_23_g1633/CO     -       CI->CO R     FA1D0BWP         1   1.9    22    33     712    (-,-) 
  ENGINE/Ca[0].Ga[0].Ua[12].Ma[13].ACC/add_31_23_g1632/CO     -       CI->CO R     FA1D0BWP         1   1.9    22    33     745    (-,-) 
  ENGINE/Ca[0].Ga[0].Ua[12].Ma[13].ACC/add_31_23_g1631/CO     -       CI->CO R     FA1D0BWP         1   1.9    22    33     778    (-,-) 
  ENGINE/Ca[0].Ga[0].Ua[12].Ma[13].ACC/add_31_23_g1630/CO     -       CI->CO R     FA1D0BWP         1   1.9    22    33     811    (-,-) 
  ENGINE/Ca[0].Ga[0].Ua[12].Ma[13].ACC/add_31_23_g1629/CO     -       CI->CO R     FA1D0BWP         1   1.9    22    33     844    (-,-) 
  ENGINE/Ca[0].Ga[0].Ua[12].Ma[13].ACC/add_31_23_g1628/CO     -       CI->CO R     FA1D0BWP         1   1.9    22    33     877    (-,-) 
  ENGINE/Ca[0].Ga[0].Ua[12].Ma[13].ACC/add_31_23_g1627/CO     -       CI->CO R     FA1D0BWP         1   1.9    22    33     910    (-,-) 
  ENGINE/Ca[0].Ga[0].Ua[12].Ma[13].ACC/add_31_23_g1626/CO     -       CI->CO R     FA1D0BWP         1   1.9    22    33     943    (-,-) 
  ENGINE/Ca[0].Ga[0].Ua[12].Ma[13].ACC/add_31_23_g1625/CO     -       CI->CO R     FA1D0BWP         1   1.9    22    33     976    (-,-) 
  ENGINE/Ca[0].Ga[0].Ua[12].Ma[13].ACC/add_31_23_g1624/CO     -       CI->CO R     FA1D0BWP         1   1.9    22    33    1009    (-,-) 
  ENGINE/Ca[0].Ga[0].Ua[12].Ma[13].ACC/add_31_23_g1623/CO     -       CI->CO R     FA1D0BWP         1   1.9    22    33    1042    (-,-) 
  ENGINE/Ca[0].Ga[0].Ua[12].Ma[13].ACC/add_31_23_g1622/CO     -       CI->CO R     FA1D0BWP         1   1.9    22    33    1075    (-,-) 
  ENGINE/Ca[0].Ga[0].Ua[12].Ma[13].ACC/add_31_23_g1621/CO     -       CI->CO R     FA1D0BWP         1   2.0    22    34    1108    (-,-) 
  ENGINE/Ca[0].Ga[0].Ua[12].Ma[13].ACC/add_31_23_g1620/Z      -       A3->Z  F     XOR3D1BWP        1   1.7    15    37    1146    (-,-) 
  ENGINE/Ca[0].Ga[0].Ua[12].Ma[13].ACC/REG/data_out_reg[23]/D -       -      F     EDFQD1BWP        1     -     -     0    1146    (-,-) 
#----------------------------------------------------------------------------------------------------------------------------------------

