============================================================
  Generated by:           Genus(TM) Synthesis Solution 18.10-p003_1
  Generated on:           Oct 08 2021  03:21:57 am
  Module:                 axis_accelerator_asic
  Operating conditions:   NCCOM 
  Interconnect mode:      global
  Area mode:              physical library
============================================================


Summary
-------
-----------------------------------------------------------------------
            Category            Number   %   Average Toggle Saving %   
-----------------------------------------------------------------------
 RC Clock Gating Instances         519  100            77.47           
 Non-RC Clock Gating Instances       0    0            0.00            
-----------------------------------------------------------------------
 RC Gated Flip-flops             38731   99            66.94           
 Non-RC Gated Flip-flops             0    0            0.00            
-----------------------------------------------------------------------
 Total Ungated Flip-flops          377    1              -             
 Enable not found                   57   15              -             
 Register bank width too small      56   15              -             
 User preserved                    264   70              -             
-----------------------------------------------------------------------
 Total Flip-flops                39108  100              -             
-----------------------------------------------------------------------

