============================================================
  Generated by:           Genus(TM) Synthesis Solution 18.10-p003_1
  Generated on:           Oct 08 2021  03:21:46 am
  Module:                 axis_accelerator_asic
  Technology libraries:   tcbn45gsbwpcgtc 200
                          tcbn45gsbwptc 120
                          physical_cells 
  Operating conditions:   NCCOM 
  Interconnect mode:      global
  Area mode:              physical library
============================================================

                                    
    Gate      Instances     Area         Library     
-----------------------------------------------------
AN2D0BWP              2       2.117    tcbn45gsbwptc 
AN2D2BWP             35      43.218    tcbn45gsbwptc 
AN2D4BWP              2       4.234    tcbn45gsbwptc 
AN2D8BWP              4      14.112    tcbn45gsbwptc 
AN2XD1BWP          4789    5068.678    tcbn45gsbwptc 
AN3D2BWP              1       1.411    tcbn45gsbwptc 
AN3D8BWP              2       8.467    tcbn45gsbwptc 
AN3XD1BWP            15      18.522    tcbn45gsbwptc 
AN4D0BWP              2       2.822    tcbn45gsbwptc 
AN4D1BWP              5       7.056    tcbn45gsbwptc 
AO211D1BWP            8      11.290    tcbn45gsbwptc 
AO21D1BWP           275     339.570    tcbn45gsbwptc 
AO21D2BWP             6       8.467    tcbn45gsbwptc 
AO21D4BWP             2       5.292    tcbn45gsbwptc 
AO221D1BWP          793    1538.737    tcbn45gsbwptc 
AO222D1BWP         1150    2434.320    tcbn45gsbwptc 
AO22D0BWP           478     758.873    tcbn45gsbwptc 
AO22D1BWP           795    1262.142    tcbn45gsbwptc 
AO22D2BWP           107     207.623    tcbn45gsbwptc 
AO22D4BWP            21      66.679    tcbn45gsbwptc 
AO31D1BWP             3       4.234    tcbn45gsbwptc 
AO32D1BWP             1       1.940    tcbn45gsbwptc 
AO32D2BWP             1       2.117    tcbn45gsbwptc 
AOI211XD0BWP        284     350.683    tcbn45gsbwptc 
AOI21D1BWP          262     277.301    tcbn45gsbwptc 
AOI21D2BWP            7      11.113    tcbn45gsbwptc 
AOI21D4BWP           61     193.687    tcbn45gsbwptc 
AOI221D1BWP         678    1076.393    tcbn45gsbwptc 
AOI221D2BWP          20      56.448    tcbn45gsbwptc 
AOI221D4BWP           5      14.112    tcbn45gsbwptc 
AOI221XD4BWP          2      10.584    tcbn45gsbwptc 
AOI222D1BWP          91     176.576    tcbn45gsbwptc 
AOI22D0BWP            1       1.235    tcbn45gsbwptc 
AOI22D1BWP         2060    2543.688    tcbn45gsbwptc 
AOI22D2BWP          205     433.944    tcbn45gsbwptc 
AOI22D4BWP           45     190.512    tcbn45gsbwptc 
AOI31D1BWP            2       2.470    tcbn45gsbwptc 
AOI31D2BWP            1       2.117    tcbn45gsbwptc 
AOI32D1BWP            5       7.056    tcbn45gsbwptc 
AOI33D1BWP            1       1.764    tcbn45gsbwptc 
BUFFD12BWP            9      34.927    tcbn45gsbwptc 
BUFFD16BWP          143     731.531    tcbn45gsbwptc 
BUFFD2BWP            76      80.438    tcbn45gsbwptc 
BUFFD3BWP            63      77.792    tcbn45gsbwptc 
BUFFD4BWP           313     496.919    tcbn45gsbwptc 
BUFFD6BWP           159     336.571    tcbn45gsbwptc 
BUFFD8BWP            48     135.475    tcbn45gsbwptc 
CKAN2D2BWP           19      23.461    tcbn45gsbwptc 
CKBD0BWP             10       7.056    tcbn45gsbwptc 
CKBD12BWP            78     288.943    tcbn45gsbwptc 
CKBD16BWP            39     185.749    tcbn45gsbwptc 
CKBD1BWP           1166     822.730    tcbn45gsbwptc 
CKBD2BWP           5022    5315.285    tcbn45gsbwptc 
CKBD4BWP            309     490.568    tcbn45gsbwptc 
CKBD6BWP             69     146.059    tcbn45gsbwptc 
CKBD8BWP              8      22.579    tcbn45gsbwptc 
CKLNQD1BWP          519    1739.480    tcbn45gsbwptc 
CKMUX2D0BWP          62     109.368    tcbn45gsbwptc 
CKMUX2D1BWP       10895   19218.780    tcbn45gsbwptc 
CKMUX2D2BWP          43      83.437    tcbn45gsbwptc 
CKMUX2D4BWP           3       8.996    tcbn45gsbwptc 
CKND0BWP             31      16.405    tcbn45gsbwptc 
CKND12BWP            45     134.946    tcbn45gsbwptc 
CKND16BWP            55     213.444    tcbn45gsbwptc 
CKND1BWP            102      53.978    tcbn45gsbwptc 
CKND2BWP            669     472.046    tcbn45gsbwptc 
CKND2D1BWP         1782    1257.379    tcbn45gsbwptc 
CKND2D2BWP           94     116.071    tcbn45gsbwptc 
CKND2D3BWP            8      12.701    tcbn45gsbwptc 
CKND2D4BWP           19      40.219    tcbn45gsbwptc 
CKND2D8BWP           49     190.159    tcbn45gsbwptc 
CKND3BWP             37      39.161    tcbn45gsbwptc 
CKND4BWP             17      20.992    tcbn45gsbwptc 
CKND6BWP             40      63.504    tcbn45gsbwptc 
CKND8BWP            206     436.061    tcbn45gsbwptc 
CKXOR2D1BWP        1438    2536.632    tcbn45gsbwptc 
CKXOR2D2BWP         135     261.954    tcbn45gsbwptc 
CKXOR2D4BWP          11      40.748    tcbn45gsbwptc 
CMPE42D1BWP        2599   22464.716    tcbn45gsbwptc 
DCCKBD12BWP           1       7.409    tcbn45gsbwptc 
DCCKBD8BWP           57     321.754    tcbn45gsbwptc 
DCCKND12BWP         105     629.748    tcbn45gsbwptc 
DCCKND16BWP          39     302.702    tcbn45gsbwptc 
DCCKND4BWP           22      54.331    tcbn45gsbwptc 
DCCKND8BWP            4      16.934    tcbn45gsbwptc 
DEL025D1BWP          89      78.498    tcbn45gsbwptc 
DFCND1BWP             4      18.346    tcbn45gsbwptc 
DFCND4BWP             1       6.174    tcbn45gsbwptc 
DFCNQD1BWP         6539   26530.031    tcbn45gsbwptc 
DFCNQD4BWP            1       5.292    tcbn45gsbwptc 
DFD1BWP             579    2246.983    tcbn45gsbwptc 
DFD2BWP              57     251.370    tcbn45gsbwptc 
DFD4BWP             139     735.588    tcbn45gsbwptc 
DFKCND1BWP            4      16.934    tcbn45gsbwptc 
DFKCNQD1BWP        2883   11188.346    tcbn45gsbwptc 
DFKCNQD4BWP           3      13.759    tcbn45gsbwptc 
DFKCSND4BWP           2      12.701    tcbn45gsbwptc 
DFKSND4BWP            2      11.995    tcbn45gsbwptc 
DFQD1BWP          28475  100459.800    tcbn45gsbwptc 
DFQD2BWP            169     655.855    tcbn45gsbwptc 
DFQD4BWP            111     469.930    tcbn45gsbwptc 
DFSND4BWP             3      17.993    tcbn45gsbwptc 
DFSNQD1BWP            9      38.102    tcbn45gsbwptc 
DFSNQD4BWP            2       9.878    tcbn45gsbwptc 
DFXQD1BWP            14      66.679    tcbn45gsbwptc 
EDFCNQD1BWP          20     112.896    tcbn45gsbwptc 
EDFD1BWP              4      20.462    tcbn45gsbwptc 
EDFD2BWP              2      11.290    tcbn45gsbwptc 
EDFQD1BWP            30     142.884    tcbn45gsbwptc 
EDFQD4BWP             1       5.645    tcbn45gsbwptc 
FA1D0BWP          12261   54071.010    tcbn45gsbwptc 
FA1D1BWP           3475   18389.700    tcbn45gsbwptc 
FA1D2BWP            385    2105.334    tcbn45gsbwptc 
FA1D4BWP             35     259.308    tcbn45gsbwptc 
FCICIND1BWP         503    1153.480    tcbn45gsbwptc 
FCICIND2BWP          29      71.618    tcbn45gsbwptc 
FCICOND1BWP          40      63.504    tcbn45gsbwptc 
FCICOND2BWP           6      14.818    tcbn45gsbwptc 
FICIND1BWP            3      15.347    tcbn45gsbwptc 
FICIND2BWP           52     321.048    tcbn45gsbwptc 
FICOND1BWP           16      87.494    tcbn45gsbwptc 
FICOND2BWP           64     395.136    tcbn45gsbwptc 
FIICOND2BWP           1       6.350    tcbn45gsbwptc 
HA1D0BWP           1266    3796.481    tcbn45gsbwptc 
HA1D1BWP             49     155.585    tcbn45gsbwptc 
HA1D2BWP             16      56.448    tcbn45gsbwptc 
HICIND1BWP            8      28.224    tcbn45gsbwptc 
HICOND1BWP           30      95.256    tcbn45gsbwptc 
HICOND2BWP            1       3.881    tcbn45gsbwptc 
IAO21D1BWP           58      71.618    tcbn45gsbwptc 
IAO21D2BWP           18      28.577    tcbn45gsbwptc 
IAO21D4BWP            3       8.467    tcbn45gsbwptc 
IAO22D1BWP           94     149.234    tcbn45gsbwptc 
IAO22D2BWP            1       2.117    tcbn45gsbwptc 
IIND4D1BWP            2       3.881    tcbn45gsbwptc 
IND2D1BWP           809     856.246    tcbn45gsbwptc 
IND2D2BWP            30      42.336    tcbn45gsbwptc 
IND2D4BWP             3       8.467    tcbn45gsbwptc 
IND3D1BWP            23      28.400    tcbn45gsbwptc 
IND4D1BWP            50      70.560    tcbn45gsbwptc 
INR2D1BWP          1807    1912.529    tcbn45gsbwptc 
INR2D2BWP           316     445.939    tcbn45gsbwptc 
INR2D4BWP            11      29.106    tcbn45gsbwptc 
INR2XD0BWP         4347    4600.865    tcbn45gsbwptc 
INR2XD1BWP           16      22.579    tcbn45gsbwptc 
INR2XD2BWP           23      52.744    tcbn45gsbwptc 
INR2XD4BWP            3      13.759    tcbn45gsbwptc 
INR3D0BWP            37      45.688    tcbn45gsbwptc 
INR3D2BWP             1       1.940    tcbn45gsbwptc 
INR3D4BWP             1       3.704    tcbn45gsbwptc 
INR4D0BWP             4       6.350    tcbn45gsbwptc 
INVD0BWP              1       0.529    tcbn45gsbwptc 
INVD12BWP           338    1013.594    tcbn45gsbwptc 
INVD16BWP           366    1420.373    tcbn45gsbwptc 
INVD1BWP           5787    3062.480    tcbn45gsbwptc 
INVD2BWP             41      28.930    tcbn45gsbwptc 
INVD3BWP            545     576.828    tcbn45gsbwptc 
INVD4BWP            693     855.716    tcbn45gsbwptc 
INVD6BWP            294     466.754    tcbn45gsbwptc 
INVD8BWP             59     124.891    tcbn45gsbwptc 
IOA21D1BWP          395     487.746    tcbn45gsbwptc 
IOA21D2BWP          280     444.528    tcbn45gsbwptc 
IOA21D4BWP           48     135.475    tcbn45gsbwptc 
IOA22D2BWP            5      10.584    tcbn45gsbwptc 
MAOI222D0BWP        245     345.744    tcbn45gsbwptc 
MAOI222D1BWP        915    1291.248    tcbn45gsbwptc 
MAOI22D0BWP         105     148.176    tcbn45gsbwptc 
MAOI22D1BWP          23      36.515    tcbn45gsbwptc 
MAOI22D2BWP           5      10.584    tcbn45gsbwptc 
MAOI22D4BWP           1       2.646    tcbn45gsbwptc 
MOAI22D0BWP        1417    1999.670    tcbn45gsbwptc 
MOAI22D1BWP         171     271.480    tcbn45gsbwptc 
MOAI22D2BWP           7      14.818    tcbn45gsbwptc 
MUX2D1BWP          4254    7504.056    tcbn45gsbwptc 
MUX2D2BWP           125     242.550    tcbn45gsbwptc 
MUX2D4BWP            98     293.882    tcbn45gsbwptc 
MUX2ND0BWP          871    1229.155    tcbn45gsbwptc 
MUX2ND1BWP           29      66.503    tcbn45gsbwptc 
MUX2ND2BWP           59     145.706    tcbn45gsbwptc 
MUX2ND4BWP           35     123.480    tcbn45gsbwptc 
ND2D1BWP           1075     758.520    tcbn45gsbwptc 
ND2D2BWP            548     676.670    tcbn45gsbwptc 
ND2D3BWP            159     252.428    tcbn45gsbwptc 
ND2D4BWP             82     173.578    tcbn45gsbwptc 
ND2D8BWP             13      50.450    tcbn45gsbwptc 
ND3D1BWP            287     303.761    tcbn45gsbwptc 
ND3D2BWP              1       1.764    tcbn45gsbwptc 
ND4D1BWP            143     176.576    tcbn45gsbwptc 
ND4D4BWP              2       8.467    tcbn45gsbwptc 
NR2D1BWP            745     525.672    tcbn45gsbwptc 
NR2D2BWP            170     209.916    tcbn45gsbwptc 
NR2D3BWP             75     119.070    tcbn45gsbwptc 
NR2D4BWP             40      84.672    tcbn45gsbwptc 
NR2D8BWP             18      69.854    tcbn45gsbwptc 
NR2XD0BWP          2273    1603.829    tcbn45gsbwptc 
NR2XD1BWP           206     254.369    tcbn45gsbwptc 
NR2XD2BWP             5      10.584    tcbn45gsbwptc 
NR2XD3BWP            36     107.957    tcbn45gsbwptc 
NR2XD4BWP             3      11.642    tcbn45gsbwptc 
NR2XD8BWP            22     166.874    tcbn45gsbwptc 
NR3D0BWP             26      27.518    tcbn45gsbwptc 
NR3D1BWP              2       3.175    tcbn45gsbwptc 
NR3D3BWP              1       4.234    tcbn45gsbwptc 
NR4D0BWP             90     111.132    tcbn45gsbwptc 
NR4D8BWP              1       3.704    tcbn45gsbwptc 
OA211D1BWP           19      26.813    tcbn45gsbwptc 
OA21D0BWP             2       2.470    tcbn45gsbwptc 
OA21D1BWP           456     563.069    tcbn45gsbwptc 
OA21D4BWP             2       5.292    tcbn45gsbwptc 
OA221D1BWP           95     184.338    tcbn45gsbwptc 
OA222D1BWP            2       4.234    tcbn45gsbwptc 
OA22D1BWP           437     693.781    tcbn45gsbwptc 
OA22D2BWP           142     275.537    tcbn45gsbwptc 
OA22D4BWP            42     133.358    tcbn45gsbwptc 
OA31D1BWP             2       2.822    tcbn45gsbwptc 
OAI211D1BWP          20      24.696    tcbn45gsbwptc 
OAI211D2BWP           6      12.701    tcbn45gsbwptc 
OAI211D4BWP           1       4.234    tcbn45gsbwptc 
OAI21D1BWP          866     916.574    tcbn45gsbwptc 
OAI21D2BWP          161     255.604    tcbn45gsbwptc 
OAI21D4BWP          124     393.725    tcbn45gsbwptc 
OAI221D1BWP          32      50.803    tcbn45gsbwptc 
OAI221D2BWP           1       2.822    tcbn45gsbwptc 
OAI221D4BWP           3       8.467    tcbn45gsbwptc 
OAI222D1BWP           4       7.762    tcbn45gsbwptc 
OAI22D1BWP        17763   21933.752    tcbn45gsbwptc 
OAI22D2BWP          215     455.112    tcbn45gsbwptc 
OAI22D4BWP           16      67.738    tcbn45gsbwptc 
OAI31D1BWP            6       7.409    tcbn45gsbwptc 
OAI31D2BWP            1       2.117    tcbn45gsbwptc 
OAI32D1BWP            6       8.467    tcbn45gsbwptc 
OR2D1BWP            476     503.798    tcbn45gsbwptc 
OR2D2BWP             67      82.732    tcbn45gsbwptc 
OR2D4BWP             51     107.957    tcbn45gsbwptc 
OR2D8BWP              3      10.584    tcbn45gsbwptc 
OR2XD1BWP           550     582.120    tcbn45gsbwptc 
OR3D1BWP             11      13.583    tcbn45gsbwptc 
OR3XD1BWP             2       2.470    tcbn45gsbwptc 
OR4D1BWP             14      19.757    tcbn45gsbwptc 
SDFCNQD1BWP          53     280.476    tcbn45gsbwptc 
SDFQD1BWP             1       4.763    tcbn45gsbwptc 
XNR2D1BWP         19682   34719.048    tcbn45gsbwptc 
XNR2D2BWP           138     267.775    tcbn45gsbwptc 
XNR2D4BWP            24      88.906    tcbn45gsbwptc 
XNR3D1BWP           644    2044.829    tcbn45gsbwptc 
XNR3D2BWP             2       8.114    tcbn45gsbwptc 
XNR3D4BWP             7      37.044    tcbn45gsbwptc 
XNR4D1BWP            11      50.450    tcbn45gsbwptc 
XOR2D1BWP          3212    5665.968    tcbn45gsbwptc 
XOR2D2BWP             1       1.940    tcbn45gsbwptc 
XOR3D1BWP          1281    4067.431    tcbn45gsbwptc 
XOR3D2BWP            55     194.040    tcbn45gsbwptc 
XOR4D1BWP            71     325.634    tcbn45gsbwptc 
-----------------------------------------------------
total            173900  413038.483                  


                                                         
            Type             Instances    Area    Area % 
---------------------------------------------------------
sequential                       39108 143334.173   34.7 
inverter                          9496  10004.350    2.4 
buffer                            7659   9580.284    2.3 
clock_gating_integrated_cell       519   1739.480    0.4 
unresolved                           2      0.000    0.0 
logic                           117118 248380.196   60.1 
physical_cells                       0      0.000    0.0 
---------------------------------------------------------
total                           173902 413038.483  100.0 

