============================================================
  Generated by:           Genus(TM) Synthesis Solution 23.13-s073_1
  Generated on:           Jun 27 2025  10:29:24 am
  Module:                 axis_sa
  Operating conditions:   ssg_cworstt_max_0p72v_125c 
  Interconnect mode:      global
  Area mode:              physical library
============================================================

                                                                                                                   Library 
             Gate              Instances    Area                               Library                              Domain 
---------------------------------------------------------------------------------------------------------------------------
ADDF_X1M_A9PP140ZTUL_C35            1068  2153.088    sc9mcpp140z_cln28ht_base_ulvt_c35_ssg_cworstt_max_0p72v_125c       0 
ADDH_X1M_A9PP140ZTUL_C35              96   120.960    sc9mcpp140z_cln28ht_base_ulvt_c35_ssg_cworstt_max_0p72v_125c       0 
AND2_X1M_A9PP140ZTUL_C35            1361   685.944    sc9mcpp140z_cln28ht_base_ulvt_c35_ssg_cworstt_max_0p72v_125c       0 
AND3_X1M_A9PP140ZTUL_C35              10     6.300    sc9mcpp140z_cln28ht_base_ulvt_c35_ssg_cworstt_max_0p72v_125c       0 
AO21A1AI2_X1M_A9PP140ZTUL_C35          1     0.630    sc9mcpp140z_cln28ht_base_ulvt_c35_ssg_cworstt_max_0p72v_125c       0 
AO21B_X1M_A9PP140ZTUL_C35              2     1.260    sc9mcpp140z_cln28ht_base_ulvt_c35_ssg_cworstt_max_0p72v_125c       0 
AO21_X1M_A9PP140ZTUL_C35              10     7.560    sc9mcpp140z_cln28ht_base_ulvt_c35_ssg_cworstt_max_0p72v_125c       0 
AO22_X1M_A9PP140ZTUL_C35               4     3.528    sc9mcpp140z_cln28ht_base_ulvt_c35_ssg_cworstt_max_0p72v_125c       0 
AOI21_X1M_A9PP140ZTUL_C35              6     3.024    sc9mcpp140z_cln28ht_base_ulvt_c35_ssg_cworstt_max_0p72v_125c       0 
AOI22BB_X1M_A9PP140ZTUL_C35          278   245.196    sc9mcpp140z_cln28ht_base_ulvt_c35_ssg_cworstt_max_0p72v_125c       0 
AOI22_X1M_A9PP140ZTUL_C35             35    22.050    sc9mcpp140z_cln28ht_base_ulvt_c35_ssg_cworstt_max_0p72v_125c       0 
CGENI_X1M_A9PP140ZTUL_C35             20    15.120    sc9mcpp140z_cln28ht_base_ulvt_c35_ssg_cworstt_max_0p72v_125c       0 
DFFRPQA_X1M_A9PP140ZTUL_C35         1360  2913.120    sc9mcpp140z_cln28ht_base_ulvt_c35_ssg_cworstt_max_0p72v_125c       0 
DFFRPQNA_X1M_A9PP140ZTUL_C35         493   993.888    sc9mcpp140z_cln28ht_base_ulvt_c35_ssg_cworstt_max_0p72v_125c       0 
DFFRPQ_X4M_A9PP140ZTUL_C35             1     3.024    sc9mcpp140z_cln28ht_base_ulvt_c35_ssg_cworstt_max_0p72v_125c       0 
INV_X0P8M_A9PP140ZTUL_C35             12     3.024    sc9mcpp140z_cln28ht_base_ulvt_c35_ssg_cworstt_max_0p72v_125c       0 
INV_X1B_A9PP140ZTUL_C35               10     2.520    sc9mcpp140z_cln28ht_base_ulvt_c35_ssg_cworstt_max_0p72v_125c       0 
INV_X1M_A9PP140ZTUL_C35               52    13.104    sc9mcpp140z_cln28ht_base_ulvt_c35_ssg_cworstt_max_0p72v_125c       0 
INV_X3M_A9PP140ZTUL_C35                1     0.504    sc9mcpp140z_cln28ht_base_ulvt_c35_ssg_cworstt_max_0p72v_125c       0 
INV_X5M_A9PP140ZTUL_C35                1     0.756    sc9mcpp140z_cln28ht_base_ulvt_c35_ssg_cworstt_max_0p72v_125c       0 
MXIT2_X1M_A9PP140ZTUL_C35            494   435.708    sc9mcpp140z_cln28ht_base_ulvt_c35_ssg_cworstt_max_0p72v_125c       0 
MXT2_X0P5B_A9PP140ZTUL_C35          1175  1036.350    sc9mcpp140z_cln28ht_base_ulvt_c35_ssg_cworstt_max_0p72v_125c       0 
NAND2B_X0P7M_A9PP140ZTUL_C35           1     0.504    sc9mcpp140z_cln28ht_base_ulvt_c35_ssg_cworstt_max_0p72v_125c       0 
NAND2B_X1M_A9PP140ZTUL_C35            20    10.080    sc9mcpp140z_cln28ht_base_ulvt_c35_ssg_cworstt_max_0p72v_125c       0 
NAND2XB_X1M_A9PP140ZTUL_C35           24    12.096    sc9mcpp140z_cln28ht_base_ulvt_c35_ssg_cworstt_max_0p72v_125c       0 
NAND2_X1A_A9PP140ZTUL_C35             73    27.594    sc9mcpp140z_cln28ht_base_ulvt_c35_ssg_cworstt_max_0p72v_125c       0 
NAND2_X1B_A9PP140ZTUL_C35              5     1.890    sc9mcpp140z_cln28ht_base_ulvt_c35_ssg_cworstt_max_0p72v_125c       0 
NAND2_X1M_A9PP140ZTUL_C35            352   133.056    sc9mcpp140z_cln28ht_base_ulvt_c35_ssg_cworstt_max_0p72v_125c       0 
NAND3_X1M_A9PP140ZTUL_C35              1     0.504    sc9mcpp140z_cln28ht_base_ulvt_c35_ssg_cworstt_max_0p72v_125c       0 
NAND4_X1M_A9PP140ZTUL_C35              1     0.630    sc9mcpp140z_cln28ht_base_ulvt_c35_ssg_cworstt_max_0p72v_125c       0 
NOR2B_X1M_A9PP140ZTUL_C35             10     5.040    sc9mcpp140z_cln28ht_base_ulvt_c35_ssg_cworstt_max_0p72v_125c       0 
NOR2B_X2M_A9PP140ZTUL_C35              3     2.268    sc9mcpp140z_cln28ht_base_ulvt_c35_ssg_cworstt_max_0p72v_125c       0 
NOR2XB_X1M_A9PP140ZTUL_C35           548   276.192    sc9mcpp140z_cln28ht_base_ulvt_c35_ssg_cworstt_max_0p72v_125c       0 
NOR2XB_X2M_A9PP140ZTUL_C35             3     2.268    sc9mcpp140z_cln28ht_base_ulvt_c35_ssg_cworstt_max_0p72v_125c       0 
NOR2_X1A_A9PP140ZTUL_C35              61    23.058    sc9mcpp140z_cln28ht_base_ulvt_c35_ssg_cworstt_max_0p72v_125c       0 
OA21_X1M_A9PP140ZTUL_C35               3     2.268    sc9mcpp140z_cln28ht_base_ulvt_c35_ssg_cworstt_max_0p72v_125c       0 
OAI211_X1M_A9PP140ZTUL_C35            10     6.300    sc9mcpp140z_cln28ht_base_ulvt_c35_ssg_cworstt_max_0p72v_125c       0 
OAI21_X1M_A9PP140ZTUL_C35             20    10.080    sc9mcpp140z_cln28ht_base_ulvt_c35_ssg_cworstt_max_0p72v_125c       0 
OAI22BB_X1M_A9PP140ZTUL_C35          323   284.886    sc9mcpp140z_cln28ht_base_ulvt_c35_ssg_cworstt_max_0p72v_125c       0 
OAI2XB1_X1M_A9PP140ZTUL_C35            1     0.756    sc9mcpp140z_cln28ht_base_ulvt_c35_ssg_cworstt_max_0p72v_125c       0 
OAI31_X1M_A9PP140ZTUL_C35              1     0.630    sc9mcpp140z_cln28ht_base_ulvt_c35_ssg_cworstt_max_0p72v_125c       0 
OR2_X0P5B_A9PP140ZTUL_C35             19     9.576    sc9mcpp140z_cln28ht_base_ulvt_c35_ssg_cworstt_max_0p72v_125c       0 
OR2_X0P7B_A9PP140ZTUL_C35              1     0.504    sc9mcpp140z_cln28ht_base_ulvt_c35_ssg_cworstt_max_0p72v_125c       0 
OR2_X1B_A9PP140ZTUL_C35                3     1.512    sc9mcpp140z_cln28ht_base_ulvt_c35_ssg_cworstt_max_0p72v_125c       0 
OR2_X1M_A9PP140ZTUL_C35                2     1.008    sc9mcpp140z_cln28ht_base_ulvt_c35_ssg_cworstt_max_0p72v_125c       0 
OR3_X6M_A9PP140ZTUL_C35                1     2.520    sc9mcpp140z_cln28ht_base_ulvt_c35_ssg_cworstt_max_0p72v_125c       0 
XNOR2_X0P7M_A9PP140ZTUL_C35           20    15.120    sc9mcpp140z_cln28ht_base_ulvt_c35_ssg_cworstt_max_0p72v_125c       0 
XNOR3_X0P7M_A9PP140ZTUL_C35           10    15.120    sc9mcpp140z_cln28ht_base_ulvt_c35_ssg_cworstt_max_0p72v_125c       0 
XOR2_X0P7M_A9PP140ZTUL_C35            32    24.192    sc9mcpp140z_cln28ht_base_ulvt_c35_ssg_cworstt_max_0p72v_125c       0 
XOR3_X0P7M_A9PP140ZTUL_C35            32    48.384    sc9mcpp140z_cln28ht_base_ulvt_c35_ssg_cworstt_max_0p72v_125c       0 
---------------------------------------------------------------------------------------------------------------------------
total                               8070  9584.694                                                                 


                                         
     Type      Instances   Area   Area % 
-----------------------------------------
sequential          1854 3910.032   40.8 
inverter              76   19.908    0.2 
logic               6140 5654.754   59.0 
physical_cells         0    0.000    0.0 
-----------------------------------------
total               8070 9584.694  100.0 

