============================================================
  Generated by:           Genus(TM) Synthesis Solution 23.13-s073_1
  Generated on:           Jun 27 2025  10:29:24 am
  Module:                 axis_sa
  Operating conditions:   ssg_cworstt_max_0p72v_125c 
  Interconnect mode:      global
  Area mode:              physical library
============================================================

Timing
--------

  Analysis view  Clock Period 
------------------------------
wc_analysis_view CLK   2000.0 


    Analysis       Cost   Critical        Violating 
      View        Group  Path Slack  TNS    Paths   
----------------------------------------------------
wc_analysis_view     CLK       12.8  0.0          0 
                 default   No paths  0.0          0 
                  in2out   No paths  0.0          0 
                  in2reg      506.3  0.0          0 
                 reg2out     1332.3  0.0          0 
                 reg2reg     1667.2  0.0          0 
----------------------------------------------------
Total                               -0.0          0 
                                                    

Instance Count
--------------
Leaf Instance Count             8070 
Physical Instance count            0 
Sequential Instance Count       1854 
Combinational Instance Count    6216 
Hierarchical Instance Count        0 

Area
----
Cell Area                          9584.694
Physical Cell Area                 0.000
Total Cell Area (Cell+Physical)    9584.694
Net Area                           3469.017
Total Area (Cell+Physical+Net)     13053.711

Max Fanout                         1854 (clk)
Min Fanout                         1 (AR[0].AC[0].ACC_n_36)
Average Fanout                     2.2
Terms to net ratio                 3.3599
Terms to instance ratio            3.8799
Runtime                            446.6497660000043 seconds
Elapsed Runtime                    411 seconds
Genus peak memory usage            2884.34 
Innovus peak memory usage          no_value 
Hostname                           mun
