============================================================
  Generated by:           Genus(TM) Synthesis Solution 18.10-p003_1
  Generated on:           Oct 04 2021  10:01:54 pm
  Module:                 axis_conv_engine
  Operating conditions:   BC0D88COM 
  Interconnect mode:      global
  Area mode:              physical library
============================================================


Path 1: MET (4429 ps) Setup Check with Pin ENGINE/Ca[0].Ga[0].Ua[13].Ma[13].ACC/REG/data_out_reg[23]/clk->d
          Group: aclk
     Startpoint: (R) ENGINE/MUL_CONTROL/delay_reg_gen[0].m_data_reg/data_out_reg[13]/clk
          Clock: (R) aclk
       Endpoint: (R) ENGINE/Ca[0].Ga[0].Ua[13].Ma[13].ACC/REG/data_out_reg[23]/d
          Clock: (R) aclk

                     Capture       Launch     
        Clock Edge:+    5000            0     
       Src Latency:+       0            0     
       Net Latency:+       0 (I)        0 (I) 
           Arrival:=    5000            0     
                                              
             Setup:-       9                  
     Required Time:=    4991                  
      Launch Clock:-       0                  
         Data Path:-     562                  
             Slack:=    4429                  

#------------------------------------------------------------------------------------------------------------------------------------------------------
#                            Timing Point                             Flags    Arc    Edge       Cell         Fanout Load Trans Delay Arrival Instance 
#                                                                                                                    (fF)  (ps)  (ps)   (ps)  Location 
#------------------------------------------------------------------------------------------------------------------------------------------------------
  ENGINE/MUL_CONTROL/delay_reg_gen[0].m_data_reg/data_out_reg[13]/clk -       -       R     (arrival)          17505    -     0     -       0    (-,-) 
  ENGINE/MUL_CONTROL/delay_reg_gen[0].m_data_reg/data_out_reg[13]/q   (u)     clk->q  R     unmapped_d_flop       15 21.0     0    64      64    (-,-) 
  ENGINE/g10459/z                                                     (u)     in_0->z R     unmapped_or2         336  9.8     0    24      88    (-,-) 
  ENGINE/Ca[0].Ga[0].Ua[13].Ma[13].ACC/g97/z                          (u)     in_1->z F     unmapped_complex2      3  4.2     0    11      99    (-,-) 
  ENGINE/Ca[0].Ga[0].Ua[13].Ma[13].ACC/add_31_23/g5/z                 (u)     in_1->z R     unmapped_nand2         3  4.2     0    11     110    (-,-) 
  ENGINE/Ca[0].Ga[0].Ua[13].Ma[13].ACC/add_31_23/g1018/z              (u)     in_0->z R     unmapped_complex2      1  1.4     0     8     118    (-,-) 
  ENGINE/Ca[0].Ga[0].Ua[13].Ma[13].ACC/add_31_23/g1013/z              (u)     in_0->z F     unmapped_nand2         3  4.2     0    11     129    (-,-) 
  ENGINE/Ca[0].Ga[0].Ua[13].Ma[13].ACC/add_31_23/g1009/z              (u)     in_1->z R     unmapped_nand2         1  1.4     0     8     137    (-,-) 
  ENGINE/Ca[0].Ga[0].Ua[13].Ma[13].ACC/add_31_23/g1008/z              (u)     in_0->z F     unmapped_nand2         3  4.2     0    11     148    (-,-) 
  ENGINE/Ca[0].Ga[0].Ua[13].Ma[13].ACC/add_31_23/g1007/z              (u)     in_1->z R     unmapped_nand2         1  1.4     0     8     156    (-,-) 
  ENGINE/Ca[0].Ga[0].Ua[13].Ma[13].ACC/add_31_23/g1003/z              (u)     in_0->z F     unmapped_nand2         3  4.2     0    11     167    (-,-) 
  ENGINE/Ca[0].Ga[0].Ua[13].Ma[13].ACC/add_31_23/g999/z               (u)     in_1->z R     unmapped_nand2         1  1.4     0     8     175    (-,-) 
  ENGINE/Ca[0].Ga[0].Ua[13].Ma[13].ACC/add_31_23/g998/z               (u)     in_0->z F     unmapped_nand2         3  4.2     0    11     186    (-,-) 
  ENGINE/Ca[0].Ga[0].Ua[13].Ma[13].ACC/add_31_23/g997/z               (u)     in_1->z R     unmapped_nand2         1  1.4     0     8     194    (-,-) 
  ENGINE/Ca[0].Ga[0].Ua[13].Ma[13].ACC/add_31_23/g993/z               (u)     in_0->z F     unmapped_nand2         3  4.2     0    11     205    (-,-) 
  ENGINE/Ca[0].Ga[0].Ua[13].Ma[13].ACC/add_31_23/g992/z               (u)     in_1->z R     unmapped_nand2         1  1.4     0     8     214    (-,-) 
  ENGINE/Ca[0].Ga[0].Ua[13].Ma[13].ACC/add_31_23/g988/z               (u)     in_0->z F     unmapped_nand2         3  4.2     0    11     224    (-,-) 
  ENGINE/Ca[0].Ga[0].Ua[13].Ma[13].ACC/add_31_23/g984/z               (u)     in_1->z R     unmapped_nand2         1  1.4     0     8     233    (-,-) 
  ENGINE/Ca[0].Ga[0].Ua[13].Ma[13].ACC/add_31_23/g983/z               (u)     in_0->z F     unmapped_nand2         3  4.2     0    11     243    (-,-) 
  ENGINE/Ca[0].Ga[0].Ua[13].Ma[13].ACC/add_31_23/g982/z               (u)     in_1->z R     unmapped_nand2         1  1.4     0     8     252    (-,-) 
  ENGINE/Ca[0].Ga[0].Ua[13].Ma[13].ACC/add_31_23/g978/z               (u)     in_1->z F     unmapped_nand2         3  4.2     0    11     262    (-,-) 
  ENGINE/Ca[0].Ga[0].Ua[13].Ma[13].ACC/add_31_23/g974/z               (u)     in_1->z R     unmapped_nand2         1  1.4     0     8     271    (-,-) 
  ENGINE/Ca[0].Ga[0].Ua[13].Ma[13].ACC/add_31_23/g973/z               (u)     in_0->z F     unmapped_nand2         3  4.2     0    11     282    (-,-) 
  ENGINE/Ca[0].Ga[0].Ua[13].Ma[13].ACC/add_31_23/g969/z               (u)     in_1->z R     unmapped_nand2         1  1.4     0     8     290    (-,-) 
  ENGINE/Ca[0].Ga[0].Ua[13].Ma[13].ACC/add_31_23/g968/z               (u)     in_0->z F     unmapped_nand2         3  4.2     0    11     301    (-,-) 
  ENGINE/Ca[0].Ga[0].Ua[13].Ma[13].ACC/add_31_23/g964/z               (u)     in_1->z R     unmapped_nand2         1  1.4     0     8     309    (-,-) 
  ENGINE/Ca[0].Ga[0].Ua[13].Ma[13].ACC/add_31_23/g963/z               (u)     in_0->z F     unmapped_nand2         3  4.2     0    11     320    (-,-) 
  ENGINE/Ca[0].Ga[0].Ua[13].Ma[13].ACC/add_31_23/g959/z               (u)     in_1->z R     unmapped_nand2         1  1.4     0     8     328    (-,-) 
  ENGINE/Ca[0].Ga[0].Ua[13].Ma[13].ACC/add_31_23/g958/z               (u)     in_1->z F     unmapped_nand2         3  4.2     0    11     339    (-,-) 
  ENGINE/Ca[0].Ga[0].Ua[13].Ma[13].ACC/add_31_23/g957/z               (u)     in_1->z R     unmapped_nand2         1  1.4     0     8     347    (-,-) 
  ENGINE/Ca[0].Ga[0].Ua[13].Ma[13].ACC/add_31_23/g953/z               (u)     in_0->z F     unmapped_nand2         3  4.2     0    11     358    (-,-) 
  ENGINE/Ca[0].Ga[0].Ua[13].Ma[13].ACC/add_31_23/g952/z               (u)     in_1->z R     unmapped_nand2         1  1.4     0     8     366    (-,-) 
  ENGINE/Ca[0].Ga[0].Ua[13].Ma[13].ACC/add_31_23/g948/z               (u)     in_0->z F     unmapped_nand2         3  4.2     0    11     377    (-,-) 
  ENGINE/Ca[0].Ga[0].Ua[13].Ma[13].ACC/add_31_23/g947/z               (u)     in_1->z R     unmapped_nand2         1  1.4     0     8     385    (-,-) 
  ENGINE/Ca[0].Ga[0].Ua[13].Ma[13].ACC/add_31_23/g943/z               (u)     in_0->z F     unmapped_nand2         3  4.2     0    11     396    (-,-) 
  ENGINE/Ca[0].Ga[0].Ua[13].Ma[13].ACC/add_31_23/g942/z               (u)     in_1->z R     unmapped_nand2         1  1.4     0     8     404    (-,-) 
  ENGINE/Ca[0].Ga[0].Ua[13].Ma[13].ACC/add_31_23/g938/z               (u)     in_1->z F     unmapped_nand2         3  4.2     0    11     415    (-,-) 
  ENGINE/Ca[0].Ga[0].Ua[13].Ma[13].ACC/add_31_23/g937/z               (u)     in_1->z R     unmapped_nand2         1  1.4     0     8     424    (-,-) 
  ENGINE/Ca[0].Ga[0].Ua[13].Ma[13].ACC/add_31_23/g933/z               (u)     in_0->z F     unmapped_nand2         3  4.2     0    11     434    (-,-) 
  ENGINE/Ca[0].Ga[0].Ua[13].Ma[13].ACC/add_31_23/g929/z               (u)     in_1->z R     unmapped_nand2         1  1.4     0     8     443    (-,-) 
  ENGINE/Ca[0].Ga[0].Ua[13].Ma[13].ACC/add_31_23/g928/z               (u)     in_1->z F     unmapped_nand2         3  4.2     0    11     453    (-,-) 
  ENGINE/Ca[0].Ga[0].Ua[13].Ma[13].ACC/add_31_23/g924/z               (u)     in_1->z R     unmapped_nand2         1  1.4     0     8     462    (-,-) 
  ENGINE/Ca[0].Ga[0].Ua[13].Ma[13].ACC/add_31_23/g923/z               (u)     in_1->z F     unmapped_nand2         3  4.2     0    11     472    (-,-) 
  ENGINE/Ca[0].Ga[0].Ua[13].Ma[13].ACC/add_31_23/g919/z               (u)     in_1->z R     unmapped_nand2         1  1.4     0     8     481    (-,-) 
  ENGINE/Ca[0].Ga[0].Ua[13].Ma[13].ACC/add_31_23/g918/z               (u)     in_1->z F     unmapped_nand2         3  4.2     0    11     492    (-,-) 
  ENGINE/Ca[0].Ga[0].Ua[13].Ma[13].ACC/add_31_23/g914/z               (u)     in_1->z R     unmapped_nand2         1  1.4     0     8     500    (-,-) 
  ENGINE/Ca[0].Ga[0].Ua[13].Ma[13].ACC/add_31_23/g913/z               (u)     in_1->z F     unmapped_nand2         3  4.2     0    11     511    (-,-) 
  ENGINE/Ca[0].Ga[0].Ua[13].Ma[13].ACC/add_31_23/g912/z               (u)     in_1->z R     unmapped_nand2         1  1.4     0     8     519    (-,-) 
  ENGINE/Ca[0].Ga[0].Ua[13].Ma[13].ACC/add_31_23/g908/z               (u)     in_1->z F     unmapped_nand2         2  2.8     0    10     529    (-,-) 
  ENGINE/Ca[0].Ga[0].Ua[13].Ma[13].ACC/add_31_23/g906/z               (u)     in_0->z F     unmapped_or2           1  1.4     0     8     537    (-,-) 
  ENGINE/Ca[0].Ga[0].Ua[13].Ma[13].ACC/add_31_23/g907/z               (u)     in_1->z R     unmapped_nand2         1  1.4     0     8     546    (-,-) 
  ENGINE/Ca[0].Ga[0].Ua[13].Ma[13].ACC/REG/g215/z                     (u)     in_1->z F     unmapped_nand2         1  1.4     0     8     554    (-,-) 
  ENGINE/Ca[0].Ga[0].Ua[13].Ma[13].ACC/REG/g145/z                     (u)     in_1->z R     unmapped_nand2         1  1.4     0     8     562    (-,-) 
  ENGINE/Ca[0].Ga[0].Ua[13].Ma[13].ACC/REG/data_out_reg[23]/d         -       -       R     unmapped_d_flop        1    -     -     0     562    (-,-) 
#------------------------------------------------------------------------------------------------------------------------------------------------------

(u) : Net has unmapped pin(s).



Path 2: MET (4429 ps) Setup Check with Pin ENGINE/Ca[0].Ga[0].Ua[13].Ma[13].ACC/REG/data_out_reg[23]/clk->d
          Group: aclk
     Startpoint: (R) ENGINE/MUL_CONTROL/delay_reg_gen[0].m_data_reg/data_out_reg[13]/clk
          Clock: (R) aclk
       Endpoint: (R) ENGINE/Ca[0].Ga[0].Ua[13].Ma[13].ACC/REG/data_out_reg[23]/d
          Clock: (R) aclk

                     Capture       Launch     
        Clock Edge:+    5000            0     
       Src Latency:+       0            0     
       Net Latency:+       0 (I)        0 (I) 
           Arrival:=    5000            0     
                                              
             Setup:-       9                  
     Required Time:=    4991                  
      Launch Clock:-       0                  
         Data Path:-     562                  
             Slack:=    4429                  

#------------------------------------------------------------------------------------------------------------------------------------------------------
#                            Timing Point                             Flags    Arc    Edge       Cell         Fanout Load Trans Delay Arrival Instance 
#                                                                                                                    (fF)  (ps)  (ps)   (ps)  Location 
#------------------------------------------------------------------------------------------------------------------------------------------------------
  ENGINE/MUL_CONTROL/delay_reg_gen[0].m_data_reg/data_out_reg[13]/clk -       -       R     (arrival)          17505    -     0     -       0    (-,-) 
  ENGINE/MUL_CONTROL/delay_reg_gen[0].m_data_reg/data_out_reg[13]/q   (u)     clk->q  F     unmapped_d_flop       15 21.0     0    64      64    (-,-) 
  ENGINE/g10459/z                                                     (u)     in_0->z F     unmapped_or2         336  9.8     0    24      88    (-,-) 
  ENGINE/Ca[0].Ga[0].Ua[13].Ma[13].ACC/g97/z                          (u)     in_1->z R     unmapped_complex2      3  4.2     0    11      99    (-,-) 
  ENGINE/Ca[0].Ga[0].Ua[13].Ma[13].ACC/add_31_23/g5/z                 (u)     in_1->z F     unmapped_nand2         3  4.2     0    11     110    (-,-) 
  ENGINE/Ca[0].Ga[0].Ua[13].Ma[13].ACC/add_31_23/g1018/z              (u)     in_0->z F     unmapped_complex2      1  1.4     0     8     118    (-,-) 
  ENGINE/Ca[0].Ga[0].Ua[13].Ma[13].ACC/add_31_23/g1013/z              (u)     in_0->z R     unmapped_nand2         3  4.2     0    11     129    (-,-) 
  ENGINE/Ca[0].Ga[0].Ua[13].Ma[13].ACC/add_31_23/g1009/z              (u)     in_1->z F     unmapped_nand2         1  1.4     0     8     137    (-,-) 
  ENGINE/Ca[0].Ga[0].Ua[13].Ma[13].ACC/add_31_23/g1008/z              (u)     in_0->z R     unmapped_nand2         3  4.2     0    11     148    (-,-) 
  ENGINE/Ca[0].Ga[0].Ua[13].Ma[13].ACC/add_31_23/g1007/z              (u)     in_1->z F     unmapped_nand2         1  1.4     0     8     156    (-,-) 
  ENGINE/Ca[0].Ga[0].Ua[13].Ma[13].ACC/add_31_23/g1003/z              (u)     in_0->z R     unmapped_nand2         3  4.2     0    11     167    (-,-) 
  ENGINE/Ca[0].Ga[0].Ua[13].Ma[13].ACC/add_31_23/g999/z               (u)     in_1->z F     unmapped_nand2         1  1.4     0     8     175    (-,-) 
  ENGINE/Ca[0].Ga[0].Ua[13].Ma[13].ACC/add_31_23/g998/z               (u)     in_0->z R     unmapped_nand2         3  4.2     0    11     186    (-,-) 
  ENGINE/Ca[0].Ga[0].Ua[13].Ma[13].ACC/add_31_23/g997/z               (u)     in_1->z F     unmapped_nand2         1  1.4     0     8     194    (-,-) 
  ENGINE/Ca[0].Ga[0].Ua[13].Ma[13].ACC/add_31_23/g993/z               (u)     in_0->z R     unmapped_nand2         3  4.2     0    11     205    (-,-) 
  ENGINE/Ca[0].Ga[0].Ua[13].Ma[13].ACC/add_31_23/g992/z               (u)     in_1->z F     unmapped_nand2         1  1.4     0     8     214    (-,-) 
  ENGINE/Ca[0].Ga[0].Ua[13].Ma[13].ACC/add_31_23/g988/z               (u)     in_0->z R     unmapped_nand2         3  4.2     0    11     224    (-,-) 
  ENGINE/Ca[0].Ga[0].Ua[13].Ma[13].ACC/add_31_23/g984/z               (u)     in_1->z F     unmapped_nand2         1  1.4     0     8     233    (-,-) 
  ENGINE/Ca[0].Ga[0].Ua[13].Ma[13].ACC/add_31_23/g983/z               (u)     in_0->z R     unmapped_nand2         3  4.2     0    11     243    (-,-) 
  ENGINE/Ca[0].Ga[0].Ua[13].Ma[13].ACC/add_31_23/g982/z               (u)     in_1->z F     unmapped_nand2         1  1.4     0     8     252    (-,-) 
  ENGINE/Ca[0].Ga[0].Ua[13].Ma[13].ACC/add_31_23/g978/z               (u)     in_1->z R     unmapped_nand2         3  4.2     0    11     262    (-,-) 
  ENGINE/Ca[0].Ga[0].Ua[13].Ma[13].ACC/add_31_23/g974/z               (u)     in_1->z F     unmapped_nand2         1  1.4     0     8     271    (-,-) 
  ENGINE/Ca[0].Ga[0].Ua[13].Ma[13].ACC/add_31_23/g973/z               (u)     in_0->z R     unmapped_nand2         3  4.2     0    11     282    (-,-) 
  ENGINE/Ca[0].Ga[0].Ua[13].Ma[13].ACC/add_31_23/g969/z               (u)     in_1->z F     unmapped_nand2         1  1.4     0     8     290    (-,-) 
  ENGINE/Ca[0].Ga[0].Ua[13].Ma[13].ACC/add_31_23/g968/z               (u)     in_0->z R     unmapped_nand2         3  4.2     0    11     301    (-,-) 
  ENGINE/Ca[0].Ga[0].Ua[13].Ma[13].ACC/add_31_23/g964/z               (u)     in_1->z F     unmapped_nand2         1  1.4     0     8     309    (-,-) 
  ENGINE/Ca[0].Ga[0].Ua[13].Ma[13].ACC/add_31_23/g963/z               (u)     in_0->z R     unmapped_nand2         3  4.2     0    11     320    (-,-) 
  ENGINE/Ca[0].Ga[0].Ua[13].Ma[13].ACC/add_31_23/g959/z               (u)     in_1->z F     unmapped_nand2         1  1.4     0     8     328    (-,-) 
  ENGINE/Ca[0].Ga[0].Ua[13].Ma[13].ACC/add_31_23/g958/z               (u)     in_1->z R     unmapped_nand2         3  4.2     0    11     339    (-,-) 
  ENGINE/Ca[0].Ga[0].Ua[13].Ma[13].ACC/add_31_23/g957/z               (u)     in_1->z F     unmapped_nand2         1  1.4     0     8     347    (-,-) 
  ENGINE/Ca[0].Ga[0].Ua[13].Ma[13].ACC/add_31_23/g953/z               (u)     in_0->z R     unmapped_nand2         3  4.2     0    11     358    (-,-) 
  ENGINE/Ca[0].Ga[0].Ua[13].Ma[13].ACC/add_31_23/g952/z               (u)     in_1->z F     unmapped_nand2         1  1.4     0     8     366    (-,-) 
  ENGINE/Ca[0].Ga[0].Ua[13].Ma[13].ACC/add_31_23/g948/z               (u)     in_0->z R     unmapped_nand2         3  4.2     0    11     377    (-,-) 
  ENGINE/Ca[0].Ga[0].Ua[13].Ma[13].ACC/add_31_23/g947/z               (u)     in_1->z F     unmapped_nand2         1  1.4     0     8     385    (-,-) 
  ENGINE/Ca[0].Ga[0].Ua[13].Ma[13].ACC/add_31_23/g943/z               (u)     in_0->z R     unmapped_nand2         3  4.2     0    11     396    (-,-) 
  ENGINE/Ca[0].Ga[0].Ua[13].Ma[13].ACC/add_31_23/g942/z               (u)     in_1->z F     unmapped_nand2         1  1.4     0     8     404    (-,-) 
  ENGINE/Ca[0].Ga[0].Ua[13].Ma[13].ACC/add_31_23/g938/z               (u)     in_1->z R     unmapped_nand2         3  4.2     0    11     415    (-,-) 
  ENGINE/Ca[0].Ga[0].Ua[13].Ma[13].ACC/add_31_23/g937/z               (u)     in_1->z F     unmapped_nand2         1  1.4     0     8     424    (-,-) 
  ENGINE/Ca[0].Ga[0].Ua[13].Ma[13].ACC/add_31_23/g933/z               (u)     in_0->z R     unmapped_nand2         3  4.2     0    11     434    (-,-) 
  ENGINE/Ca[0].Ga[0].Ua[13].Ma[13].ACC/add_31_23/g929/z               (u)     in_1->z F     unmapped_nand2         1  1.4     0     8     443    (-,-) 
  ENGINE/Ca[0].Ga[0].Ua[13].Ma[13].ACC/add_31_23/g928/z               (u)     in_1->z R     unmapped_nand2         3  4.2     0    11     453    (-,-) 
  ENGINE/Ca[0].Ga[0].Ua[13].Ma[13].ACC/add_31_23/g924/z               (u)     in_1->z F     unmapped_nand2         1  1.4     0     8     462    (-,-) 
  ENGINE/Ca[0].Ga[0].Ua[13].Ma[13].ACC/add_31_23/g923/z               (u)     in_1->z R     unmapped_nand2         3  4.2     0    11     472    (-,-) 
  ENGINE/Ca[0].Ga[0].Ua[13].Ma[13].ACC/add_31_23/g919/z               (u)     in_1->z F     unmapped_nand2         1  1.4     0     8     481    (-,-) 
  ENGINE/Ca[0].Ga[0].Ua[13].Ma[13].ACC/add_31_23/g918/z               (u)     in_1->z R     unmapped_nand2         3  4.2     0    11     492    (-,-) 
  ENGINE/Ca[0].Ga[0].Ua[13].Ma[13].ACC/add_31_23/g914/z               (u)     in_1->z F     unmapped_nand2         1  1.4     0     8     500    (-,-) 
  ENGINE/Ca[0].Ga[0].Ua[13].Ma[13].ACC/add_31_23/g913/z               (u)     in_1->z R     unmapped_nand2         3  4.2     0    11     511    (-,-) 
  ENGINE/Ca[0].Ga[0].Ua[13].Ma[13].ACC/add_31_23/g912/z               (u)     in_1->z F     unmapped_nand2         1  1.4     0     8     519    (-,-) 
  ENGINE/Ca[0].Ga[0].Ua[13].Ma[13].ACC/add_31_23/g908/z               (u)     in_1->z R     unmapped_nand2         2  2.8     0    10     529    (-,-) 
  ENGINE/Ca[0].Ga[0].Ua[13].Ma[13].ACC/add_31_23/g905/z               (u)     in_0->z F     unmapped_nand2         1  1.4     0     8     537    (-,-) 
  ENGINE/Ca[0].Ga[0].Ua[13].Ma[13].ACC/add_31_23/g907/z               (u)     in_0->z R     unmapped_nand2         1  1.4     0     8     546    (-,-) 
  ENGINE/Ca[0].Ga[0].Ua[13].Ma[13].ACC/REG/g215/z                     (u)     in_1->z F     unmapped_nand2         1  1.4     0     8     554    (-,-) 
  ENGINE/Ca[0].Ga[0].Ua[13].Ma[13].ACC/REG/g145/z                     (u)     in_1->z R     unmapped_nand2         1  1.4     0     8     562    (-,-) 
  ENGINE/Ca[0].Ga[0].Ua[13].Ma[13].ACC/REG/data_out_reg[23]/d         -       -       R     unmapped_d_flop        1    -     -     0     562    (-,-) 
#------------------------------------------------------------------------------------------------------------------------------------------------------

(u) : Net has unmapped pin(s).



Path 3: MET (4429 ps) Setup Check with Pin ENGINE/Ca[0].Ga[0].Ua[13].Ma[13].ACC/REG/data_out_reg[23]/clk->d
          Group: aclk
     Startpoint: (R) ENGINE/MUL_CONTROL/delay_reg_gen[0].m_data_reg/data_out_reg[13]/clk
          Clock: (R) aclk
       Endpoint: (F) ENGINE/Ca[0].Ga[0].Ua[13].Ma[13].ACC/REG/data_out_reg[23]/d
          Clock: (R) aclk

                     Capture       Launch     
        Clock Edge:+    5000            0     
       Src Latency:+       0            0     
       Net Latency:+       0 (I)        0 (I) 
           Arrival:=    5000            0     
                                              
             Setup:-       9                  
     Required Time:=    4991                  
      Launch Clock:-       0                  
         Data Path:-     562                  
             Slack:=    4429                  

#------------------------------------------------------------------------------------------------------------------------------------------------------
#                            Timing Point                             Flags    Arc    Edge       Cell         Fanout Load Trans Delay Arrival Instance 
#                                                                                                                    (fF)  (ps)  (ps)   (ps)  Location 
#------------------------------------------------------------------------------------------------------------------------------------------------------
  ENGINE/MUL_CONTROL/delay_reg_gen[0].m_data_reg/data_out_reg[13]/clk -       -       R     (arrival)          17505    -     0     -       0    (-,-) 
  ENGINE/MUL_CONTROL/delay_reg_gen[0].m_data_reg/data_out_reg[13]/q   (u)     clk->q  F     unmapped_d_flop       15 21.0     0    64      64    (-,-) 
  ENGINE/g10459/z                                                     (u)     in_0->z F     unmapped_or2         336  9.8     0    24      88    (-,-) 
  ENGINE/Ca[0].Ga[0].Ua[13].Ma[13].ACC/g97/z                          (u)     in_1->z R     unmapped_complex2      3  4.2     0    11      99    (-,-) 
  ENGINE/Ca[0].Ga[0].Ua[13].Ma[13].ACC/add_31_23/g5/z                 (u)     in_1->z F     unmapped_nand2         3  4.2     0    11     110    (-,-) 
  ENGINE/Ca[0].Ga[0].Ua[13].Ma[13].ACC/add_31_23/g1018/z              (u)     in_0->z F     unmapped_complex2      1  1.4     0     8     118    (-,-) 
  ENGINE/Ca[0].Ga[0].Ua[13].Ma[13].ACC/add_31_23/g1013/z              (u)     in_0->z R     unmapped_nand2         3  4.2     0    11     129    (-,-) 
  ENGINE/Ca[0].Ga[0].Ua[13].Ma[13].ACC/add_31_23/g1009/z              (u)     in_1->z F     unmapped_nand2         1  1.4     0     8     137    (-,-) 
  ENGINE/Ca[0].Ga[0].Ua[13].Ma[13].ACC/add_31_23/g1008/z              (u)     in_0->z R     unmapped_nand2         3  4.2     0    11     148    (-,-) 
  ENGINE/Ca[0].Ga[0].Ua[13].Ma[13].ACC/add_31_23/g1007/z              (u)     in_1->z F     unmapped_nand2         1  1.4     0     8     156    (-,-) 
  ENGINE/Ca[0].Ga[0].Ua[13].Ma[13].ACC/add_31_23/g1003/z              (u)     in_0->z R     unmapped_nand2         3  4.2     0    11     167    (-,-) 
  ENGINE/Ca[0].Ga[0].Ua[13].Ma[13].ACC/add_31_23/g999/z               (u)     in_1->z F     unmapped_nand2         1  1.4     0     8     175    (-,-) 
  ENGINE/Ca[0].Ga[0].Ua[13].Ma[13].ACC/add_31_23/g998/z               (u)     in_0->z R     unmapped_nand2         3  4.2     0    11     186    (-,-) 
  ENGINE/Ca[0].Ga[0].Ua[13].Ma[13].ACC/add_31_23/g997/z               (u)     in_1->z F     unmapped_nand2         1  1.4     0     8     194    (-,-) 
  ENGINE/Ca[0].Ga[0].Ua[13].Ma[13].ACC/add_31_23/g993/z               (u)     in_0->z R     unmapped_nand2         3  4.2     0    11     205    (-,-) 
  ENGINE/Ca[0].Ga[0].Ua[13].Ma[13].ACC/add_31_23/g992/z               (u)     in_1->z F     unmapped_nand2         1  1.4     0     8     214    (-,-) 
  ENGINE/Ca[0].Ga[0].Ua[13].Ma[13].ACC/add_31_23/g988/z               (u)     in_0->z R     unmapped_nand2         3  4.2     0    11     224    (-,-) 
  ENGINE/Ca[0].Ga[0].Ua[13].Ma[13].ACC/add_31_23/g984/z               (u)     in_1->z F     unmapped_nand2         1  1.4     0     8     233    (-,-) 
  ENGINE/Ca[0].Ga[0].Ua[13].Ma[13].ACC/add_31_23/g983/z               (u)     in_0->z R     unmapped_nand2         3  4.2     0    11     243    (-,-) 
  ENGINE/Ca[0].Ga[0].Ua[13].Ma[13].ACC/add_31_23/g982/z               (u)     in_1->z F     unmapped_nand2         1  1.4     0     8     252    (-,-) 
  ENGINE/Ca[0].Ga[0].Ua[13].Ma[13].ACC/add_31_23/g978/z               (u)     in_1->z R     unmapped_nand2         3  4.2     0    11     262    (-,-) 
  ENGINE/Ca[0].Ga[0].Ua[13].Ma[13].ACC/add_31_23/g974/z               (u)     in_1->z F     unmapped_nand2         1  1.4     0     8     271    (-,-) 
  ENGINE/Ca[0].Ga[0].Ua[13].Ma[13].ACC/add_31_23/g973/z               (u)     in_0->z R     unmapped_nand2         3  4.2     0    11     282    (-,-) 
  ENGINE/Ca[0].Ga[0].Ua[13].Ma[13].ACC/add_31_23/g969/z               (u)     in_1->z F     unmapped_nand2         1  1.4     0     8     290    (-,-) 
  ENGINE/Ca[0].Ga[0].Ua[13].Ma[13].ACC/add_31_23/g968/z               (u)     in_0->z R     unmapped_nand2         3  4.2     0    11     301    (-,-) 
  ENGINE/Ca[0].Ga[0].Ua[13].Ma[13].ACC/add_31_23/g964/z               (u)     in_1->z F     unmapped_nand2         1  1.4     0     8     309    (-,-) 
  ENGINE/Ca[0].Ga[0].Ua[13].Ma[13].ACC/add_31_23/g963/z               (u)     in_0->z R     unmapped_nand2         3  4.2     0    11     320    (-,-) 
  ENGINE/Ca[0].Ga[0].Ua[13].Ma[13].ACC/add_31_23/g959/z               (u)     in_1->z F     unmapped_nand2         1  1.4     0     8     328    (-,-) 
  ENGINE/Ca[0].Ga[0].Ua[13].Ma[13].ACC/add_31_23/g958/z               (u)     in_1->z R     unmapped_nand2         3  4.2     0    11     339    (-,-) 
  ENGINE/Ca[0].Ga[0].Ua[13].Ma[13].ACC/add_31_23/g957/z               (u)     in_1->z F     unmapped_nand2         1  1.4     0     8     347    (-,-) 
  ENGINE/Ca[0].Ga[0].Ua[13].Ma[13].ACC/add_31_23/g953/z               (u)     in_0->z R     unmapped_nand2         3  4.2     0    11     358    (-,-) 
  ENGINE/Ca[0].Ga[0].Ua[13].Ma[13].ACC/add_31_23/g952/z               (u)     in_1->z F     unmapped_nand2         1  1.4     0     8     366    (-,-) 
  ENGINE/Ca[0].Ga[0].Ua[13].Ma[13].ACC/add_31_23/g948/z               (u)     in_0->z R     unmapped_nand2         3  4.2     0    11     377    (-,-) 
  ENGINE/Ca[0].Ga[0].Ua[13].Ma[13].ACC/add_31_23/g947/z               (u)     in_1->z F     unmapped_nand2         1  1.4     0     8     385    (-,-) 
  ENGINE/Ca[0].Ga[0].Ua[13].Ma[13].ACC/add_31_23/g943/z               (u)     in_0->z R     unmapped_nand2         3  4.2     0    11     396    (-,-) 
  ENGINE/Ca[0].Ga[0].Ua[13].Ma[13].ACC/add_31_23/g942/z               (u)     in_1->z F     unmapped_nand2         1  1.4     0     8     404    (-,-) 
  ENGINE/Ca[0].Ga[0].Ua[13].Ma[13].ACC/add_31_23/g938/z               (u)     in_1->z R     unmapped_nand2         3  4.2     0    11     415    (-,-) 
  ENGINE/Ca[0].Ga[0].Ua[13].Ma[13].ACC/add_31_23/g937/z               (u)     in_1->z F     unmapped_nand2         1  1.4     0     8     424    (-,-) 
  ENGINE/Ca[0].Ga[0].Ua[13].Ma[13].ACC/add_31_23/g933/z               (u)     in_0->z R     unmapped_nand2         3  4.2     0    11     434    (-,-) 
  ENGINE/Ca[0].Ga[0].Ua[13].Ma[13].ACC/add_31_23/g929/z               (u)     in_1->z F     unmapped_nand2         1  1.4     0     8     443    (-,-) 
  ENGINE/Ca[0].Ga[0].Ua[13].Ma[13].ACC/add_31_23/g928/z               (u)     in_1->z R     unmapped_nand2         3  4.2     0    11     453    (-,-) 
  ENGINE/Ca[0].Ga[0].Ua[13].Ma[13].ACC/add_31_23/g924/z               (u)     in_1->z F     unmapped_nand2         1  1.4     0     8     462    (-,-) 
  ENGINE/Ca[0].Ga[0].Ua[13].Ma[13].ACC/add_31_23/g923/z               (u)     in_1->z R     unmapped_nand2         3  4.2     0    11     472    (-,-) 
  ENGINE/Ca[0].Ga[0].Ua[13].Ma[13].ACC/add_31_23/g919/z               (u)     in_1->z F     unmapped_nand2         1  1.4     0     8     481    (-,-) 
  ENGINE/Ca[0].Ga[0].Ua[13].Ma[13].ACC/add_31_23/g918/z               (u)     in_1->z R     unmapped_nand2         3  4.2     0    11     492    (-,-) 
  ENGINE/Ca[0].Ga[0].Ua[13].Ma[13].ACC/add_31_23/g914/z               (u)     in_1->z F     unmapped_nand2         1  1.4     0     8     500    (-,-) 
  ENGINE/Ca[0].Ga[0].Ua[13].Ma[13].ACC/add_31_23/g913/z               (u)     in_1->z R     unmapped_nand2         3  4.2     0    11     511    (-,-) 
  ENGINE/Ca[0].Ga[0].Ua[13].Ma[13].ACC/add_31_23/g912/z               (u)     in_1->z F     unmapped_nand2         1  1.4     0     8     519    (-,-) 
  ENGINE/Ca[0].Ga[0].Ua[13].Ma[13].ACC/add_31_23/g908/z               (u)     in_1->z R     unmapped_nand2         2  2.8     0    10     529    (-,-) 
  ENGINE/Ca[0].Ga[0].Ua[13].Ma[13].ACC/add_31_23/g906/z               (u)     in_0->z R     unmapped_or2           1  1.4     0     8     537    (-,-) 
  ENGINE/Ca[0].Ga[0].Ua[13].Ma[13].ACC/add_31_23/g907/z               (u)     in_1->z F     unmapped_nand2         1  1.4     0     8     546    (-,-) 
  ENGINE/Ca[0].Ga[0].Ua[13].Ma[13].ACC/REG/g215/z                     (u)     in_1->z R     unmapped_nand2         1  1.4     0     8     554    (-,-) 
  ENGINE/Ca[0].Ga[0].Ua[13].Ma[13].ACC/REG/g145/z                     (u)     in_1->z F     unmapped_nand2         1  1.4     0     8     562    (-,-) 
  ENGINE/Ca[0].Ga[0].Ua[13].Ma[13].ACC/REG/data_out_reg[23]/d         -       -       F     unmapped_d_flop        1    -     -     0     562    (-,-) 
#------------------------------------------------------------------------------------------------------------------------------------------------------

(u) : Net has unmapped pin(s).



Path 4: MET (4429 ps) Setup Check with Pin ENGINE/Ca[0].Ga[0].Ua[13].Ma[13].ACC/REG/data_out_reg[23]/clk->d
          Group: aclk
     Startpoint: (R) ENGINE/MUL_CONTROL/delay_reg_gen[0].m_data_reg/data_out_reg[13]/clk
          Clock: (R) aclk
       Endpoint: (F) ENGINE/Ca[0].Ga[0].Ua[13].Ma[13].ACC/REG/data_out_reg[23]/d
          Clock: (R) aclk

                     Capture       Launch     
        Clock Edge:+    5000            0     
       Src Latency:+       0            0     
       Net Latency:+       0 (I)        0 (I) 
           Arrival:=    5000            0     
                                              
             Setup:-       9                  
     Required Time:=    4991                  
      Launch Clock:-       0                  
         Data Path:-     562                  
             Slack:=    4429                  

#------------------------------------------------------------------------------------------------------------------------------------------------------
#                            Timing Point                             Flags    Arc    Edge       Cell         Fanout Load Trans Delay Arrival Instance 
#                                                                                                                    (fF)  (ps)  (ps)   (ps)  Location 
#------------------------------------------------------------------------------------------------------------------------------------------------------
  ENGINE/MUL_CONTROL/delay_reg_gen[0].m_data_reg/data_out_reg[13]/clk -       -       R     (arrival)          17505    -     0     -       0    (-,-) 
  ENGINE/MUL_CONTROL/delay_reg_gen[0].m_data_reg/data_out_reg[13]/q   (u)     clk->q  R     unmapped_d_flop       15 21.0     0    64      64    (-,-) 
  ENGINE/g10459/z                                                     (u)     in_0->z R     unmapped_or2         336  9.8     0    24      88    (-,-) 
  ENGINE/Ca[0].Ga[0].Ua[13].Ma[13].ACC/g97/z                          (u)     in_1->z F     unmapped_complex2      3  4.2     0    11      99    (-,-) 
  ENGINE/Ca[0].Ga[0].Ua[13].Ma[13].ACC/add_31_23/g5/z                 (u)     in_1->z R     unmapped_nand2         3  4.2     0    11     110    (-,-) 
  ENGINE/Ca[0].Ga[0].Ua[13].Ma[13].ACC/add_31_23/g1018/z              (u)     in_0->z R     unmapped_complex2      1  1.4     0     8     118    (-,-) 
  ENGINE/Ca[0].Ga[0].Ua[13].Ma[13].ACC/add_31_23/g1013/z              (u)     in_0->z F     unmapped_nand2         3  4.2     0    11     129    (-,-) 
  ENGINE/Ca[0].Ga[0].Ua[13].Ma[13].ACC/add_31_23/g1009/z              (u)     in_1->z R     unmapped_nand2         1  1.4     0     8     137    (-,-) 
  ENGINE/Ca[0].Ga[0].Ua[13].Ma[13].ACC/add_31_23/g1008/z              (u)     in_0->z F     unmapped_nand2         3  4.2     0    11     148    (-,-) 
  ENGINE/Ca[0].Ga[0].Ua[13].Ma[13].ACC/add_31_23/g1007/z              (u)     in_1->z R     unmapped_nand2         1  1.4     0     8     156    (-,-) 
  ENGINE/Ca[0].Ga[0].Ua[13].Ma[13].ACC/add_31_23/g1003/z              (u)     in_0->z F     unmapped_nand2         3  4.2     0    11     167    (-,-) 
  ENGINE/Ca[0].Ga[0].Ua[13].Ma[13].ACC/add_31_23/g999/z               (u)     in_1->z R     unmapped_nand2         1  1.4     0     8     175    (-,-) 
  ENGINE/Ca[0].Ga[0].Ua[13].Ma[13].ACC/add_31_23/g998/z               (u)     in_0->z F     unmapped_nand2         3  4.2     0    11     186    (-,-) 
  ENGINE/Ca[0].Ga[0].Ua[13].Ma[13].ACC/add_31_23/g997/z               (u)     in_1->z R     unmapped_nand2         1  1.4     0     8     194    (-,-) 
  ENGINE/Ca[0].Ga[0].Ua[13].Ma[13].ACC/add_31_23/g993/z               (u)     in_0->z F     unmapped_nand2         3  4.2     0    11     205    (-,-) 
  ENGINE/Ca[0].Ga[0].Ua[13].Ma[13].ACC/add_31_23/g992/z               (u)     in_1->z R     unmapped_nand2         1  1.4     0     8     214    (-,-) 
  ENGINE/Ca[0].Ga[0].Ua[13].Ma[13].ACC/add_31_23/g988/z               (u)     in_0->z F     unmapped_nand2         3  4.2     0    11     224    (-,-) 
  ENGINE/Ca[0].Ga[0].Ua[13].Ma[13].ACC/add_31_23/g984/z               (u)     in_1->z R     unmapped_nand2         1  1.4     0     8     233    (-,-) 
  ENGINE/Ca[0].Ga[0].Ua[13].Ma[13].ACC/add_31_23/g983/z               (u)     in_0->z F     unmapped_nand2         3  4.2     0    11     243    (-,-) 
  ENGINE/Ca[0].Ga[0].Ua[13].Ma[13].ACC/add_31_23/g982/z               (u)     in_1->z R     unmapped_nand2         1  1.4     0     8     252    (-,-) 
  ENGINE/Ca[0].Ga[0].Ua[13].Ma[13].ACC/add_31_23/g978/z               (u)     in_1->z F     unmapped_nand2         3  4.2     0    11     262    (-,-) 
  ENGINE/Ca[0].Ga[0].Ua[13].Ma[13].ACC/add_31_23/g974/z               (u)     in_1->z R     unmapped_nand2         1  1.4     0     8     271    (-,-) 
  ENGINE/Ca[0].Ga[0].Ua[13].Ma[13].ACC/add_31_23/g973/z               (u)     in_0->z F     unmapped_nand2         3  4.2     0    11     282    (-,-) 
  ENGINE/Ca[0].Ga[0].Ua[13].Ma[13].ACC/add_31_23/g969/z               (u)     in_1->z R     unmapped_nand2         1  1.4     0     8     290    (-,-) 
  ENGINE/Ca[0].Ga[0].Ua[13].Ma[13].ACC/add_31_23/g968/z               (u)     in_0->z F     unmapped_nand2         3  4.2     0    11     301    (-,-) 
  ENGINE/Ca[0].Ga[0].Ua[13].Ma[13].ACC/add_31_23/g964/z               (u)     in_1->z R     unmapped_nand2         1  1.4     0     8     309    (-,-) 
  ENGINE/Ca[0].Ga[0].Ua[13].Ma[13].ACC/add_31_23/g963/z               (u)     in_0->z F     unmapped_nand2         3  4.2     0    11     320    (-,-) 
  ENGINE/Ca[0].Ga[0].Ua[13].Ma[13].ACC/add_31_23/g959/z               (u)     in_1->z R     unmapped_nand2         1  1.4     0     8     328    (-,-) 
  ENGINE/Ca[0].Ga[0].Ua[13].Ma[13].ACC/add_31_23/g958/z               (u)     in_1->z F     unmapped_nand2         3  4.2     0    11     339    (-,-) 
  ENGINE/Ca[0].Ga[0].Ua[13].Ma[13].ACC/add_31_23/g957/z               (u)     in_1->z R     unmapped_nand2         1  1.4     0     8     347    (-,-) 
  ENGINE/Ca[0].Ga[0].Ua[13].Ma[13].ACC/add_31_23/g953/z               (u)     in_0->z F     unmapped_nand2         3  4.2     0    11     358    (-,-) 
  ENGINE/Ca[0].Ga[0].Ua[13].Ma[13].ACC/add_31_23/g952/z               (u)     in_1->z R     unmapped_nand2         1  1.4     0     8     366    (-,-) 
  ENGINE/Ca[0].Ga[0].Ua[13].Ma[13].ACC/add_31_23/g948/z               (u)     in_0->z F     unmapped_nand2         3  4.2     0    11     377    (-,-) 
  ENGINE/Ca[0].Ga[0].Ua[13].Ma[13].ACC/add_31_23/g947/z               (u)     in_1->z R     unmapped_nand2         1  1.4     0     8     385    (-,-) 
  ENGINE/Ca[0].Ga[0].Ua[13].Ma[13].ACC/add_31_23/g943/z               (u)     in_0->z F     unmapped_nand2         3  4.2     0    11     396    (-,-) 
  ENGINE/Ca[0].Ga[0].Ua[13].Ma[13].ACC/add_31_23/g942/z               (u)     in_1->z R     unmapped_nand2         1  1.4     0     8     404    (-,-) 
  ENGINE/Ca[0].Ga[0].Ua[13].Ma[13].ACC/add_31_23/g938/z               (u)     in_1->z F     unmapped_nand2         3  4.2     0    11     415    (-,-) 
  ENGINE/Ca[0].Ga[0].Ua[13].Ma[13].ACC/add_31_23/g937/z               (u)     in_1->z R     unmapped_nand2         1  1.4     0     8     424    (-,-) 
  ENGINE/Ca[0].Ga[0].Ua[13].Ma[13].ACC/add_31_23/g933/z               (u)     in_0->z F     unmapped_nand2         3  4.2     0    11     434    (-,-) 
  ENGINE/Ca[0].Ga[0].Ua[13].Ma[13].ACC/add_31_23/g929/z               (u)     in_1->z R     unmapped_nand2         1  1.4     0     8     443    (-,-) 
  ENGINE/Ca[0].Ga[0].Ua[13].Ma[13].ACC/add_31_23/g928/z               (u)     in_1->z F     unmapped_nand2         3  4.2     0    11     453    (-,-) 
  ENGINE/Ca[0].Ga[0].Ua[13].Ma[13].ACC/add_31_23/g924/z               (u)     in_1->z R     unmapped_nand2         1  1.4     0     8     462    (-,-) 
  ENGINE/Ca[0].Ga[0].Ua[13].Ma[13].ACC/add_31_23/g923/z               (u)     in_1->z F     unmapped_nand2         3  4.2     0    11     472    (-,-) 
  ENGINE/Ca[0].Ga[0].Ua[13].Ma[13].ACC/add_31_23/g919/z               (u)     in_1->z R     unmapped_nand2         1  1.4     0     8     481    (-,-) 
  ENGINE/Ca[0].Ga[0].Ua[13].Ma[13].ACC/add_31_23/g918/z               (u)     in_1->z F     unmapped_nand2         3  4.2     0    11     492    (-,-) 
  ENGINE/Ca[0].Ga[0].Ua[13].Ma[13].ACC/add_31_23/g914/z               (u)     in_1->z R     unmapped_nand2         1  1.4     0     8     500    (-,-) 
  ENGINE/Ca[0].Ga[0].Ua[13].Ma[13].ACC/add_31_23/g913/z               (u)     in_1->z F     unmapped_nand2         3  4.2     0    11     511    (-,-) 
  ENGINE/Ca[0].Ga[0].Ua[13].Ma[13].ACC/add_31_23/g912/z               (u)     in_1->z R     unmapped_nand2         1  1.4     0     8     519    (-,-) 
  ENGINE/Ca[0].Ga[0].Ua[13].Ma[13].ACC/add_31_23/g908/z               (u)     in_1->z F     unmapped_nand2         2  2.8     0    10     529    (-,-) 
  ENGINE/Ca[0].Ga[0].Ua[13].Ma[13].ACC/add_31_23/g905/z               (u)     in_0->z R     unmapped_nand2         1  1.4     0     8     537    (-,-) 
  ENGINE/Ca[0].Ga[0].Ua[13].Ma[13].ACC/add_31_23/g907/z               (u)     in_0->z F     unmapped_nand2         1  1.4     0     8     546    (-,-) 
  ENGINE/Ca[0].Ga[0].Ua[13].Ma[13].ACC/REG/g215/z                     (u)     in_1->z R     unmapped_nand2         1  1.4     0     8     554    (-,-) 
  ENGINE/Ca[0].Ga[0].Ua[13].Ma[13].ACC/REG/g145/z                     (u)     in_1->z F     unmapped_nand2         1  1.4     0     8     562    (-,-) 
  ENGINE/Ca[0].Ga[0].Ua[13].Ma[13].ACC/REG/data_out_reg[23]/d         -       -       F     unmapped_d_flop        1    -     -     0     562    (-,-) 
#------------------------------------------------------------------------------------------------------------------------------------------------------

(u) : Net has unmapped pin(s).



Path 5: MET (4429 ps) Setup Check with Pin ENGINE/Ca[0].Ga[0].Ua[13].Ma[12].ACC/REG/data_out_reg[23]/clk->d
          Group: aclk
     Startpoint: (R) ENGINE/MUL_CONTROL/delay_reg_gen[0].m_data_reg/data_out_reg[13]/clk
          Clock: (R) aclk
       Endpoint: (R) ENGINE/Ca[0].Ga[0].Ua[13].Ma[12].ACC/REG/data_out_reg[23]/d
          Clock: (R) aclk

                     Capture       Launch     
        Clock Edge:+    5000            0     
       Src Latency:+       0            0     
       Net Latency:+       0 (I)        0 (I) 
           Arrival:=    5000            0     
                                              
             Setup:-       9                  
     Required Time:=    4991                  
      Launch Clock:-       0                  
         Data Path:-     562                  
             Slack:=    4429                  

#------------------------------------------------------------------------------------------------------------------------------------------------------
#                            Timing Point                             Flags    Arc    Edge       Cell         Fanout Load Trans Delay Arrival Instance 
#                                                                                                                    (fF)  (ps)  (ps)   (ps)  Location 
#------------------------------------------------------------------------------------------------------------------------------------------------------
  ENGINE/MUL_CONTROL/delay_reg_gen[0].m_data_reg/data_out_reg[13]/clk -       -       R     (arrival)          17505    -     0     -       0    (-,-) 
  ENGINE/MUL_CONTROL/delay_reg_gen[0].m_data_reg/data_out_reg[13]/q   (u)     clk->q  R     unmapped_d_flop       15 21.0     0    64      64    (-,-) 
  ENGINE/g2931/z                                                      (u)     in_0->z R     unmapped_or2         336  9.8     0    24      88    (-,-) 
  ENGINE/Ca[0].Ga[0].Ua[13].Ma[12].ACC/g97/z                          (u)     in_1->z F     unmapped_complex2      3  4.2     0    11      99    (-,-) 
  ENGINE/Ca[0].Ga[0].Ua[13].Ma[12].ACC/add_31_23/g5/z                 (u)     in_1->z R     unmapped_nand2         3  4.2     0    11     110    (-,-) 
  ENGINE/Ca[0].Ga[0].Ua[13].Ma[12].ACC/add_31_23/g1018/z              (u)     in_0->z R     unmapped_complex2      1  1.4     0     8     118    (-,-) 
  ENGINE/Ca[0].Ga[0].Ua[13].Ma[12].ACC/add_31_23/g1013/z              (u)     in_0->z F     unmapped_nand2         3  4.2     0    11     129    (-,-) 
  ENGINE/Ca[0].Ga[0].Ua[13].Ma[12].ACC/add_31_23/g1009/z              (u)     in_1->z R     unmapped_nand2         1  1.4     0     8     137    (-,-) 
  ENGINE/Ca[0].Ga[0].Ua[13].Ma[12].ACC/add_31_23/g1008/z              (u)     in_0->z F     unmapped_nand2         3  4.2     0    11     148    (-,-) 
  ENGINE/Ca[0].Ga[0].Ua[13].Ma[12].ACC/add_31_23/g1007/z              (u)     in_1->z R     unmapped_nand2         1  1.4     0     8     156    (-,-) 
  ENGINE/Ca[0].Ga[0].Ua[13].Ma[12].ACC/add_31_23/g1003/z              (u)     in_0->z F     unmapped_nand2         3  4.2     0    11     167    (-,-) 
  ENGINE/Ca[0].Ga[0].Ua[13].Ma[12].ACC/add_31_23/g999/z               (u)     in_1->z R     unmapped_nand2         1  1.4     0     8     175    (-,-) 
  ENGINE/Ca[0].Ga[0].Ua[13].Ma[12].ACC/add_31_23/g998/z               (u)     in_0->z F     unmapped_nand2         3  4.2     0    11     186    (-,-) 
  ENGINE/Ca[0].Ga[0].Ua[13].Ma[12].ACC/add_31_23/g997/z               (u)     in_1->z R     unmapped_nand2         1  1.4     0     8     194    (-,-) 
  ENGINE/Ca[0].Ga[0].Ua[13].Ma[12].ACC/add_31_23/g993/z               (u)     in_0->z F     unmapped_nand2         3  4.2     0    11     205    (-,-) 
  ENGINE/Ca[0].Ga[0].Ua[13].Ma[12].ACC/add_31_23/g992/z               (u)     in_1->z R     unmapped_nand2         1  1.4     0     8     214    (-,-) 
  ENGINE/Ca[0].Ga[0].Ua[13].Ma[12].ACC/add_31_23/g988/z               (u)     in_0->z F     unmapped_nand2         3  4.2     0    11     224    (-,-) 
  ENGINE/Ca[0].Ga[0].Ua[13].Ma[12].ACC/add_31_23/g984/z               (u)     in_1->z R     unmapped_nand2         1  1.4     0     8     233    (-,-) 
  ENGINE/Ca[0].Ga[0].Ua[13].Ma[12].ACC/add_31_23/g983/z               (u)     in_0->z F     unmapped_nand2         3  4.2     0    11     243    (-,-) 
  ENGINE/Ca[0].Ga[0].Ua[13].Ma[12].ACC/add_31_23/g982/z               (u)     in_1->z R     unmapped_nand2         1  1.4     0     8     252    (-,-) 
  ENGINE/Ca[0].Ga[0].Ua[13].Ma[12].ACC/add_31_23/g978/z               (u)     in_1->z F     unmapped_nand2         3  4.2     0    11     262    (-,-) 
  ENGINE/Ca[0].Ga[0].Ua[13].Ma[12].ACC/add_31_23/g974/z               (u)     in_1->z R     unmapped_nand2         1  1.4     0     8     271    (-,-) 
  ENGINE/Ca[0].Ga[0].Ua[13].Ma[12].ACC/add_31_23/g973/z               (u)     in_0->z F     unmapped_nand2         3  4.2     0    11     282    (-,-) 
  ENGINE/Ca[0].Ga[0].Ua[13].Ma[12].ACC/add_31_23/g969/z               (u)     in_1->z R     unmapped_nand2         1  1.4     0     8     290    (-,-) 
  ENGINE/Ca[0].Ga[0].Ua[13].Ma[12].ACC/add_31_23/g968/z               (u)     in_0->z F     unmapped_nand2         3  4.2     0    11     301    (-,-) 
  ENGINE/Ca[0].Ga[0].Ua[13].Ma[12].ACC/add_31_23/g964/z               (u)     in_1->z R     unmapped_nand2         1  1.4     0     8     309    (-,-) 
  ENGINE/Ca[0].Ga[0].Ua[13].Ma[12].ACC/add_31_23/g963/z               (u)     in_0->z F     unmapped_nand2         3  4.2     0    11     320    (-,-) 
  ENGINE/Ca[0].Ga[0].Ua[13].Ma[12].ACC/add_31_23/g959/z               (u)     in_1->z R     unmapped_nand2         1  1.4     0     8     328    (-,-) 
  ENGINE/Ca[0].Ga[0].Ua[13].Ma[12].ACC/add_31_23/g958/z               (u)     in_1->z F     unmapped_nand2         3  4.2     0    11     339    (-,-) 
  ENGINE/Ca[0].Ga[0].Ua[13].Ma[12].ACC/add_31_23/g957/z               (u)     in_1->z R     unmapped_nand2         1  1.4     0     8     347    (-,-) 
  ENGINE/Ca[0].Ga[0].Ua[13].Ma[12].ACC/add_31_23/g953/z               (u)     in_0->z F     unmapped_nand2         3  4.2     0    11     358    (-,-) 
  ENGINE/Ca[0].Ga[0].Ua[13].Ma[12].ACC/add_31_23/g952/z               (u)     in_1->z R     unmapped_nand2         1  1.4     0     8     366    (-,-) 
  ENGINE/Ca[0].Ga[0].Ua[13].Ma[12].ACC/add_31_23/g948/z               (u)     in_0->z F     unmapped_nand2         3  4.2     0    11     377    (-,-) 
  ENGINE/Ca[0].Ga[0].Ua[13].Ma[12].ACC/add_31_23/g947/z               (u)     in_1->z R     unmapped_nand2         1  1.4     0     8     385    (-,-) 
  ENGINE/Ca[0].Ga[0].Ua[13].Ma[12].ACC/add_31_23/g943/z               (u)     in_0->z F     unmapped_nand2         3  4.2     0    11     396    (-,-) 
  ENGINE/Ca[0].Ga[0].Ua[13].Ma[12].ACC/add_31_23/g942/z               (u)     in_1->z R     unmapped_nand2         1  1.4     0     8     404    (-,-) 
  ENGINE/Ca[0].Ga[0].Ua[13].Ma[12].ACC/add_31_23/g938/z               (u)     in_1->z F     unmapped_nand2         3  4.2     0    11     415    (-,-) 
  ENGINE/Ca[0].Ga[0].Ua[13].Ma[12].ACC/add_31_23/g937/z               (u)     in_1->z R     unmapped_nand2         1  1.4     0     8     424    (-,-) 
  ENGINE/Ca[0].Ga[0].Ua[13].Ma[12].ACC/add_31_23/g933/z               (u)     in_0->z F     unmapped_nand2         3  4.2     0    11     434    (-,-) 
  ENGINE/Ca[0].Ga[0].Ua[13].Ma[12].ACC/add_31_23/g929/z               (u)     in_1->z R     unmapped_nand2         1  1.4     0     8     443    (-,-) 
  ENGINE/Ca[0].Ga[0].Ua[13].Ma[12].ACC/add_31_23/g928/z               (u)     in_1->z F     unmapped_nand2         3  4.2     0    11     453    (-,-) 
  ENGINE/Ca[0].Ga[0].Ua[13].Ma[12].ACC/add_31_23/g924/z               (u)     in_1->z R     unmapped_nand2         1  1.4     0     8     462    (-,-) 
  ENGINE/Ca[0].Ga[0].Ua[13].Ma[12].ACC/add_31_23/g923/z               (u)     in_1->z F     unmapped_nand2         3  4.2     0    11     472    (-,-) 
  ENGINE/Ca[0].Ga[0].Ua[13].Ma[12].ACC/add_31_23/g919/z               (u)     in_1->z R     unmapped_nand2         1  1.4     0     8     481    (-,-) 
  ENGINE/Ca[0].Ga[0].Ua[13].Ma[12].ACC/add_31_23/g918/z               (u)     in_1->z F     unmapped_nand2         3  4.2     0    11     492    (-,-) 
  ENGINE/Ca[0].Ga[0].Ua[13].Ma[12].ACC/add_31_23/g914/z               (u)     in_1->z R     unmapped_nand2         1  1.4     0     8     500    (-,-) 
  ENGINE/Ca[0].Ga[0].Ua[13].Ma[12].ACC/add_31_23/g913/z               (u)     in_1->z F     unmapped_nand2         3  4.2     0    11     511    (-,-) 
  ENGINE/Ca[0].Ga[0].Ua[13].Ma[12].ACC/add_31_23/g912/z               (u)     in_1->z R     unmapped_nand2         1  1.4     0     8     519    (-,-) 
  ENGINE/Ca[0].Ga[0].Ua[13].Ma[12].ACC/add_31_23/g908/z               (u)     in_1->z F     unmapped_nand2         2  2.8     0    10     529    (-,-) 
  ENGINE/Ca[0].Ga[0].Ua[13].Ma[12].ACC/add_31_23/g906/z               (u)     in_0->z F     unmapped_or2           1  1.4     0     8     537    (-,-) 
  ENGINE/Ca[0].Ga[0].Ua[13].Ma[12].ACC/add_31_23/g907/z               (u)     in_1->z R     unmapped_nand2         1  1.4     0     8     546    (-,-) 
  ENGINE/Ca[0].Ga[0].Ua[13].Ma[12].ACC/REG/g215/z                     (u)     in_1->z F     unmapped_nand2         1  1.4     0     8     554    (-,-) 
  ENGINE/Ca[0].Ga[0].Ua[13].Ma[12].ACC/REG/g145/z                     (u)     in_1->z R     unmapped_nand2         1  1.4     0     8     562    (-,-) 
  ENGINE/Ca[0].Ga[0].Ua[13].Ma[12].ACC/REG/data_out_reg[23]/d         -       -       R     unmapped_d_flop        1    -     -     0     562    (-,-) 
#------------------------------------------------------------------------------------------------------------------------------------------------------

(u) : Net has unmapped pin(s).



Path 6: MET (4429 ps) Setup Check with Pin ENGINE/Ca[0].Ga[0].Ua[13].Ma[12].ACC/REG/data_out_reg[23]/clk->d
          Group: aclk
     Startpoint: (R) ENGINE/MUL_CONTROL/delay_reg_gen[0].m_data_reg/data_out_reg[13]/clk
          Clock: (R) aclk
       Endpoint: (R) ENGINE/Ca[0].Ga[0].Ua[13].Ma[12].ACC/REG/data_out_reg[23]/d
          Clock: (R) aclk

                     Capture       Launch     
        Clock Edge:+    5000            0     
       Src Latency:+       0            0     
       Net Latency:+       0 (I)        0 (I) 
           Arrival:=    5000            0     
                                              
             Setup:-       9                  
     Required Time:=    4991                  
      Launch Clock:-       0                  
         Data Path:-     562                  
             Slack:=    4429                  

#------------------------------------------------------------------------------------------------------------------------------------------------------
#                            Timing Point                             Flags    Arc    Edge       Cell         Fanout Load Trans Delay Arrival Instance 
#                                                                                                                    (fF)  (ps)  (ps)   (ps)  Location 
#------------------------------------------------------------------------------------------------------------------------------------------------------
  ENGINE/MUL_CONTROL/delay_reg_gen[0].m_data_reg/data_out_reg[13]/clk -       -       R     (arrival)          17505    -     0     -       0    (-,-) 
  ENGINE/MUL_CONTROL/delay_reg_gen[0].m_data_reg/data_out_reg[13]/q   (u)     clk->q  F     unmapped_d_flop       15 21.0     0    64      64    (-,-) 
  ENGINE/g2931/z                                                      (u)     in_0->z F     unmapped_or2         336  9.8     0    24      88    (-,-) 
  ENGINE/Ca[0].Ga[0].Ua[13].Ma[12].ACC/g97/z                          (u)     in_1->z R     unmapped_complex2      3  4.2     0    11      99    (-,-) 
  ENGINE/Ca[0].Ga[0].Ua[13].Ma[12].ACC/add_31_23/g5/z                 (u)     in_1->z F     unmapped_nand2         3  4.2     0    11     110    (-,-) 
  ENGINE/Ca[0].Ga[0].Ua[13].Ma[12].ACC/add_31_23/g1018/z              (u)     in_0->z F     unmapped_complex2      1  1.4     0     8     118    (-,-) 
  ENGINE/Ca[0].Ga[0].Ua[13].Ma[12].ACC/add_31_23/g1013/z              (u)     in_0->z R     unmapped_nand2         3  4.2     0    11     129    (-,-) 
  ENGINE/Ca[0].Ga[0].Ua[13].Ma[12].ACC/add_31_23/g1009/z              (u)     in_1->z F     unmapped_nand2         1  1.4     0     8     137    (-,-) 
  ENGINE/Ca[0].Ga[0].Ua[13].Ma[12].ACC/add_31_23/g1008/z              (u)     in_0->z R     unmapped_nand2         3  4.2     0    11     148    (-,-) 
  ENGINE/Ca[0].Ga[0].Ua[13].Ma[12].ACC/add_31_23/g1007/z              (u)     in_1->z F     unmapped_nand2         1  1.4     0     8     156    (-,-) 
  ENGINE/Ca[0].Ga[0].Ua[13].Ma[12].ACC/add_31_23/g1003/z              (u)     in_0->z R     unmapped_nand2         3  4.2     0    11     167    (-,-) 
  ENGINE/Ca[0].Ga[0].Ua[13].Ma[12].ACC/add_31_23/g999/z               (u)     in_1->z F     unmapped_nand2         1  1.4     0     8     175    (-,-) 
  ENGINE/Ca[0].Ga[0].Ua[13].Ma[12].ACC/add_31_23/g998/z               (u)     in_0->z R     unmapped_nand2         3  4.2     0    11     186    (-,-) 
  ENGINE/Ca[0].Ga[0].Ua[13].Ma[12].ACC/add_31_23/g997/z               (u)     in_1->z F     unmapped_nand2         1  1.4     0     8     194    (-,-) 
  ENGINE/Ca[0].Ga[0].Ua[13].Ma[12].ACC/add_31_23/g993/z               (u)     in_0->z R     unmapped_nand2         3  4.2     0    11     205    (-,-) 
  ENGINE/Ca[0].Ga[0].Ua[13].Ma[12].ACC/add_31_23/g992/z               (u)     in_1->z F     unmapped_nand2         1  1.4     0     8     214    (-,-) 
  ENGINE/Ca[0].Ga[0].Ua[13].Ma[12].ACC/add_31_23/g988/z               (u)     in_0->z R     unmapped_nand2         3  4.2     0    11     224    (-,-) 
  ENGINE/Ca[0].Ga[0].Ua[13].Ma[12].ACC/add_31_23/g984/z               (u)     in_1->z F     unmapped_nand2         1  1.4     0     8     233    (-,-) 
  ENGINE/Ca[0].Ga[0].Ua[13].Ma[12].ACC/add_31_23/g983/z               (u)     in_0->z R     unmapped_nand2         3  4.2     0    11     243    (-,-) 
  ENGINE/Ca[0].Ga[0].Ua[13].Ma[12].ACC/add_31_23/g982/z               (u)     in_1->z F     unmapped_nand2         1  1.4     0     8     252    (-,-) 
  ENGINE/Ca[0].Ga[0].Ua[13].Ma[12].ACC/add_31_23/g978/z               (u)     in_1->z R     unmapped_nand2         3  4.2     0    11     262    (-,-) 
  ENGINE/Ca[0].Ga[0].Ua[13].Ma[12].ACC/add_31_23/g974/z               (u)     in_1->z F     unmapped_nand2         1  1.4     0     8     271    (-,-) 
  ENGINE/Ca[0].Ga[0].Ua[13].Ma[12].ACC/add_31_23/g973/z               (u)     in_0->z R     unmapped_nand2         3  4.2     0    11     282    (-,-) 
  ENGINE/Ca[0].Ga[0].Ua[13].Ma[12].ACC/add_31_23/g969/z               (u)     in_1->z F     unmapped_nand2         1  1.4     0     8     290    (-,-) 
  ENGINE/Ca[0].Ga[0].Ua[13].Ma[12].ACC/add_31_23/g968/z               (u)     in_0->z R     unmapped_nand2         3  4.2     0    11     301    (-,-) 
  ENGINE/Ca[0].Ga[0].Ua[13].Ma[12].ACC/add_31_23/g964/z               (u)     in_1->z F     unmapped_nand2         1  1.4     0     8     309    (-,-) 
  ENGINE/Ca[0].Ga[0].Ua[13].Ma[12].ACC/add_31_23/g963/z               (u)     in_0->z R     unmapped_nand2         3  4.2     0    11     320    (-,-) 
  ENGINE/Ca[0].Ga[0].Ua[13].Ma[12].ACC/add_31_23/g959/z               (u)     in_1->z F     unmapped_nand2         1  1.4     0     8     328    (-,-) 
  ENGINE/Ca[0].Ga[0].Ua[13].Ma[12].ACC/add_31_23/g958/z               (u)     in_1->z R     unmapped_nand2         3  4.2     0    11     339    (-,-) 
  ENGINE/Ca[0].Ga[0].Ua[13].Ma[12].ACC/add_31_23/g957/z               (u)     in_1->z F     unmapped_nand2         1  1.4     0     8     347    (-,-) 
  ENGINE/Ca[0].Ga[0].Ua[13].Ma[12].ACC/add_31_23/g953/z               (u)     in_0->z R     unmapped_nand2         3  4.2     0    11     358    (-,-) 
  ENGINE/Ca[0].Ga[0].Ua[13].Ma[12].ACC/add_31_23/g952/z               (u)     in_1->z F     unmapped_nand2         1  1.4     0     8     366    (-,-) 
  ENGINE/Ca[0].Ga[0].Ua[13].Ma[12].ACC/add_31_23/g948/z               (u)     in_0->z R     unmapped_nand2         3  4.2     0    11     377    (-,-) 
  ENGINE/Ca[0].Ga[0].Ua[13].Ma[12].ACC/add_31_23/g947/z               (u)     in_1->z F     unmapped_nand2         1  1.4     0     8     385    (-,-) 
  ENGINE/Ca[0].Ga[0].Ua[13].Ma[12].ACC/add_31_23/g943/z               (u)     in_0->z R     unmapped_nand2         3  4.2     0    11     396    (-,-) 
  ENGINE/Ca[0].Ga[0].Ua[13].Ma[12].ACC/add_31_23/g942/z               (u)     in_1->z F     unmapped_nand2         1  1.4     0     8     404    (-,-) 
  ENGINE/Ca[0].Ga[0].Ua[13].Ma[12].ACC/add_31_23/g938/z               (u)     in_1->z R     unmapped_nand2         3  4.2     0    11     415    (-,-) 
  ENGINE/Ca[0].Ga[0].Ua[13].Ma[12].ACC/add_31_23/g937/z               (u)     in_1->z F     unmapped_nand2         1  1.4     0     8     424    (-,-) 
  ENGINE/Ca[0].Ga[0].Ua[13].Ma[12].ACC/add_31_23/g933/z               (u)     in_0->z R     unmapped_nand2         3  4.2     0    11     434    (-,-) 
  ENGINE/Ca[0].Ga[0].Ua[13].Ma[12].ACC/add_31_23/g929/z               (u)     in_1->z F     unmapped_nand2         1  1.4     0     8     443    (-,-) 
  ENGINE/Ca[0].Ga[0].Ua[13].Ma[12].ACC/add_31_23/g928/z               (u)     in_1->z R     unmapped_nand2         3  4.2     0    11     453    (-,-) 
  ENGINE/Ca[0].Ga[0].Ua[13].Ma[12].ACC/add_31_23/g924/z               (u)     in_1->z F     unmapped_nand2         1  1.4     0     8     462    (-,-) 
  ENGINE/Ca[0].Ga[0].Ua[13].Ma[12].ACC/add_31_23/g923/z               (u)     in_1->z R     unmapped_nand2         3  4.2     0    11     472    (-,-) 
  ENGINE/Ca[0].Ga[0].Ua[13].Ma[12].ACC/add_31_23/g919/z               (u)     in_1->z F     unmapped_nand2         1  1.4     0     8     481    (-,-) 
  ENGINE/Ca[0].Ga[0].Ua[13].Ma[12].ACC/add_31_23/g918/z               (u)     in_1->z R     unmapped_nand2         3  4.2     0    11     492    (-,-) 
  ENGINE/Ca[0].Ga[0].Ua[13].Ma[12].ACC/add_31_23/g914/z               (u)     in_1->z F     unmapped_nand2         1  1.4     0     8     500    (-,-) 
  ENGINE/Ca[0].Ga[0].Ua[13].Ma[12].ACC/add_31_23/g913/z               (u)     in_1->z R     unmapped_nand2         3  4.2     0    11     511    (-,-) 
  ENGINE/Ca[0].Ga[0].Ua[13].Ma[12].ACC/add_31_23/g912/z               (u)     in_1->z F     unmapped_nand2         1  1.4     0     8     519    (-,-) 
  ENGINE/Ca[0].Ga[0].Ua[13].Ma[12].ACC/add_31_23/g908/z               (u)     in_1->z R     unmapped_nand2         2  2.8     0    10     529    (-,-) 
  ENGINE/Ca[0].Ga[0].Ua[13].Ma[12].ACC/add_31_23/g905/z               (u)     in_0->z F     unmapped_nand2         1  1.4     0     8     537    (-,-) 
  ENGINE/Ca[0].Ga[0].Ua[13].Ma[12].ACC/add_31_23/g907/z               (u)     in_0->z R     unmapped_nand2         1  1.4     0     8     546    (-,-) 
  ENGINE/Ca[0].Ga[0].Ua[13].Ma[12].ACC/REG/g215/z                     (u)     in_1->z F     unmapped_nand2         1  1.4     0     8     554    (-,-) 
  ENGINE/Ca[0].Ga[0].Ua[13].Ma[12].ACC/REG/g145/z                     (u)     in_1->z R     unmapped_nand2         1  1.4     0     8     562    (-,-) 
  ENGINE/Ca[0].Ga[0].Ua[13].Ma[12].ACC/REG/data_out_reg[23]/d         -       -       R     unmapped_d_flop        1    -     -     0     562    (-,-) 
#------------------------------------------------------------------------------------------------------------------------------------------------------

(u) : Net has unmapped pin(s).



Path 7: MET (4429 ps) Setup Check with Pin ENGINE/Ca[0].Ga[0].Ua[13].Ma[12].ACC/REG/data_out_reg[23]/clk->d
          Group: aclk
     Startpoint: (R) ENGINE/MUL_CONTROL/delay_reg_gen[0].m_data_reg/data_out_reg[13]/clk
          Clock: (R) aclk
       Endpoint: (F) ENGINE/Ca[0].Ga[0].Ua[13].Ma[12].ACC/REG/data_out_reg[23]/d
          Clock: (R) aclk

                     Capture       Launch     
        Clock Edge:+    5000            0     
       Src Latency:+       0            0     
       Net Latency:+       0 (I)        0 (I) 
           Arrival:=    5000            0     
                                              
             Setup:-       9                  
     Required Time:=    4991                  
      Launch Clock:-       0                  
         Data Path:-     562                  
             Slack:=    4429                  

#------------------------------------------------------------------------------------------------------------------------------------------------------
#                            Timing Point                             Flags    Arc    Edge       Cell         Fanout Load Trans Delay Arrival Instance 
#                                                                                                                    (fF)  (ps)  (ps)   (ps)  Location 
#------------------------------------------------------------------------------------------------------------------------------------------------------
  ENGINE/MUL_CONTROL/delay_reg_gen[0].m_data_reg/data_out_reg[13]/clk -       -       R     (arrival)          17505    -     0     -       0    (-,-) 
  ENGINE/MUL_CONTROL/delay_reg_gen[0].m_data_reg/data_out_reg[13]/q   (u)     clk->q  F     unmapped_d_flop       15 21.0     0    64      64    (-,-) 
  ENGINE/g2931/z                                                      (u)     in_0->z F     unmapped_or2         336  9.8     0    24      88    (-,-) 
  ENGINE/Ca[0].Ga[0].Ua[13].Ma[12].ACC/g97/z                          (u)     in_1->z R     unmapped_complex2      3  4.2     0    11      99    (-,-) 
  ENGINE/Ca[0].Ga[0].Ua[13].Ma[12].ACC/add_31_23/g5/z                 (u)     in_1->z F     unmapped_nand2         3  4.2     0    11     110    (-,-) 
  ENGINE/Ca[0].Ga[0].Ua[13].Ma[12].ACC/add_31_23/g1018/z              (u)     in_0->z F     unmapped_complex2      1  1.4     0     8     118    (-,-) 
  ENGINE/Ca[0].Ga[0].Ua[13].Ma[12].ACC/add_31_23/g1013/z              (u)     in_0->z R     unmapped_nand2         3  4.2     0    11     129    (-,-) 
  ENGINE/Ca[0].Ga[0].Ua[13].Ma[12].ACC/add_31_23/g1009/z              (u)     in_1->z F     unmapped_nand2         1  1.4     0     8     137    (-,-) 
  ENGINE/Ca[0].Ga[0].Ua[13].Ma[12].ACC/add_31_23/g1008/z              (u)     in_0->z R     unmapped_nand2         3  4.2     0    11     148    (-,-) 
  ENGINE/Ca[0].Ga[0].Ua[13].Ma[12].ACC/add_31_23/g1007/z              (u)     in_1->z F     unmapped_nand2         1  1.4     0     8     156    (-,-) 
  ENGINE/Ca[0].Ga[0].Ua[13].Ma[12].ACC/add_31_23/g1003/z              (u)     in_0->z R     unmapped_nand2         3  4.2     0    11     167    (-,-) 
  ENGINE/Ca[0].Ga[0].Ua[13].Ma[12].ACC/add_31_23/g999/z               (u)     in_1->z F     unmapped_nand2         1  1.4     0     8     175    (-,-) 
  ENGINE/Ca[0].Ga[0].Ua[13].Ma[12].ACC/add_31_23/g998/z               (u)     in_0->z R     unmapped_nand2         3  4.2     0    11     186    (-,-) 
  ENGINE/Ca[0].Ga[0].Ua[13].Ma[12].ACC/add_31_23/g997/z               (u)     in_1->z F     unmapped_nand2         1  1.4     0     8     194    (-,-) 
  ENGINE/Ca[0].Ga[0].Ua[13].Ma[12].ACC/add_31_23/g993/z               (u)     in_0->z R     unmapped_nand2         3  4.2     0    11     205    (-,-) 
  ENGINE/Ca[0].Ga[0].Ua[13].Ma[12].ACC/add_31_23/g992/z               (u)     in_1->z F     unmapped_nand2         1  1.4     0     8     214    (-,-) 
  ENGINE/Ca[0].Ga[0].Ua[13].Ma[12].ACC/add_31_23/g988/z               (u)     in_0->z R     unmapped_nand2         3  4.2     0    11     224    (-,-) 
  ENGINE/Ca[0].Ga[0].Ua[13].Ma[12].ACC/add_31_23/g984/z               (u)     in_1->z F     unmapped_nand2         1  1.4     0     8     233    (-,-) 
  ENGINE/Ca[0].Ga[0].Ua[13].Ma[12].ACC/add_31_23/g983/z               (u)     in_0->z R     unmapped_nand2         3  4.2     0    11     243    (-,-) 
  ENGINE/Ca[0].Ga[0].Ua[13].Ma[12].ACC/add_31_23/g982/z               (u)     in_1->z F     unmapped_nand2         1  1.4     0     8     252    (-,-) 
  ENGINE/Ca[0].Ga[0].Ua[13].Ma[12].ACC/add_31_23/g978/z               (u)     in_1->z R     unmapped_nand2         3  4.2     0    11     262    (-,-) 
  ENGINE/Ca[0].Ga[0].Ua[13].Ma[12].ACC/add_31_23/g974/z               (u)     in_1->z F     unmapped_nand2         1  1.4     0     8     271    (-,-) 
  ENGINE/Ca[0].Ga[0].Ua[13].Ma[12].ACC/add_31_23/g973/z               (u)     in_0->z R     unmapped_nand2         3  4.2     0    11     282    (-,-) 
  ENGINE/Ca[0].Ga[0].Ua[13].Ma[12].ACC/add_31_23/g969/z               (u)     in_1->z F     unmapped_nand2         1  1.4     0     8     290    (-,-) 
  ENGINE/Ca[0].Ga[0].Ua[13].Ma[12].ACC/add_31_23/g968/z               (u)     in_0->z R     unmapped_nand2         3  4.2     0    11     301    (-,-) 
  ENGINE/Ca[0].Ga[0].Ua[13].Ma[12].ACC/add_31_23/g964/z               (u)     in_1->z F     unmapped_nand2         1  1.4     0     8     309    (-,-) 
  ENGINE/Ca[0].Ga[0].Ua[13].Ma[12].ACC/add_31_23/g963/z               (u)     in_0->z R     unmapped_nand2         3  4.2     0    11     320    (-,-) 
  ENGINE/Ca[0].Ga[0].Ua[13].Ma[12].ACC/add_31_23/g959/z               (u)     in_1->z F     unmapped_nand2         1  1.4     0     8     328    (-,-) 
  ENGINE/Ca[0].Ga[0].Ua[13].Ma[12].ACC/add_31_23/g958/z               (u)     in_1->z R     unmapped_nand2         3  4.2     0    11     339    (-,-) 
  ENGINE/Ca[0].Ga[0].Ua[13].Ma[12].ACC/add_31_23/g957/z               (u)     in_1->z F     unmapped_nand2         1  1.4     0     8     347    (-,-) 
  ENGINE/Ca[0].Ga[0].Ua[13].Ma[12].ACC/add_31_23/g953/z               (u)     in_0->z R     unmapped_nand2         3  4.2     0    11     358    (-,-) 
  ENGINE/Ca[0].Ga[0].Ua[13].Ma[12].ACC/add_31_23/g952/z               (u)     in_1->z F     unmapped_nand2         1  1.4     0     8     366    (-,-) 
  ENGINE/Ca[0].Ga[0].Ua[13].Ma[12].ACC/add_31_23/g948/z               (u)     in_0->z R     unmapped_nand2         3  4.2     0    11     377    (-,-) 
  ENGINE/Ca[0].Ga[0].Ua[13].Ma[12].ACC/add_31_23/g947/z               (u)     in_1->z F     unmapped_nand2         1  1.4     0     8     385    (-,-) 
  ENGINE/Ca[0].Ga[0].Ua[13].Ma[12].ACC/add_31_23/g943/z               (u)     in_0->z R     unmapped_nand2         3  4.2     0    11     396    (-,-) 
  ENGINE/Ca[0].Ga[0].Ua[13].Ma[12].ACC/add_31_23/g942/z               (u)     in_1->z F     unmapped_nand2         1  1.4     0     8     404    (-,-) 
  ENGINE/Ca[0].Ga[0].Ua[13].Ma[12].ACC/add_31_23/g938/z               (u)     in_1->z R     unmapped_nand2         3  4.2     0    11     415    (-,-) 
  ENGINE/Ca[0].Ga[0].Ua[13].Ma[12].ACC/add_31_23/g937/z               (u)     in_1->z F     unmapped_nand2         1  1.4     0     8     424    (-,-) 
  ENGINE/Ca[0].Ga[0].Ua[13].Ma[12].ACC/add_31_23/g933/z               (u)     in_0->z R     unmapped_nand2         3  4.2     0    11     434    (-,-) 
  ENGINE/Ca[0].Ga[0].Ua[13].Ma[12].ACC/add_31_23/g929/z               (u)     in_1->z F     unmapped_nand2         1  1.4     0     8     443    (-,-) 
  ENGINE/Ca[0].Ga[0].Ua[13].Ma[12].ACC/add_31_23/g928/z               (u)     in_1->z R     unmapped_nand2         3  4.2     0    11     453    (-,-) 
  ENGINE/Ca[0].Ga[0].Ua[13].Ma[12].ACC/add_31_23/g924/z               (u)     in_1->z F     unmapped_nand2         1  1.4     0     8     462    (-,-) 
  ENGINE/Ca[0].Ga[0].Ua[13].Ma[12].ACC/add_31_23/g923/z               (u)     in_1->z R     unmapped_nand2         3  4.2     0    11     472    (-,-) 
  ENGINE/Ca[0].Ga[0].Ua[13].Ma[12].ACC/add_31_23/g919/z               (u)     in_1->z F     unmapped_nand2         1  1.4     0     8     481    (-,-) 
  ENGINE/Ca[0].Ga[0].Ua[13].Ma[12].ACC/add_31_23/g918/z               (u)     in_1->z R     unmapped_nand2         3  4.2     0    11     492    (-,-) 
  ENGINE/Ca[0].Ga[0].Ua[13].Ma[12].ACC/add_31_23/g914/z               (u)     in_1->z F     unmapped_nand2         1  1.4     0     8     500    (-,-) 
  ENGINE/Ca[0].Ga[0].Ua[13].Ma[12].ACC/add_31_23/g913/z               (u)     in_1->z R     unmapped_nand2         3  4.2     0    11     511    (-,-) 
  ENGINE/Ca[0].Ga[0].Ua[13].Ma[12].ACC/add_31_23/g912/z               (u)     in_1->z F     unmapped_nand2         1  1.4     0     8     519    (-,-) 
  ENGINE/Ca[0].Ga[0].Ua[13].Ma[12].ACC/add_31_23/g908/z               (u)     in_1->z R     unmapped_nand2         2  2.8     0    10     529    (-,-) 
  ENGINE/Ca[0].Ga[0].Ua[13].Ma[12].ACC/add_31_23/g906/z               (u)     in_0->z R     unmapped_or2           1  1.4     0     8     537    (-,-) 
  ENGINE/Ca[0].Ga[0].Ua[13].Ma[12].ACC/add_31_23/g907/z               (u)     in_1->z F     unmapped_nand2         1  1.4     0     8     546    (-,-) 
  ENGINE/Ca[0].Ga[0].Ua[13].Ma[12].ACC/REG/g215/z                     (u)     in_1->z R     unmapped_nand2         1  1.4     0     8     554    (-,-) 
  ENGINE/Ca[0].Ga[0].Ua[13].Ma[12].ACC/REG/g145/z                     (u)     in_1->z F     unmapped_nand2         1  1.4     0     8     562    (-,-) 
  ENGINE/Ca[0].Ga[0].Ua[13].Ma[12].ACC/REG/data_out_reg[23]/d         -       -       F     unmapped_d_flop        1    -     -     0     562    (-,-) 
#------------------------------------------------------------------------------------------------------------------------------------------------------

(u) : Net has unmapped pin(s).



Path 8: MET (4429 ps) Setup Check with Pin ENGINE/Ca[0].Ga[0].Ua[13].Ma[12].ACC/REG/data_out_reg[23]/clk->d
          Group: aclk
     Startpoint: (R) ENGINE/MUL_CONTROL/delay_reg_gen[0].m_data_reg/data_out_reg[13]/clk
          Clock: (R) aclk
       Endpoint: (F) ENGINE/Ca[0].Ga[0].Ua[13].Ma[12].ACC/REG/data_out_reg[23]/d
          Clock: (R) aclk

                     Capture       Launch     
        Clock Edge:+    5000            0     
       Src Latency:+       0            0     
       Net Latency:+       0 (I)        0 (I) 
           Arrival:=    5000            0     
                                              
             Setup:-       9                  
     Required Time:=    4991                  
      Launch Clock:-       0                  
         Data Path:-     562                  
             Slack:=    4429                  

#------------------------------------------------------------------------------------------------------------------------------------------------------
#                            Timing Point                             Flags    Arc    Edge       Cell         Fanout Load Trans Delay Arrival Instance 
#                                                                                                                    (fF)  (ps)  (ps)   (ps)  Location 
#------------------------------------------------------------------------------------------------------------------------------------------------------
  ENGINE/MUL_CONTROL/delay_reg_gen[0].m_data_reg/data_out_reg[13]/clk -       -       R     (arrival)          17505    -     0     -       0    (-,-) 
  ENGINE/MUL_CONTROL/delay_reg_gen[0].m_data_reg/data_out_reg[13]/q   (u)     clk->q  R     unmapped_d_flop       15 21.0     0    64      64    (-,-) 
  ENGINE/g2931/z                                                      (u)     in_0->z R     unmapped_or2         336  9.8     0    24      88    (-,-) 
  ENGINE/Ca[0].Ga[0].Ua[13].Ma[12].ACC/g97/z                          (u)     in_1->z F     unmapped_complex2      3  4.2     0    11      99    (-,-) 
  ENGINE/Ca[0].Ga[0].Ua[13].Ma[12].ACC/add_31_23/g5/z                 (u)     in_1->z R     unmapped_nand2         3  4.2     0    11     110    (-,-) 
  ENGINE/Ca[0].Ga[0].Ua[13].Ma[12].ACC/add_31_23/g1018/z              (u)     in_0->z R     unmapped_complex2      1  1.4     0     8     118    (-,-) 
  ENGINE/Ca[0].Ga[0].Ua[13].Ma[12].ACC/add_31_23/g1013/z              (u)     in_0->z F     unmapped_nand2         3  4.2     0    11     129    (-,-) 
  ENGINE/Ca[0].Ga[0].Ua[13].Ma[12].ACC/add_31_23/g1009/z              (u)     in_1->z R     unmapped_nand2         1  1.4     0     8     137    (-,-) 
  ENGINE/Ca[0].Ga[0].Ua[13].Ma[12].ACC/add_31_23/g1008/z              (u)     in_0->z F     unmapped_nand2         3  4.2     0    11     148    (-,-) 
  ENGINE/Ca[0].Ga[0].Ua[13].Ma[12].ACC/add_31_23/g1007/z              (u)     in_1->z R     unmapped_nand2         1  1.4     0     8     156    (-,-) 
  ENGINE/Ca[0].Ga[0].Ua[13].Ma[12].ACC/add_31_23/g1003/z              (u)     in_0->z F     unmapped_nand2         3  4.2     0    11     167    (-,-) 
  ENGINE/Ca[0].Ga[0].Ua[13].Ma[12].ACC/add_31_23/g999/z               (u)     in_1->z R     unmapped_nand2         1  1.4     0     8     175    (-,-) 
  ENGINE/Ca[0].Ga[0].Ua[13].Ma[12].ACC/add_31_23/g998/z               (u)     in_0->z F     unmapped_nand2         3  4.2     0    11     186    (-,-) 
  ENGINE/Ca[0].Ga[0].Ua[13].Ma[12].ACC/add_31_23/g997/z               (u)     in_1->z R     unmapped_nand2         1  1.4     0     8     194    (-,-) 
  ENGINE/Ca[0].Ga[0].Ua[13].Ma[12].ACC/add_31_23/g993/z               (u)     in_0->z F     unmapped_nand2         3  4.2     0    11     205    (-,-) 
  ENGINE/Ca[0].Ga[0].Ua[13].Ma[12].ACC/add_31_23/g992/z               (u)     in_1->z R     unmapped_nand2         1  1.4     0     8     214    (-,-) 
  ENGINE/Ca[0].Ga[0].Ua[13].Ma[12].ACC/add_31_23/g988/z               (u)     in_0->z F     unmapped_nand2         3  4.2     0    11     224    (-,-) 
  ENGINE/Ca[0].Ga[0].Ua[13].Ma[12].ACC/add_31_23/g984/z               (u)     in_1->z R     unmapped_nand2         1  1.4     0     8     233    (-,-) 
  ENGINE/Ca[0].Ga[0].Ua[13].Ma[12].ACC/add_31_23/g983/z               (u)     in_0->z F     unmapped_nand2         3  4.2     0    11     243    (-,-) 
  ENGINE/Ca[0].Ga[0].Ua[13].Ma[12].ACC/add_31_23/g982/z               (u)     in_1->z R     unmapped_nand2         1  1.4     0     8     252    (-,-) 
  ENGINE/Ca[0].Ga[0].Ua[13].Ma[12].ACC/add_31_23/g978/z               (u)     in_1->z F     unmapped_nand2         3  4.2     0    11     262    (-,-) 
  ENGINE/Ca[0].Ga[0].Ua[13].Ma[12].ACC/add_31_23/g974/z               (u)     in_1->z R     unmapped_nand2         1  1.4     0     8     271    (-,-) 
  ENGINE/Ca[0].Ga[0].Ua[13].Ma[12].ACC/add_31_23/g973/z               (u)     in_0->z F     unmapped_nand2         3  4.2     0    11     282    (-,-) 
  ENGINE/Ca[0].Ga[0].Ua[13].Ma[12].ACC/add_31_23/g969/z               (u)     in_1->z R     unmapped_nand2         1  1.4     0     8     290    (-,-) 
  ENGINE/Ca[0].Ga[0].Ua[13].Ma[12].ACC/add_31_23/g968/z               (u)     in_0->z F     unmapped_nand2         3  4.2     0    11     301    (-,-) 
  ENGINE/Ca[0].Ga[0].Ua[13].Ma[12].ACC/add_31_23/g964/z               (u)     in_1->z R     unmapped_nand2         1  1.4     0     8     309    (-,-) 
  ENGINE/Ca[0].Ga[0].Ua[13].Ma[12].ACC/add_31_23/g963/z               (u)     in_0->z F     unmapped_nand2         3  4.2     0    11     320    (-,-) 
  ENGINE/Ca[0].Ga[0].Ua[13].Ma[12].ACC/add_31_23/g959/z               (u)     in_1->z R     unmapped_nand2         1  1.4     0     8     328    (-,-) 
  ENGINE/Ca[0].Ga[0].Ua[13].Ma[12].ACC/add_31_23/g958/z               (u)     in_1->z F     unmapped_nand2         3  4.2     0    11     339    (-,-) 
  ENGINE/Ca[0].Ga[0].Ua[13].Ma[12].ACC/add_31_23/g957/z               (u)     in_1->z R     unmapped_nand2         1  1.4     0     8     347    (-,-) 
  ENGINE/Ca[0].Ga[0].Ua[13].Ma[12].ACC/add_31_23/g953/z               (u)     in_0->z F     unmapped_nand2         3  4.2     0    11     358    (-,-) 
  ENGINE/Ca[0].Ga[0].Ua[13].Ma[12].ACC/add_31_23/g952/z               (u)     in_1->z R     unmapped_nand2         1  1.4     0     8     366    (-,-) 
  ENGINE/Ca[0].Ga[0].Ua[13].Ma[12].ACC/add_31_23/g948/z               (u)     in_0->z F     unmapped_nand2         3  4.2     0    11     377    (-,-) 
  ENGINE/Ca[0].Ga[0].Ua[13].Ma[12].ACC/add_31_23/g947/z               (u)     in_1->z R     unmapped_nand2         1  1.4     0     8     385    (-,-) 
  ENGINE/Ca[0].Ga[0].Ua[13].Ma[12].ACC/add_31_23/g943/z               (u)     in_0->z F     unmapped_nand2         3  4.2     0    11     396    (-,-) 
  ENGINE/Ca[0].Ga[0].Ua[13].Ma[12].ACC/add_31_23/g942/z               (u)     in_1->z R     unmapped_nand2         1  1.4     0     8     404    (-,-) 
  ENGINE/Ca[0].Ga[0].Ua[13].Ma[12].ACC/add_31_23/g938/z               (u)     in_1->z F     unmapped_nand2         3  4.2     0    11     415    (-,-) 
  ENGINE/Ca[0].Ga[0].Ua[13].Ma[12].ACC/add_31_23/g937/z               (u)     in_1->z R     unmapped_nand2         1  1.4     0     8     424    (-,-) 
  ENGINE/Ca[0].Ga[0].Ua[13].Ma[12].ACC/add_31_23/g933/z               (u)     in_0->z F     unmapped_nand2         3  4.2     0    11     434    (-,-) 
  ENGINE/Ca[0].Ga[0].Ua[13].Ma[12].ACC/add_31_23/g929/z               (u)     in_1->z R     unmapped_nand2         1  1.4     0     8     443    (-,-) 
  ENGINE/Ca[0].Ga[0].Ua[13].Ma[12].ACC/add_31_23/g928/z               (u)     in_1->z F     unmapped_nand2         3  4.2     0    11     453    (-,-) 
  ENGINE/Ca[0].Ga[0].Ua[13].Ma[12].ACC/add_31_23/g924/z               (u)     in_1->z R     unmapped_nand2         1  1.4     0     8     462    (-,-) 
  ENGINE/Ca[0].Ga[0].Ua[13].Ma[12].ACC/add_31_23/g923/z               (u)     in_1->z F     unmapped_nand2         3  4.2     0    11     472    (-,-) 
  ENGINE/Ca[0].Ga[0].Ua[13].Ma[12].ACC/add_31_23/g919/z               (u)     in_1->z R     unmapped_nand2         1  1.4     0     8     481    (-,-) 
  ENGINE/Ca[0].Ga[0].Ua[13].Ma[12].ACC/add_31_23/g918/z               (u)     in_1->z F     unmapped_nand2         3  4.2     0    11     492    (-,-) 
  ENGINE/Ca[0].Ga[0].Ua[13].Ma[12].ACC/add_31_23/g914/z               (u)     in_1->z R     unmapped_nand2         1  1.4     0     8     500    (-,-) 
  ENGINE/Ca[0].Ga[0].Ua[13].Ma[12].ACC/add_31_23/g913/z               (u)     in_1->z F     unmapped_nand2         3  4.2     0    11     511    (-,-) 
  ENGINE/Ca[0].Ga[0].Ua[13].Ma[12].ACC/add_31_23/g912/z               (u)     in_1->z R     unmapped_nand2         1  1.4     0     8     519    (-,-) 
  ENGINE/Ca[0].Ga[0].Ua[13].Ma[12].ACC/add_31_23/g908/z               (u)     in_1->z F     unmapped_nand2         2  2.8     0    10     529    (-,-) 
  ENGINE/Ca[0].Ga[0].Ua[13].Ma[12].ACC/add_31_23/g905/z               (u)     in_0->z R     unmapped_nand2         1  1.4     0     8     537    (-,-) 
  ENGINE/Ca[0].Ga[0].Ua[13].Ma[12].ACC/add_31_23/g907/z               (u)     in_0->z F     unmapped_nand2         1  1.4     0     8     546    (-,-) 
  ENGINE/Ca[0].Ga[0].Ua[13].Ma[12].ACC/REG/g215/z                     (u)     in_1->z R     unmapped_nand2         1  1.4     0     8     554    (-,-) 
  ENGINE/Ca[0].Ga[0].Ua[13].Ma[12].ACC/REG/g145/z                     (u)     in_1->z F     unmapped_nand2         1  1.4     0     8     562    (-,-) 
  ENGINE/Ca[0].Ga[0].Ua[13].Ma[12].ACC/REG/data_out_reg[23]/d         -       -       F     unmapped_d_flop        1    -     -     0     562    (-,-) 
#------------------------------------------------------------------------------------------------------------------------------------------------------

(u) : Net has unmapped pin(s).



Path 9: MET (4429 ps) Setup Check with Pin ENGINE/Ca[0].Ga[0].Ua[13].Ma[11].ACC/REG/data_out_reg[23]/clk->d
          Group: aclk
     Startpoint: (R) ENGINE/MUL_CONTROL/delay_reg_gen[0].m_data_reg/data_out_reg[13]/clk
          Clock: (R) aclk
       Endpoint: (R) ENGINE/Ca[0].Ga[0].Ua[13].Ma[11].ACC/REG/data_out_reg[23]/d
          Clock: (R) aclk

                     Capture       Launch     
        Clock Edge:+    5000            0     
       Src Latency:+       0            0     
       Net Latency:+       0 (I)        0 (I) 
           Arrival:=    5000            0     
                                              
             Setup:-       9                  
     Required Time:=    4991                  
      Launch Clock:-       0                  
         Data Path:-     562                  
             Slack:=    4429                  

#------------------------------------------------------------------------------------------------------------------------------------------------------
#                            Timing Point                             Flags    Arc    Edge       Cell         Fanout Load Trans Delay Arrival Instance 
#                                                                                                                    (fF)  (ps)  (ps)   (ps)  Location 
#------------------------------------------------------------------------------------------------------------------------------------------------------
  ENGINE/MUL_CONTROL/delay_reg_gen[0].m_data_reg/data_out_reg[13]/clk -       -       R     (arrival)          17505    -     0     -       0    (-,-) 
  ENGINE/MUL_CONTROL/delay_reg_gen[0].m_data_reg/data_out_reg[13]/q   (u)     clk->q  R     unmapped_d_flop       15 21.0     0    64      64    (-,-) 
  ENGINE/g2932/z                                                      (u)     in_0->z R     unmapped_or2         336  9.8     0    24      88    (-,-) 
  ENGINE/Ca[0].Ga[0].Ua[13].Ma[11].ACC/g97/z                          (u)     in_1->z F     unmapped_complex2      3  4.2     0    11      99    (-,-) 
  ENGINE/Ca[0].Ga[0].Ua[13].Ma[11].ACC/add_31_23/g5/z                 (u)     in_1->z R     unmapped_nand2         3  4.2     0    11     110    (-,-) 
  ENGINE/Ca[0].Ga[0].Ua[13].Ma[11].ACC/add_31_23/g1018/z              (u)     in_0->z R     unmapped_complex2      1  1.4     0     8     118    (-,-) 
  ENGINE/Ca[0].Ga[0].Ua[13].Ma[11].ACC/add_31_23/g1013/z              (u)     in_0->z F     unmapped_nand2         3  4.2     0    11     129    (-,-) 
  ENGINE/Ca[0].Ga[0].Ua[13].Ma[11].ACC/add_31_23/g1009/z              (u)     in_1->z R     unmapped_nand2         1  1.4     0     8     137    (-,-) 
  ENGINE/Ca[0].Ga[0].Ua[13].Ma[11].ACC/add_31_23/g1008/z              (u)     in_0->z F     unmapped_nand2         3  4.2     0    11     148    (-,-) 
  ENGINE/Ca[0].Ga[0].Ua[13].Ma[11].ACC/add_31_23/g1007/z              (u)     in_1->z R     unmapped_nand2         1  1.4     0     8     156    (-,-) 
  ENGINE/Ca[0].Ga[0].Ua[13].Ma[11].ACC/add_31_23/g1003/z              (u)     in_0->z F     unmapped_nand2         3  4.2     0    11     167    (-,-) 
  ENGINE/Ca[0].Ga[0].Ua[13].Ma[11].ACC/add_31_23/g999/z               (u)     in_1->z R     unmapped_nand2         1  1.4     0     8     175    (-,-) 
  ENGINE/Ca[0].Ga[0].Ua[13].Ma[11].ACC/add_31_23/g998/z               (u)     in_0->z F     unmapped_nand2         3  4.2     0    11     186    (-,-) 
  ENGINE/Ca[0].Ga[0].Ua[13].Ma[11].ACC/add_31_23/g997/z               (u)     in_1->z R     unmapped_nand2         1  1.4     0     8     194    (-,-) 
  ENGINE/Ca[0].Ga[0].Ua[13].Ma[11].ACC/add_31_23/g993/z               (u)     in_0->z F     unmapped_nand2         3  4.2     0    11     205    (-,-) 
  ENGINE/Ca[0].Ga[0].Ua[13].Ma[11].ACC/add_31_23/g992/z               (u)     in_1->z R     unmapped_nand2         1  1.4     0     8     214    (-,-) 
  ENGINE/Ca[0].Ga[0].Ua[13].Ma[11].ACC/add_31_23/g988/z               (u)     in_0->z F     unmapped_nand2         3  4.2     0    11     224    (-,-) 
  ENGINE/Ca[0].Ga[0].Ua[13].Ma[11].ACC/add_31_23/g984/z               (u)     in_1->z R     unmapped_nand2         1  1.4     0     8     233    (-,-) 
  ENGINE/Ca[0].Ga[0].Ua[13].Ma[11].ACC/add_31_23/g983/z               (u)     in_0->z F     unmapped_nand2         3  4.2     0    11     243    (-,-) 
  ENGINE/Ca[0].Ga[0].Ua[13].Ma[11].ACC/add_31_23/g982/z               (u)     in_1->z R     unmapped_nand2         1  1.4     0     8     252    (-,-) 
  ENGINE/Ca[0].Ga[0].Ua[13].Ma[11].ACC/add_31_23/g978/z               (u)     in_1->z F     unmapped_nand2         3  4.2     0    11     262    (-,-) 
  ENGINE/Ca[0].Ga[0].Ua[13].Ma[11].ACC/add_31_23/g974/z               (u)     in_1->z R     unmapped_nand2         1  1.4     0     8     271    (-,-) 
  ENGINE/Ca[0].Ga[0].Ua[13].Ma[11].ACC/add_31_23/g973/z               (u)     in_0->z F     unmapped_nand2         3  4.2     0    11     282    (-,-) 
  ENGINE/Ca[0].Ga[0].Ua[13].Ma[11].ACC/add_31_23/g969/z               (u)     in_1->z R     unmapped_nand2         1  1.4     0     8     290    (-,-) 
  ENGINE/Ca[0].Ga[0].Ua[13].Ma[11].ACC/add_31_23/g968/z               (u)     in_0->z F     unmapped_nand2         3  4.2     0    11     301    (-,-) 
  ENGINE/Ca[0].Ga[0].Ua[13].Ma[11].ACC/add_31_23/g964/z               (u)     in_1->z R     unmapped_nand2         1  1.4     0     8     309    (-,-) 
  ENGINE/Ca[0].Ga[0].Ua[13].Ma[11].ACC/add_31_23/g963/z               (u)     in_0->z F     unmapped_nand2         3  4.2     0    11     320    (-,-) 
  ENGINE/Ca[0].Ga[0].Ua[13].Ma[11].ACC/add_31_23/g959/z               (u)     in_1->z R     unmapped_nand2         1  1.4     0     8     328    (-,-) 
  ENGINE/Ca[0].Ga[0].Ua[13].Ma[11].ACC/add_31_23/g958/z               (u)     in_1->z F     unmapped_nand2         3  4.2     0    11     339    (-,-) 
  ENGINE/Ca[0].Ga[0].Ua[13].Ma[11].ACC/add_31_23/g957/z               (u)     in_1->z R     unmapped_nand2         1  1.4     0     8     347    (-,-) 
  ENGINE/Ca[0].Ga[0].Ua[13].Ma[11].ACC/add_31_23/g953/z               (u)     in_0->z F     unmapped_nand2         3  4.2     0    11     358    (-,-) 
  ENGINE/Ca[0].Ga[0].Ua[13].Ma[11].ACC/add_31_23/g952/z               (u)     in_1->z R     unmapped_nand2         1  1.4     0     8     366    (-,-) 
  ENGINE/Ca[0].Ga[0].Ua[13].Ma[11].ACC/add_31_23/g948/z               (u)     in_0->z F     unmapped_nand2         3  4.2     0    11     377    (-,-) 
  ENGINE/Ca[0].Ga[0].Ua[13].Ma[11].ACC/add_31_23/g947/z               (u)     in_1->z R     unmapped_nand2         1  1.4     0     8     385    (-,-) 
  ENGINE/Ca[0].Ga[0].Ua[13].Ma[11].ACC/add_31_23/g943/z               (u)     in_0->z F     unmapped_nand2         3  4.2     0    11     396    (-,-) 
  ENGINE/Ca[0].Ga[0].Ua[13].Ma[11].ACC/add_31_23/g942/z               (u)     in_1->z R     unmapped_nand2         1  1.4     0     8     404    (-,-) 
  ENGINE/Ca[0].Ga[0].Ua[13].Ma[11].ACC/add_31_23/g938/z               (u)     in_1->z F     unmapped_nand2         3  4.2     0    11     415    (-,-) 
  ENGINE/Ca[0].Ga[0].Ua[13].Ma[11].ACC/add_31_23/g937/z               (u)     in_1->z R     unmapped_nand2         1  1.4     0     8     424    (-,-) 
  ENGINE/Ca[0].Ga[0].Ua[13].Ma[11].ACC/add_31_23/g933/z               (u)     in_0->z F     unmapped_nand2         3  4.2     0    11     434    (-,-) 
  ENGINE/Ca[0].Ga[0].Ua[13].Ma[11].ACC/add_31_23/g929/z               (u)     in_1->z R     unmapped_nand2         1  1.4     0     8     443    (-,-) 
  ENGINE/Ca[0].Ga[0].Ua[13].Ma[11].ACC/add_31_23/g928/z               (u)     in_1->z F     unmapped_nand2         3  4.2     0    11     453    (-,-) 
  ENGINE/Ca[0].Ga[0].Ua[13].Ma[11].ACC/add_31_23/g924/z               (u)     in_1->z R     unmapped_nand2         1  1.4     0     8     462    (-,-) 
  ENGINE/Ca[0].Ga[0].Ua[13].Ma[11].ACC/add_31_23/g923/z               (u)     in_1->z F     unmapped_nand2         3  4.2     0    11     472    (-,-) 
  ENGINE/Ca[0].Ga[0].Ua[13].Ma[11].ACC/add_31_23/g919/z               (u)     in_1->z R     unmapped_nand2         1  1.4     0     8     481    (-,-) 
  ENGINE/Ca[0].Ga[0].Ua[13].Ma[11].ACC/add_31_23/g918/z               (u)     in_1->z F     unmapped_nand2         3  4.2     0    11     492    (-,-) 
  ENGINE/Ca[0].Ga[0].Ua[13].Ma[11].ACC/add_31_23/g914/z               (u)     in_1->z R     unmapped_nand2         1  1.4     0     8     500    (-,-) 
  ENGINE/Ca[0].Ga[0].Ua[13].Ma[11].ACC/add_31_23/g913/z               (u)     in_1->z F     unmapped_nand2         3  4.2     0    11     511    (-,-) 
  ENGINE/Ca[0].Ga[0].Ua[13].Ma[11].ACC/add_31_23/g912/z               (u)     in_1->z R     unmapped_nand2         1  1.4     0     8     519    (-,-) 
  ENGINE/Ca[0].Ga[0].Ua[13].Ma[11].ACC/add_31_23/g908/z               (u)     in_1->z F     unmapped_nand2         2  2.8     0    10     529    (-,-) 
  ENGINE/Ca[0].Ga[0].Ua[13].Ma[11].ACC/add_31_23/g906/z               (u)     in_0->z F     unmapped_or2           1  1.4     0     8     537    (-,-) 
  ENGINE/Ca[0].Ga[0].Ua[13].Ma[11].ACC/add_31_23/g907/z               (u)     in_1->z R     unmapped_nand2         1  1.4     0     8     546    (-,-) 
  ENGINE/Ca[0].Ga[0].Ua[13].Ma[11].ACC/REG/g215/z                     (u)     in_1->z F     unmapped_nand2         1  1.4     0     8     554    (-,-) 
  ENGINE/Ca[0].Ga[0].Ua[13].Ma[11].ACC/REG/g145/z                     (u)     in_1->z R     unmapped_nand2         1  1.4     0     8     562    (-,-) 
  ENGINE/Ca[0].Ga[0].Ua[13].Ma[11].ACC/REG/data_out_reg[23]/d         -       -       R     unmapped_d_flop        1    -     -     0     562    (-,-) 
#------------------------------------------------------------------------------------------------------------------------------------------------------

(u) : Net has unmapped pin(s).



Path 10: MET (4429 ps) Setup Check with Pin ENGINE/Ca[0].Ga[0].Ua[13].Ma[11].ACC/REG/data_out_reg[23]/clk->d
          Group: aclk
     Startpoint: (R) ENGINE/MUL_CONTROL/delay_reg_gen[0].m_data_reg/data_out_reg[13]/clk
          Clock: (R) aclk
       Endpoint: (R) ENGINE/Ca[0].Ga[0].Ua[13].Ma[11].ACC/REG/data_out_reg[23]/d
          Clock: (R) aclk

                     Capture       Launch     
        Clock Edge:+    5000            0     
       Src Latency:+       0            0     
       Net Latency:+       0 (I)        0 (I) 
           Arrival:=    5000            0     
                                              
             Setup:-       9                  
     Required Time:=    4991                  
      Launch Clock:-       0                  
         Data Path:-     562                  
             Slack:=    4429                  

#------------------------------------------------------------------------------------------------------------------------------------------------------
#                            Timing Point                             Flags    Arc    Edge       Cell         Fanout Load Trans Delay Arrival Instance 
#                                                                                                                    (fF)  (ps)  (ps)   (ps)  Location 
#------------------------------------------------------------------------------------------------------------------------------------------------------
  ENGINE/MUL_CONTROL/delay_reg_gen[0].m_data_reg/data_out_reg[13]/clk -       -       R     (arrival)          17505    -     0     -       0    (-,-) 
  ENGINE/MUL_CONTROL/delay_reg_gen[0].m_data_reg/data_out_reg[13]/q   (u)     clk->q  F     unmapped_d_flop       15 21.0     0    64      64    (-,-) 
  ENGINE/g2932/z                                                      (u)     in_0->z F     unmapped_or2         336  9.8     0    24      88    (-,-) 
  ENGINE/Ca[0].Ga[0].Ua[13].Ma[11].ACC/g97/z                          (u)     in_1->z R     unmapped_complex2      3  4.2     0    11      99    (-,-) 
  ENGINE/Ca[0].Ga[0].Ua[13].Ma[11].ACC/add_31_23/g5/z                 (u)     in_1->z F     unmapped_nand2         3  4.2     0    11     110    (-,-) 
  ENGINE/Ca[0].Ga[0].Ua[13].Ma[11].ACC/add_31_23/g1018/z              (u)     in_0->z F     unmapped_complex2      1  1.4     0     8     118    (-,-) 
  ENGINE/Ca[0].Ga[0].Ua[13].Ma[11].ACC/add_31_23/g1013/z              (u)     in_0->z R     unmapped_nand2         3  4.2     0    11     129    (-,-) 
  ENGINE/Ca[0].Ga[0].Ua[13].Ma[11].ACC/add_31_23/g1009/z              (u)     in_1->z F     unmapped_nand2         1  1.4     0     8     137    (-,-) 
  ENGINE/Ca[0].Ga[0].Ua[13].Ma[11].ACC/add_31_23/g1008/z              (u)     in_0->z R     unmapped_nand2         3  4.2     0    11     148    (-,-) 
  ENGINE/Ca[0].Ga[0].Ua[13].Ma[11].ACC/add_31_23/g1007/z              (u)     in_1->z F     unmapped_nand2         1  1.4     0     8     156    (-,-) 
  ENGINE/Ca[0].Ga[0].Ua[13].Ma[11].ACC/add_31_23/g1003/z              (u)     in_0->z R     unmapped_nand2         3  4.2     0    11     167    (-,-) 
  ENGINE/Ca[0].Ga[0].Ua[13].Ma[11].ACC/add_31_23/g999/z               (u)     in_1->z F     unmapped_nand2         1  1.4     0     8     175    (-,-) 
  ENGINE/Ca[0].Ga[0].Ua[13].Ma[11].ACC/add_31_23/g998/z               (u)     in_0->z R     unmapped_nand2         3  4.2     0    11     186    (-,-) 
  ENGINE/Ca[0].Ga[0].Ua[13].Ma[11].ACC/add_31_23/g997/z               (u)     in_1->z F     unmapped_nand2         1  1.4     0     8     194    (-,-) 
  ENGINE/Ca[0].Ga[0].Ua[13].Ma[11].ACC/add_31_23/g993/z               (u)     in_0->z R     unmapped_nand2         3  4.2     0    11     205    (-,-) 
  ENGINE/Ca[0].Ga[0].Ua[13].Ma[11].ACC/add_31_23/g992/z               (u)     in_1->z F     unmapped_nand2         1  1.4     0     8     214    (-,-) 
  ENGINE/Ca[0].Ga[0].Ua[13].Ma[11].ACC/add_31_23/g988/z               (u)     in_0->z R     unmapped_nand2         3  4.2     0    11     224    (-,-) 
  ENGINE/Ca[0].Ga[0].Ua[13].Ma[11].ACC/add_31_23/g984/z               (u)     in_1->z F     unmapped_nand2         1  1.4     0     8     233    (-,-) 
  ENGINE/Ca[0].Ga[0].Ua[13].Ma[11].ACC/add_31_23/g983/z               (u)     in_0->z R     unmapped_nand2         3  4.2     0    11     243    (-,-) 
  ENGINE/Ca[0].Ga[0].Ua[13].Ma[11].ACC/add_31_23/g982/z               (u)     in_1->z F     unmapped_nand2         1  1.4     0     8     252    (-,-) 
  ENGINE/Ca[0].Ga[0].Ua[13].Ma[11].ACC/add_31_23/g978/z               (u)     in_1->z R     unmapped_nand2         3  4.2     0    11     262    (-,-) 
  ENGINE/Ca[0].Ga[0].Ua[13].Ma[11].ACC/add_31_23/g974/z               (u)     in_1->z F     unmapped_nand2         1  1.4     0     8     271    (-,-) 
  ENGINE/Ca[0].Ga[0].Ua[13].Ma[11].ACC/add_31_23/g973/z               (u)     in_0->z R     unmapped_nand2         3  4.2     0    11     282    (-,-) 
  ENGINE/Ca[0].Ga[0].Ua[13].Ma[11].ACC/add_31_23/g969/z               (u)     in_1->z F     unmapped_nand2         1  1.4     0     8     290    (-,-) 
  ENGINE/Ca[0].Ga[0].Ua[13].Ma[11].ACC/add_31_23/g968/z               (u)     in_0->z R     unmapped_nand2         3  4.2     0    11     301    (-,-) 
  ENGINE/Ca[0].Ga[0].Ua[13].Ma[11].ACC/add_31_23/g964/z               (u)     in_1->z F     unmapped_nand2         1  1.4     0     8     309    (-,-) 
  ENGINE/Ca[0].Ga[0].Ua[13].Ma[11].ACC/add_31_23/g963/z               (u)     in_0->z R     unmapped_nand2         3  4.2     0    11     320    (-,-) 
  ENGINE/Ca[0].Ga[0].Ua[13].Ma[11].ACC/add_31_23/g959/z               (u)     in_1->z F     unmapped_nand2         1  1.4     0     8     328    (-,-) 
  ENGINE/Ca[0].Ga[0].Ua[13].Ma[11].ACC/add_31_23/g958/z               (u)     in_1->z R     unmapped_nand2         3  4.2     0    11     339    (-,-) 
  ENGINE/Ca[0].Ga[0].Ua[13].Ma[11].ACC/add_31_23/g957/z               (u)     in_1->z F     unmapped_nand2         1  1.4     0     8     347    (-,-) 
  ENGINE/Ca[0].Ga[0].Ua[13].Ma[11].ACC/add_31_23/g953/z               (u)     in_0->z R     unmapped_nand2         3  4.2     0    11     358    (-,-) 
  ENGINE/Ca[0].Ga[0].Ua[13].Ma[11].ACC/add_31_23/g952/z               (u)     in_1->z F     unmapped_nand2         1  1.4     0     8     366    (-,-) 
  ENGINE/Ca[0].Ga[0].Ua[13].Ma[11].ACC/add_31_23/g948/z               (u)     in_0->z R     unmapped_nand2         3  4.2     0    11     377    (-,-) 
  ENGINE/Ca[0].Ga[0].Ua[13].Ma[11].ACC/add_31_23/g947/z               (u)     in_1->z F     unmapped_nand2         1  1.4     0     8     385    (-,-) 
  ENGINE/Ca[0].Ga[0].Ua[13].Ma[11].ACC/add_31_23/g943/z               (u)     in_0->z R     unmapped_nand2         3  4.2     0    11     396    (-,-) 
  ENGINE/Ca[0].Ga[0].Ua[13].Ma[11].ACC/add_31_23/g942/z               (u)     in_1->z F     unmapped_nand2         1  1.4     0     8     404    (-,-) 
  ENGINE/Ca[0].Ga[0].Ua[13].Ma[11].ACC/add_31_23/g938/z               (u)     in_1->z R     unmapped_nand2         3  4.2     0    11     415    (-,-) 
  ENGINE/Ca[0].Ga[0].Ua[13].Ma[11].ACC/add_31_23/g937/z               (u)     in_1->z F     unmapped_nand2         1  1.4     0     8     424    (-,-) 
  ENGINE/Ca[0].Ga[0].Ua[13].Ma[11].ACC/add_31_23/g933/z               (u)     in_0->z R     unmapped_nand2         3  4.2     0    11     434    (-,-) 
  ENGINE/Ca[0].Ga[0].Ua[13].Ma[11].ACC/add_31_23/g929/z               (u)     in_1->z F     unmapped_nand2         1  1.4     0     8     443    (-,-) 
  ENGINE/Ca[0].Ga[0].Ua[13].Ma[11].ACC/add_31_23/g928/z               (u)     in_1->z R     unmapped_nand2         3  4.2     0    11     453    (-,-) 
  ENGINE/Ca[0].Ga[0].Ua[13].Ma[11].ACC/add_31_23/g924/z               (u)     in_1->z F     unmapped_nand2         1  1.4     0     8     462    (-,-) 
  ENGINE/Ca[0].Ga[0].Ua[13].Ma[11].ACC/add_31_23/g923/z               (u)     in_1->z R     unmapped_nand2         3  4.2     0    11     472    (-,-) 
  ENGINE/Ca[0].Ga[0].Ua[13].Ma[11].ACC/add_31_23/g919/z               (u)     in_1->z F     unmapped_nand2         1  1.4     0     8     481    (-,-) 
  ENGINE/Ca[0].Ga[0].Ua[13].Ma[11].ACC/add_31_23/g918/z               (u)     in_1->z R     unmapped_nand2         3  4.2     0    11     492    (-,-) 
  ENGINE/Ca[0].Ga[0].Ua[13].Ma[11].ACC/add_31_23/g914/z               (u)     in_1->z F     unmapped_nand2         1  1.4     0     8     500    (-,-) 
  ENGINE/Ca[0].Ga[0].Ua[13].Ma[11].ACC/add_31_23/g913/z               (u)     in_1->z R     unmapped_nand2         3  4.2     0    11     511    (-,-) 
  ENGINE/Ca[0].Ga[0].Ua[13].Ma[11].ACC/add_31_23/g912/z               (u)     in_1->z F     unmapped_nand2         1  1.4     0     8     519    (-,-) 
  ENGINE/Ca[0].Ga[0].Ua[13].Ma[11].ACC/add_31_23/g908/z               (u)     in_1->z R     unmapped_nand2         2  2.8     0    10     529    (-,-) 
  ENGINE/Ca[0].Ga[0].Ua[13].Ma[11].ACC/add_31_23/g905/z               (u)     in_0->z F     unmapped_nand2         1  1.4     0     8     537    (-,-) 
  ENGINE/Ca[0].Ga[0].Ua[13].Ma[11].ACC/add_31_23/g907/z               (u)     in_0->z R     unmapped_nand2         1  1.4     0     8     546    (-,-) 
  ENGINE/Ca[0].Ga[0].Ua[13].Ma[11].ACC/REG/g215/z                     (u)     in_1->z F     unmapped_nand2         1  1.4     0     8     554    (-,-) 
  ENGINE/Ca[0].Ga[0].Ua[13].Ma[11].ACC/REG/g145/z                     (u)     in_1->z R     unmapped_nand2         1  1.4     0     8     562    (-,-) 
  ENGINE/Ca[0].Ga[0].Ua[13].Ma[11].ACC/REG/data_out_reg[23]/d         -       -       R     unmapped_d_flop        1    -     -     0     562    (-,-) 
#------------------------------------------------------------------------------------------------------------------------------------------------------

(u) : Net has unmapped pin(s).

