============================================================
  Generated by:           Genus(TM) Synthesis Solution 21.17-s066_1
  Generated on:           Jun 12 2023  03:07:30 pm
  Module:                 dnn_engine
  Operating conditions:   scadv10_cln65gp_lvt_ff_1p1v_m40c 
  Interconnect mode:      global
  Area mode:              physical library
============================================================


Path 1: MET (0 ps) Setup Check with Pin PROC_ENGINE_AXIS_REG_m_data_reg[2288]/CK->D1
          Group: aclk
     Startpoint: (R) retime_s12_286_reg/CK
          Clock: (R) aclk
       Endpoint: (F) PROC_ENGINE_AXIS_REG_m_data_reg[2288]/D1
          Clock: (R) aclk

                     Capture       Launch     
        Clock Edge:+    1000            0     
       Src Latency:+       0            0     
       Net Latency:+       0 (I)        0 (I) 
           Arrival:=    1000            0     
                                              
             Setup:-      42                  
     Required Time:=     958                  
      Launch Clock:-       0                  
         Data Path:-     958                  
             Slack:=       0                  

#-------------------------------------------------------------------------------------------------------------------------------
#                 Timing Point                   Flags    Arc   Edge       Cell        Fanout Load Trans Delay Arrival Instance 
#                                                                                             (fF)  (ps)  (ps)   (ps)  Location 
#-------------------------------------------------------------------------------------------------------------------------------
  retime_s12_286_reg/CK                          -       -      R     (arrival)         15129    -     0     0       0    (-,-) 
  retime_s12_286_reg/Q                           -       CK->Q  R     SDFFQX1MA10TL         2  6.7    26    54      54    (-,-) 
  g340315/Y                                      -       B->Y   R     AND2X1MA10TL          2  7.8    30    32      85    (-,-) 
  PROC_ENGINE_Ua[2].Ma[23].PE_add_29_39_g3534/Y  -       A->Y   F     NAND2X1BA10TL         3 10.5    38    26     112    (-,-) 
  PROC_ENGINE_Ua[2].Ma[23].PE_add_29_39_g3501/Y  -       A1->Y  R     OAI21X1MA10TL         2 10.3    80    51     162    (-,-) 
  g393112/Y                                      -       B0->Y  R     AO22X2MA10TL          2 11.3    25    33     195    (-,-) 
  g393232/CO                                     -       CI->CO R     ADDFX2MA10TL          2  9.3    24    37     232    (-,-) 
  g393110/Y                                      -       B0->Y  F     OAI21X2MA10TL         1  6.3    26    14     246    (-,-) 
  PROC_ENGINE_Ua[2].Ma[23].PE_add_29_39_g3492/Y  -       A->Y   R     NAND2XBX2MA10TL       2  9.3    28    20     265    (-,-) 
  PROC_ENGINE_Ua[2].Ma[23].PE_add_29_39_g3491/Y  -       B0->Y  F     OAI21X2MA10TL         1  8.8    25    17     282    (-,-) 
  PROC_ENGINE_Ua[2].Ma[23].PE_add_29_39_g3489/Y  -       B0N->Y R     AO21BX3MA10TL         2 11.5    22    14     296    (-,-) 
  PROC_ENGINE_Ua[2].Ma[23].PE_add_29_39_g3488/Y  -       B0->Y  F     OAI21X3MA10TL         1  8.8    22    14     310    (-,-) 
  PROC_ENGINE_Ua[2].Ma[23].PE_add_29_39_g3487/Y  -       B0N->Y R     AO21BX3MA10TL         2 11.5    22    14     323    (-,-) 
  PROC_ENGINE_Ua[2].Ma[23].PE_add_29_39_g3485/Y  -       B0->Y  F     OAI21X3MA10TL         1  6.7    28    12     336    (-,-) 
  PROC_ENGINE_Ua[2].Ma[23].PE_add_29_39_g3484/Y  -       B0N->Y R     AO21BX2MA10TL         2 10.4    27    17     352    (-,-) 
  g392655/CO                                     -       CI->CO R     ADDFX2MA10TL          2 10.4    27    38     390    (-,-) 
  g392654/CO                                     -       CI->CO R     ADDFX1MA10TL          2  7.6    33    39     429    (-,-) 
  PROC_ENGINE_Ua[2].Ma[23].PE_add_29_39_g3475/Y  -       A0->Y  R     AO21BX1MA10TL         1  6.7    29    35     464    (-,-) 
  PROC_ENGINE_Ua[2].Ma[23].PE_add_29_39_g3474/CO -       CI->CO R     ADDFX2MA10TL          2  7.6    22    36     500    (-,-) 
  PROC_ENGINE_Ua[2].Ma[23].PE_add_29_39_g3472/Y  -       A0->Y  R     AO21BX1MA10TL         2  7.6    32    35     535    (-,-) 
  PROC_ENGINE_Ua[2].Ma[23].PE_add_29_39_g3470/Y  -       A0->Y  R     AO21BX1MA10TL         2  8.3    34    38     573    (-,-) 
  PROC_ENGINE_Ua[2].Ma[23].PE_add_29_39_g3469/Y  -       A->Y   F     NAND2XBX1MA10TL       2  7.7    28    22     595    (-,-) 
  PROC_ENGINE_Ua[2].Ma[23].PE_add_29_39_g3467/Y  -       A->Y   R     NAND3XXBX1MA10TL      1  5.6    47    28     623    (-,-) 
  PROC_ENGINE_Ua[2].Ma[23].PE_add_29_39_g3465/Y  -       B0->Y  F     OAI21X2MA10TL         2  8.3    26    18     641    (-,-) 
  PROC_ENGINE_Ua[2].Ma[23].PE_add_29_39_g3462/Y  -       A0->Y  R     OAI21X1MA10TL         2  9.5    75    46     687    (-,-) 
  g393109/Y                                      -       A0->Y  R     AO21X2MA10TL          2 11.3    24    34     721    (-,-) 
  g392653/CO                                     -       CI->CO R     ADDFX1MA10TL          2 11.3    43    44     765    (-,-) 
  g392652/CO                                     -       CI->CO R     ADDFX1MA10TL          2 11.3    43    47     812    (-,-) 
  g392651/CO                                     -       CI->CO R     ADDFX1MA10TL          1  6.7    30    39     852    (-,-) 
  PROC_ENGINE_Ua[2].Ma[23].PE_add_29_39_g3449/CO -       CI->CO R     ADDFX1P4MA10TL        1  6.7    24    36     887    (-,-) 
  PROC_ENGINE_Ua[2].Ma[23].PE_add_29_39_g3448/CO -       CI->CO R     ADDFX2MA10TL          1  6.0    20    34     921    (-,-) 
  PROC_ENGINE_Ua[2].Ma[23].PE_add_29_39_g3447/Y  -       A->Y   F     XOR3X1MA10TL          3  9.2    34    37     958    (-,-) 
  PROC_ENGINE_AXIS_REG_m_data_reg[2288]/D1       -       -      F     M2SDFFQX1MA10TL       3    -     -     0     958    (-,-) 
#-------------------------------------------------------------------------------------------------------------------------------



Path 2: MET (0 ps) Setup Check with Pin PROC_ENGINE_AXIS_REG_m_data_reg[2216]/CK->D1
          Group: aclk
     Startpoint: (R) retime_s23_257_reg/CK
          Clock: (R) aclk
       Endpoint: (F) PROC_ENGINE_AXIS_REG_m_data_reg[2216]/D1
          Clock: (R) aclk

                     Capture       Launch     
        Clock Edge:+    1000            0     
       Src Latency:+       0            0     
       Net Latency:+       0 (I)        0 (I) 
           Arrival:=    1000            0     
                                              
             Setup:-      42                  
     Required Time:=     958                  
      Launch Clock:-       0                  
         Data Path:-     958                  
             Slack:=       0                  

#-------------------------------------------------------------------------------------------------------------------------------
#                 Timing Point                   Flags    Arc   Edge       Cell        Fanout Load Trans Delay Arrival Instance 
#                                                                                             (fF)  (ps)  (ps)   (ps)  Location 
#-------------------------------------------------------------------------------------------------------------------------------
  retime_s23_257_reg/CK                          -       -      R     (arrival)         15129    -     0     0       0    (-,-) 
  retime_s23_257_reg/Q                           -       CK->Q  R     SDFFQX1MA10TL         2  6.7    26    54      54    (-,-) 
  g306706/Y                                      -       B->Y   R     AND2X1MA10TL          2  8.5    32    33      87    (-,-) 
  PROC_ENGINE_Ua[3].Ma[22].PE_add_29_39_g2672/Y  -       A->Y   F     NAND2X1BA10TL         2  9.5    36    25     111    (-,-) 
  PROC_ENGINE_Ua[3].Ma[22].PE_add_29_39_g2667/Y  -       A0->Y  R     OAI21X2MA10TL         2 11.3    48    33     144    (-,-) 
  g392850/CO                                     -       CI->CO R     ADDFX2MA10TL          2 11.5    28    42     187    (-,-) 
  PROC_ENGINE_Ua[3].Ma[22].PE_add_29_39_g2664/Y  -       B0->Y  F     OAI21X3MA10TL         1  8.8    23    14     201    (-,-) 
  PROC_ENGINE_Ua[3].Ma[22].PE_add_29_39_g2663/Y  -       B0N->Y R     AO21BX3MA10TL         2 11.5    22    14     215    (-,-) 
  PROC_ENGINE_Ua[3].Ma[22].PE_add_29_39_g2662/Y  -       B0->Y  F     OAI21X3MA10TL         1  6.7    21    12     227    (-,-) 
  PROC_ENGINE_Ua[3].Ma[22].PE_add_29_39_g2661/Y  -       B0N->Y R     AO21BX2MA10TL         2 11.3    27    16     243    (-,-) 
  g392849/CO                                     -       CI->CO R     ADDFX1MA10TL          2 11.3    43    45     288    (-,-) 
  g392848/CO                                     -       CI->CO R     ADDFX1MA10TL          2 11.3    43    47     335    (-,-) 
  g392847/CO                                     -       CI->CO R     ADDFX1MA10TL          3 13.6    50    51     385    (-,-) 
  PROC_ENGINE_Ua[3].Ma[22].PE_add_29_39_g2654/Y  -       A->Y   F     NAND2X2BA10TL         2  8.4    24    17     402    (-,-) 
  PROC_ENGINE_Ua[3].Ma[22].PE_add_29_39_g2652/Y  -       B1->Y  F     AO1B2X1MA10TL         1  6.7    27    34     436    (-,-) 
  PROC_ENGINE_Ua[3].Ma[22].PE_add_29_39_g2651/Y  -       A0N->Y R     AO1B2X2MA10TL         2  7.6    20    15     451    (-,-) 
  PROC_ENGINE_Ua[3].Ma[22].PE_add_29_39_g3007/Y  -       A0->Y  R     AO21BX1MA10TL         1  6.7    29    33     485    (-,-) 
  PROC_ENGINE_Ua[3].Ma[22].PE_add_29_39_g3000/CO -       CI->CO R     ADDFX1MA10TL          2  7.6    32    39     524    (-,-) 
  PROC_ENGINE_Ua[3].Ma[22].PE_add_29_39_g2998/Y  -       A0->Y  R     AO21BX1MA10TL         2  7.6    32    37     560    (-,-) 
  PROC_ENGINE_Ua[3].Ma[22].PE_add_29_39_g2996/Y  -       A0->Y  R     AO21BX1MA10TL         2  8.3    34    38     598    (-,-) 
  PROC_ENGINE_Ua[3].Ma[22].PE_add_29_39_g2995/Y  -       A->Y   F     NAND2XBX1MA10TL       2  7.7    28    22     620    (-,-) 
  PROC_ENGINE_Ua[3].Ma[22].PE_add_29_39_g2993/Y  -       A->Y   R     NAND3XXBX1MA10TL      1  4.4    40    25     644    (-,-) 
  PROC_ENGINE_Ua[3].Ma[22].PE_add_29_39_g2991/Y  -       B0->Y  F     OAI21X1MA10TL         2  8.1    35    27     671    (-,-) 
  PROC_ENGINE_Ua[3].Ma[22].PE_add_29_39_g2/Y     -       A0->Y  F     OA21X1MA10TL          2  8.5    22    40     711    (-,-) 
  PROC_ENGINE_Ua[3].Ma[22].PE_add_29_39_g2985/Y  -       A0->Y  R     OAI21BX1MA10TL        2 10.2    79    47     758    (-,-) 
  PROC_ENGINE_Ua[3].Ma[22].PE_add_29_39_g2984/Y  -       B0->Y  F     OAI21X2MA10TL         1  6.7    32    18     776    (-,-) 
  PROC_ENGINE_Ua[3].Ma[22].PE_add_29_39_g2983/Y  -       B0N->Y R     AO21BX2MA10TL         2 10.2    25    17     793    (-,-) 
  g393175/Y                                      -       B0->Y  F     OAI21X2MA10TL         1  6.7    22    14     808    (-,-) 
  PROC_ENGINE_Ua[3].Ma[22].PE_add_29_39_g2980/Y  -       B0N->Y R     AO21BX2MA10TL         2 10.3    25    16     823    (-,-) 
  g393174/Y                                      -       B0->Y  R     AO22X2MA10TL          1  6.7    18    24     848    (-,-) 
  PROC_ENGINE_Ua[3].Ma[22].PE_add_29_39_g2975/CO -       CI->CO R     ADDFX1MA10TL          1  6.7    29    36     883    (-,-) 
  PROC_ENGINE_Ua[3].Ma[22].PE_add_29_39_g2974/CO -       CI->CO R     ADDFX1MA10TL          1  6.0    27    36     920    (-,-) 
  PROC_ENGINE_Ua[3].Ma[22].PE_add_29_39_g2973/Y  -       A->Y   F     XOR3X1MA10TL          3  9.2    34    38     958    (-,-) 
  PROC_ENGINE_AXIS_REG_m_data_reg[2216]/D1       -       -      F     M2SDFFQX1MA10TL       3    -     -     0     958    (-,-) 
#-------------------------------------------------------------------------------------------------------------------------------



Path 3: MET (0 ps) Setup Check with Pin PROC_ENGINE_AXIS_REG_m_data_reg[2168]/CK->D1
          Group: aclk
     Startpoint: (R) retime_s6_1018_reg/CK
          Clock: (R) aclk
       Endpoint: (R) PROC_ENGINE_AXIS_REG_m_data_reg[2168]/D1
          Clock: (R) aclk

                     Capture       Launch     
        Clock Edge:+    1000            0     
       Src Latency:+       0            0     
       Net Latency:+       0 (I)        0 (I) 
           Arrival:=    1000            0     
                                              
             Setup:-      40                  
     Required Time:=     960                  
      Launch Clock:-       0                  
         Data Path:-     960                  
             Slack:=       0                  

#-------------------------------------------------------------------------------------------------------------------------------
#                 Timing Point                   Flags    Arc   Edge       Cell        Fanout Load Trans Delay Arrival Instance 
#                                                                                             (fF)  (ps)  (ps)   (ps)  Location 
#-------------------------------------------------------------------------------------------------------------------------------
  retime_s6_1018_reg/CK                          -       -      R     (arrival)         15129    -     0     0       0    (-,-) 
  retime_s6_1018_reg/Q                           -       CK->Q  F     SDFFQX4MA10TL        38 98.2    42    65      65    (-,-) 
  g306736/Y                                      -       A->Y   F     AND2X2MA10TL          3 12.5    17    32      97    (-,-) 
  PROC_ENGINE_Ua[1].Ma[22].PE_add_29_39_g2674/Y  -       A->Y   F     OR2X1MA10TL           1  6.0    19    29     126    (-,-) 
  g393118/Y                                      -       B1->Y  F     AO22X2MA10TL          2 11.3    18    30     156    (-,-) 
  g392669/CO                                     -       CI->CO F     ADDFX1MA10TL          2 11.3    31    43     199    (-,-) 
  g393117/CO                                     -       CI->CO F     ADDFX2MA10TL          2 11.3    24    42     241    (-,-) 
  g392668/CO                                     -       CI->CO F     ADDFX1MA10TL          2 11.3    31    44     285    (-,-) 
  g392667/CO                                     -       CI->CO F     ADDFX1MA10TL          2 11.3    31    45     331    (-,-) 
  g392666/CO                                     -       CI->CO F     ADDFX1MA10TL          3 13.5    34    48     379    (-,-) 
  PROC_ENGINE_Ua[1].Ma[22].PE_add_29_39_g2654/Y  -       A->Y   R     NAND2X2AA10TL         2  6.8    21    17     395    (-,-) 
  PROC_ENGINE_Ua[1].Ma[22].PE_add_29_39_g2653/Y  -       B->Y   F     NAND3XXBX1MA10TL      1  4.5    31    19     414    (-,-) 
  PROC_ENGINE_Ua[1].Ma[22].PE_add_29_39_g2651/Y  -       A0->Y  F     AO21BX2MA10TL         2  7.6    18    29     444    (-,-) 
  PROC_ENGINE_Ua[1].Ma[22].PE_add_29_39_g3068/Y  -       A0->Y  F     AO21BX1MA10TL         2  8.1    31    35     479    (-,-) 
  PROC_ENGINE_Ua[1].Ma[22].PE_add_29_39_g3058/Y  -       B0->Y  R     OAI21X1MA10TL         1  4.8    48    25     504    (-,-) 
  PROC_ENGINE_Ua[1].Ma[22].PE_add_29_39_g3056/Y  -       B0N->Y F     AO21BX1MA10TL         2  7.6    34    25     529    (-,-) 
  PROC_ENGINE_Ua[1].Ma[22].PE_add_29_39_g3054/Y  -       A0->Y  F     AO21BX1MA10TL         2  7.6    30    37     566    (-,-) 
  PROC_ENGINE_Ua[1].Ma[22].PE_add_29_39_g3052/Y  -       A0->Y  F     AO21BX1MA10TL         2  8.3    32    37     604    (-,-) 
  PROC_ENGINE_Ua[1].Ma[22].PE_add_29_39_g3051/Y  -       A->Y   R     NAND2XBX1MA10TL       2  7.7    41    28     631    (-,-) 
  PROC_ENGINE_Ua[1].Ma[22].PE_add_29_39_g3049/Y  -       A->Y   F     NAND3XXBX1MA10TL      1  4.4    30    21     652    (-,-) 
  PROC_ENGINE_Ua[1].Ma[22].PE_add_29_39_g3047/Y  -       B0->Y  R     OAI21X1MA10TL         2  8.1    67    34     686    (-,-) 
  PROC_ENGINE_Ua[1].Ma[22].PE_add_29_39_g2/Y     -       A0->Y  R     OA21X1MA10TL          2 10.3    38    39     725    (-,-) 
  PROC_ENGINE_Ua[1].Ma[22].PE_add_29_39_g3041/Y  -       A0->Y  F     OAI21BX2MA10TL        2 10.2    29    20     745    (-,-) 
  PROC_ENGINE_Ua[1].Ma[22].PE_add_29_39_g3040/Y  -       B0->Y  R     OAI21X2MA10TL         1  6.7    39    20     765    (-,-) 
  PROC_ENGINE_Ua[1].Ma[22].PE_add_29_39_g3039/Y  -       B0N->Y F     AO21BX2MA10TL         2 10.2    24    17     782    (-,-) 
  PROC_ENGINE_Ua[1].Ma[22].PE_add_29_39_g3037/Y  -       B0->Y  R     OAI21X2MA10TL         1  6.7    39    19     801    (-,-) 
  PROC_ENGINE_Ua[1].Ma[22].PE_add_29_39_g3036/Y  -       A0N->Y F     AO1B2X2MA10TL         2 11.5    24    17     818    (-,-) 
  PROC_ENGINE_Ua[1].Ma[22].PE_add_29_39_g3034/Y  -       B0->Y  R     OAI21X3MA10TL         1  6.7    34    17     835    (-,-) 
  PROC_ENGINE_Ua[1].Ma[22].PE_add_29_39_g3033/Y  -       B0N->Y F     AO21BX2MA10TL         2 10.2    22    17     852    (-,-) 
  PROC_ENGINE_Ua[1].Ma[22].PE_add_29_39_g3031/Y  -       B0->Y  R     OAI21X2MA10TL         1  6.7    39    19     871    (-,-) 
  PROC_ENGINE_Ua[1].Ma[22].PE_add_29_39_g3030/Y  -       B0N->Y F     AO21BX2MA10TL         1  6.7    20    14     885    (-,-) 
  PROC_ENGINE_Ua[1].Ma[22].PE_add_29_39_g3028/CO -       CI->CO F     ADDFX1MA10TL          1  6.0    22    36     921    (-,-) 
  PROC_ENGINE_Ua[1].Ma[22].PE_add_29_39_g3027/Y  -       A->Y   R     XOR3X1MA10TL          3  9.2    37    39     960    (-,-) 
  PROC_ENGINE_AXIS_REG_m_data_reg[2168]/D1       -       -      R     M2SDFFQX1MA10TL       3    -     -     0     960    (-,-) 
#-------------------------------------------------------------------------------------------------------------------------------



Path 4: MET (0 ps) Setup Check with Pin PROC_ENGINE_AXIS_REG_m_data_reg[2168]/CK->D1
          Group: aclk
     Startpoint: (R) retime_s27_102_reg/CK
          Clock: (R) aclk
       Endpoint: (F) PROC_ENGINE_AXIS_REG_m_data_reg[2168]/D1
          Clock: (R) aclk

                     Capture       Launch     
        Clock Edge:+    1000            0     
       Src Latency:+       0            0     
       Net Latency:+       0 (I)        0 (I) 
           Arrival:=    1000            0     
                                              
             Setup:-      42                  
     Required Time:=     958                  
      Launch Clock:-       0                  
         Data Path:-     958                  
             Slack:=       0                  

#-------------------------------------------------------------------------------------------------------------------------------
#                 Timing Point                   Flags    Arc   Edge       Cell        Fanout Load Trans Delay Arrival Instance 
#                                                                                             (fF)  (ps)  (ps)   (ps)  Location 
#-------------------------------------------------------------------------------------------------------------------------------
  retime_s27_102_reg/CK                          -       -      R     (arrival)         15129    -     0     0       0    (-,-) 
  retime_s27_102_reg/Q                           -       CK->Q  R     SDFFQX1MA10TL         2  6.7    26    54      54    (-,-) 
  g306739/Y                                      -       B->Y   R     AND2X1MA10TL          2  8.5    32    33      87    (-,-) 
  PROC_ENGINE_Ua[1].Ma[22].PE_add_29_39_g2672/Y  -       A->Y   F     NAND2X1BA10TL         2  9.6    36    25     112    (-,-) 
  PROC_ENGINE_Ua[1].Ma[22].PE_add_29_39_g2667/Y  -       A1->Y  R     OAI21X2MA10TL         2 10.3    44    32     143    (-,-) 
  g393118/Y                                      -       B0->Y  R     AO22X2MA10TL          2 11.3    25    30     174    (-,-) 
  g392669/CO                                     -       CI->CO R     ADDFX1MA10TL          2 11.3    43    44     218    (-,-) 
  g393117/CO                                     -       CI->CO R     ADDFX2MA10TL          2 11.3    28    41     259    (-,-) 
  g392668/CO                                     -       CI->CO R     ADDFX1MA10TL          2 11.3    43    45     304    (-,-) 
  g392667/CO                                     -       CI->CO R     ADDFX1MA10TL          2 11.3    43    47     351    (-,-) 
  g392666/CO                                     -       CI->CO R     ADDFX1MA10TL          3 13.5    50    50     402    (-,-) 
  PROC_ENGINE_Ua[1].Ma[22].PE_add_29_39_g2654/Y  -       A->Y   F     NAND2X2AA10TL         2  6.8    22    14     416    (-,-) 
  PROC_ENGINE_Ua[1].Ma[22].PE_add_29_39_g2653/Y  -       B->Y   R     NAND3XXBX1MA10TL      1  4.5    41    25     441    (-,-) 
  PROC_ENGINE_Ua[1].Ma[22].PE_add_29_39_g2651/Y  -       A0->Y  R     AO21BX2MA10TL         2  7.6    22    32     473    (-,-) 
  PROC_ENGINE_Ua[1].Ma[22].PE_add_29_39_g3068/Y  -       A0->Y  R     AO21BX1MA10TL         2  8.1    33    36     509    (-,-) 
  PROC_ENGINE_Ua[1].Ma[22].PE_add_29_39_g3058/Y  -       B0->Y  F     OAI21X1MA10TL         1  4.8    26    19     528    (-,-) 
  PROC_ENGINE_Ua[1].Ma[22].PE_add_29_39_g3056/Y  -       B0N->Y R     AO21BX1MA10TL         2  7.6    32    21     549    (-,-) 
  PROC_ENGINE_Ua[1].Ma[22].PE_add_29_39_g3054/Y  -       A0->Y  R     AO21BX1MA10TL         2  7.6    32    37     586    (-,-) 
  PROC_ENGINE_Ua[1].Ma[22].PE_add_29_39_g3052/Y  -       A0->Y  R     AO21BX1MA10TL         2  8.3    34    38     623    (-,-) 
  PROC_ENGINE_Ua[1].Ma[22].PE_add_29_39_g3051/Y  -       A->Y   F     NAND2XBX1MA10TL       2  7.7    28    22     645    (-,-) 
  PROC_ENGINE_Ua[1].Ma[22].PE_add_29_39_g3049/Y  -       A->Y   R     NAND3XXBX1MA10TL      1  4.4    40    25     670    (-,-) 
  PROC_ENGINE_Ua[1].Ma[22].PE_add_29_39_g3047/Y  -       B0->Y  F     OAI21X1MA10TL         2  8.1    35    27     697    (-,-) 
  PROC_ENGINE_Ua[1].Ma[22].PE_add_29_39_g2/Y     -       A0->Y  F     OA21X1MA10TL          2 10.3    25    42     738    (-,-) 
  PROC_ENGINE_Ua[1].Ma[22].PE_add_29_39_g3041/Y  -       A0->Y  R     OAI21BX2MA10TL        2 10.2    42    28     766    (-,-) 
  PROC_ENGINE_Ua[1].Ma[22].PE_add_29_39_g3040/Y  -       B0->Y  F     OAI21X2MA10TL         1  6.7    23    16     782    (-,-) 
  PROC_ENGINE_Ua[1].Ma[22].PE_add_29_39_g3039/Y  -       B0N->Y R     AO21BX2MA10TL         2 10.2    25    16     798    (-,-) 
  PROC_ENGINE_Ua[1].Ma[22].PE_add_29_39_g3037/Y  -       B0->Y  F     OAI21X2MA10TL         1  6.7    22    14     812    (-,-) 
  PROC_ENGINE_Ua[1].Ma[22].PE_add_29_39_g3036/Y  -       A0N->Y R     AO1B2X2MA10TL         2 11.5    26    17     829    (-,-) 
  PROC_ENGINE_Ua[1].Ma[22].PE_add_29_39_g3034/Y  -       B0->Y  F     OAI21X3MA10TL         1  6.7    22    13     842    (-,-) 
  PROC_ENGINE_Ua[1].Ma[22].PE_add_29_39_g3033/Y  -       B0N->Y R     AO21BX2MA10TL         2 10.2    26    15     857    (-,-) 
  PROC_ENGINE_Ua[1].Ma[22].PE_add_29_39_g3031/Y  -       B0->Y  F     OAI21X2MA10TL         1  6.7    22    15     872    (-,-) 
  PROC_ENGINE_Ua[1].Ma[22].PE_add_29_39_g3030/Y  -       B0N->Y R     AO21BX2MA10TL         1  6.7    21    13     885    (-,-) 
  PROC_ENGINE_Ua[1].Ma[22].PE_add_29_39_g3028/CO -       CI->CO R     ADDFX1MA10TL          1  6.0    27    35     920    (-,-) 
  PROC_ENGINE_Ua[1].Ma[22].PE_add_29_39_g3027/Y  -       A->Y   F     XOR3X1MA10TL          3  9.2    34    38     958    (-,-) 
  PROC_ENGINE_AXIS_REG_m_data_reg[2168]/D1       -       -      F     M2SDFFQX1MA10TL       3    -     -     0     958    (-,-) 
#-------------------------------------------------------------------------------------------------------------------------------



Path 5: MET (0 ps) Setup Check with Pin PROC_ENGINE_AXIS_REG_m_data_reg[1880]/CK->D1
          Group: aclk
     Startpoint: (R) retime_s24_80_reg/CK
          Clock: (R) aclk
       Endpoint: (R) PROC_ENGINE_AXIS_REG_m_data_reg[1880]/D1
          Clock: (R) aclk

                     Capture       Launch     
        Clock Edge:+    1000            0     
       Src Latency:+       0            0     
       Net Latency:+       0 (I)        0 (I) 
           Arrival:=    1000            0     
                                              
             Setup:-      38                  
     Required Time:=     962                  
      Launch Clock:-       0                  
         Data Path:-     962                  
             Slack:=       0                  

#-------------------------------------------------------------------------------------------------------------------------------
#                 Timing Point                   Flags    Arc   Edge       Cell        Fanout Load Trans Delay Arrival Instance 
#                                                                                             (fF)  (ps)  (ps)   (ps)  Location 
#-------------------------------------------------------------------------------------------------------------------------------
  retime_s24_80_reg/CK                           -       -      R     (arrival)         15129    -     0     0       0    (-,-) 
  retime_s24_80_reg/Q                            -       CK->Q  F     SDFFQX1MA10TL         2  6.7    16    52      52    (-,-) 
  g305612/Y                                      -       B->Y   F     AND2X1MA10TL          3 12.1    26    34      86    (-,-) 
  PROC_ENGINE_Ua[1].Ma[19].PE_add_29_39_g2445/Y  -       A->Y   R     NOR2X1AA10TL          1  6.3    50    33     119    (-,-) 
  PROC_ENGINE_Ua[1].Ma[19].PE_add_29_39_g2443/Y  -       A0->Y  F     OAI21X2MA10TL         2 11.3    27    21     140    (-,-) 
  g392566/CO                                     -       CI->CO F     ADDFX1MA10TL          2 11.3    31    45     184    (-,-) 
  g392567/CO                                     -       CI->CO F     ADDFX1MA10TL          2 10.3    29    44     229    (-,-) 
  g393060/Y                                      -       B0->Y  F     AO22X2MA10TL          2 11.3    18    30     259    (-,-) 
  g392569/CO                                     -       CI->CO F     ADDFX1MA10TL          2 11.3    31    43     302    (-,-) 
  g392568/CO                                     -       CI->CO F     ADDFX1MA10TL          2 10.2    29    44     346    (-,-) 
  PROC_ENGINE_Ua[1].Ma[19].PE_add_29_39_g2501/Y  -       B0->Y  R     OAI21X2MA10TL         1  6.7    36    20     366    (-,-) 
  PROC_ENGINE_Ua[1].Ma[19].PE_add_29_39_g2500/Y  -       B0N->Y F     AO21BX2MA10TL         3 11.8    24    18     384    (-,-) 
  PROC_ENGINE_Ua[1].Ma[19].PE_add_29_39_g2489/Y  -       A->Y   R     NAND2X1BA10TL         2  9.0    35    23     408    (-,-) 
  PROC_ENGINE_Ua[1].Ma[19].PE_add_29_39_g2487/Y  -       A->Y   F     NAND3XXBX2MA10TL      1  4.5    23    14     422    (-,-) 
  PROC_ENGINE_Ua[1].Ma[19].PE_add_29_39_g2484/Y  -       A0->Y  F     AO21BX2MA10TL         2  7.6    17    28     450    (-,-) 
  PROC_ENGINE_Ua[1].Ma[19].PE_add_29_39_g3055/Y  -       A0->Y  F     AO21BX1MA10TL         2  8.1    31    35     485    (-,-) 
  PROC_ENGINE_Ua[1].Ma[19].PE_add_29_39_g3045/Y  -       B0->Y  R     OAI21X1MA10TL         1  4.6    47    25     509    (-,-) 
  PROC_ENGINE_Ua[1].Ma[19].PE_add_29_39_g3043/Y  -       A0N->Y F     AO1B2X1MA10TL         2  7.6    30    22     531    (-,-) 
  PROC_ENGINE_Ua[1].Ma[19].PE_add_29_39_g3041/Y  -       A0->Y  F     AO21BX1MA10TL         2  8.2    31    37     568    (-,-) 
  PROC_ENGINE_Ua[1].Ma[19].PE_add_29_39_g3039/Y  -       A0->Y  F     AO21BX2MA10TL         2  8.3    21    30     598    (-,-) 
  PROC_ENGINE_Ua[1].Ma[19].PE_add_29_39_g3038/Y  -       A->Y   R     NAND2XBX1MA10TL       2  7.7    41    26     624    (-,-) 
  PROC_ENGINE_Ua[1].Ma[19].PE_add_29_39_g3036/Y  -       A->Y   F     NAND3XXBX1MA10TL      1  4.4    30    21     645    (-,-) 
  PROC_ENGINE_Ua[1].Ma[19].PE_add_29_39_g3034/Y  -       B0->Y  R     OAI21X1MA10TL         2  8.3    68    34     680    (-,-) 
  PROC_ENGINE_Ua[1].Ma[19].PE_add_29_39_g3031/Y  -       A0->Y  F     OAI21X1MA10TL         2  9.3    40    31     710    (-,-) 
  g393062/Y                                      -       B0->Y  R     OAI21X2MA10TL         1  6.3    37    22     732    (-,-) 
  PROC_ENGINE_Ua[1].Ma[19].PE_add_29_39_g3028/Y  -       A->Y   F     NAND2XBX2MA10TL       2 11.5    24    18     749    (-,-) 
  PROC_ENGINE_Ua[1].Ma[19].PE_add_29_39_g3027/Y  -       B0->Y  R     OAI21X3MA10TL         1  6.7    34    16     766    (-,-) 
  PROC_ENGINE_Ua[1].Ma[19].PE_add_29_39_g3026/Y  -       A0N->Y F     AO1B2X2MA10TL         2 10.2    23    16     782    (-,-) 
  g393061/Y                                      -       B0->Y  R     OAI21X2MA10TL         1  6.7    39    19     800    (-,-) 
  PROC_ENGINE_Ua[1].Ma[19].PE_add_29_39_g3023/Y  -       B0N->Y F     AO21BX2MA10TL         2 11.3    25    18     819    (-,-) 
  g392570/CO                                     -       CI->CO F     ADDFX2MA10TL          2 10.2    23    40     859    (-,-) 
  PROC_ENGINE_Ua[1].Ma[19].PE_add_29_39_g3018/Y  -       B0->Y  R     OAI21X2MA10TL         1  6.7    39    19     878    (-,-) 
  PROC_ENGINE_Ua[1].Ma[19].PE_add_29_39_g3017/Y  -       B0N->Y F     AO21BX2MA10TL         1  6.7    20    14     892    (-,-) 
  PROC_ENGINE_Ua[1].Ma[19].PE_add_29_39_g3015/CO -       CI->CO F     ADDFX1P4MA10TL        1  6.5    21    37     929    (-,-) 
  PROC_ENGINE_Ua[1].Ma[19].PE_add_29_39_g3014/Y  -       A->Y   R     XOR3X1P4MA10TL        3  9.2    28    33     962    (-,-) 
  PROC_ENGINE_AXIS_REG_m_data_reg[1880]/D1       -       -      R     M2SDFFQX1MA10TL       3    -     -     0     962    (-,-) 
#-------------------------------------------------------------------------------------------------------------------------------



Path 6: MET (0 ps) Setup Check with Pin PROC_ENGINE_AXIS_REG_m_data_reg[1832]/CK->D1
          Group: aclk
     Startpoint: (R) retime_s19_220_reg/CK
          Clock: (R) aclk
       Endpoint: (F) PROC_ENGINE_AXIS_REG_m_data_reg[1832]/D1
          Clock: (R) aclk

                     Capture       Launch     
        Clock Edge:+    1000            0     
       Src Latency:+       0            0     
       Net Latency:+       0 (I)        0 (I) 
           Arrival:=    1000            0     
                                              
             Setup:-      43                  
     Required Time:=     957                  
      Launch Clock:-       0                  
         Data Path:-     957                  
             Slack:=       0                  

#--------------------------------------------------------------------------------------------------------------------------------
#                 Timing Point                   Flags    Arc   Edge       Cell         Fanout Load Trans Delay Arrival Instance 
#                                                                                              (fF)  (ps)  (ps)   (ps)  Location 
#--------------------------------------------------------------------------------------------------------------------------------
  retime_s19_220_reg/CK                          -       -      R     (arrival)          15129    -     0     0       0    (-,-) 
  retime_s19_220_reg/Q                           -       CK->Q  R     SDFFQX0P5MA10TL        2  5.9    37    65      65    (-,-) 
  g306433/Y                                      -       B->Y   R     AND2X1MA10TL           2  8.5    32    33      98    (-,-) 
  PROC_ENGINE_Ua[3].Ma[18].PE_add_29_39_g2/Y     -       A->Y   F     NAND2X1BA10TL          2  9.5    36    25     123    (-,-) 
  g392994/Y                                      -       A1->Y  R     OAI21BX2MA10TL         2 11.3    46    33     156    (-,-) 
  g392545/CO                                     -       CI->CO R     ADDFX1MA10TL           2 11.3    43    47     203    (-,-) 
  g392547/CO                                     -       CI->CO R     ADDFX1MA10TL           2 11.3    43    47     250    (-,-) 
  g392546/CO                                     -       CI->CO R     ADDFX1MA10TL           2 10.3    40    45     295    (-,-) 
  g393045/Y                                      -       B0->Y  R     AO22X2MA10TL           2 10.2    24    29     325    (-,-) 
  g393046/Y                                      -       B0->Y  F     OAI21X2MA10TL          1  8.5    32    16     340    (-,-) 
  PROC_ENGINE_Ua[3].Ma[18].PE_add_29_39_g2340/Y  -       A0N->Y R     AO1B2X3MA10TL          2 10.3    20    16     356    (-,-) 
  g393047/Y                                      -       B0->Y  R     AO22X2MA10TL           2 10.2    24    27     383    (-,-) 
  PROC_ENGINE_Ua[3].Ma[18].PE_add_29_39_g2354/Y  -       B0->Y  F     OAI21X2MA10TL          2  7.2    30    15     397    (-,-) 
  PROC_ENGINE_Ua[3].Ma[18].PE_add_29_39_g2361/Y  -       A0->Y  F     AO21BX1MA10TL          1  4.8    22    31     428    (-,-) 
  PROC_ENGINE_Ua[3].Ma[18].PE_add_29_39_g2359/Y  -       A->Y   R     NAND2X1BA10TL          2  7.6    31    21     449    (-,-) 
  PROC_ENGINE_Ua[3].Ma[18].PE_add_29_39_g2910/Y  -       A0->Y  R     AO21BX1MA10TL          2  8.1    33    37     486    (-,-) 
  PROC_ENGINE_Ua[3].Ma[18].PE_add_29_39_g2898/Y  -       B0->Y  F     OAI21X1MA10TL          1  4.8    62    19     506    (-,-) 
  PROC_ENGINE_Ua[3].Ma[18].PE_add_29_39_g2895/Y  -       B0N->Y R     AO21BX1MA10TL          2  8.1    42    28     534    (-,-) 
  PROC_ENGINE_Ua[3].Ma[18].PE_add_29_39_g2919/Y  -       B0->Y  F     OAI2XB1X1MA10TL        2  9.7    40    30     563    (-,-) 
  PROC_ENGINE_Ua[3].Ma[18].PE_add_29_39_g2893/Y  -       A->Y   R     NOR2X2AA10TL           2  7.7    34    26     590    (-,-) 
  PROC_ENGINE_Ua[3].Ma[18].PE_add_29_39_g2890/Y  -       A->Y   F     NAND2X1AA10TL          1  4.4    22    16     606    (-,-) 
  PROC_ENGINE_Ua[3].Ma[18].PE_add_29_39_g2364/Y  -       A->Y   R     NAND4XXXBX1MA10TL      2  8.3    83    42     647    (-,-) 
  PROC_ENGINE_Ua[3].Ma[18].PE_add_29_39_g2884/Y  -       A->Y   F     NAND2XBX1MA10TL        2  7.9    41    27     674    (-,-) 
  PROC_ENGINE_Ua[3].Ma[18].PE_add_29_39_g2880/Y  -       A0->Y  R     OAI211X1MA10TL         1  6.7    69    45     720    (-,-) 
  PROC_ENGINE_Ua[3].Ma[18].PE_add_29_39_g2878/CO -       CI->CO R     ADDFX1MA10TL           1  6.7    36    42     762    (-,-) 
  PROC_ENGINE_Ua[3].Ma[18].PE_add_29_39_g2877/CO -       CI->CO R     ADDFX1MA10TL           1  6.7    36    38     800    (-,-) 
  PROC_ENGINE_Ua[3].Ma[18].PE_add_29_39_g2876/CO -       CI->CO R     ADDFX1MA10TL           1  6.7    36    38     839    (-,-) 
  PROC_ENGINE_Ua[3].Ma[18].PE_add_29_39_g2875/CO -       CI->CO R     ADDFX1MA10TL           1  6.7    36    38     877    (-,-) 
  PROC_ENGINE_Ua[3].Ma[18].PE_add_29_39_g2874/CO -       CI->CO R     ADDFX1MA10TL           1  6.0    34    37     914    (-,-) 
  PROC_ENGINE_Ua[3].Ma[18].PE_add_29_39_g2873/Y  -       A->Y   F     XOR3X1MA10TL           4 11.8    40    42     957    (-,-) 
  PROC_ENGINE_AXIS_REG_m_data_reg[1832]/D1       -       -      F     M2SDFFQX1MA10TL        4    -     -     0     957    (-,-) 
#--------------------------------------------------------------------------------------------------------------------------------



Path 7: MET (0 ps) Setup Check with Pin PROC_ENGINE_AXIS_REG_m_data_reg[1736]/CK->D1
          Group: aclk
     Startpoint: (R) retime_s18_322_reg/CK
          Clock: (R) aclk
       Endpoint: (R) PROC_ENGINE_AXIS_REG_m_data_reg[1736]/D1
          Clock: (R) aclk

                     Capture       Launch     
        Clock Edge:+    1000            0     
       Src Latency:+       0            0     
       Net Latency:+       0 (I)        0 (I) 
           Arrival:=    1000            0     
                                              
             Setup:-      38                  
     Required Time:=     962                  
      Launch Clock:-       0                  
         Data Path:-     962                  
             Slack:=       0                  

#-------------------------------------------------------------------------------------------------------------------------------
#                 Timing Point                   Flags    Arc   Edge       Cell        Fanout Load Trans Delay Arrival Instance 
#                                                                                             (fF)  (ps)  (ps)   (ps)  Location 
#-------------------------------------------------------------------------------------------------------------------------------
  retime_s18_322_reg/CK                          -       -      R     (arrival)         15129    -     0     0       0    (-,-) 
  retime_s18_322_reg/Q                           -       CK->Q  F     SDFFQX1MA10TL         2  6.7    16    52      52    (-,-) 
  g306320/Y                                      -       B->Y   F     AND2X1MA10TL          3 12.1    26    34      86    (-,-) 
  PROC_ENGINE_Ua[3].Ma[17].PE_add_29_39_g2462/Y  -       A->Y   R     NOR2X1AA10TL          1  6.3    50    33     119    (-,-) 
  PROC_ENGINE_Ua[3].Ma[17].PE_add_29_39_g2461/Y  -       A0->Y  F     OAI21X2MA10TL         2 11.3    27    21     140    (-,-) 
  g392586/CO                                     -       CI->CO F     ADDFX1MA10TL          2 11.3    31    45     184    (-,-) 
  g392587/CO                                     -       CI->CO F     ADDFX1MA10TL          2 11.3    31    45     230    (-,-) 
  g392588/CO                                     -       CI->CO F     ADDFX1MA10TL          2 10.2    29    44     274    (-,-) 
  PROC_ENGINE_Ua[3].Ma[17].PE_add_29_39_g2471/Y  -       B0->Y  R     OAI21X2MA10TL         1  6.7    34    20     294    (-,-) 
  PROC_ENGINE_Ua[3].Ma[17].PE_add_29_39_g2470/Y  -       B0N->Y F     AO21BX2MA10TL         2 11.3    24    18     312    (-,-) 
  g392589/CO                                     -       CI->CO F     ADDFX1MA10TL          2 10.2    29    43     354    (-,-) 
  PROC_ENGINE_Ua[3].Ma[17].PE_add_29_39_g2441/Y  -       B0->Y  R     OAI21X2MA10TL         1  6.7    36    20     374    (-,-) 
  PROC_ENGINE_Ua[3].Ma[17].PE_add_29_39_g2440/Y  -       B0N->Y F     AO21BX2MA10TL         3 11.8    24    18     393    (-,-) 
  PROC_ENGINE_Ua[3].Ma[17].PE_add_29_39_g2489/Y  -       A->Y   R     NAND2X1BA10TL         2  6.7    28    20     412    (-,-) 
  PROC_ENGINE_Ua[3].Ma[17].PE_add_29_39_g2487/Y  -       B->Y   F     NAND3XXBX1MA10TL      1  4.5    31    19     432    (-,-) 
  PROC_ENGINE_Ua[3].Ma[17].PE_add_29_39_g2484/Y  -       A0->Y  F     AO21BX2MA10TL         2  7.6    18    29     461    (-,-) 
  PROC_ENGINE_Ua[3].Ma[17].PE_add_29_39_g3071/Y  -       A0->Y  F     AO21BX1MA10TL         2  8.1    31    35     496    (-,-) 
  PROC_ENGINE_Ua[3].Ma[17].PE_add_29_39_g3061/Y  -       B0->Y  R     OAI21X1MA10TL         1  4.6    50    25     521    (-,-) 
  PROC_ENGINE_Ua[3].Ma[17].PE_add_29_39_g3059/Y  -       A0N->Y F     AO1B2X1MA10TL         2  8.2    32    23     544    (-,-) 
  PROC_ENGINE_Ua[3].Ma[17].PE_add_29_39_g3057/Y  -       A0->Y  F     AO21BX2MA10TL         2  8.2    22    30     574    (-,-) 
  PROC_ENGINE_Ua[3].Ma[17].PE_add_29_39_g3055/Y  -       A0->Y  F     AO21BX2MA10TL         2  8.3    22    28     602    (-,-) 
  PROC_ENGINE_Ua[3].Ma[17].PE_add_29_39_g3054/Y  -       A->Y   R     NAND2XBX1MA10TL       2  7.7    41    26     628    (-,-) 
  PROC_ENGINE_Ua[3].Ma[17].PE_add_29_39_g3052/Y  -       A->Y   F     NAND3XXBX1MA10TL      1  4.4    30    21     649    (-,-) 
  PROC_ENGINE_Ua[3].Ma[17].PE_add_29_39_g3050/Y  -       B0->Y  R     OAI21X1MA10TL         2  8.3    69    34     684    (-,-) 
  PROC_ENGINE_Ua[3].Ma[17].PE_add_29_39_g3047/Y  -       A0->Y  F     OAI21X1MA10TL         2  9.3    40    31     715    (-,-) 
  PROC_ENGINE_Ua[3].Ma[17].PE_add_29_39_g3046/Y  -       B0->Y  R     OAI21X2MA10TL         1  6.7    42    22     737    (-,-) 
  PROC_ENGINE_Ua[3].Ma[17].PE_add_29_39_g3044/Y  -       B0N->Y F     AO21BX2MA10TL         2 10.3    24    18     755    (-,-) 
  g393075/Y                                      -       B0->Y  F     AO22X2MA10TL          2 11.3    18    30     784    (-,-) 
  g393074/CO                                     -       CI->CO F     ADDFX2MA10TL          2 10.3    23    39     824    (-,-) 
  g393073/Y                                      -       B0->Y  F     AO22X2MA10TL          2 11.3    18    29     853    (-,-) 
  g392590/CO                                     -       CI->CO F     ADDFX1MA10TL          1  6.7    24    37     890    (-,-) 
  PROC_ENGINE_Ua[3].Ma[17].PE_add_29_39_g3031/CO -       CI->CO F     ADDFX1MA10TL          1  6.5    23    38     928    (-,-) 
  PROC_ENGINE_Ua[3].Ma[17].PE_add_29_39_g3030/Y  -       A->Y   R     XOR3X1P4MA10TL        3  9.2    29    34     962    (-,-) 
  PROC_ENGINE_AXIS_REG_m_data_reg[1736]/D1       -       -      R     M2SDFFQX1MA10TL       3    -     -     0     962    (-,-) 
#-------------------------------------------------------------------------------------------------------------------------------



Path 8: MET (0 ps) Setup Check with Pin PROC_ENGINE_AXIS_REG_m_data_reg[1160]/CK->D1
          Group: aclk
     Startpoint: (R) retime_s12_279_reg/CK
          Clock: (R) aclk
       Endpoint: (F) PROC_ENGINE_AXIS_REG_m_data_reg[1160]/D1
          Clock: (R) aclk

                     Capture       Launch     
        Clock Edge:+    1000            0     
       Src Latency:+       0            0     
       Net Latency:+       0 (I)        0 (I) 
           Arrival:=    1000            0     
                                              
             Setup:-      42                  
     Required Time:=     958                  
      Launch Clock:-       0                  
         Data Path:-     958                  
             Slack:=       0                  

#------------------------------------------------------------------------------------------------------------------------------
#                 Timing Point                   Flags    Arc   Edge      Cell        Fanout Load Trans Delay Arrival Instance 
#                                                                                            (fF)  (ps)  (ps)   (ps)  Location 
#------------------------------------------------------------------------------------------------------------------------------
  retime_s12_279_reg/CK                          -       -      R     (arrival)        15129    -     0     0       0    (-,-) 
  retime_s12_279_reg/Q                           -       CK->Q  R     SDFFQX1MA10TL        2  6.7    26    54      54    (-,-) 
  g306083/Y                                      -       A->Y   R     AND2X1MA10TL         2  9.3    35    35      89    (-,-) 
  PROC_ENGINE_Ua[3].Ma[11].PE_add_29_39_g2550/Y  -       A->Y   F     NAND2X1BA10TL        2  8.8    35    24     113    (-,-) 
  PROC_ENGINE_Ua[3].Ma[11].PE_add_29_39_g2537/Y  -       B0->Y  R     OAI21X2MA10TL        2 11.3    48    27     140    (-,-) 
  g392935/CO                                     -       CI->CO R     ADDFX2MA10TL         2 11.5    28    42     183    (-,-) 
  PROC_ENGINE_Ua[3].Ma[11].PE_add_29_39_g2533/Y  -       B0->Y  F     OAI21X3MA10TL        1  8.8    23    14     197    (-,-) 
  PROC_ENGINE_Ua[3].Ma[11].PE_add_29_39_g2532/Y  -       B0N->Y R     AO21BX3MA10TL        2 11.5    22    14     211    (-,-) 
  PROC_ENGINE_Ua[3].Ma[11].PE_add_29_39_g2531/Y  -       B0->Y  F     OAI21X3MA10TL        1  8.8    23    14     224    (-,-) 
  PROC_ENGINE_Ua[3].Ma[11].PE_add_29_39_g2530/Y  -       B0N->Y R     AO21BX3MA10TL        2 11.3    22    14     238    (-,-) 
  g392934/CO                                     -       CI->CO R     ADDFX2MA10TL         2 11.3    28    38     276    (-,-) 
  g392933/CO                                     -       CI->CO R     ADDFX1MA10TL         2 11.3    43    45     321    (-,-) 
  g392932/CO                                     -       CI->CO R     ADDFX1MA10TL         2 12.6    47    49     370    (-,-) 
  PROC_ENGINE_Ua[3].Ma[11].PE_add_29_39_g2523/Y  -       A0->Y  F     AOI22X3MA10TL        2 12.0    36    23     393    (-,-) 
  PROC_ENGINE_Ua[3].Ma[11].PE_add_29_39_g2521/Y  -       A0->Y  R     OAI21X3MA10TL        2  7.6    31    24     417    (-,-) 
  PROC_ENGINE_Ua[3].Ma[11].PE_add_29_39_g2829/Y  -       A0->Y  R     AO21BX1MA10TL        1  6.7    29    35     452    (-,-) 
  PROC_ENGINE_Ua[3].Ma[11].PE_add_29_39_g2823/CO -       CI->CO R     ADDFX1MA10TL         2  7.6    32    39     491    (-,-) 
  PROC_ENGINE_Ua[3].Ma[11].PE_add_29_39_g2821/Y  -       A0->Y  R     AO21BX1MA10TL        1  6.7    29    35     526    (-,-) 
  PROC_ENGINE_Ua[3].Ma[11].PE_add_29_39_g2820/CO -       CI->CO R     ADDFX2MA10TL         2  7.6    22    36     562    (-,-) 
  PROC_ENGINE_Ua[3].Ma[11].PE_add_29_39_g2818/Y  -       A0->Y  R     AO21BX1MA10TL        2  7.6    32    35     597    (-,-) 
  PROC_ENGINE_Ua[3].Ma[11].PE_add_29_39_g2816/Y  -       A0->Y  R     AO21BX1MA10TL        2  8.2    33    38     635    (-,-) 
  PROC_ENGINE_Ua[3].Ma[11].PE_add_29_39_g2814/Y  -       A0->Y  R     AO21BX2MA10TL        2 10.4    25    33     668    (-,-) 
  g392931/CO                                     -       CI->CO R     ADDFX1MA10TL         2 11.3    43    44     712    (-,-) 
  g392930/CO                                     -       CI->CO R     ADDFX1MA10TL         2 11.3    43    47     759    (-,-) 
  g392929/CO                                     -       CI->CO R     ADDFX1MA10TL         2 11.3    43    47     806    (-,-) 
  g392928/CO                                     -       CI->CO R     ADDFX1MA10TL         2  9.0    36    43     849    (-,-) 
  PROC_ENGINE_Ua[3].Ma[11].PE_add_29_39_g2801/Y  -       B0->Y  F     OAI21X1MA10TL        1  4.8    27    19     869    (-,-) 
  PROC_ENGINE_Ua[3].Ma[11].PE_add_29_39_g2800/Y  -       B0N->Y R     AO21BX1MA10TL        1  6.7    30    20     888    (-,-) 
  PROC_ENGINE_Ua[3].Ma[11].PE_add_29_39_g2798/CO -       CI->CO R     ADDFX1MA10TL         1  6.5    29    37     926    (-,-) 
  PROC_ENGINE_Ua[3].Ma[11].PE_add_29_39_g2797/Y  -       A->Y   F     XOR3X1P4MA10TL       3  9.2    30    32     958    (-,-) 
  PROC_ENGINE_AXIS_REG_m_data_reg[1160]/D1       -       -      F     M2SDFFQX1MA10TL      3    -     -     0     958    (-,-) 
#------------------------------------------------------------------------------------------------------------------------------



Path 9: MET (0 ps) Setup Check with Pin PROC_ENGINE_AXIS_REG_m_data_reg[1160]/CK->D1
          Group: aclk
     Startpoint: (R) retime_s12_277_reg/CK
          Clock: (R) aclk
       Endpoint: (F) PROC_ENGINE_AXIS_REG_m_data_reg[1160]/D1
          Clock: (R) aclk

                     Capture       Launch     
        Clock Edge:+    1000            0     
       Src Latency:+       0            0     
       Net Latency:+       0 (I)        0 (I) 
           Arrival:=    1000            0     
                                              
             Setup:-      42                  
     Required Time:=     958                  
      Launch Clock:-       0                  
         Data Path:-     958                  
             Slack:=       0                  

#------------------------------------------------------------------------------------------------------------------------------
#                 Timing Point                   Flags    Arc   Edge      Cell        Fanout Load Trans Delay Arrival Instance 
#                                                                                            (fF)  (ps)  (ps)   (ps)  Location 
#------------------------------------------------------------------------------------------------------------------------------
  retime_s12_277_reg/CK                          -       -      R     (arrival)        15129    -     0     0       0    (-,-) 
  retime_s12_277_reg/Q                           -       CK->Q  R     SDFFQX1MA10TL        2  7.3    27    55      55    (-,-) 
  g306084/Y                                      -       A->Y   R     AND2X2MA10TL         2  7.8    18    25      80    (-,-) 
  PROC_ENGINE_Ua[3].Ma[11].PE_add_29_39_g2545/Y  -       A->Y   F     NAND2X1BA10TL        3 12.4    41    27     107    (-,-) 
  PROC_ENGINE_Ua[3].Ma[11].PE_add_29_39_g2537/Y  -       A1->Y  R     OAI21X2MA10TL        2 11.3    48    34     140    (-,-) 
  g392935/CO                                     -       CI->CO R     ADDFX2MA10TL         2 11.5    28    42     183    (-,-) 
  PROC_ENGINE_Ua[3].Ma[11].PE_add_29_39_g2533/Y  -       B0->Y  F     OAI21X3MA10TL        1  8.8    23    14     197    (-,-) 
  PROC_ENGINE_Ua[3].Ma[11].PE_add_29_39_g2532/Y  -       B0N->Y R     AO21BX3MA10TL        2 11.5    22    14     211    (-,-) 
  PROC_ENGINE_Ua[3].Ma[11].PE_add_29_39_g2531/Y  -       B0->Y  F     OAI21X3MA10TL        1  8.8    23    14     224    (-,-) 
  PROC_ENGINE_Ua[3].Ma[11].PE_add_29_39_g2530/Y  -       B0N->Y R     AO21BX3MA10TL        2 11.3    22    14     238    (-,-) 
  g392934/CO                                     -       CI->CO R     ADDFX2MA10TL         2 11.3    28    38     276    (-,-) 
  g392933/CO                                     -       CI->CO R     ADDFX1MA10TL         2 11.3    43    45     321    (-,-) 
  g392932/CO                                     -       CI->CO R     ADDFX1MA10TL         2 12.6    47    49     370    (-,-) 
  PROC_ENGINE_Ua[3].Ma[11].PE_add_29_39_g2523/Y  -       A0->Y  F     AOI22X3MA10TL        2 12.0    36    23     393    (-,-) 
  PROC_ENGINE_Ua[3].Ma[11].PE_add_29_39_g2521/Y  -       A0->Y  R     OAI21X3MA10TL        2  7.6    31    24     417    (-,-) 
  PROC_ENGINE_Ua[3].Ma[11].PE_add_29_39_g2829/Y  -       A0->Y  R     AO21BX1MA10TL        1  6.7    29    35     452    (-,-) 
  PROC_ENGINE_Ua[3].Ma[11].PE_add_29_39_g2823/CO -       CI->CO R     ADDFX1MA10TL         2  7.6    32    39     491    (-,-) 
  PROC_ENGINE_Ua[3].Ma[11].PE_add_29_39_g2821/Y  -       A0->Y  R     AO21BX1MA10TL        1  6.7    29    35     526    (-,-) 
  PROC_ENGINE_Ua[3].Ma[11].PE_add_29_39_g2820/CO -       CI->CO R     ADDFX2MA10TL         2  7.6    22    36     562    (-,-) 
  PROC_ENGINE_Ua[3].Ma[11].PE_add_29_39_g2818/Y  -       A0->Y  R     AO21BX1MA10TL        2  7.6    32    35     597    (-,-) 
  PROC_ENGINE_Ua[3].Ma[11].PE_add_29_39_g2816/Y  -       A0->Y  R     AO21BX1MA10TL        2  8.2    33    38     635    (-,-) 
  PROC_ENGINE_Ua[3].Ma[11].PE_add_29_39_g2814/Y  -       A0->Y  R     AO21BX2MA10TL        2 10.4    25    33     668    (-,-) 
  g392931/CO                                     -       CI->CO R     ADDFX1MA10TL         2 11.3    43    44     712    (-,-) 
  g392930/CO                                     -       CI->CO R     ADDFX1MA10TL         2 11.3    43    47     759    (-,-) 
  g392929/CO                                     -       CI->CO R     ADDFX1MA10TL         2 11.3    43    47     806    (-,-) 
  g392928/CO                                     -       CI->CO R     ADDFX1MA10TL         2  9.0    36    43     849    (-,-) 
  PROC_ENGINE_Ua[3].Ma[11].PE_add_29_39_g2801/Y  -       B0->Y  F     OAI21X1MA10TL        1  4.8    27    19     869    (-,-) 
  PROC_ENGINE_Ua[3].Ma[11].PE_add_29_39_g2800/Y  -       B0N->Y R     AO21BX1MA10TL        1  6.7    30    20     888    (-,-) 
  PROC_ENGINE_Ua[3].Ma[11].PE_add_29_39_g2798/CO -       CI->CO R     ADDFX1MA10TL         1  6.5    29    37     926    (-,-) 
  PROC_ENGINE_Ua[3].Ma[11].PE_add_29_39_g2797/Y  -       A->Y   F     XOR3X1P4MA10TL       3  9.2    30    32     958    (-,-) 
  PROC_ENGINE_AXIS_REG_m_data_reg[1160]/D1       -       -      F     M2SDFFQX1MA10TL      3    -     -     0     958    (-,-) 
#------------------------------------------------------------------------------------------------------------------------------



Path 10: MET (0 ps) Setup Check with Pin PROC_ENGINE_AXIS_REG_m_data_reg[1136]/CK->D1
          Group: aclk
     Startpoint: (R) retime_s6_788_reg/CK
          Clock: (R) aclk
       Endpoint: (R) PROC_ENGINE_AXIS_REG_m_data_reg[1136]/D1
          Clock: (R) aclk

                     Capture       Launch     
        Clock Edge:+    1000            0     
       Src Latency:+       0            0     
       Net Latency:+       0 (I)        0 (I) 
           Arrival:=    1000            0     
                                              
             Setup:-      40                  
     Required Time:=     960                  
      Launch Clock:-       0                  
         Data Path:-     960                  
             Slack:=       0                  

#-------------------------------------------------------------------------------------------------------------------------------
#                 Timing Point                   Flags    Arc   Edge       Cell        Fanout Load Trans Delay Arrival Instance 
#                                                                                             (fF)  (ps)  (ps)   (ps)  Location 
#-------------------------------------------------------------------------------------------------------------------------------
  retime_s6_788_reg/CK                           -       -      R     (arrival)         15129    -     0     0       0    (-,-) 
  retime_s6_788_reg/Q                            -       CK->Q  F     SDFFQX1MA10TL         2  6.7    16    52      52    (-,-) 
  g305560/Y                                      -       B->Y   F     AND2X1MA10TL          3 12.1    26    34      86    (-,-) 
  PROC_ENGINE_Ua[2].Ma[11].PE_add_29_39_g2672/Y  -       A->Y   R     NOR2X1AA10TL          1  8.3    62    39     125    (-,-) 
  PROC_ENGINE_Ua[2].Ma[11].PE_add_29_39_g2664/Y  -       A0->Y  F     OAI21X3MA10TL         2 11.3    24    18     143    (-,-) 
  g392854/CO                                     -       CI->CO F     ADDFX1MA10TL          2 11.5    31    44     187    (-,-) 
  PROC_ENGINE_Ua[2].Ma[11].PE_add_29_39_g2661/Y  -       B0->Y  R     OAI21X3MA10TL         1  8.8    32    20     207    (-,-) 
  PROC_ENGINE_Ua[2].Ma[11].PE_add_29_39_g2660/Y  -       B0N->Y F     AO21BX3MA10TL         2 12.9    20    15     223    (-,-) 
  PROC_ENGINE_Ua[2].Ma[11].PE_add_29_39_g2659/Y  -       B0->Y  R     OAI21X4MA10TL         1  8.8    27    16     238    (-,-) 
  PROC_ENGINE_Ua[2].Ma[11].PE_add_29_39_g2658/Y  -       B0N->Y F     AO21BX3MA10TL         2 11.3    18    14     252    (-,-) 
  g392853/CO                                     -       CI->CO F     ADDFX1MA10TL          2 11.3    31    43     295    (-,-) 
  g392852/CO                                     -       CI->CO F     ADDFX1MA10TL          2 11.3    31    45     340    (-,-) 
  g392851/CO                                     -       CI->CO F     ADDFX1MA10TL          3 13.5    34    48     388    (-,-) 
  PROC_ENGINE_Ua[2].Ma[11].PE_add_29_39_g2651/Y  -       A->Y   R     NAND2X2AA10TL         2  7.6    22    17     406    (-,-) 
  PROC_ENGINE_Ua[2].Ma[11].PE_add_29_39_g2649/Y  -       B1->Y  R     AO1B2X1MA10TL         1  6.7    29    33     438    (-,-) 
  PROC_ENGINE_Ua[2].Ma[11].PE_add_29_39_g2648/Y  -       A0N->Y F     AO1B2X2MA10TL         2  7.6    18    13     452    (-,-) 
  PROC_ENGINE_Ua[2].Ma[11].PE_add_29_39_g3028/Y  -       A0->Y  F     AO21BX1MA10TL         1  6.7    27    33     484    (-,-) 
  PROC_ENGINE_Ua[2].Ma[11].PE_add_29_39_g3020/CO -       CI->CO F     ADDFX1MA10TL          2  7.6    25    40     524    (-,-) 
  PROC_ENGINE_Ua[2].Ma[11].PE_add_29_39_g3018/Y  -       A0->Y  F     AO21BX1MA10TL         2  7.6    30    35     559    (-,-) 
  PROC_ENGINE_Ua[2].Ma[11].PE_add_29_39_g3016/Y  -       A0->Y  F     AO21BX1MA10TL         2  8.3    32    37     597    (-,-) 
  PROC_ENGINE_Ua[2].Ma[11].PE_add_29_39_g3015/Y  -       A->Y   R     NAND2XBX1MA10TL       2  7.7    41    28     625    (-,-) 
  PROC_ENGINE_Ua[2].Ma[11].PE_add_29_39_g3013/Y  -       A->Y   F     NAND3XXBX1MA10TL      1  4.4    30    21     646    (-,-) 
  PROC_ENGINE_Ua[2].Ma[11].PE_add_29_39_g3011/Y  -       B0->Y  R     OAI21X1MA10TL         2  8.1    67    34     680    (-,-) 
  PROC_ENGINE_Ua[2].Ma[11].PE_add_29_39_g2/Y     -       A0->Y  R     OA21X1MA10TL          2  8.5    32    36     716    (-,-) 
  PROC_ENGINE_Ua[2].Ma[11].PE_add_29_39_g3005/Y  -       A0->Y  F     OAI21BX1MA10TL        2 10.2    42    30     746    (-,-) 
  PROC_ENGINE_Ua[2].Ma[11].PE_add_29_39_g3004/Y  -       B0->Y  R     OAI21X2MA10TL         1  6.7    39    23     768    (-,-) 
  PROC_ENGINE_Ua[2].Ma[11].PE_add_29_39_g3003/Y  -       B0N->Y F     AO21BX2MA10TL         2 10.2    24    17     786    (-,-) 
  g393177/Y                                      -       B0->Y  R     OAI21X2MA10TL         1  6.7    39    19     804    (-,-) 
  PROC_ENGINE_Ua[2].Ma[11].PE_add_29_39_g3000/Y  -       B0N->Y F     AO21BX2MA10TL         2 10.3    24    17     822    (-,-) 
  g393176/Y                                      -       B0->Y  F     AO22X2MA10TL          1  6.7    14    27     848    (-,-) 
  PROC_ENGINE_Ua[2].Ma[11].PE_add_29_39_g2995/CO -       CI->CO F     ADDFX1MA10TL          1  6.7    23    36     885    (-,-) 
  PROC_ENGINE_Ua[2].Ma[11].PE_add_29_39_g2994/CO -       CI->CO F     ADDFX2MA10TL          1  6.0    19    37     922    (-,-) 
  PROC_ENGINE_Ua[2].Ma[11].PE_add_29_39_g2993/Y  -       A->Y   R     XOR3X1MA10TL          3  9.2    37    39     960    (-,-) 
  PROC_ENGINE_AXIS_REG_m_data_reg[1136]/D1       -       -      R     M2SDFFQX1MA10TL       3    -     -     0     960    (-,-) 
#-------------------------------------------------------------------------------------------------------------------------------

