============================================================
  Generated by:           Genus(TM) Synthesis Solution 18.10-p003_1
  Generated on:           Oct 05 2021  04:51:22 pm
  Module:                 axis_accelerator_asic
  Technology libraries:   tcbn45gsbwpbc0d88 120
                          tcbn45gsbwpbc0d880d88 120
                          tcbn45gsbwpbc0d880d99 120
                          tcbn45gsbwpbc0d881d1 120
                          physical_cells 
  Operating conditions:   BC0D88COM 
  Interconnect mode:      global
  Area mode:              physical library
============================================================

              Instance                                    Module                        Cell Count  Cell Area   Net Area   Total Area 
--------------------------------------------------------------------------------------------------------------------------------------
axis_accelerator_asic                                                                        98777 252343.022 164777.565   417120.588 
  CONV_ENGINE                       axis_conv_engine_ZERO0                                   46298 107133.718  79142.101   186275.819 
    ENGINE                          conv_engine_ZERO0                                        46288 107113.079  79129.275   186242.353 
      Cm[0].Gm[0].Um[13].Mm[0].MUL  multiplier_raw_182                                         129    260.190    204.109      464.299 
      Cm[0].Gm[0].Um[12].Mm[0].MUL  multiplier_raw_168                                         129    260.190    204.109      464.299 
      Cm[0].Gm[0].Um[11].Mm[0].MUL  multiplier_raw_154                                         129    260.190    204.109      464.299 
      Cm[0].Gm[0].Um[10].Mm[0].MUL  multiplier_raw_140                                         129    260.190    204.109      464.299 
      Cm[0].Gm[0].Um[9].Mm[0].MUL   multiplier_raw_126                                         129    260.190    204.109      464.299 
      Cm[0].Gm[0].Um[8].Mm[0].MUL   multiplier_raw_112                                         129    260.190    204.109      464.299 
      Cm[0].Gm[0].Um[7].Mm[0].MUL   multiplier_raw_98                                          129    260.190    204.109      464.299 
      Cm[0].Gm[0].Um[6].Mm[0].MUL   multiplier_raw_84                                          129    260.190    204.109      464.299 
      Cm[0].Gm[0].Um[5].Mm[0].MUL   multiplier_raw_70                                          129    260.190    204.109      464.299 
      Cm[0].Gm[0].Um[4].Mm[0].MUL   multiplier_raw_56                                          129    260.190    204.109      464.299 
      Cm[0].Gm[0].Um[3].Mm[0].MUL   multiplier_raw_42                                          129    260.190    204.109      464.299 
      Cm[0].Gm[0].Um[2].Mm[0].MUL   multiplier_raw_28                                          129    260.190    204.109      464.299 
      Cm[0].Gm[0].Um[1].Mm[0].MUL   multiplier_raw_14                                          129    260.190    204.109      464.299 
      Cm[0].Gm[0].Um[0].Mm[0].MUL   multiplier_raw                                             129    260.190    204.109      464.299 
      Cm[0].Gm[0].Um[13].Mm[13].MUL multiplier_raw_195                                         129    260.190    203.605      463.795 
      Cm[0].Gm[0].Um[13].Mm[12].MUL multiplier_raw_194                                         129    260.190    203.605      463.795 
      Cm[0].Gm[0].Um[13].Mm[11].MUL multiplier_raw_193                                         129    260.190    203.605      463.795 
      Cm[0].Gm[0].Um[13].Mm[10].MUL multiplier_raw_192                                         129    260.190    203.605      463.795 
      Cm[0].Gm[0].Um[13].Mm[9].MUL  multiplier_raw_191                                         129    260.190    203.605      463.795 
      Cm[0].Gm[0].Um[13].Mm[8].MUL  multiplier_raw_190                                         129    260.190    203.605      463.795 
      Cm[0].Gm[0].Um[13].Mm[7].MUL  multiplier_raw_189                                         129    260.190    203.605      463.795 
      Cm[0].Gm[0].Um[13].Mm[6].MUL  multiplier_raw_188                                         129    260.190    203.605      463.795 
      Cm[0].Gm[0].Um[13].Mm[5].MUL  multiplier_raw_187                                         129    260.190    203.605      463.795 
      Cm[0].Gm[0].Um[13].Mm[4].MUL  multiplier_raw_186                                         129    260.190    203.605      463.795 
      Cm[0].Gm[0].Um[13].Mm[3].MUL  multiplier_raw_185                                         129    260.190    203.605      463.795 
      Cm[0].Gm[0].Um[13].Mm[2].MUL  multiplier_raw_184                                         129    260.190    203.605      463.795 
      Cm[0].Gm[0].Um[13].Mm[1].MUL  multiplier_raw_183                                         129    260.190    203.605      463.795 
      Cm[0].Gm[0].Um[12].Mm[13].MUL multiplier_raw_181                                         129    260.190    203.605      463.795 
      Cm[0].Gm[0].Um[12].Mm[12].MUL multiplier_raw_180                                         129    260.190    203.605      463.795 
      Cm[0].Gm[0].Um[12].Mm[11].MUL multiplier_raw_179                                         129    260.190    203.605      463.795 
      Cm[0].Gm[0].Um[12].Mm[10].MUL multiplier_raw_178                                         129    260.190    203.605      463.795 
      Cm[0].Gm[0].Um[12].Mm[9].MUL  multiplier_raw_177                                         129    260.190    203.605      463.795 
      Cm[0].Gm[0].Um[12].Mm[8].MUL  multiplier_raw_176                                         129    260.190    203.605      463.795 
      Cm[0].Gm[0].Um[12].Mm[7].MUL  multiplier_raw_175                                         129    260.190    203.605      463.795 
      Cm[0].Gm[0].Um[12].Mm[6].MUL  multiplier_raw_174                                         129    260.190    203.605      463.795 
      Cm[0].Gm[0].Um[12].Mm[5].MUL  multiplier_raw_173                                         129    260.190    203.605      463.795 
      Cm[0].Gm[0].Um[12].Mm[4].MUL  multiplier_raw_172                                         129    260.190    203.605      463.795 
      Cm[0].Gm[0].Um[12].Mm[3].MUL  multiplier_raw_171                                         129    260.190    203.605      463.795 
      Cm[0].Gm[0].Um[12].Mm[2].MUL  multiplier_raw_170                                         129    260.190    203.605      463.795 
      Cm[0].Gm[0].Um[12].Mm[1].MUL  multiplier_raw_169                                         129    260.190    203.605      463.795 
      Cm[0].Gm[0].Um[11].Mm[13].MUL multiplier_raw_167                                         129    260.190    203.605      463.795 
      Cm[0].Gm[0].Um[11].Mm[12].MUL multiplier_raw_166                                         129    260.190    203.605      463.795 
      Cm[0].Gm[0].Um[11].Mm[11].MUL multiplier_raw_165                                         129    260.190    203.605      463.795 
      Cm[0].Gm[0].Um[11].Mm[10].MUL multiplier_raw_164                                         129    260.190    203.605      463.795 
      Cm[0].Gm[0].Um[11].Mm[9].MUL  multiplier_raw_163                                         129    260.190    203.605      463.795 
      Cm[0].Gm[0].Um[11].Mm[8].MUL  multiplier_raw_162                                         129    260.190    203.605      463.795 
      Cm[0].Gm[0].Um[11].Mm[7].MUL  multiplier_raw_161                                         129    260.190    203.605      463.795 
      Cm[0].Gm[0].Um[11].Mm[6].MUL  multiplier_raw_160                                         129    260.190    203.605      463.795 
      Cm[0].Gm[0].Um[11].Mm[5].MUL  multiplier_raw_159                                         129    260.190    203.605      463.795 
      Cm[0].Gm[0].Um[11].Mm[4].MUL  multiplier_raw_158                                         129    260.190    203.605      463.795 
      Cm[0].Gm[0].Um[11].Mm[3].MUL  multiplier_raw_157                                         129    260.190    203.605      463.795 
      Cm[0].Gm[0].Um[11].Mm[2].MUL  multiplier_raw_156                                         129    260.190    203.605      463.795 
      Cm[0].Gm[0].Um[11].Mm[1].MUL  multiplier_raw_155                                         129    260.190    203.605      463.795 
      Cm[0].Gm[0].Um[10].Mm[13].MUL multiplier_raw_153                                         129    260.190    203.605      463.795 
      Cm[0].Gm[0].Um[10].Mm[12].MUL multiplier_raw_152                                         129    260.190    203.605      463.795 
      Cm[0].Gm[0].Um[10].Mm[11].MUL multiplier_raw_151                                         129    260.190    203.605      463.795 
      Cm[0].Gm[0].Um[10].Mm[10].MUL multiplier_raw_150                                         129    260.190    203.605      463.795 
      Cm[0].Gm[0].Um[10].Mm[9].MUL  multiplier_raw_149                                         129    260.190    203.605      463.795 
      Cm[0].Gm[0].Um[10].Mm[8].MUL  multiplier_raw_148                                         129    260.190    203.605      463.795 
      Cm[0].Gm[0].Um[10].Mm[7].MUL  multiplier_raw_147                                         129    260.190    203.605      463.795 
      Cm[0].Gm[0].Um[10].Mm[6].MUL  multiplier_raw_146                                         129    260.190    203.605      463.795 
      Cm[0].Gm[0].Um[10].Mm[5].MUL  multiplier_raw_145                                         129    260.190    203.605      463.795 
      Cm[0].Gm[0].Um[10].Mm[4].MUL  multiplier_raw_144                                         129    260.190    203.605      463.795 
      Cm[0].Gm[0].Um[10].Mm[3].MUL  multiplier_raw_143                                         129    260.190    203.605      463.795 
      Cm[0].Gm[0].Um[10].Mm[2].MUL  multiplier_raw_142                                         129    260.190    203.605      463.795 
      Cm[0].Gm[0].Um[10].Mm[1].MUL  multiplier_raw_141                                         129    260.190    203.605      463.795 
      Cm[0].Gm[0].Um[9].Mm[13].MUL  multiplier_raw_139                                         129    260.190    203.605      463.795 
      Cm[0].Gm[0].Um[9].Mm[12].MUL  multiplier_raw_138                                         129    260.190    203.605      463.795 
      Cm[0].Gm[0].Um[9].Mm[11].MUL  multiplier_raw_137                                         129    260.190    203.605      463.795 
      Cm[0].Gm[0].Um[9].Mm[10].MUL  multiplier_raw_136                                         129    260.190    203.605      463.795 
      Cm[0].Gm[0].Um[9].Mm[9].MUL   multiplier_raw_135                                         129    260.190    203.605      463.795 
      Cm[0].Gm[0].Um[9].Mm[8].MUL   multiplier_raw_134                                         129    260.190    203.605      463.795 
      Cm[0].Gm[0].Um[9].Mm[7].MUL   multiplier_raw_133                                         129    260.190    203.605      463.795 
      Cm[0].Gm[0].Um[9].Mm[6].MUL   multiplier_raw_132                                         129    260.190    203.605      463.795 
      Cm[0].Gm[0].Um[9].Mm[5].MUL   multiplier_raw_131                                         129    260.190    203.605      463.795 
      Cm[0].Gm[0].Um[9].Mm[4].MUL   multiplier_raw_130                                         129    260.190    203.605      463.795 
      Cm[0].Gm[0].Um[9].Mm[3].MUL   multiplier_raw_129                                         129    260.190    203.605      463.795 
      Cm[0].Gm[0].Um[9].Mm[2].MUL   multiplier_raw_128                                         129    260.190    203.605      463.795 
      Cm[0].Gm[0].Um[9].Mm[1].MUL   multiplier_raw_127                                         129    260.190    203.605      463.795 
      Cm[0].Gm[0].Um[8].Mm[13].MUL  multiplier_raw_125                                         129    260.190    203.605      463.795 
      Cm[0].Gm[0].Um[8].Mm[12].MUL  multiplier_raw_124                                         129    260.190    203.605      463.795 
      Cm[0].Gm[0].Um[8].Mm[11].MUL  multiplier_raw_123                                         129    260.190    203.605      463.795 
      Cm[0].Gm[0].Um[8].Mm[10].MUL  multiplier_raw_122                                         129    260.190    203.605      463.795 
      Cm[0].Gm[0].Um[8].Mm[9].MUL   multiplier_raw_121                                         129    260.190    203.605      463.795 
      Cm[0].Gm[0].Um[8].Mm[8].MUL   multiplier_raw_120                                         129    260.190    203.605      463.795 
      Cm[0].Gm[0].Um[8].Mm[7].MUL   multiplier_raw_119                                         129    260.190    203.605      463.795 
      Cm[0].Gm[0].Um[8].Mm[6].MUL   multiplier_raw_118                                         129    260.190    203.605      463.795 
      Cm[0].Gm[0].Um[8].Mm[5].MUL   multiplier_raw_117                                         129    260.190    203.605      463.795 
      Cm[0].Gm[0].Um[8].Mm[4].MUL   multiplier_raw_116                                         129    260.190    203.605      463.795 
      Cm[0].Gm[0].Um[8].Mm[3].MUL   multiplier_raw_115                                         129    260.190    203.605      463.795 
      Cm[0].Gm[0].Um[8].Mm[2].MUL   multiplier_raw_114                                         129    260.190    203.605      463.795 
      Cm[0].Gm[0].Um[8].Mm[1].MUL   multiplier_raw_113                                         129    260.190    203.605      463.795 
      Cm[0].Gm[0].Um[7].Mm[13].MUL  multiplier_raw_111                                         129    260.190    203.605      463.795 
      Cm[0].Gm[0].Um[7].Mm[12].MUL  multiplier_raw_110                                         129    260.190    203.605      463.795 
      Cm[0].Gm[0].Um[7].Mm[11].MUL  multiplier_raw_109                                         129    260.190    203.605      463.795 
      Cm[0].Gm[0].Um[7].Mm[10].MUL  multiplier_raw_108                                         129    260.190    203.605      463.795 
      Cm[0].Gm[0].Um[7].Mm[9].MUL   multiplier_raw_107                                         129    260.190    203.605      463.795 
      Cm[0].Gm[0].Um[7].Mm[8].MUL   multiplier_raw_106                                         129    260.190    203.605      463.795 
      Cm[0].Gm[0].Um[7].Mm[7].MUL   multiplier_raw_105                                         129    260.190    203.605      463.795 
      Cm[0].Gm[0].Um[7].Mm[6].MUL   multiplier_raw_104                                         129    260.190    203.605      463.795 
      Cm[0].Gm[0].Um[7].Mm[5].MUL   multiplier_raw_103                                         129    260.190    203.605      463.795 
      Cm[0].Gm[0].Um[7].Mm[4].MUL   multiplier_raw_102                                         129    260.190    203.605      463.795 
      Cm[0].Gm[0].Um[7].Mm[3].MUL   multiplier_raw_101                                         129    260.190    203.605      463.795 
      Cm[0].Gm[0].Um[7].Mm[2].MUL   multiplier_raw_100                                         129    260.190    203.605      463.795 
      Cm[0].Gm[0].Um[7].Mm[1].MUL   multiplier_raw_99                                          129    260.190    203.605      463.795 
      Cm[0].Gm[0].Um[6].Mm[13].MUL  multiplier_raw_97                                          129    260.190    203.605      463.795 
      Cm[0].Gm[0].Um[6].Mm[12].MUL  multiplier_raw_96                                          129    260.190    203.605      463.795 
      Cm[0].Gm[0].Um[6].Mm[11].MUL  multiplier_raw_95                                          129    260.190    203.605      463.795 
      Cm[0].Gm[0].Um[6].Mm[10].MUL  multiplier_raw_94                                          129    260.190    203.605      463.795 
      Cm[0].Gm[0].Um[6].Mm[9].MUL   multiplier_raw_93                                          129    260.190    203.605      463.795 
      Cm[0].Gm[0].Um[6].Mm[8].MUL   multiplier_raw_92                                          129    260.190    203.605      463.795 
      Cm[0].Gm[0].Um[6].Mm[7].MUL   multiplier_raw_91                                          129    260.190    203.605      463.795 
      Cm[0].Gm[0].Um[6].Mm[6].MUL   multiplier_raw_90                                          129    260.190    203.605      463.795 
      Cm[0].Gm[0].Um[6].Mm[5].MUL   multiplier_raw_89                                          129    260.190    203.605      463.795 
      Cm[0].Gm[0].Um[6].Mm[4].MUL   multiplier_raw_88                                          129    260.190    203.605      463.795 
      Cm[0].Gm[0].Um[6].Mm[3].MUL   multiplier_raw_87                                          129    260.190    203.605      463.795 
      Cm[0].Gm[0].Um[6].Mm[2].MUL   multiplier_raw_86                                          129    260.190    203.605      463.795 
      Cm[0].Gm[0].Um[6].Mm[1].MUL   multiplier_raw_85                                          129    260.190    203.605      463.795 
      Cm[0].Gm[0].Um[5].Mm[13].MUL  multiplier_raw_83                                          129    260.190    203.605      463.795 
      Cm[0].Gm[0].Um[5].Mm[12].MUL  multiplier_raw_82                                          129    260.190    203.605      463.795 
      Cm[0].Gm[0].Um[5].Mm[11].MUL  multiplier_raw_81                                          129    260.190    203.605      463.795 
      Cm[0].Gm[0].Um[5].Mm[10].MUL  multiplier_raw_80                                          129    260.190    203.605      463.795 
      Cm[0].Gm[0].Um[5].Mm[9].MUL   multiplier_raw_79                                          129    260.190    203.605      463.795 
      Cm[0].Gm[0].Um[5].Mm[8].MUL   multiplier_raw_78                                          129    260.190    203.605      463.795 
      Cm[0].Gm[0].Um[5].Mm[7].MUL   multiplier_raw_77                                          129    260.190    203.605      463.795 
      Cm[0].Gm[0].Um[5].Mm[6].MUL   multiplier_raw_76                                          129    260.190    203.605      463.795 
      Cm[0].Gm[0].Um[5].Mm[5].MUL   multiplier_raw_75                                          129    260.190    203.605      463.795 
      Cm[0].Gm[0].Um[5].Mm[4].MUL   multiplier_raw_74                                          129    260.190    203.605      463.795 
      Cm[0].Gm[0].Um[5].Mm[3].MUL   multiplier_raw_73                                          129    260.190    203.605      463.795 
      Cm[0].Gm[0].Um[5].Mm[2].MUL   multiplier_raw_72                                          129    260.190    203.605      463.795 
      Cm[0].Gm[0].Um[5].Mm[1].MUL   multiplier_raw_71                                          129    260.190    203.605      463.795 
      Cm[0].Gm[0].Um[4].Mm[13].MUL  multiplier_raw_69                                          129    260.190    203.605      463.795 
      Cm[0].Gm[0].Um[4].Mm[12].MUL  multiplier_raw_68                                          129    260.190    203.605      463.795 
      Cm[0].Gm[0].Um[4].Mm[11].MUL  multiplier_raw_67                                          129    260.190    203.605      463.795 
      Cm[0].Gm[0].Um[4].Mm[10].MUL  multiplier_raw_66                                          129    260.190    203.605      463.795 
      Cm[0].Gm[0].Um[4].Mm[9].MUL   multiplier_raw_65                                          129    260.190    203.605      463.795 
      Cm[0].Gm[0].Um[4].Mm[8].MUL   multiplier_raw_64                                          129    260.190    203.605      463.795 
      Cm[0].Gm[0].Um[4].Mm[7].MUL   multiplier_raw_63                                          129    260.190    203.605      463.795 
      Cm[0].Gm[0].Um[4].Mm[6].MUL   multiplier_raw_62                                          129    260.190    203.605      463.795 
      Cm[0].Gm[0].Um[4].Mm[5].MUL   multiplier_raw_61                                          129    260.190    203.605      463.795 
      Cm[0].Gm[0].Um[4].Mm[4].MUL   multiplier_raw_60                                          129    260.190    203.605      463.795 
      Cm[0].Gm[0].Um[4].Mm[3].MUL   multiplier_raw_59                                          129    260.190    203.605      463.795 
      Cm[0].Gm[0].Um[4].Mm[2].MUL   multiplier_raw_58                                          129    260.190    203.605      463.795 
      Cm[0].Gm[0].Um[4].Mm[1].MUL   multiplier_raw_57                                          129    260.190    203.605      463.795 
      Cm[0].Gm[0].Um[3].Mm[13].MUL  multiplier_raw_55                                          129    260.190    203.605      463.795 
      Cm[0].Gm[0].Um[3].Mm[12].MUL  multiplier_raw_54                                          129    260.190    203.605      463.795 
      Cm[0].Gm[0].Um[3].Mm[11].MUL  multiplier_raw_53                                          129    260.190    203.605      463.795 
      Cm[0].Gm[0].Um[3].Mm[10].MUL  multiplier_raw_52                                          129    260.190    203.605      463.795 
      Cm[0].Gm[0].Um[3].Mm[9].MUL   multiplier_raw_51                                          129    260.190    203.605      463.795 
      Cm[0].Gm[0].Um[3].Mm[8].MUL   multiplier_raw_50                                          129    260.190    203.605      463.795 
      Cm[0].Gm[0].Um[3].Mm[7].MUL   multiplier_raw_49                                          129    260.190    203.605      463.795 
      Cm[0].Gm[0].Um[3].Mm[6].MUL   multiplier_raw_48                                          129    260.190    203.605      463.795 
      Cm[0].Gm[0].Um[3].Mm[5].MUL   multiplier_raw_47                                          129    260.190    203.605      463.795 
      Cm[0].Gm[0].Um[3].Mm[4].MUL   multiplier_raw_46                                          129    260.190    203.605      463.795 
      Cm[0].Gm[0].Um[3].Mm[3].MUL   multiplier_raw_45                                          129    260.190    203.605      463.795 
      Cm[0].Gm[0].Um[3].Mm[2].MUL   multiplier_raw_44                                          129    260.190    203.605      463.795 
      Cm[0].Gm[0].Um[3].Mm[1].MUL   multiplier_raw_43                                          129    260.190    203.605      463.795 
      Cm[0].Gm[0].Um[2].Mm[13].MUL  multiplier_raw_41                                          129    260.190    203.605      463.795 
      Cm[0].Gm[0].Um[2].Mm[12].MUL  multiplier_raw_40                                          129    260.190    203.605      463.795 
      Cm[0].Gm[0].Um[2].Mm[11].MUL  multiplier_raw_39                                          129    260.190    203.605      463.795 
      Cm[0].Gm[0].Um[2].Mm[10].MUL  multiplier_raw_38                                          129    260.190    203.605      463.795 
      Cm[0].Gm[0].Um[2].Mm[9].MUL   multiplier_raw_37                                          129    260.190    203.605      463.795 
      Cm[0].Gm[0].Um[2].Mm[8].MUL   multiplier_raw_36                                          129    260.190    203.605      463.795 
      Cm[0].Gm[0].Um[2].Mm[7].MUL   multiplier_raw_35                                          129    260.190    203.605      463.795 
      Cm[0].Gm[0].Um[2].Mm[6].MUL   multiplier_raw_34                                          129    260.190    203.605      463.795 
      Cm[0].Gm[0].Um[2].Mm[5].MUL   multiplier_raw_33                                          129    260.190    203.605      463.795 
      Cm[0].Gm[0].Um[2].Mm[4].MUL   multiplier_raw_32                                          129    260.190    203.605      463.795 
      Cm[0].Gm[0].Um[2].Mm[3].MUL   multiplier_raw_31                                          129    260.190    203.605      463.795 
      Cm[0].Gm[0].Um[2].Mm[2].MUL   multiplier_raw_30                                          129    260.190    203.605      463.795 
      Cm[0].Gm[0].Um[2].Mm[1].MUL   multiplier_raw_29                                          129    260.190    203.605      463.795 
      Cm[0].Gm[0].Um[1].Mm[13].MUL  multiplier_raw_27                                          129    260.190    203.605      463.795 
      Cm[0].Gm[0].Um[1].Mm[12].MUL  multiplier_raw_26                                          129    260.190    203.605      463.795 
      Cm[0].Gm[0].Um[1].Mm[11].MUL  multiplier_raw_25                                          129    260.190    203.605      463.795 
      Cm[0].Gm[0].Um[1].Mm[10].MUL  multiplier_raw_24                                          129    260.190    203.605      463.795 
      Cm[0].Gm[0].Um[1].Mm[9].MUL   multiplier_raw_23                                          129    260.190    203.605      463.795 
      Cm[0].Gm[0].Um[1].Mm[8].MUL   multiplier_raw_22                                          129    260.190    203.605      463.795 
      Cm[0].Gm[0].Um[1].Mm[7].MUL   multiplier_raw_21                                          129    260.190    203.605      463.795 
      Cm[0].Gm[0].Um[1].Mm[6].MUL   multiplier_raw_20                                          129    260.190    203.605      463.795 
      Cm[0].Gm[0].Um[1].Mm[5].MUL   multiplier_raw_19                                          129    260.190    203.605      463.795 
      Cm[0].Gm[0].Um[1].Mm[4].MUL   multiplier_raw_18                                          129    260.190    203.605      463.795 
      Cm[0].Gm[0].Um[1].Mm[3].MUL   multiplier_raw_17                                          129    260.190    203.605      463.795 
      Cm[0].Gm[0].Um[1].Mm[2].MUL   multiplier_raw_16                                          129    260.190    203.605      463.795 
      Cm[0].Gm[0].Um[1].Mm[1].MUL   multiplier_raw_15                                          129    260.190    203.605      463.795 
      Cm[0].Gm[0].Um[0].Mm[13].MUL  multiplier_raw_13                                          129    260.190    203.605      463.795 
      Cm[0].Gm[0].Um[0].Mm[12].MUL  multiplier_raw_12                                          129    260.190    203.605      463.795 
      Cm[0].Gm[0].Um[0].Mm[11].MUL  multiplier_raw_11                                          129    260.190    203.605      463.795 
      Cm[0].Gm[0].Um[0].Mm[10].MUL  multiplier_raw_10                                          129    260.190    203.605      463.795 
      Cm[0].Gm[0].Um[0].Mm[9].MUL   multiplier_raw_9                                           129    260.190    203.605      463.795 
      Cm[0].Gm[0].Um[0].Mm[8].MUL   multiplier_raw_8                                           129    260.190    203.605      463.795 
      Cm[0].Gm[0].Um[0].Mm[7].MUL   multiplier_raw_7                                           129    260.190    203.605      463.795 
      Cm[0].Gm[0].Um[0].Mm[6].MUL   multiplier_raw_6                                           129    260.190    203.605      463.795 
      Cm[0].Gm[0].Um[0].Mm[5].MUL   multiplier_raw_5                                           129    260.190    203.605      463.795 
      Cm[0].Gm[0].Um[0].Mm[4].MUL   multiplier_raw_4                                           129    260.190    203.605      463.795 
      Cm[0].Gm[0].Um[0].Mm[3].MUL   multiplier_raw_3                                           129    260.190    203.605      463.795 
      Cm[0].Gm[0].Um[0].Mm[2].MUL   multiplier_raw_2                                           129    260.190    203.605      463.795 
      Cm[0].Gm[0].Um[0].Mm[1].MUL   multiplier_raw_1                                           129    260.190    203.605      463.795 
      Ca[0].Ga[0].Ua[12].Ma[13].ACC accumulator_raw_181                                        100    306.230    123.671      429.902 
      Ca[0].Ga[0].Ua[9].Ma[13].ACC  accumulator_raw_139                                        100    306.230    123.671      429.902 
      Ca[0].Ga[0].Ua[5].Ma[13].ACC  accumulator_raw_83                                         100    306.230    123.671      429.902 
      Ca[0].Ga[0].Ua[4].Ma[13].ACC  accumulator_raw_69                                         100    306.230    123.671      429.902 
      Ca[0].Ga[0].Ua[0].Ma[13].ACC  accumulator_raw_13                                         100    306.230    123.671      429.902 
      Ca[0].Ga[0].Ua[13].Ma[13].ACC accumulator_raw_195                                        100    306.230    120.644      426.874 
      Ca[0].Ga[0].Ua[7].Ma[13].ACC  accumulator_raw_111                                        100    306.230    118.121      424.351 
      Ca[0].Ga[0].Ua[6].Ma[13].ACC  accumulator_raw_97                                         100    306.230    118.121      424.351 
      Ca[0].Ga[0].Ua[3].Ma[13].ACC  accumulator_raw_55                                         100    306.230    118.121      424.351 
      Ca[0].Ga[0].Ua[2].Ma[13].ACC  accumulator_raw_41                                         100    306.230    118.121      424.351 
      Ca[0].Ga[0].Ua[1].Ma[13].ACC  accumulator_raw_27                                         100    306.230    118.121      424.351 
      Ca[0].Ga[0].Ua[11].Ma[13].ACC accumulator_raw_167                                         99    305.172    111.535      416.707 
      Ca[0].Ga[0].Ua[10].Ma[13].ACC accumulator_raw_153                                         99    305.172    111.535      416.707 
      Ca[0].Ga[0].Ua[8].Ma[13].ACC  accumulator_raw_125                                         99    305.172    111.535      416.707 
      Ca[0].Ga[0].Ua[9].Ma[12].ACC  accumulator_raw_138                                         74    217.325     83.651      300.976 
      Ca[0].Ga[0].Ua[13].Ma[2].ACC  accumulator_raw_184                                         74    217.325     82.138      299.462 
      Ca[0].Ga[0].Ua[10].Ma[11].ACC accumulator_raw_151                                         74    217.325     82.138      299.462 
      Ca[0].Ga[0].Ua[10].Ma[8].ACC  accumulator_raw_148                                         74    217.325     82.138      299.462 
      Ca[0].Ga[0].Ua[10].Ma[2].ACC  accumulator_raw_142                                         74    217.325     82.138      299.462 
      Ca[0].Ga[0].Ua[10].Ma[1].ACC  accumulator_raw_141                                         74    217.325     82.138      299.462 
      Ca[0].Ga[0].Ua[9].Ma[10].ACC  accumulator_raw_136                                         74    217.325     82.138      299.462 
      Ca[0].Ga[0].Ua[7].Ma[5].ACC   accumulator_raw_103                                         74    217.325     80.119      297.444 
      Ca[0].Ga[0].Ua[6].Ma[11].ACC  accumulator_raw_95                                          74    217.325     80.119      297.444 
      Ca[0].Ga[0].Ua[6].Ma[1].ACC   accumulator_raw_85                                          74    217.325     80.119      297.444 
      Ca[0].Ga[0].Ua[6].Ma[0].ACC   accumulator_raw_84                                          74    217.325     80.119      297.444 
      Ca[0].Ga[0].Ua[5].Ma[9].ACC   accumulator_raw_79                                          74    217.325     80.119      297.444 
      Ca[0].Ga[0].Ua[5].Ma[7].ACC   accumulator_raw_77                                          74    217.325     80.119      297.444 
      Ca[0].Ga[0].Ua[5].Ma[6].ACC   accumulator_raw_76                                          74    217.325     80.119      297.444 
      Ca[0].Ga[0].Ua[5].Ma[0].ACC   accumulator_raw_70                                          74    217.325     80.119      297.444 
      Ca[0].Ga[0].Ua[4].Ma[6].ACC   accumulator_raw_62                                          74    217.325     80.119      297.444 
      Ca[0].Ga[0].Ua[4].Ma[3].ACC   accumulator_raw_59                                          74    217.325     80.119      297.444 
      Ca[0].Ga[0].Ua[3].Ma[9].ACC   accumulator_raw_51                                          74    217.325     80.119      297.444 
      Ca[0].Ga[0].Ua[3].Ma[8].ACC   accumulator_raw_50                                          74    217.325     80.119      297.444 
      Ca[0].Ga[0].Ua[3].Ma[5].ACC   accumulator_raw_47                                          74    217.325     80.119      297.444 
      Ca[0].Ga[0].Ua[3].Ma[4].ACC   accumulator_raw_46                                          74    217.325     80.119      297.444 
      Ca[0].Ga[0].Ua[3].Ma[3].ACC   accumulator_raw_45                                          74    217.325     80.119      297.444 
      Ca[0].Ga[0].Ua[1].Ma[10].ACC  accumulator_raw_24                                          74    217.325     80.119      297.444 
      Ca[0].Ga[0].Ua[1].Ma[7].ACC   accumulator_raw_21                                          74    217.325     80.119      297.444 
      Ca[0].Ga[0].Ua[1].Ma[4].ACC   accumulator_raw_18                                          74    217.325     80.119      297.444 
      Ca[0].Ga[0].Ua[13].Ma[12].ACC accumulator_raw_194                                         73    216.619     73.533      290.153 
      Ca[0].Ga[0].Ua[12].Ma[12].ACC accumulator_raw_180                                         73    216.619     73.533      290.153 
      Ca[0].Ga[0].Ua[11].Ma[12].ACC accumulator_raw_166                                         73    216.619     73.533      290.153 
      Ca[0].Ga[0].Ua[10].Ma[12].ACC accumulator_raw_152                                         73    216.619     73.533      290.153 
      Ca[0].Ga[0].Ua[8].Ma[12].ACC  accumulator_raw_124                                         73    216.619     73.533      290.153 
      Ca[0].Ga[0].Ua[7].Ma[12].ACC  accumulator_raw_110                                         73    216.619     73.533      290.153 
      Ca[0].Ga[0].Ua[6].Ma[12].ACC  accumulator_raw_96                                          73    216.619     73.533      290.153 
      Ca[0].Ga[0].Ua[5].Ma[12].ACC  accumulator_raw_82                                          73    216.619     73.533      290.153 
      Ca[0].Ga[0].Ua[4].Ma[12].ACC  accumulator_raw_68                                          73    216.619     73.533      290.153 
      Ca[0].Ga[0].Ua[3].Ma[12].ACC  accumulator_raw_54                                          73    216.619     73.533      290.153 
      Ca[0].Ga[0].Ua[2].Ma[12].ACC  accumulator_raw_40                                          73    216.619     73.533      290.153 
      Ca[0].Ga[0].Ua[1].Ma[12].ACC  accumulator_raw_26                                          73    216.619     73.533      290.153 
      Ca[0].Ga[0].Ua[0].Ma[12].ACC  accumulator_raw_12                                          73    216.619     73.533      290.153 
      Ca[0].Ga[0].Ua[13].Ma[11].ACC accumulator_raw_193                                         73    216.619     73.533      290.153 
      Ca[0].Ga[0].Ua[13].Ma[10].ACC accumulator_raw_192                                         73    216.619     73.533      290.153 
      Ca[0].Ga[0].Ua[13].Ma[9].ACC  accumulator_raw_191                                         73    216.619     73.533      290.153 
      Ca[0].Ga[0].Ua[13].Ma[8].ACC  accumulator_raw_190                                         73    216.619     73.533      290.153 
      Ca[0].Ga[0].Ua[13].Ma[7].ACC  accumulator_raw_189                                         73    216.619     73.533      290.153 
      Ca[0].Ga[0].Ua[13].Ma[6].ACC  accumulator_raw_188                                         73    216.619     73.533      290.153 
      Ca[0].Ga[0].Ua[13].Ma[5].ACC  accumulator_raw_187                                         73    216.619     73.533      290.153 
      Ca[0].Ga[0].Ua[13].Ma[4].ACC  accumulator_raw_186                                         73    216.619     73.533      290.153 
      Ca[0].Ga[0].Ua[13].Ma[3].ACC  accumulator_raw_185                                         73    216.619     73.533      290.153 
      Ca[0].Ga[0].Ua[13].Ma[1].ACC  accumulator_raw_183                                         73    216.619     73.533      290.153 
      Ca[0].Ga[0].Ua[13].Ma[0].ACC  accumulator_raw_182                                         73    216.619     73.533      290.153 
      Ca[0].Ga[0].Ua[12].Ma[11].ACC accumulator_raw_179                                         73    216.619     73.533      290.153 
      Ca[0].Ga[0].Ua[12].Ma[10].ACC accumulator_raw_178                                         73    216.619     73.533      290.153 
      Ca[0].Ga[0].Ua[12].Ma[9].ACC  accumulator_raw_177                                         73    216.619     73.533      290.153 
      Ca[0].Ga[0].Ua[12].Ma[8].ACC  accumulator_raw_176                                         73    216.619     73.533      290.153 
      Ca[0].Ga[0].Ua[12].Ma[7].ACC  accumulator_raw_175                                         73    216.619     73.533      290.153 
      Ca[0].Ga[0].Ua[12].Ma[6].ACC  accumulator_raw_174                                         73    216.619     73.533      290.153 
      Ca[0].Ga[0].Ua[12].Ma[5].ACC  accumulator_raw_173                                         73    216.619     73.533      290.153 
      Ca[0].Ga[0].Ua[12].Ma[4].ACC  accumulator_raw_172                                         73    216.619     73.533      290.153 
      Ca[0].Ga[0].Ua[12].Ma[3].ACC  accumulator_raw_171                                         73    216.619     73.533      290.153 
      Ca[0].Ga[0].Ua[12].Ma[2].ACC  accumulator_raw_170                                         73    216.619     73.533      290.153 
      Ca[0].Ga[0].Ua[12].Ma[1].ACC  accumulator_raw_169                                         73    216.619     73.533      290.153 
      Ca[0].Ga[0].Ua[12].Ma[0].ACC  accumulator_raw_168                                         73    216.619     73.533      290.153 
      Ca[0].Ga[0].Ua[11].Ma[11].ACC accumulator_raw_165                                         73    216.619     73.533      290.153 
      Ca[0].Ga[0].Ua[11].Ma[10].ACC accumulator_raw_164                                         73    216.619     73.533      290.153 
      Ca[0].Ga[0].Ua[11].Ma[9].ACC  accumulator_raw_163                                         73    216.619     73.533      290.153 
      Ca[0].Ga[0].Ua[11].Ma[8].ACC  accumulator_raw_162                                         73    216.619     73.533      290.153 
      Ca[0].Ga[0].Ua[11].Ma[7].ACC  accumulator_raw_161                                         73    216.619     73.533      290.153 
      Ca[0].Ga[0].Ua[11].Ma[6].ACC  accumulator_raw_160                                         73    216.619     73.533      290.153 
      Ca[0].Ga[0].Ua[11].Ma[5].ACC  accumulator_raw_159                                         73    216.619     73.533      290.153 
      Ca[0].Ga[0].Ua[11].Ma[4].ACC  accumulator_raw_158                                         73    216.619     73.533      290.153 
      Ca[0].Ga[0].Ua[11].Ma[3].ACC  accumulator_raw_157                                         73    216.619     73.533      290.153 
      Ca[0].Ga[0].Ua[11].Ma[2].ACC  accumulator_raw_156                                         73    216.619     73.533      290.153 
      Ca[0].Ga[0].Ua[11].Ma[1].ACC  accumulator_raw_155                                         73    216.619     73.533      290.153 
      Ca[0].Ga[0].Ua[11].Ma[0].ACC  accumulator_raw_154                                         73    216.619     73.533      290.153 
      Ca[0].Ga[0].Ua[10].Ma[10].ACC accumulator_raw_150                                         73    216.619     73.533      290.153 
      Ca[0].Ga[0].Ua[10].Ma[9].ACC  accumulator_raw_149                                         73    216.619     73.533      290.153 
      Ca[0].Ga[0].Ua[10].Ma[7].ACC  accumulator_raw_147                                         73    216.619     73.533      290.153 
      Ca[0].Ga[0].Ua[10].Ma[6].ACC  accumulator_raw_146                                         73    216.619     73.533      290.153 
      Ca[0].Ga[0].Ua[10].Ma[5].ACC  accumulator_raw_145                                         73    216.619     73.533      290.153 
      Ca[0].Ga[0].Ua[10].Ma[4].ACC  accumulator_raw_144                                         73    216.619     73.533      290.153 
      Ca[0].Ga[0].Ua[10].Ma[3].ACC  accumulator_raw_143                                         73    216.619     73.533      290.153 
      Ca[0].Ga[0].Ua[10].Ma[0].ACC  accumulator_raw_140                                         73    216.619     73.533      290.153 
      Ca[0].Ga[0].Ua[9].Ma[11].ACC  accumulator_raw_137                                         73    216.619     73.533      290.153 
      Ca[0].Ga[0].Ua[9].Ma[9].ACC   accumulator_raw_135                                         73    216.619     73.533      290.153 
      Ca[0].Ga[0].Ua[9].Ma[8].ACC   accumulator_raw_134                                         73    216.619     73.533      290.153 
      Ca[0].Ga[0].Ua[9].Ma[7].ACC   accumulator_raw_133                                         73    216.619     73.533      290.153 
      Ca[0].Ga[0].Ua[9].Ma[6].ACC   accumulator_raw_132                                         73    216.619     73.533      290.153 
      Ca[0].Ga[0].Ua[9].Ma[5].ACC   accumulator_raw_131                                         73    216.619     73.533      290.153 
      Ca[0].Ga[0].Ua[9].Ma[4].ACC   accumulator_raw_130                                         73    216.619     73.533      290.153 
      Ca[0].Ga[0].Ua[9].Ma[3].ACC   accumulator_raw_129                                         73    216.619     73.533      290.153 
      Ca[0].Ga[0].Ua[9].Ma[2].ACC   accumulator_raw_128                                         73    216.619     73.533      290.153 
      Ca[0].Ga[0].Ua[9].Ma[1].ACC   accumulator_raw_127                                         73    216.619     73.533      290.153 
      Ca[0].Ga[0].Ua[9].Ma[0].ACC   accumulator_raw_126                                         73    216.619     73.533      290.153 
      Ca[0].Ga[0].Ua[8].Ma[11].ACC  accumulator_raw_123                                         73    216.619     73.533      290.153 
      Ca[0].Ga[0].Ua[8].Ma[10].ACC  accumulator_raw_122                                         73    216.619     73.533      290.153 
      Ca[0].Ga[0].Ua[8].Ma[9].ACC   accumulator_raw_121                                         73    216.619     73.533      290.153 
      Ca[0].Ga[0].Ua[8].Ma[8].ACC   accumulator_raw_120                                         73    216.619     73.533      290.153 
      Ca[0].Ga[0].Ua[8].Ma[7].ACC   accumulator_raw_119                                         73    216.619     73.533      290.153 
      Ca[0].Ga[0].Ua[8].Ma[6].ACC   accumulator_raw_118                                         73    216.619     73.533      290.153 
      Ca[0].Ga[0].Ua[8].Ma[5].ACC   accumulator_raw_117                                         73    216.619     73.533      290.153 
      Ca[0].Ga[0].Ua[8].Ma[4].ACC   accumulator_raw_116                                         73    216.619     73.533      290.153 
      Ca[0].Ga[0].Ua[8].Ma[3].ACC   accumulator_raw_115                                         73    216.619     73.533      290.153 
      Ca[0].Ga[0].Ua[8].Ma[2].ACC   accumulator_raw_114                                         73    216.619     73.533      290.153 
      Ca[0].Ga[0].Ua[8].Ma[1].ACC   accumulator_raw_113                                         73    216.619     73.533      290.153 
      Ca[0].Ga[0].Ua[8].Ma[0].ACC   accumulator_raw_112                                         73    216.619     73.533      290.153 
      Ca[0].Ga[0].Ua[7].Ma[11].ACC  accumulator_raw_109                                         73    216.619     73.533      290.153 
      Ca[0].Ga[0].Ua[7].Ma[10].ACC  accumulator_raw_108                                         73    216.619     73.533      290.153 
      Ca[0].Ga[0].Ua[7].Ma[9].ACC   accumulator_raw_107                                         73    216.619     73.533      290.153 
      Ca[0].Ga[0].Ua[7].Ma[8].ACC   accumulator_raw_106                                         73    216.619     73.533      290.153 
      Ca[0].Ga[0].Ua[7].Ma[7].ACC   accumulator_raw_105                                         73    216.619     73.533      290.153 
      Ca[0].Ga[0].Ua[7].Ma[6].ACC   accumulator_raw_104                                         73    216.619     73.533      290.153 
      Ca[0].Ga[0].Ua[7].Ma[4].ACC   accumulator_raw_102                                         73    216.619     73.533      290.153 
      Ca[0].Ga[0].Ua[7].Ma[3].ACC   accumulator_raw_101                                         73    216.619     73.533      290.153 
      Ca[0].Ga[0].Ua[7].Ma[2].ACC   accumulator_raw_100                                         73    216.619     73.533      290.153 
      Ca[0].Ga[0].Ua[7].Ma[1].ACC   accumulator_raw_99                                          73    216.619     73.533      290.153 
      Ca[0].Ga[0].Ua[7].Ma[0].ACC   accumulator_raw_98                                          73    216.619     73.533      290.153 
      Ca[0].Ga[0].Ua[6].Ma[10].ACC  accumulator_raw_94                                          73    216.619     73.533      290.153 
      Ca[0].Ga[0].Ua[6].Ma[9].ACC   accumulator_raw_93                                          73    216.619     73.533      290.153 
      Ca[0].Ga[0].Ua[6].Ma[8].ACC   accumulator_raw_92                                          73    216.619     73.533      290.153 
      Ca[0].Ga[0].Ua[6].Ma[7].ACC   accumulator_raw_91                                          73    216.619     73.533      290.153 
      Ca[0].Ga[0].Ua[6].Ma[6].ACC   accumulator_raw_90                                          73    216.619     73.533      290.153 
      Ca[0].Ga[0].Ua[6].Ma[5].ACC   accumulator_raw_89                                          73    216.619     73.533      290.153 
      Ca[0].Ga[0].Ua[6].Ma[4].ACC   accumulator_raw_88                                          73    216.619     73.533      290.153 
      Ca[0].Ga[0].Ua[6].Ma[3].ACC   accumulator_raw_87                                          73    216.619     73.533      290.153 
      Ca[0].Ga[0].Ua[6].Ma[2].ACC   accumulator_raw_86                                          73    216.619     73.533      290.153 
      Ca[0].Ga[0].Ua[5].Ma[11].ACC  accumulator_raw_81                                          73    216.619     73.533      290.153 
      Ca[0].Ga[0].Ua[5].Ma[10].ACC  accumulator_raw_80                                          73    216.619     73.533      290.153 
      Ca[0].Ga[0].Ua[5].Ma[8].ACC   accumulator_raw_78                                          73    216.619     73.533      290.153 
      Ca[0].Ga[0].Ua[5].Ma[5].ACC   accumulator_raw_75                                          73    216.619     73.533      290.153 
      Ca[0].Ga[0].Ua[5].Ma[4].ACC   accumulator_raw_74                                          73    216.619     73.533      290.153 
      Ca[0].Ga[0].Ua[5].Ma[3].ACC   accumulator_raw_73                                          73    216.619     73.533      290.153 
      Ca[0].Ga[0].Ua[5].Ma[2].ACC   accumulator_raw_72                                          73    216.619     73.533      290.153 
      Ca[0].Ga[0].Ua[5].Ma[1].ACC   accumulator_raw_71                                          73    216.619     73.533      290.153 
      Ca[0].Ga[0].Ua[4].Ma[11].ACC  accumulator_raw_67                                          73    216.619     73.533      290.153 
      Ca[0].Ga[0].Ua[4].Ma[10].ACC  accumulator_raw_66                                          73    216.619     73.533      290.153 
      Ca[0].Ga[0].Ua[4].Ma[9].ACC   accumulator_raw_65                                          73    216.619     73.533      290.153 
      Ca[0].Ga[0].Ua[4].Ma[8].ACC   accumulator_raw_64                                          73    216.619     73.533      290.153 
      Ca[0].Ga[0].Ua[4].Ma[7].ACC   accumulator_raw_63                                          73    216.619     73.533      290.153 
      Ca[0].Ga[0].Ua[4].Ma[5].ACC   accumulator_raw_61                                          73    216.619     73.533      290.153 
      Ca[0].Ga[0].Ua[4].Ma[4].ACC   accumulator_raw_60                                          73    216.619     73.533      290.153 
      Ca[0].Ga[0].Ua[4].Ma[2].ACC   accumulator_raw_58                                          73    216.619     73.533      290.153 
      Ca[0].Ga[0].Ua[4].Ma[1].ACC   accumulator_raw_57                                          73    216.619     73.533      290.153 
      Ca[0].Ga[0].Ua[4].Ma[0].ACC   accumulator_raw_56                                          73    216.619     73.533      290.153 
      Ca[0].Ga[0].Ua[3].Ma[11].ACC  accumulator_raw_53                                          73    216.619     73.533      290.153 
      Ca[0].Ga[0].Ua[3].Ma[10].ACC  accumulator_raw_52                                          73    216.619     73.533      290.153 
      Ca[0].Ga[0].Ua[3].Ma[7].ACC   accumulator_raw_49                                          73    216.619     73.533      290.153 
      Ca[0].Ga[0].Ua[3].Ma[6].ACC   accumulator_raw_48                                          73    216.619     73.533      290.153 
      Ca[0].Ga[0].Ua[3].Ma[2].ACC   accumulator_raw_44                                          73    216.619     73.533      290.153 
      Ca[0].Ga[0].Ua[3].Ma[1].ACC   accumulator_raw_43                                          73    216.619     73.533      290.153 
      Ca[0].Ga[0].Ua[3].Ma[0].ACC   accumulator_raw_42                                          73    216.619     73.533      290.153 
      Ca[0].Ga[0].Ua[2].Ma[11].ACC  accumulator_raw_39                                          73    216.619     73.533      290.153 
      Ca[0].Ga[0].Ua[2].Ma[10].ACC  accumulator_raw_38                                          73    216.619     73.533      290.153 
      Ca[0].Ga[0].Ua[2].Ma[9].ACC   accumulator_raw_37                                          73    216.619     73.533      290.153 
      Ca[0].Ga[0].Ua[2].Ma[8].ACC   accumulator_raw_36                                          73    216.619     73.533      290.153 
      Ca[0].Ga[0].Ua[2].Ma[7].ACC   accumulator_raw_35                                          73    216.619     73.533      290.153 
      Ca[0].Ga[0].Ua[2].Ma[6].ACC   accumulator_raw_34                                          73    216.619     73.533      290.153 
      Ca[0].Ga[0].Ua[2].Ma[5].ACC   accumulator_raw_33                                          73    216.619     73.533      290.153 
      Ca[0].Ga[0].Ua[2].Ma[4].ACC   accumulator_raw_32                                          73    216.619     73.533      290.153 
      Ca[0].Ga[0].Ua[2].Ma[3].ACC   accumulator_raw_31                                          73    216.619     73.533      290.153 
      Ca[0].Ga[0].Ua[2].Ma[2].ACC   accumulator_raw_30                                          73    216.619     73.533      290.153 
      Ca[0].Ga[0].Ua[2].Ma[1].ACC   accumulator_raw_29                                          73    216.619     73.533      290.153 
      Ca[0].Ga[0].Ua[2].Ma[0].ACC   accumulator_raw_28                                          73    216.619     73.533      290.153 
      Ca[0].Ga[0].Ua[1].Ma[11].ACC  accumulator_raw_25                                          73    216.619     73.533      290.153 
      Ca[0].Ga[0].Ua[1].Ma[9].ACC   accumulator_raw_23                                          73    216.619     73.533      290.153 
      Ca[0].Ga[0].Ua[1].Ma[8].ACC   accumulator_raw_22                                          73    216.619     73.533      290.153 
      Ca[0].Ga[0].Ua[1].Ma[6].ACC   accumulator_raw_20                                          73    216.619     73.533      290.153 
      Ca[0].Ga[0].Ua[1].Ma[5].ACC   accumulator_raw_19                                          73    216.619     73.533      290.153 
      Ca[0].Ga[0].Ua[1].Ma[3].ACC   accumulator_raw_17                                          73    216.619     73.533      290.153 
      Ca[0].Ga[0].Ua[1].Ma[2].ACC   accumulator_raw_16                                          73    216.619     73.533      290.153 
      Ca[0].Ga[0].Ua[1].Ma[1].ACC   accumulator_raw_15                                          73    216.619     73.533      290.153 
      Ca[0].Ga[0].Ua[1].Ma[0].ACC   accumulator_raw_14                                          73    216.619     73.533      290.153 
      Ca[0].Ga[0].Ua[0].Ma[11].ACC  accumulator_raw_11                                          73    216.619     73.533      290.153 
      Ca[0].Ga[0].Ua[0].Ma[10].ACC  accumulator_raw_10                                          73    216.619     73.533      290.153 
      Ca[0].Ga[0].Ua[0].Ma[9].ACC   accumulator_raw_9                                           73    216.619     73.533      290.153 
      Ca[0].Ga[0].Ua[0].Ma[8].ACC   accumulator_raw_8                                           73    216.619     73.533      290.153 
      Ca[0].Ga[0].Ua[0].Ma[7].ACC   accumulator_raw_7                                           73    216.619     73.533      290.153 
      Ca[0].Ga[0].Ua[0].Ma[6].ACC   accumulator_raw_6                                           73    216.619     73.533      290.153 
      Ca[0].Ga[0].Ua[0].Ma[5].ACC   accumulator_raw_5                                           73    216.619     73.533      290.153 
      Ca[0].Ga[0].Ua[0].Ma[4].ACC   accumulator_raw_4                                           73    216.619     73.533      290.153 
      Ca[0].Ga[0].Ua[0].Ma[3].ACC   accumulator_raw_3                                           73    216.619     73.533      290.153 
      Ca[0].Ga[0].Ua[0].Ma[2].ACC   accumulator_raw_2                                           73    216.619     73.533      290.153 
      Ca[0].Ga[0].Ua[0].Ma[1].ACC   accumulator_raw_1                                           73    216.619     73.533      290.153 
      Ca[0].Ga[0].Ua[0].Ma[0].ACC   accumulator_raw                                             73    216.619     73.533      290.153 
      PAD_FILTER                    pad_filter_ZERO0                                            47    104.252     51.997      156.249 
        COL_END_REG                 register_WORD_WIDTH5_RESET_VALUE0_3                          5     19.580      0.000       19.580 
    SLICE                           axis_register_DATA_WIDTH4704_KEEP_ENABLE0_LAST_ENA           6     14.288      4.647       18.936 
  input_pipe                        axis_input_pipe_ZERO0                                    25086  65272.410  36016.147   101288.557 
    PIXELS                          axis_pixels_pipe_ZERO0                                   19739  51624.518  28025.347    79649.865 
      DW                            axis_pixels_dw_ZERO0                                     19188  50120.003  27166.792    77286.795 
        N[17].genblk1.DW            alex_axis_adapter_any_S_DATA_WIDTH64_S_KEEP_ENABLE        8759  23303.146  12417.310    35720.455 
          genblk1.SLAVE_ADAPTER     axis_adapter_S_DATA_WIDTH64_S_KEEP_ENABLE1_S_KEEP_        4770  12049.178   5596.566    17645.745 
          genblk2.MASTER_ADAPTER    axis_adapter_S_DATA_WIDTH1088_S_KEEP_ENABLE1_S_KEE        3989  11253.967   5544.384    16798.351 
        N[18].genblk1.DW            alex_axis_adapter_any_S_DATA_WIDTH64_S_KEEP_ENABLE        5070  12926.063   7012.106    19938.169 
          genblk2.MASTER_ADAPTER    axis_adapter_S_DATA_WIDTH576_S_KEEP_ENABLE1_S_KEEP        2459   6418.843   3315.700     9734.543 
          genblk1.SLAVE_ADAPTER     axis_adapter_S_DATA_WIDTH64_S_KEEP_ENABLE1_S_KEEP_        2611   6507.220   3016.095     9523.315 
        N[14].genblk1.DW            alex_axis_adapter_any_S_DATA_WIDTH64_S_KEEP_ENABLE        3958  10071.382   5469.815    15541.196 
          genblk2.MASTER_ADAPTER    axis_adapter_S_DATA_WIDTH448_S_KEEP_ENABLE1_S_KEEP        1923   4997.765   2593.430     7591.195 
          genblk1.SLAVE_ADAPTER     axis_adapter_S_DATA_WIDTH64_S_KEEP_ENABLE1_S_KEEP_        2035   5073.617   2345.716     7419.333 
        N[16].genblk1.DW            alex_axis_adapter_any_S_DATA_WIDTH64_S_KEEP_ENABLE         502   1296.364    564.793     1861.156 
          genblk1.SLAVE_ADAPTER     axis_adapter_S_DATA_WIDTH64_S_KEEP_ENABLE1_S_KEEP_         502   1296.364    564.793     1861.156 
      SHIFT                         axis_pixels_shift_ZERO0                                    551   1504.516    702.246     2206.762 
        SLICE                       axis_register_DATA_WIDTH112_KEEP_ENABLE0_LAST_ENAB         252    667.498    203.392      870.890 
    WEIGHTS_ROTATOR                 axis_weight_rotator_ZERO0                                 5336  13627.958   7969.290    21597.248 
      DW                            alex_axis_adapter_any_S_DATA_WIDTH64_S_KEEP_ENABLE        4045  10358.208   5654.352    16012.560 
        genblk2.MASTER_ADAPTER      axis_adapter_S_DATA_WIDTH448_S_KEEP_ENABLE1_S_KEEP        2013   5275.595   2781.526     8057.121 
        genblk1.SLAVE_ADAPTER       axis_adapter_S_DATA_WIDTH64_S_KEEP_ENABLE1_S_KEEP_        2032   5082.613   2342.158     7424.771 
      REG_PIPE                      axis_pipeline_register_DATA_WIDTH112_KEEP_ENABLE0_         601   1658.866    686.445     2345.311 
        pipe_reg[1].reg_inst        axis_register_DATA_WIDTH112_KEEP_ENABLE0_KEEP_WIDT         355   1024.531    362.038     1386.569 
        pipe_reg[0].reg_inst        axis_register_DATA_WIDTH112_KEEP_ENABLE0_KEEP_WIDT         245    633.805    196.700      830.505 
      genblk2[1].BRAM               cyclic_bram_R_DEPTH1024_R_DATA_WIDTH112_W_DATA_WID          71    202.860    121.387      324.247 
        ADD_R                       register_WORD_WIDTH10_RESET_VALUE0_LOCAL1_3                 10     52.920      0.000       52.920 
        ADDR_W                      register_WORD_WIDTH10_RESET_VALUE0_LOCAL1_2                 10     52.920      0.000       52.920 
      genblk2[0].BRAM               cyclic_bram_R_DEPTH1024_R_DATA_WIDTH112_W_DATA_WID          71    202.860    121.387      324.247 
        ADD_R                       register_WORD_WIDTH10_RESET_VALUE0_LOCAL1_1                 10     52.920      0.000       52.920 
        ADDR_W                      register_WORD_WIDTH10_RESET_VALUE0_LOCAL1                   10     52.920      0.000       52.920 
      I_WEIGHTS_READ                register_WORD_WIDTH1_RESET_VALUE0_2                          2      6.350      1.036        7.386 
      I_WEIGHTS_WRITE               register_WORD_WIDTH1_RESET_VALUE0_1                          2      5.821      1.036        6.857 
  CONV_DW                           axis_conv_dw_bank_ZERO0                                  17254  51762.287  23642.256    75404.543 
    C[0].G[0].CONV_DW               axis_dw_shift_ZERO0                                      17254  51762.287  23642.256    75404.543 
      SLICE                         axis_register_DATA_WIDTH336_KEEP_ENABLE0_LAST_ENAB        1031   3190.018   1056.184     4246.202 
  DW_OUT                            alex_axis_adapter_any_S_DATA_WIDTH336_S_KEEP_ENABL       10062  27907.362  14709.197    42616.559 
    genblk1.SLAVE_ADAPTER           axis_adapter_S_DATA_WIDTH336_S_KEEP_ENABLE1_S_KEEP        5718  14959.602   6988.233    21947.835 
    genblk2.MASTER_ADAPTER          axis_adapter_S_DATA_WIDTH1344_S_KEEP_ENABLE1_S_KEE        4344  12947.760   6190.331    19138.091 
