============================================================
  Generated by:           Genus(TM) Synthesis Solution 18.10-p003_1
  Generated on:           Oct 05 2021  10:09:51 pm
  Module:                 axis_accelerator_asic
  Operating conditions:   BC0D88COM 
  Interconnect mode:      global
  Area mode:              physical library
============================================================


Summary
-------
-----------------------------------------------------------------------
            Category            Number   %   Average Toggle Saving %   
-----------------------------------------------------------------------
 RC Clock Gating Instances         323  100            67.23           
 Non-RC Clock Gating Instances       0    0            0.00            
-----------------------------------------------------------------------
 RC Gated Flip-flops             38461   99            69.27           
 Non-RC Gated Flip-flops             0    0            0.00            
-----------------------------------------------------------------------
 Total Ungated Flip-flops          374    1              -             
 Enable not found                   54   14              -             
 Register bank width too small      56   15              -             
 User preserved                    264   71              -             
-----------------------------------------------------------------------
 Total Flip-flops                38835  100              -             
-----------------------------------------------------------------------

