============================================================
  Generated by:           Genus(TM) Synthesis Solution 18.10-p003_1
  Generated on:           Oct 04 2021  10:43:21 pm
  Module:                 axis_accelerator_asic
  Operating conditions:   BC0D88COM 
  Interconnect mode:      global
  Area mode:              physical library
============================================================

                                             Leakage      Dynamic       Total    
             Instance               Cells   Power(nW)    Power(nW)    Power(nW)  
---------------------------------------------------------------------------------
axis_accelerator_asic              225044 19143311.626 58336303.011 77479614.638 
  CONV_ENGINE                       98851  7775496.176 25272510.579 33048006.755 
    SLICE                           33038  4133698.205  9874349.480 14008047.686 
    ENGINE                          65812  3641778.711 15398119.555 19039898.266 
      Ca[0].Ga[0..[0].Ma[0].ACC       332    17299.627    86357.515   103657.142 
        REG                            96    11046.286    35665.860    46712.146 
        add_31_23                     212     6253.341    46872.895    53126.236 
      Ca[0].Ga[0..[1].Ma[0].ACC       332    17299.627    83445.554   100745.181 
        REG                            96    11046.286    34880.922    45927.208 
        add_31_23                     212     6253.341    44511.938    50765.279 
      Ca[0].Ga[0..[2].Ma[0].ACC       332    17299.627    88784.807   106084.433 
        REG                            96    11046.286    37961.498    49007.784 
        add_31_23                     212     6253.341    46866.407    53119.748 
      Ca[0].Ga[0..[3].Ma[0].ACC       332    17299.627    85202.313   102501.940 
        REG                            96    11046.286    35607.907    46654.193 
        add_31_23                     212     6253.341    45669.569    51922.910 
      Ca[0].Ga[0..[4].Ma[0].ACC       332    17299.627    86732.263   104031.890 
        REG                            96    11046.286    36521.227    47567.513 
        add_31_23                     212     6253.341    46014.757    52268.097 
      Ca[0].Ga[0..[5].Ma[0].ACC       332    17299.627    85664.072   102963.699 
        REG                            96    11046.286    34988.118    46034.404 
        add_31_23                     212     6253.341    46824.726    53078.067 
      Ca[0].Ga[0..[6].Ma[0].ACC       332    17299.627    94016.002   111315.629 
        REG                            96    11046.286    38352.363    49398.649 
        add_31_23                     212     6253.341    51369.147    57622.488 
      Ca[0].Ga[0..[7].Ma[0].ACC       332    17299.627    88951.876   106251.503 
        REG                            96    11046.286    37110.639    48156.925 
        add_31_23                     212     6253.341    47741.959    53995.300 
      Ca[0].Ga[0..[8].Ma[0].ACC       332    17299.627    85123.730   102423.356 
        REG                            96    11046.286    35951.016    46997.302 
        add_31_23                     212     6253.341    45156.320    51409.661 
      Ca[0].Ga[0..[9].Ma[0].ACC       332    17299.627    91011.148   108310.774 
        REG                            96    11046.286    35839.447    46885.733 
        add_31_23                     212     6253.341    51254.528    57507.868 
      Ca[0].Ga[0..10].Ma[0].ACC       332    17299.627    83778.996   101078.622 
        REG                            96    11046.286    36098.965    47145.251 
        add_31_23                     212     6253.341    43760.236    50013.577 
      Ca[0].Ga[0..11].Ma[0].ACC       332    17299.627    83007.922   100307.549 
        REG                            96    11046.286    34676.906    45723.192 
        add_31_23                     212     6253.341    44650.398    50903.739 
      Ca[0].Ga[0..12].Ma[0].ACC       332    17299.627    89609.442   106909.069 
        REG                            96    11046.286    36159.390    47205.677 
        add_31_23                     212     6253.341    49512.106    55765.447 
      Ca[0].Ga[0..13].Ma[0].ACC       332    17299.627    84629.322   101928.949 
        REG                            96    11046.286    34109.474    45155.760 
        add_31_23                     212     6253.341    46726.699    52980.040 
      Ca[0].Ga[0..[0].Ma[1].ACC       306    16796.704    66584.744    83381.448 
        REG                            96    11046.286    37223.650    48269.936 
        add_31_23                     186     5750.418    25626.430    31376.847 
      Ca[0].Ga[0..[0].Ma[2].ACC       306    16796.704    64602.215    81398.918 
        REG                            96    11046.286    37041.474    48087.760 
        add_31_23                     186     5750.418    24122.929    29873.347 
      Ca[0].Ga[0..[0].Ma[3].ACC       306    16796.704    71669.777    88466.480 
        REG                            96    11046.286    39272.837    50319.123 
        add_31_23                     186     5750.418    28232.120    33982.538 
      Ca[0].Ga[0..[0].Ma[4].ACC       306    16796.704    67111.195    83907.899 
        REG                            96    11046.286    38247.752    49294.038 
        add_31_23                     186     5750.418    24871.451    30621.869 
      Ca[0].Ga[0..[0].Ma[5].ACC       306    16796.704    66652.926    83449.629 
        REG                            96    11046.286    37877.557    48923.843 
        add_31_23                     186     5750.418    24932.207    30682.625 
      Ca[0].Ga[0..[0].Ma[6].ACC       306    16796.704    65227.060    82023.764 
        REG                            96    11046.286    37718.996    48765.282 
        add_31_23                     186     5750.418    23737.099    29487.517 
      Ca[0].Ga[0..[0].Ma[7].ACC       306    16796.704    67084.594    83881.298 
        REG                            96    11046.286    38829.966    49876.252 
        add_31_23                     186     5750.418    24587.118    30337.536 
      Ca[0].Ga[0..[0].Ma[8].ACC       306    16796.704    70001.871    86798.575 
        REG                            96    11046.286    41210.233    52256.519 
        add_31_23                     186     5750.418    24979.332    30729.750 
      Ca[0].Ga[0..[0].Ma[9].ACC       306    16796.704    66183.739    82980.442 
        REG                            96    11046.286    38764.737    49811.023 
        add_31_23                     186     5750.418    24014.868    29765.286 
      Ca[0].Ga[0..0].Ma[10].ACC       306    16796.704    67591.246    84387.949 
        REG                            96    11046.286    39171.940    50218.226 
        add_31_23                     186     5750.418    24889.736    30640.154 
      Ca[0].Ga[0..0].Ma[11].ACC       306    16796.704    66218.694    83015.398 
        REG                            96    11046.286    37814.046    48860.332 
        add_31_23                     186     5750.418    24682.486    30432.904 
      Ca[0].Ga[0..0].Ma[12].ACC       306    16796.704    70225.746    87022.450 
        REG                            96    11046.286    39776.480    50822.766 
        add_31_23                     186     5750.418    26594.609    32345.027 
      Ca[0].Ga[0..0].Ma[13].ACC       306    16796.704    66719.856    83516.560 
        REG                            96    11046.286    37742.428    48788.714 
        add_31_23                     186     5750.418    25246.393    30996.811 
      Ca[0].Ga[0..[1].Ma[1].ACC       306    16796.704    64284.059    81080.763 
        REG                            96    11046.286    36370.496    47416.782 
        add_31_23                     186     5750.418    24398.110    30148.528 
      Ca[0].Ga[0..[1].Ma[2].ACC       306    16796.704    65552.875    82349.578 
        REG                            96    11046.286    37689.141    48735.427 
        add_31_23                     186     5750.418    24335.575    30085.993 
      Ca[0].Ga[0..[1].Ma[3].ACC       306    16796.704    67516.863    84313.567 
        REG                            96    11046.286    37627.008    48673.294 
        add_31_23                     186     5750.418    25973.892    31724.310 
      Ca[0].Ga[0..[1].Ma[4].ACC       306    16796.704    68314.882    85111.586 
        REG                            96    11046.286    39379.379    50425.665 
        add_31_23                     186     5750.418    24919.312    30669.729 
      Ca[0].Ga[0..[1].Ma[5].ACC       306    16796.704    68692.232    85488.935 
        REG                            96    11046.286    38910.697    49956.983 
        add_31_23                     186     5750.418    25783.291    31533.709 
      Ca[0].Ga[0..[1].Ma[6].ACC       306    16796.704    67007.419    83804.123 
        REG                            96    11046.286    38446.145    49492.431 
        add_31_23                     186     5750.418    24747.556    30497.974 
      Ca[0].Ga[0..[1].Ma[7].ACC       306    16796.704    69920.102    86716.806 
        REG                            96    11046.286    40140.951    51187.237 
        add_31_23                     186     5750.418    25874.078    31624.496 
      Ca[0].Ga[0..[1].Ma[8].ACC       306    16796.704    69483.243    86279.947 
        REG                            96    11046.286    40653.571    51699.857 
        add_31_23                     186     5750.418    25137.761    30888.178 
      Ca[0].Ga[0..[1].Ma[9].ACC       306    16796.704    68307.988    85104.692 
        REG                            96    11046.286    40065.168    51111.454 
        add_31_23                     186     5750.418    24642.062    30392.480 
      Ca[0].Ga[0..1].Ma[10].ACC       306    16796.704    66978.999    83775.703 
        REG                            96    11046.286    39128.473    50174.759 
        add_31_23                     186     5750.418    24360.886    30111.304 
      Ca[0].Ga[0..1].Ma[11].ACC       306    16796.704    69187.853    85984.557 
        REG                            96    11046.286    39549.053    50595.339 
        add_31_23                     186     5750.418    25722.031    31472.449 
      Ca[0].Ga[0..1].Ma[12].ACC       306    16796.704    66718.592    83515.296 
        REG                            96    11046.286    38823.939    49870.225 
        add_31_23                     186     5750.418    24335.237    30085.655 
      Ca[0].Ga[0..1].Ma[13].ACC       306    16796.704    67256.896    84053.600 
        REG                            96    11046.286    37778.493    48824.779 
        add_31_23                     186     5750.418    25631.208    31381.626 
      Ca[0].Ga[0..[2].Ma[1].ACC       306    16796.704    64286.340    81083.044 
        REG                            96    11046.286    37156.184    48202.470 
        add_31_23                     186     5750.418    23581.226    29331.644 
      Ca[0].Ga[0..[2].Ma[2].ACC       306    16796.704    64278.516    81075.220 
        REG                            96    11046.286    36535.255    47581.542 
        add_31_23                     186     5750.418    24252.209    30002.627 
      Ca[0].Ga[0..[2].Ma[3].ACC       306    16796.704    69655.571    86452.275 
        REG                            96    11046.286    38628.406    49674.692 
        add_31_23                     186     5750.418    26961.767    32712.185 
      Ca[0].Ga[0..[2].Ma[4].ACC       306    16796.704    68353.952    85150.655 
        REG                            96    11046.286    38775.196    49821.483 
        add_31_23                     186     5750.418    25520.012    31270.430 
      Ca[0].Ga[0..[2].Ma[5].ACC       306    16796.704    67664.217    84460.920 
        REG                            96    11046.286    37974.709    49020.995 
        add_31_23                     186     5750.418    25724.943    31475.361 
      Ca[0].Ga[0..[2].Ma[6].ACC       306    16796.704    65736.765    82533.469 
        REG                            96    11046.286    38312.334    49358.620 
        add_31_23                     186     5750.418    23680.490    29430.908 
      Ca[0].Ga[0..[2].Ma[7].ACC       306    16796.704    67766.676    84563.380 
        REG                            96    11046.286    39225.295    50271.581 
        add_31_23                     186     5750.418    24785.945    30536.362 
      Ca[0].Ga[0..[2].Ma[8].ACC       306    16796.704    71033.371    87830.075 
        REG                            96    11046.286    41875.593    52921.879 
        add_31_23                     186     5750.418    25315.827    31066.245 
      Ca[0].Ga[0..[2].Ma[9].ACC       306    16796.704    68527.725    85324.429 
        REG                            96    11046.286    40017.570    51063.856 
        add_31_23                     186     5750.418    24876.121    30626.539 
      Ca[0].Ga[0..2].Ma[10].ACC       306    16796.704    67247.615    84044.319 
        REG                            96    11046.286    39242.898    50289.184 
        add_31_23                     186     5750.418    24444.090    30194.508 
      Ca[0].Ga[0..2].Ma[11].ACC       306    16796.704    68382.016    85178.720 
        REG                            96    11046.286    38783.917    49830.203 
        add_31_23                     186     5750.418    25787.204    31537.621 
      Ca[0].Ga[0..2].Ma[12].ACC       306    16796.704    68963.100    85759.804 
        REG                            96    11046.286    39297.404    50343.690 
        add_31_23                     186     5750.418    25978.625    31729.042 
      Ca[0].Ga[0..2].Ma[13].ACC       306    16796.704    65715.744    82512.448 
        REG                            96    11046.286    37770.955    48817.241 
        add_31_23                     186     5750.418    24460.392    30210.810 
      Ca[0].Ga[0..[3].Ma[1].ACC       306    16796.704    64903.326    81700.030 
        REG                            96    11046.286    37093.003    48139.289 
        add_31_23                     186     5750.418    24268.048    30018.466 
      Ca[0].Ga[0..[3].Ma[2].ACC       306    16796.704    63489.770    80286.474 
        REG                            96    11046.286    37089.659    48135.945 
        add_31_23                     186     5750.418    22883.246    28633.664 
      Ca[0].Ga[0..[3].Ma[3].ACC       306    16796.704    69466.439    86263.143 
        REG                            96    11046.286    39265.596    50311.882 
        add_31_23                     186     5750.418    26209.053    31959.471 
      Ca[0].Ga[0..[3].Ma[4].ACC       306    16796.704    66783.256    83579.960 
        REG                            96    11046.286    38208.447    49254.733 
        add_31_23                     186     5750.418    24696.557    30446.975 
      Ca[0].Ga[0..[3].Ma[5].ACC       306    16796.704    66971.016    83767.719 
        REG                            96    11046.286    38204.125    49250.411 
        add_31_23                     186     5750.418    24914.452    30664.870 
      Ca[0].Ga[0..[3].Ma[6].ACC       306    16796.704    67477.020    84273.724 
        REG                            96    11046.286    39084.296    50130.582 
        add_31_23                     186     5750.418    24623.170    30373.588 
      Ca[0].Ga[0..[3].Ma[7].ACC       306    16796.704    70708.106    87504.810 
        REG                            96    11046.286    40690.850    51737.136 
        add_31_23                     186     5750.418    25970.007    31720.425 
      Ca[0].Ga[0..[3].Ma[8].ACC       306    16796.704    68933.340    85730.043 
        REG                            96    11046.286    40465.821    51512.107 
        add_31_23                     186     5750.418    24657.834    30408.252 
      Ca[0].Ga[0..[3].Ma[9].ACC       306    16796.704    69340.647    86137.351 
        REG                            96    11046.286    40317.915    51364.202 
        add_31_23                     186     5750.418    25322.955    31073.373 
      Ca[0].Ga[0..3].Ma[10].ACC       306    16796.704    65903.039    82699.743 
        REG                            96    11046.286    38524.103    49570.389 
        add_31_23                     186     5750.418    23950.200    29700.617 
      Ca[0].Ga[0..3].Ma[11].ACC       306    16796.704    67190.917    83987.620 
        REG                            96    11046.286    38211.929    49258.215 
        add_31_23                     186     5750.418    25188.864    30939.282 
      Ca[0].Ga[0..3].Ma[12].ACC       306    16796.704    67137.438    83934.141 
        REG                            96    11046.286    38783.384    49829.670 
        add_31_23                     186     5750.418    24735.146    30485.563 
      Ca[0].Ga[0..3].Ma[13].ACC       306    16796.704    67207.422    84004.125 
        REG                            96    11046.286    37724.519    48770.805 
        add_31_23                     186     5750.418    25626.633    31377.050 
      Ca[0].Ga[0..[4].Ma[1].ACC       306    16796.704    65479.446    82276.150 
        REG                            96    11046.286    36623.975    47670.261 
        add_31_23                     186     5750.418    25271.855    31022.272 
      Ca[0].Ga[0..[4].Ma[2].ACC       306    16796.704    64747.471    81544.175 
        REG                            96    11046.286    36860.394    47906.680 
        add_31_23                     186     5750.418    24400.059    30150.477 
      Ca[0].Ga[0..[4].Ma[3].ACC       306    16796.704    69274.817    86071.521 
        REG                            96    11046.286    38737.392    49783.678 
        add_31_23                     186     5750.418    26475.858    32226.276 
      Ca[0].Ga[0..[4].Ma[4].ACC       306    16796.704    66680.075    83476.779 
        REG                            96    11046.286    38008.612    49054.898 
        add_31_23                     186     5750.418    24764.776    30515.194 
      Ca[0].Ga[0..[4].Ma[5].ACC       306    16796.704    68705.759    85502.462 
        REG                            96    11046.286    38801.699    49847.985 
        add_31_23                     186     5750.418    25882.625    31633.043 
      Ca[0].Ga[0..[4].Ma[6].ACC       306    16796.704    65945.286    82741.990 
        REG                            96    11046.286    38007.149    49053.436 
        add_31_23                     186     5750.418    24205.892    29956.310 
      Ca[0].Ga[0..[4].Ma[7].ACC       306    16796.704    68001.873    84798.577 
        REG                            96    11046.286    39525.115    50571.401 
        add_31_23                     186     5750.418    24707.204    30457.622 
      Ca[0].Ga[0..[4].Ma[8].ACC       306    16796.704    68853.499    85650.202 
        REG                            96    11046.286    40543.686    51589.972 
        add_31_23                     186     5750.418    24635.648    30386.066 
      Ca[0].Ga[0..[4].Ma[9].ACC       306    16796.704    68344.891    85141.595 
        REG                            96    11046.286    39476.669    50522.955 
        add_31_23                     186     5750.418    25210.997    30961.415 
      Ca[0].Ga[0..4].Ma[10].ACC       306    16796.704    65522.583    82319.287 
        REG                            96    11046.286    38464.141    49510.427 
        add_31_23                     186     5750.418    23530.284    29280.701 
      Ca[0].Ga[0..4].Ma[11].ACC       306    16796.704    70326.158    87122.862 
        REG                            96    11046.286    39923.997    50970.283 
        add_31_23                     186     5750.418    26405.330    32155.748 
      Ca[0].Ga[0..4].Ma[12].ACC       306    16796.704    68181.439    84978.143 
        REG                            96    11046.286    39138.144    50184.430 
        add_31_23                     186     5750.418    25278.783    31029.201 
      Ca[0].Ga[0..4].Ma[13].ACC       306    16796.704    66267.866    83064.570 
        REG                            96    11046.286    37836.815    48883.101 
        add_31_23                     186     5750.418    24750.433    30500.850 
      Ca[0].Ga[0..[5].Ma[1].ACC       306    16796.704    64009.959    80806.662 
        REG                            96    11046.286    36392.768    47439.054 
        add_31_23                     186     5750.418    23990.820    29741.238 
      Ca[0].Ga[0..[5].Ma[2].ACC       306    16796.704    64773.406    81570.110 
        REG                            96    11046.286    37218.240    48264.526 
        add_31_23                     186     5750.418    23971.348    29721.766 
      Ca[0].Ga[0..[5].Ma[3].ACC       306    16796.704    69534.718    86331.422 
        REG                            96    11046.286    38878.374    49924.660 
        add_31_23                     186     5750.418    26658.101    32408.519 
      Ca[0].Ga[0..[5].Ma[4].ACC       306    16796.704    67700.163    84496.867 
        REG                            96    11046.286    38612.204    49658.490 
        add_31_23                     186     5750.418    25115.731    30866.149 
      Ca[0].Ga[0..[5].Ma[5].ACC       306    16796.704    67196.115    83992.819 
        REG                            96    11046.286    38110.860    49157.146 
        add_31_23                     186     5750.418    25233.019    30983.436 
      Ca[0].Ga[0..[5].Ma[6].ACC       306    16796.704    67661.613    84458.316 
        REG                            96    11046.286    38441.605    49487.891 
        add_31_23                     186     5750.418    25414.155    31164.572 
      Ca[0].Ga[0..[5].Ma[7].ACC       306    16796.704    68621.027    85417.731 
        REG                            96    11046.286    39466.573    50512.859 
        add_31_23                     186     5750.418    25320.165    31070.583 
      Ca[0].Ga[0..[5].Ma[8].ACC       306    16796.704    70280.716    87077.420 
        REG                            96    11046.286    41656.328    52702.614 
        add_31_23                     186     5750.418    24793.931    30544.349 
      Ca[0].Ga[0..[5].Ma[9].ACC       306    16796.704    70142.180    86938.884 
        REG                            96    11046.286    40599.354    51645.640 
        add_31_23                     186     5750.418    25829.941    31580.359 
      Ca[0].Ga[0..5].Ma[10].ACC       306    16796.704    68711.642    85508.346 
        REG                            96    11046.286    39853.859    50900.145 
        add_31_23                     186     5750.418    25190.072    30940.490 
      Ca[0].Ga[0..5].Ma[11].ACC       306    16796.704    70843.460    87640.164 
        REG                            96    11046.286    39675.961    50722.247 
        add_31_23                     186     5750.418    27193.860    32944.278 
      Ca[0].Ga[0..5].Ma[12].ACC       306    16796.704    70062.405    86859.109 
        REG                            96    11046.286    39508.156    50554.442 
        add_31_23                     186     5750.418    26822.206    32572.624 
      Ca[0].Ga[0..5].Ma[13].ACC       306    16796.704    65129.808    81926.512 
        REG                            96    11046.286    37014.489    48060.775 
        add_31_23                     186     5750.418    24577.885    30328.303 
      Ca[0].Ga[0..[6].Ma[1].ACC       306    16796.704    65500.084    82296.788 
        REG                            96    11046.286    37367.098    48413.384 
        add_31_23                     186     5750.418    24561.066    30311.484 
      Ca[0].Ga[0..[6].Ma[2].ACC       306    16796.704    63134.963    79931.667 
        REG                            96    11046.286    36338.199    47384.485 
        add_31_23                     186     5750.418    23428.325    29178.743 
      Ca[0].Ga[0..[6].Ma[3].ACC       306    16796.704    68242.497    85039.201 
        REG                            96    11046.286    38305.025    49351.311 
        add_31_23                     186     5750.418    25999.930    31750.348 
      Ca[0].Ga[0..[6].Ma[4].ACC       306    16796.704    67935.843    84732.547 
        REG                            96    11046.286    38677.557    49723.843 
        add_31_23                     186     5750.418    25302.796    31053.214 
      Ca[0].Ga[0..[6].Ma[5].ACC       306    16796.704    66895.268    83691.972 
        REG                            96    11046.286    38414.133    49460.419 
        add_31_23                     186     5750.418    24597.842    30348.259 
      Ca[0].Ga[0..[6].Ma[6].ACC       306    16796.704    67417.023    84213.727 
        REG                            96    11046.286    38821.925    49868.212 
        add_31_23                     186     5750.418    24687.201    30437.619 
      Ca[0].Ga[0..[6].Ma[7].ACC       306    16796.704    72535.402    89332.106 
        REG                            96    11046.286    41909.252    52955.538 
        add_31_23                     186     5750.418    26496.218    32246.636 
      Ca[0].Ga[0..[6].Ma[8].ACC       306    16796.704    71344.484    88141.188 
        REG                            96    11046.286    41485.731    52532.017 
        add_31_23                     186     5750.418    25927.665    31678.083 
      Ca[0].Ga[0..[6].Ma[9].ACC       306    16796.704    69976.473    86773.177 
        REG                            96    11046.286    40843.283    51889.569 
        add_31_23                     186     5750.418    25492.703    31243.120 
      Ca[0].Ga[0..6].Ma[10].ACC       306    16796.704    68319.015    85115.719 
        REG                            96    11046.286    39899.674    50945.960 
        add_31_23                     186     5750.418    24807.491    30557.909 
      Ca[0].Ga[0..6].Ma[11].ACC       306    16796.704    66547.733    83344.436 
        REG                            96    11046.286    37776.145    48822.431 
        add_31_23                     186     5750.418    25050.837    30801.255 
      Ca[0].Ga[0..6].Ma[12].ACC       306    16796.704    68013.628    84810.332 
        REG                            96    11046.286    39178.664    50224.950 
        add_31_23                     186     5750.418    25158.379    30908.797 
      Ca[0].Ga[0..6].Ma[13].ACC       306    16796.704    64110.168    80906.872 
        REG                            96    11046.286    36549.556    47595.842 
        add_31_23                     186     5750.418    23952.191    29702.609 
      Ca[0].Ga[0..[7].Ma[1].ACC       306    16796.704    64750.615    81547.319 
        REG                            96    11046.286    36955.419    48001.705 
        add_31_23                     186     5750.418    24211.378    29961.796 
      Ca[0].Ga[0..[7].Ma[2].ACC       306    16796.704    65881.771    82678.475 
        REG                            96    11046.286    37901.255    48947.541 
        add_31_23                     186     5750.418    24335.996    30086.414 
      Ca[0].Ga[0..[7].Ma[3].ACC       306    16796.704    69914.444    86711.148 
        REG                            96    11046.286    39107.727    50154.013 
        add_31_23                     186     5750.418    26891.157    32641.575 
      Ca[0].Ga[0..[7].Ma[4].ACC       306    16796.704    67472.725    84269.429 
        REG                            96    11046.286    38544.194    49590.480 
        add_31_23                     186     5750.418    25020.635    30771.052 
      Ca[0].Ga[0..[7].Ma[5].ACC       306    16796.704    67522.384    84319.088 
        REG                            96    11046.286    38616.444    49662.731 
        add_31_23                     186     5750.418    24985.136    30735.554 
      Ca[0].Ga[0..[7].Ma[6].ACC       306    16796.704    65716.351    82513.055 
        REG                            96    11046.286    38159.570    49205.856 
        add_31_23                     186     5750.418    23843.694    29594.112 
      Ca[0].Ga[0..[7].Ma[7].ACC       306    16796.704    69987.185    86783.888 
        REG                            96    11046.286    40080.680    51126.966 
        add_31_23                     186     5750.418    25926.209    31676.627 
      Ca[0].Ga[0..[7].Ma[8].ACC       306    16796.704    69385.265    86181.969 
        REG                            96    11046.286    40577.279    51623.565 
        add_31_23                     186     5750.418    25048.516    30798.934 
      Ca[0].Ga[0..[7].Ma[9].ACC       306    16796.704    66711.855    83508.559 
        REG                            96    11046.286    39869.441    50915.727 
        add_31_23                     186     5750.418    23424.971    29175.389 
      Ca[0].Ga[0..7].Ma[10].ACC       306    16796.704    65939.416    82736.120 
        REG                            96    11046.286    38622.667    49668.953 
        add_31_23                     186     5750.418    23883.979    29634.397 
      Ca[0].Ga[0..7].Ma[11].ACC       306    16796.704    71258.319    88055.022 
        REG                            96    11046.286    40454.642    51500.928 
        add_31_23                     186     5750.418    26798.980    32549.398 
      Ca[0].Ga[0..7].Ma[12].ACC       306    16796.704    68924.736    85721.440 
        REG                            96    11046.286    39051.927    50098.213 
        add_31_23                     186     5750.418    26068.166    31818.584 
      Ca[0].Ga[0..7].Ma[13].ACC       306    16796.704    68361.361    85158.065 
        REG                            96    11046.286    38653.498    49699.784 
        add_31_23                     186     5750.418    25860.668    31611.086 
      Ca[0].Ga[0..[8].Ma[1].ACC       306    16796.704    65855.532    82652.236 
        REG                            96    11046.286    37540.610    48586.896 
        add_31_23                     186     5750.418    24712.953    30463.371 
      Ca[0].Ga[0..[8].Ma[2].ACC       306    16796.704    65235.959    82032.663 
        REG                            96    11046.286    37564.306    48610.592 
        add_31_23                     186     5750.418    24089.044    29839.462 
      Ca[0].Ga[0..[8].Ma[3].ACC       306    16796.704    69385.470    86182.173 
        REG                            96    11046.286    38318.788    49365.075 
        add_31_23                     186     5750.418    27051.901    32802.319 
      Ca[0].Ga[0..[8].Ma[4].ACC       306    16796.704    67278.267    84074.971 
        REG                            96    11046.286    38353.707    49399.993 
        add_31_23                     186     5750.418    24889.009    30639.427 
      Ca[0].Ga[0..[8].Ma[5].ACC       306    16796.704    67982.892    84779.596 
        REG                            96    11046.286    39082.515    50128.801 
        add_31_23                     186     5750.418    25077.786    30828.203 
      Ca[0].Ga[0..[8].Ma[6].ACC       306    16796.704    66783.643    83580.346 
        REG                            96    11046.286    38326.151    49372.437 
        add_31_23                     186     5750.418    24681.284    30431.701 
      Ca[0].Ga[0..[8].Ma[7].ACC       306    16796.704    68536.022    85332.726 
        REG                            96    11046.286    39623.179    50669.465 
        add_31_23                     186     5750.418    25090.251    30840.669 
      Ca[0].Ga[0..[8].Ma[8].ACC       306    16796.704    70124.007    86920.711 
        REG                            96    11046.286    40941.597    51987.883 
        add_31_23                     186     5750.418    25269.472    31019.889 
      Ca[0].Ga[0..[8].Ma[9].ACC       306    16796.704    68385.509    85182.213 
        REG                            96    11046.286    40329.254    51375.540 
        add_31_23                     186     5750.418    24385.922    30136.339 
      Ca[0].Ga[0..8].Ma[10].ACC       306    16796.704    68058.686    84855.390 
        REG                            96    11046.286    39564.352    50610.638 
        add_31_23                     186     5750.418    24906.684    30657.102 
      Ca[0].Ga[0..8].Ma[11].ACC       306    16796.704    69926.065    86722.769 
        REG                            96    11046.286    39410.003    50456.289 
        add_31_23                     186     5750.418    26618.450    32368.868 
      Ca[0].Ga[0..8].Ma[12].ACC       306    16796.704    68609.921    85406.625 
        REG                            96    11046.286    39594.555    50640.841 
        add_31_23                     186     5750.418    25280.500    31030.918 
      Ca[0].Ga[0..8].Ma[13].ACC       306    16796.704    65372.330    82169.034 
        REG                            96    11046.286    37523.943    48570.229 
        add_31_23                     186     5750.418    24297.038    30047.455 
      Ca[0].Ga[0..[9].Ma[1].ACC       306    16796.704    63094.542    79891.246 
        REG                            96    11046.286    35916.843    46963.129 
        add_31_23                     186     5750.418    23627.558    29377.976 
      Ca[0].Ga[0..[9].Ma[2].ACC       306    16796.704    64601.433    81398.137 
        REG                            96    11046.286    37413.006    48459.292 
        add_31_23                     186     5750.418    23713.105    29463.523 
      Ca[0].Ga[0..[9].Ma[3].ACC       306    16796.704    66928.637    83725.341 
        REG                            96    11046.286    37892.472    48938.758 
        add_31_23                     186     5750.418    25212.363    30962.781 
      Ca[0].Ga[0..[9].Ma[4].ACC       306    16796.704    67707.016    84503.720 
        REG                            96    11046.286    38741.414    49787.700 
        add_31_23                     186     5750.418    24955.662    30706.080 
      Ca[0].Ga[0..[9].Ma[5].ACC       306    16796.704    67673.140    84469.844 
        REG                            96    11046.286    38308.236    49354.522 
        add_31_23                     186     5750.418    25386.021    31136.439 
      Ca[0].Ga[0..[9].Ma[6].ACC       306    16796.704    68198.561    84995.265 
        REG                            96    11046.286    39396.924    50443.211 
        add_31_23                     186     5750.418    25010.102    30760.519 
      Ca[0].Ga[0..[9].Ma[7].ACC       306    16796.704    70746.518    87543.222 
        REG                            96    11046.286    40568.478    51614.764 
        add_31_23                     186     5750.418    26181.208    31931.626 
      Ca[0].Ga[0..[9].Ma[8].ACC       306    16796.704    68573.204    85369.908 
        REG                            96    11046.286    40056.458    51102.744 
        add_31_23                     186     5750.418    24809.105    30559.522 
      Ca[0].Ga[0..[9].Ma[9].ACC       306    16796.704    67339.805    84136.509 
        REG                            96    11046.286    39460.614    50506.900 
        add_31_23                     186     5750.418    24309.692    30060.109 
      Ca[0].Ga[0..9].Ma[10].ACC       306    16796.704    65740.612    82537.316 
        REG                            96    11046.286    38438.048    49484.334 
        add_31_23                     186     5750.418    23876.248    29626.666 
      Ca[0].Ga[0..9].Ma[11].ACC       306    16796.704    67364.216    84160.920 
        REG                            96    11046.286    39138.064    50184.350 
        add_31_23                     186     5750.418    24542.912    30293.330 
      Ca[0].Ga[0..9].Ma[12].ACC       306    16796.704    70918.961    87715.664 
        REG                            96    11046.286    40715.126    51761.412 
        add_31_23                     186     5750.418    26265.083    32015.501 
      Ca[0].Ga[0..9].Ma[13].ACC       306    16796.704    64441.901    81238.604 
        REG                            96    11046.286    36961.718    48008.005 
        add_31_23                     186     5750.418    23967.552    29717.970 
      Ca[0].Ga[0..10].Ma[1].ACC       306    16796.704    66007.740    82804.444 
        REG                            96    11046.286    37890.885    48937.171 
        add_31_23                     186     5750.418    24605.436    30355.853 
      Ca[0].Ga[0..10].Ma[2].ACC       306    16796.704    65908.342    82705.046 
        REG                            96    11046.286    37922.811    48969.097 
        add_31_23                     186     5750.418    24346.254    30096.672 
      Ca[0].Ga[0..10].Ma[3].ACC       306    16796.704    67581.687    84378.391 
        REG                            96    11046.286    37934.428    48980.714 
        add_31_23                     186     5750.418    25690.358    31440.776 
      Ca[0].Ga[0..10].Ma[4].ACC       306    16796.704    66710.157    83506.861 
        REG                            96    11046.286    38220.306    49266.592 
        add_31_23                     186     5750.418    24596.274    30346.691 
      Ca[0].Ga[0..10].Ma[5].ACC       306    16796.704    67548.102    84344.805 
        REG                            96    11046.286    38282.960    49329.246 
        add_31_23                     186     5750.418    25424.803    31175.221 
      Ca[0].Ga[0..10].Ma[6].ACC       306    16796.704    64929.109    81725.813 
        REG                            96    11046.286    37421.641    48467.927 
        add_31_23                     186     5750.418    23940.388    29690.806 
      Ca[0].Ga[0..10].Ma[7].ACC       306    16796.704    71691.942    88488.646 
        REG                            96    11046.286    41233.733    52280.019 
        add_31_23                     186     5750.418    26360.544    32110.962 
      Ca[0].Ga[0..10].Ma[8].ACC       306    16796.704    70086.724    86883.428 
        REG                            96    11046.286    41284.047    52330.333 
        add_31_23                     186     5750.418    24955.482    30705.900 
      Ca[0].Ga[0..10].Ma[9].ACC       306    16796.704    69304.132    86100.836 
        REG                            96    11046.286    40301.828    51348.114 
        add_31_23                     186     5750.418    25341.046    31091.464 
      Ca[0].Ga[0..0].Ma[10].ACC       306    16796.704    68274.466    85071.170 
        REG                            96    11046.286    39370.968    50417.254 
        add_31_23                     186     5750.418    25243.449    30993.867 
      Ca[0].Ga[0..0].Ma[11].ACC       306    16796.704    69089.913    85886.617 
        REG                            96    11046.286    39405.158    50451.444 
        add_31_23                     186     5750.418    25814.369    31564.786 
      Ca[0].Ga[0..0].Ma[12].ACC       306    16796.704    69144.932    85941.636 
        REG                            96    11046.286    39678.098    50724.384 
        add_31_23                     186     5750.418    25755.361    31505.779 
      Ca[0].Ga[0..0].Ma[13].ACC       306    16796.704    67063.362    83860.065 
        REG                            96    11046.286    37914.921    48961.207 
        add_31_23                     186     5750.418    25444.630    31195.048 
      Ca[0].Ga[0..11].Ma[1].ACC       306    16796.704    63346.496    80143.200 
        REG                            96    11046.286    36600.513    47646.799 
        add_31_23                     186     5750.418    23246.058    28996.476 
      Ca[0].Ga[0..11].Ma[2].ACC       306    16796.704    64750.826    81547.530 
        REG                            96    11046.286    36941.249    47987.535 
        add_31_23                     186     5750.418    24278.998    30029.416 
      Ca[0].Ga[0..11].Ma[3].ACC       306    16796.704    66292.505    83089.209 
        REG                            96    11046.286    37104.771    48151.057 
        add_31_23                     186     5750.418    25505.906    31256.324 
      Ca[0].Ga[0..11].Ma[4].ACC       306    16796.704    67388.286    84184.990 
        REG                            96    11046.286    38447.265    49493.551 
        add_31_23                     186     5750.418    24985.531    30735.949 
      Ca[0].Ga[0..11].Ma[5].ACC       306    16796.704    68789.085    85585.789 
        REG                            96    11046.286    39011.545    50057.831 
        add_31_23                     186     5750.418    25971.888    31722.306 
      Ca[0].Ga[0..11].Ma[6].ACC       306    16796.704    67049.439    83846.143 
        REG                            96    11046.286    38578.240    49624.526 
        add_31_23                     186     5750.418    24665.346    30415.764 
      Ca[0].Ga[0..11].Ma[7].ACC       306    16796.704    70417.352    87214.056 
        REG                            96    11046.286    40253.320    51299.606 
        add_31_23                     186     5750.418    26172.242    31922.660 
      Ca[0].Ga[0..11].Ma[8].ACC       306    16796.704    70016.380    86813.084 
        REG                            96    11046.286    41060.718    52107.005 
        add_31_23                     186     5750.418    25180.865    30931.283 
      Ca[0].Ga[0..11].Ma[9].ACC       306    16796.704    66902.415    83699.119 
        REG                            96    11046.286    39490.120    50536.406 
        add_31_23                     186     5750.418    23909.950    29660.368 
      Ca[0].Ga[0..1].Ma[10].ACC       306    16796.704    66609.174    83405.877 
        REG                            96    11046.286    39112.845    50159.131 
        add_31_23                     186     5750.418    24040.367    29790.785 
      Ca[0].Ga[0..1].Ma[11].ACC       306    16796.704    67685.055    84481.759 
        REG                            96    11046.286    38859.924    49906.210 
        add_31_23                     186     5750.418    25125.152    30875.570 
      Ca[0].Ga[0..1].Ma[12].ACC       306    16796.704    69182.185    85978.889 
        REG                            96    11046.286    39747.399    50793.685 
        add_31_23                     186     5750.418    25698.709    31449.127 
      Ca[0].Ga[0..1].Ma[13].ACC       306    16796.704    65441.548    82238.252 
        REG                            96    11046.286    36958.991    48005.277 
        add_31_23                     186     5750.418    24955.609    30706.027 
      Ca[0].Ga[0..12].Ma[1].ACC       306    16796.704    65796.753    82593.457 
        REG                            96    11046.286    37585.613    48631.899 
        add_31_23                     186     5750.418    24480.105    30230.523 
      Ca[0].Ga[0..12].Ma[2].ACC       306    16796.704    63582.523    80379.227 
        REG                            96    11046.286    36383.818    47430.105 
        add_31_23                     186     5750.418    23772.388    29522.806 
      Ca[0].Ga[0..12].Ma[3].ACC       306    16796.704    69036.105    85832.808 
        REG                            96    11046.286    38813.259    49859.545 
        add_31_23                     186     5750.418    26342.174    32092.592 
      Ca[0].Ga[0..12].Ma[4].ACC       306    16796.704    67753.453    84550.156 
        REG                            96    11046.286    38646.008    49692.294 
        add_31_23                     186     5750.418    25166.071    30916.489 
      Ca[0].Ga[0..12].Ma[5].ACC       306    16796.704    68159.262    84955.966 
        REG                            96    11046.286    38785.012    49831.298 
        add_31_23                     186     5750.418    25445.582    31196.000 
      Ca[0].Ga[0..12].Ma[6].ACC       306    16796.704    66341.280    83137.984 
        REG                            96    11046.286    38309.889    49356.176 
        add_31_23                     186     5750.418    24350.772    30101.190 
      Ca[0].Ga[0..12].Ma[7].ACC       306    16796.704    68177.085    84973.789 
        REG                            96    11046.286    39564.399    50610.685 
        add_31_23                     186     5750.418    24782.230    30532.648 
      Ca[0].Ga[0..12].Ma[8].ACC       306    16796.704    70473.887    87270.591 
        REG                            96    11046.286    41687.108    52733.394 
        add_31_23                     186     5750.418    24887.958    30638.376 
      Ca[0].Ga[0..12].Ma[9].ACC       306    16796.704    66614.195    83410.899 
        REG                            96    11046.286    39284.105    50330.391 
        add_31_23                     186     5750.418    23880.582    29631.000 
      Ca[0].Ga[0..2].Ma[10].ACC       306    16796.704    66346.794    83143.498 
        REG                            96    11046.286    38992.336    50038.622 
        add_31_23                     186     5750.418    23804.117    29554.534 
      Ca[0].Ga[0..2].Ma[11].ACC       306    16796.704    69554.778    86351.482 
        REG                            96    11046.286    39559.796    50606.082 
        add_31_23                     186     5750.418    26188.927    31939.345 
      Ca[0].Ga[0..2].Ma[12].ACC       306    16796.704    68922.532    85719.236 
        REG                            96    11046.286    39341.812    50388.098 
        add_31_23                     186     5750.418    25861.382    31611.800 
      Ca[0].Ga[0..2].Ma[13].ACC       306    16796.704    66450.496    83247.200 
        REG                            96    11046.286    37695.866    48742.152 
        add_31_23                     186     5750.418    25002.823    30753.241 
      Ca[0].Ga[0..13].Ma[1].ACC       306    16796.704    63981.106    80777.810 
        REG                            96    11046.286    36627.499    47673.785 
        add_31_23                     186     5750.418    23767.369    29517.786 
      Ca[0].Ga[0..13].Ma[2].ACC       306    16796.704    64314.256    81110.959 
        REG                            96    11046.286    36857.630    47903.916 
        add_31_23                     186     5750.418    23936.131    29686.549 
      Ca[0].Ga[0..13].Ma[3].ACC       306    16796.704    68599.251    85395.955 
        REG                            96    11046.286    38697.213    49743.499 
        add_31_23                     186     5750.418    26018.745    31769.163 
      Ca[0].Ga[0..13].Ma[4].ACC       306    16796.704    69288.358    86085.062 
        REG                            96    11046.286    39517.976    50564.262 
        add_31_23                     186     5750.418    25739.872    31490.290 
      Ca[0].Ga[0..13].Ma[5].ACC       306    16796.704    69876.508    86673.211 
        REG                            96    11046.286    39300.501    50346.787 
        add_31_23                     186     5750.418    26386.583    32137.001 
      Ca[0].Ga[0..13].Ma[6].ACC       306    16796.704    66592.472    83389.176 
        REG                            96    11046.286    38192.682    49238.968 
        add_31_23                     186     5750.418    24649.596    30400.014 
      Ca[0].Ga[0..13].Ma[7].ACC       306    16796.704    67030.541    83827.245 
        REG                            96    11046.286    38467.421    49513.707 
        add_31_23                     186     5750.418    24869.595    30620.013 
      Ca[0].Ga[0..13].Ma[8].ACC       306    16796.704    68929.570    85726.274 
        REG                            96    11046.286    40585.220    51631.506 
        add_31_23                     186     5750.418    24608.072    30358.490 
      Ca[0].Ga[0..13].Ma[9].ACC       306    16796.704    68349.105    85145.809 
        REG                            96    11046.286    39931.793    50978.079 
        add_31_23                     186     5750.418    24820.587    30571.005 
      Ca[0].Ga[0..3].Ma[10].ACC       306    16796.704    66480.798    83277.502 
        REG                            96    11046.286    38816.721    49863.007 
        add_31_23                     186     5750.418    24161.530    29911.948 
      Ca[0].Ga[0..3].Ma[11].ACC       306    16796.704    69549.480    86346.183 
        REG                            96    11046.286    39482.034    50528.320 
        add_31_23                     186     5750.418    26128.694    31879.112 
      Ca[0].Ga[0..3].Ma[12].ACC       306    16796.704    68185.585    84982.289 
        REG                            96    11046.286    38893.670    49939.956 
        add_31_23                     186     5750.418    25611.297    31361.715 
      Ca[0].Ga[0..3].Ma[13].ACC       306    16796.704    66522.656    83319.360 
        REG                            96    11046.286    37565.343    48611.629 
        add_31_23                     186     5750.418    25323.078    31073.496 
      MUL_CONTROL                      55     6041.184    12040.251    18081.435 
        delay_reg_..0].m_data_reg      55     6041.184    12040.251    18081.435 
      PAD_FILTER                      102     6010.279    13488.266    19498.545 
        COL_END_REG                    23     2359.089     4524.029     6883.118 
        COL_START_REG                  23     2359.089     4549.156     6908.245 
        REG_CLR_LEFT                    0        0.000        0.000        0.000 
        genblk3[0]..ND_MASKED_REG       0        0.000        0.000        0.000 
        genblk3[1]..ND_MASKED_REG       0        0.000        0.000        0.000 
        genblk3[2]..ND_MASKED_REG       0        0.000        0.000        0.000 
        genblk3[3]..ND_MASKED_REG       0        0.000        0.000        0.000 
        genblk3[4]..ND_MASKED_REG       0        0.000        0.000        0.000 
        genblk3[5]..ND_MASKED_REG       0        0.000        0.000        0.000 
        genblk3[6]..ND_MASKED_REG       0        0.000        0.000        0.000 
        genblk3[7]..ND_MASKED_REG       0        0.000        0.000        0.000 
        genblk3[8]..ND_MASKED_REG       0        0.000        0.000        0.000 
        genblk3[9]..ND_MASKED_REG       0        0.000        0.000        0.000 
        genblk3[10..ND_MASKED_REG       0        0.000        0.000        0.000 
        genblk3[11..ND_MASKED_REG       0        0.000        0.000        0.000 
        genblk3[12..ND_MASKED_REG       0        0.000        0.000        0.000 
        genblk3[13..ND_MASKED_REG       0        0.000        0.000        0.000 
      ACC_USER                         43     4660.399    12403.193    17063.591 
        delay_reg_..0].m_data_reg      43     4660.399    12403.193    17063.591 
      Cm[0].Gm[0..[0].Mm[0].MUL        40     4150.032    10930.801    15080.833 
        REG                            32     3682.095     8771.938    12454.033 
      Cm[0].Gm[0..[1].Mm[0].MUL        40     4150.032    11399.477    15549.509 
        REG                            32     3682.095     9211.884    12893.979 
      Cm[0].Gm[0..[2].Mm[0].MUL        40     4150.032    11143.495    15293.528 
        REG                            32     3682.095     9029.697    12711.792 
      Cm[0].Gm[0..[3].Mm[0].MUL        40     4150.032    11410.002    15560.034 
        REG                            32     3682.095     9226.436    12908.532 
      Cm[0].Gm[0..[4].Mm[0].MUL        40     4150.032    11478.049    15628.081 
        REG                            32     3682.095     9362.029    13044.125 
      Cm[0].Gm[0..[5].Mm[0].MUL        40     4150.032    11443.556    15593.588 
        REG                            32     3682.095     9314.838    12996.933 
      Cm[0].Gm[0..[6].Mm[0].MUL        40     4150.032    11207.610    15357.642 
        REG                            32     3682.095     9160.239    12842.335 
      Cm[0].Gm[0..[7].Mm[0].MUL        40     4150.032    11066.092    15216.124 
        REG                            32     3682.095     9065.906    12748.002 
      Cm[0].Gm[0..[8].Mm[0].MUL        40     4150.032    10986.562    15136.594 
        REG                            32     3682.095     8992.022    12674.117 
      Cm[0].Gm[0..[9].Mm[0].MUL        40     4150.032    11598.686    15748.718 
        REG                            32     3682.095     9518.660    13200.756 
      Cm[0].Gm[0..10].Mm[0].MUL        40     4150.032    10872.080    15022.112 
        REG                            32     3682.095     8792.250    12474.346 
      Cm[0].Gm[0..11].Mm[0].MUL        40     4150.032    10976.446    15126.478 
        REG                            32     3682.095     8827.568    12509.663 
      Cm[0].Gm[0..12].Mm[0].MUL        40     4150.032    11538.747    15688.779 
        REG                            32     3682.095     9441.785    13123.880 
      Cm[0].Gm[0..13].Mm[0].MUL        40     4150.032    11303.549    15453.581 
        REG                            32     3682.095     9111.421    12793.516 
      ACC_VALID_LAST                   10      959.043     1811.863     2770.906 
        delay_reg_..0].m_data_reg      10      959.043     1811.863     2770.906 
      MUX_SEL                           5      479.522   170355.210   170834.732 
      Mb[0].BYPASS_SUM                  5      479.522     1000.426     1479.948 
      Mb[1].BYPASS_SUM                  5      479.522      999.577     1479.099 
      Mb[2].BYPASS_SUM                  5      479.522      927.786     1407.308 
      Mb[3].BYPASS_SUM                  5      479.522      970.684     1450.206 
      Mb[4].BYPASS_SUM                  5      479.522      964.592     1444.114 
      Mb[5].BYPASS_SUM                  5      479.522      972.666     1452.188 
      Mb[6].BYPASS_SUM                  5      479.522      954.624     1434.146 
      Mb[7].BYPASS_SUM                  5      479.522      928.397     1407.919 
      Mb[8].BYPASS_SUM                  5      479.522      919.113     1398.635 
      Mb[9].BYPASS_SUM                  5      479.522     1037.477     1516.999 
      Mb[10].BYPASS_SUM                 5      479.522     1013.582     1493.103 
      Mb[11].BYPASS_SUM                 5      479.522     1013.220     1492.742 
      Mb[12].BYPASS_SUM                 5      479.522     1036.021     1515.543 
      Mb[13].BYPASS_SUM                 5      479.522      887.593     1367.115 
      Cm[0].Gm[0..[0].Mm[1].MUL         0        0.000        0.000        0.000 
        REG                             0        0.000        0.000        0.000 
      Cm[0].Gm[0..[0].Mm[2].MUL         0        0.000        0.000        0.000 
        REG                             0        0.000        0.000        0.000 
      Cm[0].Gm[0..[0].Mm[3].MUL         0        0.000        0.000        0.000 
        REG                             0        0.000        0.000        0.000 
      Cm[0].Gm[0..[0].Mm[4].MUL         0        0.000        0.000        0.000 
        REG                             0        0.000        0.000        0.000 
      Cm[0].Gm[0..[0].Mm[5].MUL         0        0.000        0.000        0.000 
        REG                             0        0.000        0.000        0.000 
      Cm[0].Gm[0..[0].Mm[6].MUL         0        0.000        0.000        0.000 
        REG                             0        0.000        0.000        0.000 
      Cm[0].Gm[0..[0].Mm[7].MUL         0        0.000        0.000        0.000 
        REG                             0        0.000        0.000        0.000 
      Cm[0].Gm[0..[0].Mm[8].MUL         0        0.000        0.000        0.000 
        REG                             0        0.000        0.000        0.000 
      Cm[0].Gm[0..[0].Mm[9].MUL         0        0.000        0.000        0.000 
        REG                             0        0.000        0.000        0.000 
      Cm[0].Gm[0..0].Mm[10].MUL         0        0.000        0.000        0.000 
        REG                             0        0.000        0.000        0.000 
      Cm[0].Gm[0..0].Mm[11].MUL         0        0.000        0.000        0.000 
        REG                             0        0.000        0.000        0.000 
      Cm[0].Gm[0..0].Mm[12].MUL         0        0.000        0.000        0.000 
        REG                             0        0.000        0.000        0.000 
      Cm[0].Gm[0..0].Mm[13].MUL         0        0.000        0.000        0.000 
        REG                             0        0.000        0.000        0.000 
      Cm[0].Gm[0..[1].Mm[1].MUL         0        0.000        0.000        0.000 
        REG                             0        0.000        0.000        0.000 
      Cm[0].Gm[0..[1].Mm[2].MUL         0        0.000        0.000        0.000 
        REG                             0        0.000        0.000        0.000 
      Cm[0].Gm[0..[1].Mm[3].MUL         0        0.000        0.000        0.000 
        REG                             0        0.000        0.000        0.000 
      Cm[0].Gm[0..[1].Mm[4].MUL         0        0.000        0.000        0.000 
        REG                             0        0.000        0.000        0.000 
      Cm[0].Gm[0..[1].Mm[5].MUL         0        0.000        0.000        0.000 
        REG                             0        0.000        0.000        0.000 
      Cm[0].Gm[0..[1].Mm[6].MUL         0        0.000        0.000        0.000 
        REG                             0        0.000        0.000        0.000 
      Cm[0].Gm[0..[1].Mm[7].MUL         0        0.000        0.000        0.000 
        REG                             0        0.000        0.000        0.000 
      Cm[0].Gm[0..[1].Mm[8].MUL         0        0.000        0.000        0.000 
        REG                             0        0.000        0.000        0.000 
      Cm[0].Gm[0..[1].Mm[9].MUL         0        0.000        0.000        0.000 
        REG                             0        0.000        0.000        0.000 
      Cm[0].Gm[0..1].Mm[10].MUL         0        0.000        0.000        0.000 
        REG                             0        0.000        0.000        0.000 
      Cm[0].Gm[0..1].Mm[11].MUL         0        0.000        0.000        0.000 
        REG                             0        0.000        0.000        0.000 
      Cm[0].Gm[0..1].Mm[12].MUL         0        0.000        0.000        0.000 
        REG                             0        0.000        0.000        0.000 
      Cm[0].Gm[0..1].Mm[13].MUL         0        0.000        0.000        0.000 
        REG                             0        0.000        0.000        0.000 
      Cm[0].Gm[0..[2].Mm[1].MUL         0        0.000        0.000        0.000 
        REG                             0        0.000        0.000        0.000 
      Cm[0].Gm[0..[2].Mm[2].MUL         0        0.000        0.000        0.000 
        REG                             0        0.000        0.000        0.000 
      Cm[0].Gm[0..[2].Mm[3].MUL         0        0.000        0.000        0.000 
        REG                             0        0.000        0.000        0.000 
      Cm[0].Gm[0..[2].Mm[4].MUL         0        0.000        0.000        0.000 
        REG                             0        0.000        0.000        0.000 
      Cm[0].Gm[0..[2].Mm[5].MUL         0        0.000        0.000        0.000 
        REG                             0        0.000        0.000        0.000 
      Cm[0].Gm[0..[2].Mm[6].MUL         0        0.000        0.000        0.000 
        REG                             0        0.000        0.000        0.000 
      Cm[0].Gm[0..[2].Mm[7].MUL         0        0.000        0.000        0.000 
        REG                             0        0.000        0.000        0.000 
      Cm[0].Gm[0..[2].Mm[8].MUL         0        0.000        0.000        0.000 
        REG                             0        0.000        0.000        0.000 
      Cm[0].Gm[0..[2].Mm[9].MUL         0        0.000        0.000        0.000 
        REG                             0        0.000        0.000        0.000 
      Cm[0].Gm[0..2].Mm[10].MUL         0        0.000        0.000        0.000 
        REG                             0        0.000        0.000        0.000 
      Cm[0].Gm[0..2].Mm[11].MUL         0        0.000        0.000        0.000 
        REG                             0        0.000        0.000        0.000 
      Cm[0].Gm[0..2].Mm[12].MUL         0        0.000        0.000        0.000 
        REG                             0        0.000        0.000        0.000 
      Cm[0].Gm[0..2].Mm[13].MUL         0        0.000        0.000        0.000 
        REG                             0        0.000        0.000        0.000 
      Cm[0].Gm[0..[3].Mm[1].MUL         0        0.000        0.000        0.000 
        REG                             0        0.000        0.000        0.000 
      Cm[0].Gm[0..[3].Mm[2].MUL         0        0.000        0.000        0.000 
        REG                             0        0.000        0.000        0.000 
      Cm[0].Gm[0..[3].Mm[3].MUL         0        0.000        0.000        0.000 
        REG                             0        0.000        0.000        0.000 
      Cm[0].Gm[0..[3].Mm[4].MUL         0        0.000        0.000        0.000 
        REG                             0        0.000        0.000        0.000 
      Cm[0].Gm[0..[3].Mm[5].MUL         0        0.000        0.000        0.000 
        REG                             0        0.000        0.000        0.000 
      Cm[0].Gm[0..[3].Mm[6].MUL         0        0.000        0.000        0.000 
        REG                             0        0.000        0.000        0.000 
      Cm[0].Gm[0..[3].Mm[7].MUL         0        0.000        0.000        0.000 
        REG                             0        0.000        0.000        0.000 
      Cm[0].Gm[0..[3].Mm[8].MUL         0        0.000        0.000        0.000 
        REG                             0        0.000        0.000        0.000 
      Cm[0].Gm[0..[3].Mm[9].MUL         0        0.000        0.000        0.000 
        REG                             0        0.000        0.000        0.000 
      Cm[0].Gm[0..3].Mm[10].MUL         0        0.000        0.000        0.000 
        REG                             0        0.000        0.000        0.000 
      Cm[0].Gm[0..3].Mm[11].MUL         0        0.000        0.000        0.000 
        REG                             0        0.000        0.000        0.000 
      Cm[0].Gm[0..3].Mm[12].MUL         0        0.000        0.000        0.000 
        REG                             0        0.000        0.000        0.000 
      Cm[0].Gm[0..3].Mm[13].MUL         0        0.000        0.000        0.000 
        REG                             0        0.000        0.000        0.000 
      Cm[0].Gm[0..[4].Mm[1].MUL         0        0.000        0.000        0.000 
        REG                             0        0.000        0.000        0.000 
      Cm[0].Gm[0..[4].Mm[2].MUL         0        0.000        0.000        0.000 
        REG                             0        0.000        0.000        0.000 
      Cm[0].Gm[0..[4].Mm[3].MUL         0        0.000        0.000        0.000 
        REG                             0        0.000        0.000        0.000 
      Cm[0].Gm[0..[4].Mm[4].MUL         0        0.000        0.000        0.000 
        REG                             0        0.000        0.000        0.000 
      Cm[0].Gm[0..[4].Mm[5].MUL         0        0.000        0.000        0.000 
        REG                             0        0.000        0.000        0.000 
      Cm[0].Gm[0..[4].Mm[6].MUL         0        0.000        0.000        0.000 
        REG                             0        0.000        0.000        0.000 
      Cm[0].Gm[0..[4].Mm[7].MUL         0        0.000        0.000        0.000 
        REG                             0        0.000        0.000        0.000 
      Cm[0].Gm[0..[4].Mm[8].MUL         0        0.000        0.000        0.000 
        REG                             0        0.000        0.000        0.000 
      Cm[0].Gm[0..[4].Mm[9].MUL         0        0.000        0.000        0.000 
        REG                             0        0.000        0.000        0.000 
      Cm[0].Gm[0..4].Mm[10].MUL         0        0.000        0.000        0.000 
        REG                             0        0.000        0.000        0.000 
      Cm[0].Gm[0..4].Mm[11].MUL         0        0.000        0.000        0.000 
        REG                             0        0.000        0.000        0.000 
      Cm[0].Gm[0..4].Mm[12].MUL         0        0.000        0.000        0.000 
        REG                             0        0.000        0.000        0.000 
      Cm[0].Gm[0..4].Mm[13].MUL         0        0.000        0.000        0.000 
        REG                             0        0.000        0.000        0.000 
      Cm[0].Gm[0..[5].Mm[1].MUL         0        0.000        0.000        0.000 
        REG                             0        0.000        0.000        0.000 
      Cm[0].Gm[0..[5].Mm[2].MUL         0        0.000        0.000        0.000 
        REG                             0        0.000        0.000        0.000 
      Cm[0].Gm[0..[5].Mm[3].MUL         0        0.000        0.000        0.000 
        REG                             0        0.000        0.000        0.000 
      Cm[0].Gm[0..[5].Mm[4].MUL         0        0.000        0.000        0.000 
        REG                             0        0.000        0.000        0.000 
      Cm[0].Gm[0..[5].Mm[5].MUL         0        0.000        0.000        0.000 
        REG                             0        0.000        0.000        0.000 
      Cm[0].Gm[0..[5].Mm[6].MUL         0        0.000        0.000        0.000 
        REG                             0        0.000        0.000        0.000 
      Cm[0].Gm[0..[5].Mm[7].MUL         0        0.000        0.000        0.000 
        REG                             0        0.000        0.000        0.000 
      Cm[0].Gm[0..[5].Mm[8].MUL         0        0.000        0.000        0.000 
        REG                             0        0.000        0.000        0.000 
      Cm[0].Gm[0..[5].Mm[9].MUL         0        0.000        0.000        0.000 
        REG                             0        0.000        0.000        0.000 
      Cm[0].Gm[0..5].Mm[10].MUL         0        0.000        0.000        0.000 
        REG                             0        0.000        0.000        0.000 
      Cm[0].Gm[0..5].Mm[11].MUL         0        0.000        0.000        0.000 
        REG                             0        0.000        0.000        0.000 
      Cm[0].Gm[0..5].Mm[12].MUL         0        0.000        0.000        0.000 
        REG                             0        0.000        0.000        0.000 
      Cm[0].Gm[0..5].Mm[13].MUL         0        0.000        0.000        0.000 
        REG                             0        0.000        0.000        0.000 
      Cm[0].Gm[0..[6].Mm[1].MUL         0        0.000        0.000        0.000 
        REG                             0        0.000        0.000        0.000 
      Cm[0].Gm[0..[6].Mm[2].MUL         0        0.000        0.000        0.000 
        REG                             0        0.000        0.000        0.000 
      Cm[0].Gm[0..[6].Mm[3].MUL         0        0.000        0.000        0.000 
        REG                             0        0.000        0.000        0.000 
      Cm[0].Gm[0..[6].Mm[4].MUL         0        0.000        0.000        0.000 
        REG                             0        0.000        0.000        0.000 
      Cm[0].Gm[0..[6].Mm[5].MUL         0        0.000        0.000        0.000 
        REG                             0        0.000        0.000        0.000 
      Cm[0].Gm[0..[6].Mm[6].MUL         0        0.000        0.000        0.000 
        REG                             0        0.000        0.000        0.000 
      Cm[0].Gm[0..[6].Mm[7].MUL         0        0.000        0.000        0.000 
        REG                             0        0.000        0.000        0.000 
      Cm[0].Gm[0..[6].Mm[8].MUL         0        0.000        0.000        0.000 
        REG                             0        0.000        0.000        0.000 
      Cm[0].Gm[0..[6].Mm[9].MUL         0        0.000        0.000        0.000 
        REG                             0        0.000        0.000        0.000 
      Cm[0].Gm[0..6].Mm[10].MUL         0        0.000        0.000        0.000 
        REG                             0        0.000        0.000        0.000 
      Cm[0].Gm[0..6].Mm[11].MUL         0        0.000        0.000        0.000 
        REG                             0        0.000        0.000        0.000 
      Cm[0].Gm[0..6].Mm[12].MUL         0        0.000        0.000        0.000 
        REG                             0        0.000        0.000        0.000 
      Cm[0].Gm[0..6].Mm[13].MUL         0        0.000        0.000        0.000 
        REG                             0        0.000        0.000        0.000 
      Cm[0].Gm[0..[7].Mm[1].MUL         0        0.000        0.000        0.000 
        REG                             0        0.000        0.000        0.000 
      Cm[0].Gm[0..[7].Mm[2].MUL         0        0.000        0.000        0.000 
        REG                             0        0.000        0.000        0.000 
      Cm[0].Gm[0..[7].Mm[3].MUL         0        0.000        0.000        0.000 
        REG                             0        0.000        0.000        0.000 
      Cm[0].Gm[0..[7].Mm[4].MUL         0        0.000        0.000        0.000 
        REG                             0        0.000        0.000        0.000 
      Cm[0].Gm[0..[7].Mm[5].MUL         0        0.000        0.000        0.000 
        REG                             0        0.000        0.000        0.000 
      Cm[0].Gm[0..[7].Mm[6].MUL         0        0.000        0.000        0.000 
        REG                             0        0.000        0.000        0.000 
      Cm[0].Gm[0..[7].Mm[7].MUL         0        0.000        0.000        0.000 
        REG                             0        0.000        0.000        0.000 
      Cm[0].Gm[0..[7].Mm[8].MUL         0        0.000        0.000        0.000 
        REG                             0        0.000        0.000        0.000 
      Cm[0].Gm[0..[7].Mm[9].MUL         0        0.000        0.000        0.000 
        REG                             0        0.000        0.000        0.000 
      Cm[0].Gm[0..7].Mm[10].MUL         0        0.000        0.000        0.000 
        REG                             0        0.000        0.000        0.000 
      Cm[0].Gm[0..7].Mm[11].MUL         0        0.000        0.000        0.000 
        REG                             0        0.000        0.000        0.000 
      Cm[0].Gm[0..7].Mm[12].MUL         0        0.000        0.000        0.000 
        REG                             0        0.000        0.000        0.000 
      Cm[0].Gm[0..7].Mm[13].MUL         0        0.000        0.000        0.000 
        REG                             0        0.000        0.000        0.000 
      Cm[0].Gm[0..[8].Mm[1].MUL         0        0.000        0.000        0.000 
        REG                             0        0.000        0.000        0.000 
      Cm[0].Gm[0..[8].Mm[2].MUL         0        0.000        0.000        0.000 
        REG                             0        0.000        0.000        0.000 
      Cm[0].Gm[0..[8].Mm[3].MUL         0        0.000        0.000        0.000 
        REG                             0        0.000        0.000        0.000 
      Cm[0].Gm[0..[8].Mm[4].MUL         0        0.000        0.000        0.000 
        REG                             0        0.000        0.000        0.000 
      Cm[0].Gm[0..[8].Mm[5].MUL         0        0.000        0.000        0.000 
        REG                             0        0.000        0.000        0.000 
      Cm[0].Gm[0..[8].Mm[6].MUL         0        0.000        0.000        0.000 
        REG                             0        0.000        0.000        0.000 
      Cm[0].Gm[0..[8].Mm[7].MUL         0        0.000        0.000        0.000 
        REG                             0        0.000        0.000        0.000 
      Cm[0].Gm[0..[8].Mm[8].MUL         0        0.000        0.000        0.000 
        REG                             0        0.000        0.000        0.000 
      Cm[0].Gm[0..[8].Mm[9].MUL         0        0.000        0.000        0.000 
        REG                             0        0.000        0.000        0.000 
      Cm[0].Gm[0..8].Mm[10].MUL         0        0.000        0.000        0.000 
        REG                             0        0.000        0.000        0.000 
      Cm[0].Gm[0..8].Mm[11].MUL         0        0.000        0.000        0.000 
        REG                             0        0.000        0.000        0.000 
      Cm[0].Gm[0..8].Mm[12].MUL         0        0.000        0.000        0.000 
        REG                             0        0.000        0.000        0.000 
      Cm[0].Gm[0..8].Mm[13].MUL         0        0.000        0.000        0.000 
        REG                             0        0.000        0.000        0.000 
      Cm[0].Gm[0..[9].Mm[1].MUL         0        0.000        0.000        0.000 
        REG                             0        0.000        0.000        0.000 
      Cm[0].Gm[0..[9].Mm[2].MUL         0        0.000        0.000        0.000 
        REG                             0        0.000        0.000        0.000 
      Cm[0].Gm[0..[9].Mm[3].MUL         0        0.000        0.000        0.000 
        REG                             0        0.000        0.000        0.000 
      Cm[0].Gm[0..[9].Mm[4].MUL         0        0.000        0.000        0.000 
        REG                             0        0.000        0.000        0.000 
      Cm[0].Gm[0..[9].Mm[5].MUL         0        0.000        0.000        0.000 
        REG                             0        0.000        0.000        0.000 
      Cm[0].Gm[0..[9].Mm[6].MUL         0        0.000        0.000        0.000 
        REG                             0        0.000        0.000        0.000 
      Cm[0].Gm[0..[9].Mm[7].MUL         0        0.000        0.000        0.000 
        REG                             0        0.000        0.000        0.000 
      Cm[0].Gm[0..[9].Mm[8].MUL         0        0.000        0.000        0.000 
        REG                             0        0.000        0.000        0.000 
      Cm[0].Gm[0..[9].Mm[9].MUL         0        0.000        0.000        0.000 
        REG                             0        0.000        0.000        0.000 
      Cm[0].Gm[0..9].Mm[10].MUL         0        0.000        0.000        0.000 
        REG                             0        0.000        0.000        0.000 
      Cm[0].Gm[0..9].Mm[11].MUL         0        0.000        0.000        0.000 
        REG                             0        0.000        0.000        0.000 
      Cm[0].Gm[0..9].Mm[12].MUL         0        0.000        0.000        0.000 
        REG                             0        0.000        0.000        0.000 
      Cm[0].Gm[0..9].Mm[13].MUL         0        0.000        0.000        0.000 
        REG                             0        0.000        0.000        0.000 
      Cm[0].Gm[0..10].Mm[1].MUL         0        0.000        0.000        0.000 
        REG                             0        0.000        0.000        0.000 
      Cm[0].Gm[0..10].Mm[2].MUL         0        0.000        0.000        0.000 
        REG                             0        0.000        0.000        0.000 
      Cm[0].Gm[0..10].Mm[3].MUL         0        0.000        0.000        0.000 
        REG                             0        0.000        0.000        0.000 
      Cm[0].Gm[0..10].Mm[4].MUL         0        0.000        0.000        0.000 
        REG                             0        0.000        0.000        0.000 
      Cm[0].Gm[0..10].Mm[5].MUL         0        0.000        0.000        0.000 
        REG                             0        0.000        0.000        0.000 
      Cm[0].Gm[0..10].Mm[6].MUL         0        0.000        0.000        0.000 
        REG                             0        0.000        0.000        0.000 
      Cm[0].Gm[0..10].Mm[7].MUL         0        0.000        0.000        0.000 
        REG                             0        0.000        0.000        0.000 
      Cm[0].Gm[0..10].Mm[8].MUL         0        0.000        0.000        0.000 
        REG                             0        0.000        0.000        0.000 
      Cm[0].Gm[0..10].Mm[9].MUL         0        0.000        0.000        0.000 
        REG                             0        0.000        0.000        0.000 
      Cm[0].Gm[0..0].Mm[10].MUL         0        0.000        0.000        0.000 
        REG                             0        0.000        0.000        0.000 
      Cm[0].Gm[0..0].Mm[11].MUL         0        0.000        0.000        0.000 
        REG                             0        0.000        0.000        0.000 
      Cm[0].Gm[0..0].Mm[12].MUL         0        0.000        0.000        0.000 
        REG                             0        0.000        0.000        0.000 
      Cm[0].Gm[0..0].Mm[13].MUL         0        0.000        0.000        0.000 
        REG                             0        0.000        0.000        0.000 
      Cm[0].Gm[0..11].Mm[1].MUL         0        0.000        0.000        0.000 
        REG                             0        0.000        0.000        0.000 
      Cm[0].Gm[0..11].Mm[2].MUL         0        0.000        0.000        0.000 
        REG                             0        0.000        0.000        0.000 
      Cm[0].Gm[0..11].Mm[3].MUL         0        0.000        0.000        0.000 
        REG                             0        0.000        0.000        0.000 
      Cm[0].Gm[0..11].Mm[4].MUL         0        0.000        0.000        0.000 
        REG                             0        0.000        0.000        0.000 
      Cm[0].Gm[0..11].Mm[5].MUL         0        0.000        0.000        0.000 
        REG                             0        0.000        0.000        0.000 
      Cm[0].Gm[0..11].Mm[6].MUL         0        0.000        0.000        0.000 
        REG                             0        0.000        0.000        0.000 
      Cm[0].Gm[0..11].Mm[7].MUL         0        0.000        0.000        0.000 
        REG                             0        0.000        0.000        0.000 
      Cm[0].Gm[0..11].Mm[8].MUL         0        0.000        0.000        0.000 
        REG                             0        0.000        0.000        0.000 
      Cm[0].Gm[0..11].Mm[9].MUL         0        0.000        0.000        0.000 
        REG                             0        0.000        0.000        0.000 
      Cm[0].Gm[0..1].Mm[10].MUL         0        0.000        0.000        0.000 
        REG                             0        0.000        0.000        0.000 
      Cm[0].Gm[0..1].Mm[11].MUL         0        0.000        0.000        0.000 
        REG                             0        0.000        0.000        0.000 
      Cm[0].Gm[0..1].Mm[12].MUL         0        0.000        0.000        0.000 
        REG                             0        0.000        0.000        0.000 
      Cm[0].Gm[0..1].Mm[13].MUL         0        0.000        0.000        0.000 
        REG                             0        0.000        0.000        0.000 
      Cm[0].Gm[0..12].Mm[1].MUL         0        0.000        0.000        0.000 
        REG                             0        0.000        0.000        0.000 
      Cm[0].Gm[0..12].Mm[2].MUL         0        0.000        0.000        0.000 
        REG                             0        0.000        0.000        0.000 
      Cm[0].Gm[0..12].Mm[3].MUL         0        0.000        0.000        0.000 
        REG                             0        0.000        0.000        0.000 
      Cm[0].Gm[0..12].Mm[4].MUL         0        0.000        0.000        0.000 
        REG                             0        0.000        0.000        0.000 
      Cm[0].Gm[0..12].Mm[5].MUL         0        0.000        0.000        0.000 
        REG                             0        0.000        0.000        0.000 
      Cm[0].Gm[0..12].Mm[6].MUL         0        0.000        0.000        0.000 
        REG                             0        0.000        0.000        0.000 
      Cm[0].Gm[0..12].Mm[7].MUL         0        0.000        0.000        0.000 
        REG                             0        0.000        0.000        0.000 
      Cm[0].Gm[0..12].Mm[8].MUL         0        0.000        0.000        0.000 
        REG                             0        0.000        0.000        0.000 
      Cm[0].Gm[0..12].Mm[9].MUL         0        0.000        0.000        0.000 
        REG                             0        0.000        0.000        0.000 
      Cm[0].Gm[0..2].Mm[10].MUL         0        0.000        0.000        0.000 
        REG                             0        0.000        0.000        0.000 
      Cm[0].Gm[0..2].Mm[11].MUL         0        0.000        0.000        0.000 
        REG                             0        0.000        0.000        0.000 
      Cm[0].Gm[0..2].Mm[12].MUL         0        0.000        0.000        0.000 
        REG                             0        0.000        0.000        0.000 
      Cm[0].Gm[0..2].Mm[13].MUL         0        0.000        0.000        0.000 
        REG                             0        0.000        0.000        0.000 
      Cm[0].Gm[0..13].Mm[1].MUL         0        0.000        0.000        0.000 
        REG                             0        0.000        0.000        0.000 
      Cm[0].Gm[0..13].Mm[2].MUL         0        0.000        0.000        0.000 
        REG                             0        0.000        0.000        0.000 
      Cm[0].Gm[0..13].Mm[3].MUL         0        0.000        0.000        0.000 
        REG                             0        0.000        0.000        0.000 
      Cm[0].Gm[0..13].Mm[4].MUL         0        0.000        0.000        0.000 
        REG                             0        0.000        0.000        0.000 
      Cm[0].Gm[0..13].Mm[5].MUL         0        0.000        0.000        0.000 
        REG                             0        0.000        0.000        0.000 
      Cm[0].Gm[0..13].Mm[6].MUL         0        0.000        0.000        0.000 
        REG                             0        0.000        0.000        0.000 
      Cm[0].Gm[0..13].Mm[7].MUL         0        0.000        0.000        0.000 
        REG                             0        0.000        0.000        0.000 
      Cm[0].Gm[0..13].Mm[8].MUL         0        0.000        0.000        0.000 
        REG                             0        0.000        0.000        0.000 
      Cm[0].Gm[0..13].Mm[9].MUL         0        0.000        0.000        0.000 
        REG                             0        0.000        0.000        0.000 
      Cm[0].Gm[0..3].Mm[10].MUL         0        0.000        0.000        0.000 
        REG                             0        0.000        0.000        0.000 
      Cm[0].Gm[0..3].Mm[11].MUL         0        0.000        0.000        0.000 
        REG                             0        0.000        0.000        0.000 
      Cm[0].Gm[0..3].Mm[12].MUL         0        0.000        0.000        0.000 
        REG                             0        0.000        0.000        0.000 
      Cm[0].Gm[0..3].Mm[13].MUL         0        0.000        0.000        0.000 
        REG                             0        0.000        0.000        0.000 
  input_pipe                        53891  5289428.180 12928363.919 18217792.100 
    PIXELS                          50999  5056242.011 12377538.007 17433780.018 
      DW                            49153  4881104.238 11878449.660 16759553.898 
        N[17].genblk1.DW            22667  2330436.385  5527442.051  7857878.436 
          genblk1.SLAVE_ADAPTER     13625  1593036.475  3559489.161  5152525.636 
          genblk2.MASTER_ADAPTER     9042   737399.910  1967952.890  2705352.800 
        N[18].genblk1.DW            13874  1334983.288  3368260.031  4703243.318 
          genblk1.SLAVE_ADAPTER      7252   847123.521  1979220.942  2826344.463 
          genblk2.MASTER_ADAPTER     6622   487859.766  1389039.089  1876898.855 
        N[14].genblk1.DW             9961  1012537.853  2486074.901  3498612.754 
          genblk1.SLAVE_ADAPTER      5653   659943.636  1475316.763  2135260.399 
          genblk2.MASTER_ADAPTER     4308   352594.217  1010758.138  1363352.355 
        N[16].genblk1.DW             1490   176698.041   379821.855   556519.896 
          genblk1.SLAVE_ADAPTER      1490   176698.041   379821.855   556519.896 
        CONFIG                         55     6041.184    11079.823    17121.008 
        ONES_COUNT                     27     2819.351     4304.957     7124.308 
        COUNT_SH                       10      959.043     1697.150     2656.194 
        STATE                           4      870.391     1771.280     2641.671 
      SHIFT                          1846   175137.773   499088.348   674226.120 
        SLICE                         807    99741.679   264250.293   363991.971 
        REG                           579    66335.496   157319.071   223654.567 
        COUNT                          19     1898.827     4607.977     6506.805 
        REG_VALID                       5      479.522      771.281     1250.803 
        REG_USER                        0        0.000        0.000        0.000 
    WEIGHTS_ROTATOR                  2883   233027.762   549592.505   782620.267 
      DW                             1242   124611.336   301974.522   426585.858 
        genblk1.SLAVE_ADAPTER         783    87330.880   196235.256   283566.137 
        genblk2.MASTER_ADAPTER        459    37280.456   105739.265   143019.721 
      genblk2[0].BRAM                 146     7706.161    18500.742    26206.903 
        ADD_R                          41     4621.879    10648.364    15270.243 
        ADDR_W                          5      479.522      989.114     1468.636 
        BRAM                            3       67.592      121.602      189.194 
      genblk2[1].BRAM                 146     7706.161    15926.390    23632.552 
        ADD_R                          41     4621.879     9247.541    13869.420 
        ADDR_W                          5      479.522      852.883     1332.405 
        BRAM                            3       67.592      112.649      180.241 
      REG_PIPE                         68     4981.025    20095.782    25076.807 
        pipe_reg[0].reg_inst           34     2490.512     4811.629     7302.142 
        pipe_reg[1].reg_inst           34     2490.512    15284.153    17774.665 
      COUNT_CIN                        43     4660.399     9585.457    14245.855 
      genblk2[0].ADDR_MAX              43     4660.399     7356.673    12017.071 
      genblk2[0].REF_CIN_1             43     4660.399     7446.858    12107.256 
      genblk2[1].ADDR_MAX              43     4660.399     7251.485    11911.883 
      genblk2[1].REF_CIN_1             43     4660.399     7073.623    11734.022 
      COUNT_COLS                       39     4200.137     8429.684    12629.821 
      genblk2[0].REF_COLS_1            39     4200.137     6768.915    10969.052 
      genblk2[1].REF_COLS_1            39     4200.137     6511.423    10711.559 
      COUNT_CONFIG                     27     2819.351     6470.178     9289.529 
      genblk2[0].R_ADDR_MIN            26     2800.091     4387.839     7187.930 
      genblk2[1].R_ADDR_MIN            26     2800.091     4382.658     7182.749 
      COUNT_BLOCKS                     23     2359.089     4522.600     6881.689 
      genblk2[0].REF_BLOCKS_1          23     2359.089     3808.651     6167.741 
      genblk2[1].REF_BLOCKS_1          23     2359.089     3654.729     6013.818 
      COUNT_KH                         19     1898.827     3471.176     5370.003 
      genblk2[0].REF_KH2               15     1438.565     2334.866     3773.431 
      genblk2[0].REF_KW2               15     1438.565     2088.132     3526.697 
      genblk2[1].REF_KH2               15     1438.565     2190.830     3629.396 
      genblk2[1].REF_KW2               15     1438.565     2088.165     3526.730 
      STATE_W                           6     1305.587     1899.701     3205.288 
      COUNT_SW                         10      959.043     1871.115     2830.158 
      genblk2[0].REF_SW_1              10      959.043     1507.373     2466.417 
      genblk2[1].REF_SW_1              10      959.043     1413.499     2372.542 
      BRAM_VALID                        4      870.391     1263.084     2133.476 
        delay_reg_..0].m_data_reg       2      435.196      635.300     1070.495 
        delay_reg_..1].m_data_reg       2      435.196      627.785     1062.980 
      STATE_R                           4      870.391     1957.041     2827.433 
      LAST_BLOCKS                       5      479.522      863.148     1342.670 
      LAST_CIN                          5      479.522      774.790     1254.312 
      LAST_COLS                         5      479.522      830.516     1310.038 
      LAST_CONFIG                       5      479.522     1184.963     1664.485 
      LAST_KH                           5      479.522      838.591     1318.113 
      LAST_SW                           5      479.522      819.587     1299.109 
      I_WEIGHTS_READ                    5      457.359     4831.474     5288.833 
      I_WEIGHTS_WRITE                   5      457.359     1498.259     1955.618 
      STATE_DW                          2      435.196      680.288     1115.484 
      genblk2[0].DONE_READ              2      435.196      623.747     1058.943 
      genblk2[0].DONE_WRITE             2      435.196      669.149     1104.344 
      genblk2[1].DONE_READ              2      435.196      704.870     1140.066 
      genblk2[1].DONE_WRITE             2      435.196      682.792     1117.988 
  CONV_DW                           46208  3356359.342  8668247.024 12024606.366 
    C[0].G[0].CONV_DW               46208  3356359.342  8668247.024 12024606.366 
      REG_A_DATA                    18819  2165129.846  4428687.395  6593817.241 
      REG_B_DATA                     5379   618649.799  1139330.217  1757980.015 
      SLICE                          2385   296828.153   772551.361  1069379.514 
      REG_A_USER_LAST                  35     3739.875     6211.831     9951.706 
      COUNT_A                          19     1898.827     3716.409     5615.236 
      COUNT_B                          10      959.043     2043.888     3002.931 
      REG_A_VALID                       5      479.522      700.409     1179.931 
      REG_B_USER_LAST                   5      479.522      824.972     1304.494 
      REG_B_VALID                       5      479.522      865.179     1344.701 
  DW_OUT                            26092  2722008.669  7240229.426  9962238.095 
    genblk1.SLAVE_ADAPTER           16135  1913187.147  5058623.255  6971810.402 
    genblk2.MASTER_ADAPTER           9957   808821.521  2181606.172  2990427.693 

