============================================================
  Generated by:           Genus(TM) Synthesis Solution 18.10-p003_1
  Generated on:           Oct 08 2021  03:21:51 am
  Module:                 axis_accelerator_asic
  Operating conditions:   NCCOM 
  Interconnect mode:      global
  Area mode:              physical library
============================================================


Path 1: MET (0 ps) Setup Check with Pin CONV_ENGINE/ENGINE/Ca[0].Ga[0].Ua[1].Ma[4].ACC/retime_s11_1740_reg/CP->D
          Group: aclk
     Startpoint: (R) input_pipe/WEIGHTS_ROTATOR/retime_s8_1105_reg/CP
          Clock: (R) aclk
       Endpoint: (R) CONV_ENGINE/ENGINE/Ca[0].Ga[0].Ua[1].Ma[4].ACC/retime_s11_1740_reg/D
          Clock: (R) aclk

                     Capture       Launch     
        Clock Edge:+    1250            0     
       Src Latency:+       0            0     
       Net Latency:+       0 (I)        0 (I) 
           Arrival:=    1250            0     
                                              
             Setup:-      15                  
     Required Time:=    1235                  
      Launch Clock:-       0                  
         Data Path:-    1235                  
             Slack:=       0                  

#-------------------------------------------------------------------------------------------------------------------------------------------------
#                            Timing Point                              Flags    Arc    Edge    Cell      Fanout Load Trans Delay Arrival Instance 
#                                                                                                               (fF)  (ps)  (ps)   (ps)  Location 
#-------------------------------------------------------------------------------------------------------------------------------------------------
  input_pipe/WEIGHTS_ROTATOR/retime_s8_1105_reg/CP                     -       -       R     (arrival)      900    -     0     -       0    (-,-) 
  input_pipe/WEIGHTS_ROTATOR/retime_s8_1105_reg/Q                      -       CP->Q   F     DFSND4BWP        6 12.5    18    59      59    (-,-) 
  input_pipe/WEIGHTS_ROTATOR/g22454/Z                                  -       I->Z    F     CKBD16BWP       18 35.8    17    27      86    (-,-) 
  input_pipe/WEIGHTS_ROTATOR/g29035/ZN                                 -       S->ZN   F     MUX2ND2BWP       3  5.0    16    53     139    (-,-) 
  input_pipe/WEIGHTS_ROTATOR/g28624/ZN                                 -       A1->ZN  F     XNR2D1BWP        1  2.3    18    33     172    (-,-) 
  input_pipe/WEIGHTS_ROTATOR/g28597/ZN                                 -       A1->ZN  R     NR2XD1BWP        1  2.0    18    15     187    (-,-) 
  input_pipe/WEIGHTS_ROTATOR/g28577/Z                                  -       A1->Z   R     AN3XD1BWP        1  3.5    26    39     226    (-,-) 
  input_pipe/WEIGHTS_ROTATOR/g28575/ZN                                 -       A1->ZN  F     ND4D4BWP         1  3.9    37    29     255    (-,-) 
  input_pipe/WEIGHTS_ROTATOR/g28571/ZN                                 -       A2->ZN  R     NR3D3BWP         1  6.0    28    28     282    (-,-) 
  input_pipe/g20/ZN                                                    -       I->ZN   F     CKND8BWP         1  8.1    13    13     296    (-,-) 
  input_pipe/g18/ZN                                                    -       A1->ZN  R     NR2XD8BWP        6 24.5    26    16     311    (-,-) 
  CONV_ENGINE/ENGINE/g627/Z                                            -       I->Z    R     BUFFD8BWP        9 26.3    21    30     341    (-,-) 
  CONV_ENGINE/ENGINE/g162116/ZN                                        -       A1->ZN  F     NR2XD3BWP        1  8.1    20    16     357    (-,-) 
  CONV_ENGINE/ENGINE/g161288/ZN                                        -       I->ZN   R     INVD12BWP       28 54.4    27    22     379    (-,-) 
  CONV_ENGINE/ENGINE/g327/ZN                                           -       I->ZN   F     INVD12BWP        3 29.1    17    18     397    (-,-) 
  CONV_ENGINE/ENGINE/g325/ZN                                           -       I->ZN   R     INVD16BWP       48 59.1    23    19     416    (-,-) 
  CONV_ENGINE/ENGINE/Ca[0].Ga[0].Ua[1].Ma[4].ACC/g704/ZN               -       B1->ZN  F     INR2D2BWP        2  3.7    14    14     429    (-,-) 
  CONV_ENGINE/ENGINE/Ca[0].Ga[0].Ua[1].Ma[4].ACC/add_31_23/g4007/ZN    -       A1->ZN  R     CKND2D1BWP       2  3.8    37    25     454    (-,-) 
  CONV_ENGINE/ENGINE/Ca[0].Ga[0].Ua[1].Ma[4].ACC/add_31_23/g4000/ZN    -       B->ZN   F     OAI21D2BWP       2  5.0    32    32     486    (-,-) 
  CONV_ENGINE/ENGINE/Ca[0].Ga[0].Ua[1].Ma[4].ACC/add_31_23/g3998/ZN    -       A1->ZN  R     AOI21D4BWP       2  3.9    26    22     507    (-,-) 
  CONV_ENGINE/ENGINE/Ca[0].Ga[0].Ua[1].Ma[4].ACC/add_31_23/g3996/ZN    -       A1->ZN  F     OAI21D2BWP       2  4.0    30    22     529    (-,-) 
  CONV_ENGINE/ENGINE/Ca[0].Ga[0].Ua[1].Ma[4].ACC/add_31_23/g3994/ZN    -       A1->ZN  R     AOI22D2BWP       2  3.4    33    27     556    (-,-) 
  CONV_ENGINE/ENGINE/Ca[0].Ga[0].Ua[1].Ma[4].ACC/add_31_23/g4017/CO    -       CIN->CO F     FCICIND1BWP      1  2.6    25    57     614    (-,-) 
  CONV_ENGINE/ENGINE/Ca[0].Ga[0].Ua[1].Ma[4].ACC/add_31_23/g3989/CO    -       CI->CO  F     FA1D2BWP         1  2.6    18    34     648    (-,-) 
  CONV_ENGINE/ENGINE/Ca[0].Ga[0].Ua[1].Ma[4].ACC/add_31_23/g3988/CO    -       CI->CO  F     FA1D1BWP         1  2.1    19    34     682    (-,-) 
  CONV_ENGINE/ENGINE/Ca[0].Ga[0].Ua[1].Ma[4].ACC/add_31_23/g3987/CO    -       CI->CO  F     FA1D0BWP         1  2.1    23    44     726    (-,-) 
  CONV_ENGINE/ENGINE/Ca[0].Ga[0].Ua[1].Ma[4].ACC/add_31_23/g3986/CO    -       CI->CO  F     FA1D0BWP         1  2.1    23    46     772    (-,-) 
  CONV_ENGINE/ENGINE/Ca[0].Ga[0].Ua[1].Ma[4].ACC/add_31_23/g3985/CO    -       CI->CO  F     FA1D0BWP         1  2.1    23    46     818    (-,-) 
  CONV_ENGINE/ENGINE/Ca[0].Ga[0].Ua[1].Ma[4].ACC/add_31_23/g3984/CO    -       CI->CO  F     FA1D0BWP         1  2.6    26    48     867    (-,-) 
  CONV_ENGINE/ENGINE/Ca[0].Ga[0].Ua[1].Ma[4].ACC/add_31_23/g3983/CO    -       CI->CO  F     FA1D1BWP         1  2.6    20    38     905    (-,-) 
  CONV_ENGINE/ENGINE/Ca[0].Ga[0].Ua[1].Ma[4].ACC/add_31_23/g3982/CO    -       CI->CO  F     FA1D1BWP         1  2.6    20    36     941    (-,-) 
  CONV_ENGINE/ENGINE/Ca[0].Ga[0].Ua[1].Ma[4].ACC/add_31_23/g3981/CO    -       CI->CO  F     FA1D1BWP         1  2.6    20    36     977    (-,-) 
  CONV_ENGINE/ENGINE/Ca[0].Ga[0].Ua[1].Ma[4].ACC/add_31_23/g3980/CO    -       CI->CO  F     FA1D1BWP         1  2.6    20    36    1013    (-,-) 
  CONV_ENGINE/ENGINE/Ca[0].Ga[0].Ua[1].Ma[4].ACC/add_31_23/g3979/CO    -       CI->CO  F     FA1D1BWP         1  2.6    20    36    1049    (-,-) 
  CONV_ENGINE/ENGINE/Ca[0].Ga[0].Ua[1].Ma[4].ACC/add_31_23/g3978/CO    -       CI->CO  F     FA1D1BWP         1  2.6    20    36    1085    (-,-) 
  CONV_ENGINE/ENGINE/Ca[0].Ga[0].Ua[1].Ma[4].ACC/add_31_23/g3977/CO    -       CI->CO  F     FA1D1BWP         1  2.6    20    36    1121    (-,-) 
  CONV_ENGINE/ENGINE/Ca[0].Ga[0].Ua[1].Ma[4].ACC/add_31_23/g3976/CO    -       CI->CO  F     FA1D1BWP         1  2.6    20    36    1157    (-,-) 
  CONV_ENGINE/ENGINE/Ca[0].Ga[0].Ua[1].Ma[4].ACC/add_31_23/g3975/CO    -       CI->CO  F     FA1D1BWP         1  2.6    20    36    1194    (-,-) 
  CONV_ENGINE/ENGINE/Ca[0].Ga[0].Ua[1].Ma[4].ACC/add_31_23/g3974/S     -       CI->S   R     FA1D1BWP         1  2.0    20    41    1235    (-,-) 
  CONV_ENGINE/ENGINE/Ca[0].Ga[0].Ua[1].Ma[4].ACC/retime_s11_1740_reg/D -       -       R     DFQD1BWP         1    -     -     0    1235    (-,-) 
#-------------------------------------------------------------------------------------------------------------------------------------------------



Path 2: MET (0 ps) Setup Check with Pin CONV_ENGINE/ENGINE/Ca[0].Ga[0].Ua[7].Ma[10].ACC/add_31_23/retime_s8_287_reg/CP->D
          Group: aclk
     Startpoint: (R) CONV_ENGINE/ENGINE/retime_s8_1275_reg/CP
          Clock: (R) aclk
       Endpoint: (R) CONV_ENGINE/ENGINE/Ca[0].Ga[0].Ua[7].Ma[10].ACC/add_31_23/retime_s8_287_reg/D
          Clock: (R) aclk

                     Capture       Launch     
        Clock Edge:+    1250            0     
       Src Latency:+       0            0     
       Net Latency:+       0 (I)        0 (I) 
           Arrival:=    1250            0     
                                              
             Setup:-      16                  
     Required Time:=    1234                  
      Launch Clock:-       0                  
         Data Path:-    1234                  
             Slack:=       0                  

#-----------------------------------------------------------------------------------------------------------------------------------------------------------
#                                 Timing Point                                  Flags    Arc    Edge    Cell      Fanout  Load Trans Delay Arrival Instance 
#                                                                                                                         (fF)  (ps)  (ps)   (ps)  Location 
#-----------------------------------------------------------------------------------------------------------------------------------------------------------
  CONV_ENGINE/ENGINE/retime_s8_1275_reg/CP                                      -       -       R     (arrival)      239     -     0     -       0    (-,-) 
  CONV_ENGINE/ENGINE/retime_s8_1275_reg/Q                                       -       CP->Q   F     DFD4BWP         52  79.8    86    96      96    (-,-) 
  CONV_ENGINE/ENGINE/g156934/ZN                                                 -       I->ZN   R     CKND8BWP         2  17.6    34    27     122    (-,-) 
  CONV_ENGINE/ENGINE/g157006/ZN                                                 -       I->ZN   F     INVD16BWP       68 104.0    35    31     154    (-,-) 
  CONV_ENGINE/ENGINE/Cm[0].Gm[0].Um[7].Mm[10].MUL/mul_59_21_g3784/ZN            -       I->ZN   R     INVD4BWP         8  11.0    23    21     174    (-,-) 
  CONV_ENGINE/ENGINE/Cm[0].Gm[0].Um[7].Mm[10].MUL/mul_59_21_g3761/ZN            -       A1->ZN  F     CKND2D1BWP       1   1.9    21    18     193    (-,-) 
  CONV_ENGINE/ENGINE/Cm[0].Gm[0].Um[7].Mm[10].MUL/g3832/ZN                      -       A2->ZN  F     IOA21D1BWP       2   3.1    27    37     230    (-,-) 
  CONV_ENGINE/ENGINE/Cm[0].Gm[0].Um[7].Mm[10].MUL/mul_59_21_g3793/ZN            -       A1->ZN  F     IND2D1BWP        2   3.9    40    40     270    (-,-) 
  CONV_ENGINE/ENGINE/Cm[0].Gm[0].Um[7].Mm[10].MUL/mul_59_21_g3458/ZN            -       A2->ZN  R     ND2D2BWP         2   3.9    23    22     292    (-,-) 
  CONV_ENGINE/ENGINE/Cm[0].Gm[0].Um[7].Mm[10].MUL/mul_59_21_g2/ZN               -       A1->ZN  R     IND2D1BWP        2   3.8    32    31     324    (-,-) 
  CONV_ENGINE/ENGINE/Cm[0].Gm[0].Um[7].Mm[10].MUL/mul_59_21_g3441/ZN            -       B->ZN   F     IOA21D2BWP       2   3.4    22    19     343    (-,-) 
  CONV_ENGINE/ENGINE/Cm[0].Gm[0].Um[7].Mm[10].MUL/mul_59_21_g3437/ZN            -       I->ZN   R     INVD1BWP         1   2.5    22    19     362    (-,-) 
  CONV_ENGINE/ENGINE/Cm[0].Gm[0].Um[7].Mm[10].MUL/mul_59_21_g3435/ZN            -       A2->ZN  F     OAI21D2BWP       1   2.6    23    20     382    (-,-) 
  CONV_ENGINE/ENGINE/Cm[0].Gm[0].Um[7].Mm[10].MUL/mul_59_21_g3433/CO            -       CI->CO  F     FA1D2BWP         1   2.6    18    34     416    (-,-) 
  CONV_ENGINE/ENGINE/Cm[0].Gm[0].Um[7].Mm[10].MUL/mul_59_21_g3432/CO            -       CI->CO  F     FA1D2BWP         1   2.6    18    32     448    (-,-) 
  CONV_ENGINE/ENGINE/Cm[0].Gm[0].Um[7].Mm[10].MUL/mul_59_21_g3431/CO            -       CI->CO  F     FA1D1BWP         1   2.1    19    34     482    (-,-) 
  CONV_ENGINE/ENGINE/Cm[0].Gm[0].Um[7].Mm[10].MUL/mul_59_21_g3430/CO            -       CI->CO  F     FA1D0BWP         1   2.1    23    44     526    (-,-) 
  CONV_ENGINE/ENGINE/Cm[0].Gm[0].Um[7].Mm[10].MUL/mul_59_21_g3429/CO            -       CI->CO  F     FA1D0BWP         1   2.1    23    46     572    (-,-) 
  CONV_ENGINE/ENGINE/Cm[0].Gm[0].Um[7].Mm[10].MUL/mul_59_21_g3428/CO            -       CI->CO  F     FA1D0BWP         1   2.1    23    46     618    (-,-) 
  CONV_ENGINE/ENGINE/Cm[0].Gm[0].Um[7].Mm[10].MUL/mul_59_21_g3427/CO            -       CI->CO  F     FA1D0BWP         1   2.1    23    46     664    (-,-) 
  CONV_ENGINE/ENGINE/Cm[0].Gm[0].Um[7].Mm[10].MUL/mul_59_21_g3426/CO            -       CI->CO  F     FA1D0BWP         1   2.1    23    46     711    (-,-) 
  CONV_ENGINE/ENGINE/Cm[0].Gm[0].Um[7].Mm[10].MUL/mul_59_21_g3425/CO            -       CI->CO  F     FA1D0BWP         1   2.1    23    46     757    (-,-) 
  CONV_ENGINE/ENGINE/Cm[0].Gm[0].Um[7].Mm[10].MUL/mul_59_21_g3424/CO            -       CI->CO  F     FA1D0BWP         1   2.1    23    46     803    (-,-) 
  CONV_ENGINE/ENGINE/Cm[0].Gm[0].Um[7].Mm[10].MUL/mul_59_21_g3423/CO            -       CI->CO  F     FA1D0BWP         1   2.1    23    46     849    (-,-) 
  CONV_ENGINE/ENGINE/Cm[0].Gm[0].Um[7].Mm[10].MUL/mul_59_21_g3422/CO            -       CI->CO  F     FA1D0BWP         1   2.6    26    48     897    (-,-) 
  CONV_ENGINE/ENGINE/Cm[0].Gm[0].Um[7].Mm[10].MUL/mul_59_21_g3421/CO            -       CI->CO  F     FA1D1BWP         1   2.6    20    38     935    (-,-) 
  CONV_ENGINE/ENGINE/Cm[0].Gm[0].Um[7].Mm[10].MUL/mul_59_21_g3420/CO            -       CI->CO  F     FA1D1BWP         1   2.6    20    36     971    (-,-) 
  CONV_ENGINE/ENGINE/Cm[0].Gm[0].Um[7].Mm[10].MUL/mul_59_21_g3419/CO            -       CI->CO  F     FA1D1BWP         1   2.1    19    35    1006    (-,-) 
  CONV_ENGINE/ENGINE/Cm[0].Gm[0].Um[7].Mm[10].MUL/mul_59_21_g3418/S             -       CI->S   R     FA1D0BWP         1   1.9    28    54    1060    (-,-) 
  CONV_ENGINE/ENGINE/g2034/Z                                                    -       I0->Z   R     CKMUX2D2BWP      2   4.2    24    43    1103    (-,-) 
  CONV_ENGINE/ENGINE/Ca[0].Ga[0].Ua[7].Ma[10].ACC/add_31_23/g3362/CON           -       A->CON  F     FICOND2BWP       2   3.4    13    75    1178    (-,-) 
  CONV_ENGINE/ENGINE/Ca[0].Ga[0].Ua[7].Ma[10].ACC/add_31_23/g3301/CO            -       CIN->CO R     FCICIND1BWP      1   2.0    24    56    1234    (-,-) 
  CONV_ENGINE/ENGINE/Ca[0].Ga[0].Ua[7].Ma[10].ACC/add_31_23/retime_s8_287_reg/D -       -       R     DFQD1BWP         1     -     -     0    1234    (-,-) 
#-----------------------------------------------------------------------------------------------------------------------------------------------------------



Path 3: MET (0 ps) Setup Check with Pin CONV_ENGINE/ENGINE/Ca[0].Ga[0].Ua[1].Ma[10].ACC/retime_s9_704_reg/CP->D
          Group: aclk
     Startpoint: (R) CONV_ENGINE/ENGINE/retime_s7_1537_reg/CP
          Clock: (R) aclk
       Endpoint: (R) CONV_ENGINE/ENGINE/Ca[0].Ga[0].Ua[1].Ma[10].ACC/retime_s9_704_reg/D
          Clock: (R) aclk

                     Capture       Launch     
        Clock Edge:+    1250            0     
       Src Latency:+       0            0     
       Net Latency:+       0 (I)        0 (I) 
           Arrival:=    1250            0     
                                              
             Setup:-      15                  
     Required Time:=    1235                  
      Launch Clock:-       0                  
         Data Path:-    1235                  
             Slack:=       0                  

#------------------------------------------------------------------------------------------------------------------------------------------------
#                            Timing Point                             Flags    Arc    Edge    Cell      Fanout Load Trans Delay Arrival Instance 
#                                                                                                              (fF)  (ps)  (ps)   (ps)  Location 
#------------------------------------------------------------------------------------------------------------------------------------------------
  CONV_ENGINE/ENGINE/retime_s7_1537_reg/CP                            -       -       R     (arrival)      272    -     0     -       0    (-,-) 
  CONV_ENGINE/ENGINE/retime_s7_1537_reg/Q                             -       CP->Q   R     DFD4BWP          1  4.9    12    49      49    (-,-) 
  CONV_ENGINE/ENGINE/g159817/ZN                                       -       I->ZN   F     INVD6BWP        29 51.0    39    27      76    (-,-) 
  CONV_ENGINE/ENGINE/g160924/ZN                                       -       I->ZN   R     INVD12BWP        3 21.8    20    18      94    (-,-) 
  CONV_ENGINE/ENGINE/g161138/ZN                                       -       I->ZN   F     INVD12BWP       21 33.8    17    16     111    (-,-) 
  CONV_ENGINE/ENGINE/Cm[0].Gm[0].Um[1].Mm[10].MUL/mul_59_21/g26833/ZN -       A1->ZN  R     XNR2D1BWP        1  2.5    22    43     154    (-,-) 
  CONV_ENGINE/ENGINE/Cm[0].Gm[0].Um[1].Mm[10].MUL/mul_59_21/g26832/ZN -       A1->ZN  F     NR2D2BWP         6  8.0    23    19     172    (-,-) 
  CONV_ENGINE/ENGINE/Cm[0].Gm[0].Um[1].Mm[10].MUL/mul_59_21/g26634/ZN -       I->ZN   R     INVD1BWP        11 14.3    87    56     228    (-,-) 
  CONV_ENGINE/ENGINE/Cm[0].Gm[0].Um[1].Mm[10].MUL/mul_59_21/g26552/ZN -       A2->ZN  F     OAI22D1BWP       2  3.4    49    42     271    (-,-) 
  CONV_ENGINE/ENGINE/Cm[0].Gm[0].Um[1].Mm[10].MUL/mul_59_21/g26482/CO -       CIN->CO R     FCICIND1BWP      2  4.2    35    72     343    (-,-) 
  CONV_ENGINE/ENGINE/Cm[0].Gm[0].Um[1].Mm[10].MUL/mul_59_21/g26423/Z  -       A2->Z   F     XOR3D1BWP        1  2.1    20    75     418    (-,-) 
  CONV_ENGINE/ENGINE/Cm[0].Gm[0].Um[1].Mm[10].MUL/mul_59_21/g26391/S  -       CI->S   R     FA1D0BWP         1  2.7    36    59     477    (-,-) 
  CONV_ENGINE/ENGINE/Cm[0].Gm[0].Um[1].Mm[10].MUL/mul_59_21/g26354/CO -       B->CO   R     FA1D0BWP         1  2.1    29    73     550    (-,-) 
  CONV_ENGINE/ENGINE/Cm[0].Gm[0].Um[1].Mm[10].MUL/mul_59_21/g26353/CO -       CI->CO  R     FA1D0BWP         1  2.1    29    47     597    (-,-) 
  CONV_ENGINE/ENGINE/Cm[0].Gm[0].Um[1].Mm[10].MUL/mul_59_21/g26842/CO -       CIX->CO R     CMPE42D1BWP      1  2.1    20    42     639    (-,-) 
  CONV_ENGINE/ENGINE/Cm[0].Gm[0].Um[1].Mm[10].MUL/mul_59_21/g26351/CO -       CI->CO  R     FA1D0BWP         1  2.6    34    47     686    (-,-) 
  CONV_ENGINE/ENGINE/Cm[0].Gm[0].Um[1].Mm[10].MUL/mul_59_21/g26350/CO -       CI->CO  R     FA1D1BWP         2  3.4    27    39     726    (-,-) 
  CONV_ENGINE/ENGINE/Cm[0].Gm[0].Um[1].Mm[10].MUL/mul_59_21/g26349/CO -       CIN->CO F     FCICIND1BWP      1  2.1    24    54     780    (-,-) 
  CONV_ENGINE/ENGINE/Cm[0].Gm[0].Um[1].Mm[10].MUL/mul_59_21/g26347/CO -       CI->CO  F     FA1D0BWP         1  2.1    23    46     826    (-,-) 
  CONV_ENGINE/ENGINE/Cm[0].Gm[0].Um[1].Mm[10].MUL/mul_59_21/g26345/CO -       CI->CO  F     FA1D0BWP         1  2.1    23    46     872    (-,-) 
  CONV_ENGINE/ENGINE/Cm[0].Gm[0].Um[1].Mm[10].MUL/mul_59_21/g26343/CO -       CI->CO  F     FA1D0BWP         1  2.1    23    46     918    (-,-) 
  CONV_ENGINE/ENGINE/Cm[0].Gm[0].Um[1].Mm[10].MUL/mul_59_21/g26341/CO -       CI->CO  F     FA1D0BWP         1  2.6    26    48     967    (-,-) 
  CONV_ENGINE/ENGINE/Cm[0].Gm[0].Um[1].Mm[10].MUL/mul_59_21/g26339/CO -       CI->CO  F     FA1D1BWP         1  2.6    20    38    1005    (-,-) 
  CONV_ENGINE/ENGINE/Cm[0].Gm[0].Um[1].Mm[10].MUL/mul_59_21/g26337/CO -       CI->CO  F     FA1D1BWP         1  2.1    19    35    1039    (-,-) 
  CONV_ENGINE/ENGINE/Cm[0].Gm[0].Um[1].Mm[10].MUL/mul_59_21/g26335/S  -       CI->S   R     FA1D0BWP         1  2.1    30    55    1095    (-,-) 
  CONV_ENGINE/ENGINE/Cm[0].Gm[0].Um[1].Mm[10].MUL/mul_59_21/g26334/ZN -       I->ZN   F     INVD1BWP         1  2.1    16    15    1110    (-,-) 
  CONV_ENGINE/ENGINE/g158745/Z                                        -       I1->Z   F     MUX2D1BWP        2  4.2    27    38    1148    (-,-) 
  CONV_ENGINE/ENGINE/Ca[0].Ga[0].Ua[1].Ma[10].ACC/add_31_23/g3404/ZN  -       A2->ZN  R     XNR3D1BWP        1  2.0    20    87    1235    (-,-) 
  CONV_ENGINE/ENGINE/Ca[0].Ga[0].Ua[1].Ma[10].ACC/retime_s9_704_reg/D -       -       R     DFQD1BWP         1    -     -     0    1235    (-,-) 
#------------------------------------------------------------------------------------------------------------------------------------------------



Path 4: MET (0 ps) Setup Check with Pin CONV_ENGINE/ENGINE/Ca[0].Ga[0].Ua[9].Ma[6].ACC/add_31_23/retime_s14_704_reg/CP->D
          Group: aclk
     Startpoint: (R) CONV_ENGINE/ENGINE/retime_s7_1627_reg/CP
          Clock: (R) aclk
       Endpoint: (R) CONV_ENGINE/ENGINE/Ca[0].Ga[0].Ua[9].Ma[6].ACC/add_31_23/retime_s14_704_reg/D
          Clock: (R) aclk

                     Capture       Launch     
        Clock Edge:+    1250            0     
       Src Latency:+       0            0     
       Net Latency:+       0 (I)        0 (I) 
           Arrival:=    1250            0     
                                              
             Setup:-      14                  
     Required Time:=    1236                  
      Launch Clock:-       0                  
         Data Path:-    1236                  
             Slack:=       0                  

#---------------------------------------------------------------------------------------------------------------------------------------------------------
#                                 Timing Point                                  Flags    Arc   Edge    Cell      Fanout Load Trans Delay Arrival Instance 
#                                                                                                                       (fF)  (ps)  (ps)   (ps)  Location 
#---------------------------------------------------------------------------------------------------------------------------------------------------------
  CONV_ENGINE/ENGINE/retime_s7_1627_reg/CP                                      -       -      R     (arrival)      272    -     0     -       0    (-,-) 
  CONV_ENGINE/ENGINE/retime_s7_1627_reg/Q                                       -       CP->Q  R     DFD4BWP          1  4.3    11    48      48    (-,-) 
  CONV_ENGINE/ENGINE/g160245/Z                                                  -       I->Z   R     BUFFD16BWP      49 89.1    31    32      80    (-,-) 
  CONV_ENGINE/ENGINE/Cm[0].Gm[0].Um[9].Mm[6].MUL/mul_59_21_g10221/ZN            -       I->ZN  F     CKND8BWP        14 23.0    21    21     101    (-,-) 
  CONV_ENGINE/ENGINE/Cm[0].Gm[0].Um[9].Mm[6].MUL/g10268/Z                       -       I1->Z  F     CKMUX2D2BWP      6  9.4    32    51     152    (-,-) 
  CONV_ENGINE/ENGINE/Cm[0].Gm[0].Um[9].Mm[6].MUL/mul_59_21_g10137/ZN            -       I->ZN  R     INVD3BWP        13 19.5    40    32     184    (-,-) 
  CONV_ENGINE/ENGINE/Cm[0].Gm[0].Um[9].Mm[6].MUL/g10263/ZN                      -       A1->ZN F     CKND2D4BWP      14 19.4    48    38     222    (-,-) 
  CONV_ENGINE/ENGINE/Cm[0].Gm[0].Um[9].Mm[6].MUL/mul_59_21_g9918/ZN             -       A1->ZN R     MOAI22D0BWP      1  2.7    63    49     272    (-,-) 
  CONV_ENGINE/ENGINE/Cm[0].Gm[0].Um[9].Mm[6].MUL/mul_59_21_g9870/S              -       B->S   F     FA1D0BWP         1  2.7    28    90     361    (-,-) 
  CONV_ENGINE/ENGINE/Cm[0].Gm[0].Um[9].Mm[6].MUL/mul_59_21_g9825/CO             -       B->CO  F     FA1D1BWP         1  2.6    20    69     431    (-,-) 
  CONV_ENGINE/ENGINE/Cm[0].Gm[0].Um[9].Mm[6].MUL/mul_59_21_g9815/CO             -       CI->CO F     FA1D1BWP         1  2.6    20    36     467    (-,-) 
  CONV_ENGINE/ENGINE/Cm[0].Gm[0].Um[9].Mm[6].MUL/mul_59_21_g9809/CO             -       CI->CO F     FA1D1BWP         1  2.1    19    35     501    (-,-) 
  CONV_ENGINE/ENGINE/Cm[0].Gm[0].Um[9].Mm[6].MUL/mul_59_21_g9801/CO             -       CI->CO F     FA1D0BWP         1  2.1    23    44     546    (-,-) 
  CONV_ENGINE/ENGINE/Cm[0].Gm[0].Um[9].Mm[6].MUL/mul_59_21_g9800/CO             -       CI->CO F     FA1D0BWP         1  2.1    23    46     592    (-,-) 
  CONV_ENGINE/ENGINE/Cm[0].Gm[0].Um[9].Mm[6].MUL/mul_59_21_g9799/CO             -       CI->CO F     FA1D0BWP         1  2.1    23    46     638    (-,-) 
  CONV_ENGINE/ENGINE/Cm[0].Gm[0].Um[9].Mm[6].MUL/mul_59_21_g9798/CO             -       CI->CO F     FA1D0BWP         1  2.1    23    46     684    (-,-) 
  CONV_ENGINE/ENGINE/Cm[0].Gm[0].Um[9].Mm[6].MUL/mul_59_21_g9797/CO             -       CI->CO F     FA1D0BWP         1  2.1    23    46     730    (-,-) 
  CONV_ENGINE/ENGINE/Cm[0].Gm[0].Um[9].Mm[6].MUL/mul_59_21_g9796/CO             -       CI->CO F     FA1D0BWP         1  2.1    23    46     776    (-,-) 
  CONV_ENGINE/ENGINE/Cm[0].Gm[0].Um[9].Mm[6].MUL/mul_59_21_g9795/CO             -       CI->CO F     FA1D0BWP         1  2.1    23    46     822    (-,-) 
  CONV_ENGINE/ENGINE/Cm[0].Gm[0].Um[9].Mm[6].MUL/mul_59_21_g9794/CO             -       CI->CO F     FA1D0BWP         1  2.6    26    48     871    (-,-) 
  CONV_ENGINE/ENGINE/Cm[0].Gm[0].Um[9].Mm[6].MUL/mul_59_21_g9793/CO             -       CI->CO F     FA1D1BWP         1  2.6    20    38     909    (-,-) 
  CONV_ENGINE/ENGINE/Cm[0].Gm[0].Um[9].Mm[6].MUL/mul_59_21_g9792/CO             -       CI->CO F     FA1D1BWP         1  2.6    20    36     945    (-,-) 
  CONV_ENGINE/ENGINE/Cm[0].Gm[0].Um[9].Mm[6].MUL/mul_59_21_g9791/CO             -       CI->CO F     FA1D1BWP         1  2.6    20    36     981    (-,-) 
  CONV_ENGINE/ENGINE/Cm[0].Gm[0].Um[9].Mm[6].MUL/mul_59_21_g9790/CO             -       CI->CO F     FA1D1BWP         1  2.6    20    36    1017    (-,-) 
  CONV_ENGINE/ENGINE/Cm[0].Gm[0].Um[9].Mm[6].MUL/mul_59_21_g9789/CO             -       CI->CO F     FA1D1BWP         1  2.6    20    36    1053    (-,-) 
  CONV_ENGINE/ENGINE/Cm[0].Gm[0].Um[9].Mm[6].MUL/mul_59_21_g9788/CO             -       CI->CO F     FA1D1BWP         1  2.6    20    36    1089    (-,-) 
  CONV_ENGINE/ENGINE/Cm[0].Gm[0].Um[9].Mm[6].MUL/mul_59_21_g9787/CO             -       CI->CO F     FA1D1BWP         1  2.1    19    35    1124    (-,-) 
  CONV_ENGINE/ENGINE/Cm[0].Gm[0].Um[9].Mm[6].MUL/mul_59_21_g9786/ZN             -       A3->ZN R     XNR3D1BWP        1  2.1    20    46    1170    (-,-) 
  CONV_ENGINE/ENGINE/g160776/Z                                                  -       I1->Z  R     MUX2D1BWP        1  2.6    27    32    1201    (-,-) 
  CONV_ENGINE/ENGINE/Ca[0].Ga[0].Ua[9].Ma[6].ACC/add_31_23/g2975/Z              -       A1->Z  R     CKXOR2D2BWP      1  2.0    17    35    1236    (-,-) 
  CONV_ENGINE/ENGINE/Ca[0].Ga[0].Ua[9].Ma[6].ACC/add_31_23/retime_s14_704_reg/D -       -      R     DFQD1BWP         1    -     -     0    1236    (-,-) 
#---------------------------------------------------------------------------------------------------------------------------------------------------------



Path 5: MET (0 ps) Setup Check with Pin CONV_ENGINE/ENGINE/Ca[0].Ga[0].Ua[9].Ma[1].ACC/retime_s9_1406_reg/CP->D
          Group: aclk
     Startpoint: (R) CONV_ENGINE/ENGINE/retime_s8_1154_reg/CP
          Clock: (R) aclk
       Endpoint: (R) CONV_ENGINE/ENGINE/Ca[0].Ga[0].Ua[9].Ma[1].ACC/retime_s9_1406_reg/D
          Clock: (R) aclk

                     Capture       Launch     
        Clock Edge:+    1250            0     
       Src Latency:+       0            0     
       Net Latency:+       0 (I)        0 (I) 
           Arrival:=    1250            0     
                                              
             Setup:-      15                  
     Required Time:=    1235                  
      Launch Clock:-       0                  
         Data Path:-    1235                  
             Slack:=       0                  

#-------------------------------------------------------------------------------------------------------------------------------------------------
#                            Timing Point                             Flags    Arc    Edge    Cell      Fanout  Load Trans Delay Arrival Instance 
#                                                                                                               (fF)  (ps)  (ps)   (ps)  Location 
#-------------------------------------------------------------------------------------------------------------------------------------------------
  CONV_ENGINE/ENGINE/retime_s8_1154_reg/CP                            -       -       R     (arrival)      239     -     0     -       0    (-,-) 
  CONV_ENGINE/ENGINE/retime_s8_1154_reg/Q                             -       CP->Q   F     DFD4BWP          9  14.9    20    58      58    (-,-) 
  CONV_ENGINE/ENGINE/g161214/ZN                                       -       I->ZN   R     INVD3BWP         1  10.2    23    19      77    (-,-) 
  CONV_ENGINE/ENGINE/g12/ZN                                           -       I->ZN   F     INVD16BWP       81 115.6    36    30     107    (-,-) 
  CONV_ENGINE/ENGINE/Cm[0].Gm[0].Um[9].Mm[1].MUL/mul_59_21_g5630/Z    -       A2->Z   R     XOR2D1BWP        2   3.3    27    54     160    (-,-) 
  CONV_ENGINE/ENGINE/Cm[0].Gm[0].Um[9].Mm[1].MUL/mul_59_21_g5610/ZN   -       I->ZN   F     INVD1BWP         1   1.9    14    14     174    (-,-) 
  CONV_ENGINE/ENGINE/Cm[0].Gm[0].Um[9].Mm[1].MUL/mul_59_21_g5505/ZN   -       A1->ZN  R     MOAI22D0BWP      1   2.7    60    40     214    (-,-) 
  CONV_ENGINE/ENGINE/Cm[0].Gm[0].Um[9].Mm[1].MUL/mul_59_21_g5359/S    -       B->S    F     FA1D1BWP         1   2.1    17    80     294    (-,-) 
  CONV_ENGINE/ENGINE/Cm[0].Gm[0].Um[9].Mm[1].MUL/mul_59_21_g5321/S    -       CI->S   R     FA1D0BWP         2   3.1    40    60     354    (-,-) 
  CONV_ENGINE/ENGINE/Cm[0].Gm[0].Um[9].Mm[1].MUL/mul_59_21_g5313/Z    -       A1->Z   R     OR2D1BWP         2   4.2    27    38     392    (-,-) 
  CONV_ENGINE/ENGINE/Cm[0].Gm[0].Um[9].Mm[1].MUL/mul_59_21_g5307/ZN   -       A1->ZN  R     INR2D1BWP        1   2.1    32    37     429    (-,-) 
  CONV_ENGINE/ENGINE/Cm[0].Gm[0].Um[9].Mm[1].MUL/mul_59_21_g5283/Z    -       A2->Z   F     CKXOR2D1BWP      1   2.1    18    48     477    (-,-) 
  CONV_ENGINE/ENGINE/g160806/Z                                        -       I1->Z   F     MUX2D1BWP        3   4.7    28    40     517    (-,-) 
  CONV_ENGINE/ENGINE/Ca[0].Ga[0].Ua[9].Ma[1].ACC/add_31_23/g3540/ZN   -       A2->ZN  R     NR2D1BWP         1   3.6    49    40     557    (-,-) 
  CONV_ENGINE/ENGINE/Ca[0].Ga[0].Ua[9].Ma[1].ACC/add_31_23/g3514/ZN   -       A2->ZN  F     OAI21D4BWP       2   4.0    26    24     582    (-,-) 
  CONV_ENGINE/ENGINE/Ca[0].Ga[0].Ua[9].Ma[1].ACC/add_31_23/g3513/Z    -       A1->Z   F     AO21D4BWP        2   3.9    13    30     612    (-,-) 
  CONV_ENGINE/ENGINE/Ca[0].Ga[0].Ua[9].Ma[1].ACC/add_31_23/g2/CON     -       A->CON  R     FCICOND1BWP      2   3.7    69    43     655    (-,-) 
  CONV_ENGINE/ENGINE/Ca[0].Ga[0].Ua[9].Ma[1].ACC/add_31_23/g3511/ZN   -       A1->ZN  R     IOA21D2BWP       2   3.7    20    43     698    (-,-) 
  CONV_ENGINE/ENGINE/Ca[0].Ga[0].Ua[9].Ma[1].ACC/add_31_23/g3510/ZN   -       A1->ZN  R     IOA21D2BWP       2   3.5    18    32     730    (-,-) 
  CONV_ENGINE/ENGINE/Ca[0].Ga[0].Ua[9].Ma[1].ACC/add_31_23/g3509/ZN   -       A1->ZN  R     IOA21D1BWP       2   3.9    28    38     769    (-,-) 
  CONV_ENGINE/ENGINE/Ca[0].Ga[0].Ua[9].Ma[1].ACC/add_31_23/g3508/ZN   -       I->ZN   F     CKND2BWP         1   2.6    14    13     782    (-,-) 
  CONV_ENGINE/ENGINE/Ca[0].Ga[0].Ua[9].Ma[1].ACC/add_31_23/g3507/CON  -       A->CON  R     FCICOND1BWP      2   3.4    66    42     824    (-,-) 
  CONV_ENGINE/ENGINE/Ca[0].Ga[0].Ua[9].Ma[1].ACC/add_31_23/g3506/CO   -       CIN->CO F     FCICIND2BWP      2   3.9    23    62     886    (-,-) 
  CONV_ENGINE/ENGINE/Ca[0].Ga[0].Ua[9].Ma[1].ACC/add_31_23/g3504/CON  -       A->CON  R     FCICOND1BWP      2   3.5    68    45     932    (-,-) 
  CONV_ENGINE/ENGINE/Ca[0].Ga[0].Ua[9].Ma[1].ACC/add_31_23/g3503/ZN   -       A1->ZN  R     IOA21D1BWP       2   4.2    30    51     982    (-,-) 
  CONV_ENGINE/ENGINE/Ca[0].Ga[0].Ua[9].Ma[1].ACC/add_31_23/g3502/ZN   -       A1->ZN  F     OAI21D2BWP       2   3.9    32    23    1005    (-,-) 
  CONV_ENGINE/ENGINE/Ca[0].Ga[0].Ua[9].Ma[1].ACC/add_31_23/g3550/CON  -       CI->CON R     FICOND2BWP       2   3.9    14    45    1050    (-,-) 
  CONV_ENGINE/ENGINE/Ca[0].Ga[0].Ua[9].Ma[1].ACC/add_31_23/g3590/CO   -       CIN->CO F     FICIND2BWP       2   3.4    17    40    1090    (-,-) 
  CONV_ENGINE/ENGINE/Ca[0].Ga[0].Ua[9].Ma[1].ACC/add_31_23/g3584/CON  -       CI->CON R     FICOND1BWP       2   3.9    27    56    1146    (-,-) 
  CONV_ENGINE/ENGINE/Ca[0].Ga[0].Ua[9].Ma[1].ACC/add_31_23/g3588/CO   -       CIN->CO F     FICIND2BWP       2   3.9    18    45    1191    (-,-) 
  CONV_ENGINE/ENGINE/Ca[0].Ga[0].Ua[9].Ma[1].ACC/add_31_23/g3582/Z    -       A3->Z   R     XOR3D1BWP        1   2.0    19    44    1235    (-,-) 
  CONV_ENGINE/ENGINE/Ca[0].Ga[0].Ua[9].Ma[1].ACC/retime_s9_1406_reg/D -       -       R     DFQD1BWP         1     -     -     0    1235    (-,-) 
#-------------------------------------------------------------------------------------------------------------------------------------------------



Path 6: MET (0 ps) Setup Check with Pin CONV_ENGINE/ENGINE/Ca[0].Ga[0].Ua[8].Ma[3].ACC/add_31_23/retime_s10_2265_reg/CP->D
          Group: aclk
     Startpoint: (R) CONV_ENGINE/ENGINE/retime_s8_1203_reg/CP
          Clock: (R) aclk
       Endpoint: (R) CONV_ENGINE/ENGINE/Ca[0].Ga[0].Ua[8].Ma[3].ACC/add_31_23/retime_s10_2265_reg/D
          Clock: (R) aclk

                     Capture       Launch     
        Clock Edge:+    1250            0     
       Src Latency:+       0            0     
       Net Latency:+       0 (I)        0 (I) 
           Arrival:=    1250            0     
                                              
             Setup:-      15                  
     Required Time:=    1235                  
      Launch Clock:-       0                  
         Data Path:-    1235                  
             Slack:=       0                  

#----------------------------------------------------------------------------------------------------------------------------------------------------------
#                                 Timing Point                                   Flags    Arc   Edge    Cell      Fanout Load Trans Delay Arrival Instance 
#                                                                                                                        (fF)  (ps)  (ps)   (ps)  Location 
#----------------------------------------------------------------------------------------------------------------------------------------------------------
  CONV_ENGINE/ENGINE/retime_s8_1203_reg/CP                                       -       -      R     (arrival)      239    -     0     -       0    (-,-) 
  CONV_ENGINE/ENGINE/retime_s8_1203_reg/Q                                        -       CP->Q  R     DFQD2BWP        42 66.7   189   145     145    (-,-) 
  CONV_ENGINE/ENGINE/g174/ZN                                                     -       I->ZN  F     CKND12BWP        3 24.4    51    34     178    (-,-) 
  CONV_ENGINE/ENGINE/g172/ZN                                                     -       I->ZN  R     CKND16BWP       24 36.1    25    22     201    (-,-) 
  CONV_ENGINE/ENGINE/Cm[0].Gm[0].Um[8].Mm[3].MUL/mul_59_21_g5224/Z               -       S->Z   F     MUX2D1BWP        2  3.1    21    39     240    (-,-) 
  CONV_ENGINE/ENGINE/Cm[0].Gm[0].Um[8].Mm[3].MUL/g5316/ZN                        -       A1->ZN R     MOAI22D0BWP      1  2.7    59    41     281    (-,-) 
  CONV_ENGINE/ENGINE/Cm[0].Gm[0].Um[8].Mm[3].MUL/mul_59_21_g4927/S               -       B->S   F     FA1D1BWP         1  2.7    19    82     362    (-,-) 
  CONV_ENGINE/ENGINE/Cm[0].Gm[0].Um[8].Mm[3].MUL/mul_59_21_g4892/CO              -       B->CO  F     FA1D1BWP         1  2.1    19    65     427    (-,-) 
  CONV_ENGINE/ENGINE/Cm[0].Gm[0].Um[8].Mm[3].MUL/mul_59_21_g4882/CO              -       CI->CO F     FA1D0BWP         1  2.6    26    47     474    (-,-) 
  CONV_ENGINE/ENGINE/Cm[0].Gm[0].Um[8].Mm[3].MUL/mul_59_21_g4875/CO              -       CI->CO F     FA1D1BWP         1  2.6    20    38     512    (-,-) 
  CONV_ENGINE/ENGINE/Cm[0].Gm[0].Um[8].Mm[3].MUL/mul_59_21_g4869/CO              -       CI->CO F     FA1D1BWP         1  2.6    20    36     548    (-,-) 
  CONV_ENGINE/ENGINE/Cm[0].Gm[0].Um[8].Mm[3].MUL/mul_59_21_g4865/CO              -       CI->CO F     FA1D1BWP         1  2.6    20    36     584    (-,-) 
  CONV_ENGINE/ENGINE/Cm[0].Gm[0].Um[8].Mm[3].MUL/mul_59_21_g4864/CO              -       CI->CO F     FA1D1BWP         1  2.6    20    36     620    (-,-) 
  CONV_ENGINE/ENGINE/Cm[0].Gm[0].Um[8].Mm[3].MUL/mul_59_21_g4863/CO              -       CI->CO F     FA1D1BWP         1  2.6    20    36     656    (-,-) 
  CONV_ENGINE/ENGINE/Cm[0].Gm[0].Um[8].Mm[3].MUL/mul_59_21_g4862/CO              -       CI->CO F     FA1D1BWP         1  2.1    19    35     691    (-,-) 
  CONV_ENGINE/ENGINE/Cm[0].Gm[0].Um[8].Mm[3].MUL/mul_59_21_g4861/CO              -       CI->CO F     FA1D0BWP         1  2.1    23    44     736    (-,-) 
  CONV_ENGINE/ENGINE/Cm[0].Gm[0].Um[8].Mm[3].MUL/mul_59_21_g4860/CO              -       CI->CO F     FA1D0BWP         1  2.1    23    46     782    (-,-) 
  CONV_ENGINE/ENGINE/Cm[0].Gm[0].Um[8].Mm[3].MUL/mul_59_21_g4859/CO              -       CI->CO F     FA1D0BWP         1  2.1    23    46     828    (-,-) 
  CONV_ENGINE/ENGINE/Cm[0].Gm[0].Um[8].Mm[3].MUL/mul_59_21_g4858/CO              -       CI->CO F     FA1D0BWP         1  2.1    23    46     874    (-,-) 
  CONV_ENGINE/ENGINE/Cm[0].Gm[0].Um[8].Mm[3].MUL/mul_59_21_g4857/CO              -       CI->CO F     FA1D0BWP         1  2.6    26    48     922    (-,-) 
  CONV_ENGINE/ENGINE/Cm[0].Gm[0].Um[8].Mm[3].MUL/mul_59_21_g4856/CO              -       CI->CO F     FA1D1BWP         1  2.6    20    38     960    (-,-) 
  CONV_ENGINE/ENGINE/Cm[0].Gm[0].Um[8].Mm[3].MUL/mul_59_21_g4855/CO              -       CI->CO F     FA1D1BWP         1  2.6    20    36     996    (-,-) 
  CONV_ENGINE/ENGINE/Cm[0].Gm[0].Um[8].Mm[3].MUL/mul_59_21_g4854/CO              -       CI->CO F     FA1D1BWP         1  2.6    20    36    1032    (-,-) 
  CONV_ENGINE/ENGINE/Cm[0].Gm[0].Um[8].Mm[3].MUL/mul_59_21_g4853/CO              -       CI->CO F     FA1D1BWP         1  2.1    19    35    1067    (-,-) 
  CONV_ENGINE/ENGINE/Cm[0].Gm[0].Um[8].Mm[3].MUL/mul_59_21_g4852/CO              -       CI->CO F     FA1D0BWP         1  2.1    23    44    1111    (-,-) 
  CONV_ENGINE/ENGINE/Cm[0].Gm[0].Um[8].Mm[3].MUL/mul_59_21_g4851/CO              -       CI->CO F     FA1D0BWP         1  2.1    23    46    1157    (-,-) 
  CONV_ENGINE/ENGINE/Cm[0].Gm[0].Um[8].Mm[3].MUL/mul_59_21_g4850/Z               -       A3->Z  R     XOR3D1BWP        1  2.6    22    48    1205    (-,-) 
  CONV_ENGINE/ENGINE/g1781/Z                                                     -       I0->Z  R     MUX2D4BWP        1  2.0    19    30    1235    (-,-) 
  CONV_ENGINE/ENGINE/Ca[0].Ga[0].Ua[8].Ma[3].ACC/add_31_23/retime_s10_2265_reg/D -       -      R     DFQD1BWP         1    -     -     0    1235    (-,-) 
#----------------------------------------------------------------------------------------------------------------------------------------------------------



Path 7: MET (0 ps) Setup Check with Pin CONV_ENGINE/ENGINE/Ca[0].Ga[0].Ua[3].Ma[2].ACC/retime_s10_2404_reg/CP->D
          Group: aclk
     Startpoint: (R) CONV_ENGINE/ENGINE/retime_s8_1184_reg/CP
          Clock: (R) aclk
       Endpoint: (R) CONV_ENGINE/ENGINE/Ca[0].Ga[0].Ua[3].Ma[2].ACC/retime_s10_2404_reg/D
          Clock: (R) aclk

                     Capture       Launch     
        Clock Edge:+    1250            0     
       Src Latency:+       0            0     
       Net Latency:+       0 (I)        0 (I) 
           Arrival:=    1250            0     
                                              
             Setup:-      14                  
     Required Time:=    1236                  
      Launch Clock:-       0                  
         Data Path:-    1236                  
             Slack:=       0                  

#-----------------------------------------------------------------------------------------------------------------------------------------------
#                            Timing Point                              Flags    Arc   Edge    Cell     Fanout Load Trans Delay Arrival Instance 
#                                                                                                             (fF)  (ps)  (ps)   (ps)  Location 
#-----------------------------------------------------------------------------------------------------------------------------------------------
  CONV_ENGINE/ENGINE/retime_s8_1184_reg/CP                             -       -      R     (arrival)     239    -     0     -       0    (-,-) 
  CONV_ENGINE/ENGINE/retime_s8_1184_reg/Q                              -       CP->Q  F     DFD4BWP         9 16.0    21    59      59    (-,-) 
  CONV_ENGINE/ENGINE/g160316/Z                                         -       I->Z   F     BUFFD16BWP     50 75.8    26    34      93    (-,-) 
  CONV_ENGINE/ENGINE/g160251/Z                                         -       I->Z   F     CKBD1BWP        2  4.9    24    32     124    (-,-) 
  CONV_ENGINE/ENGINE/g53/Z                                             -       I->Z   F     CKBD12BWP      32 47.4    24    33     157    (-,-) 
  CONV_ENGINE/ENGINE/Cm[0].Gm[0].Um[3].Mm[2].MUL/mul_59_21_g3810/ZN    -       S->ZN  F     MUX2ND1BWP      2  4.8    25    58     216    (-,-) 
  CONV_ENGINE/ENGINE/Cm[0].Gm[0].Um[3].Mm[2].MUL/mul_59_21_g3581/ZN    -       B1->ZN R     OAI22D4BWP      2  4.1    34    25     241    (-,-) 
  CONV_ENGINE/ENGINE/Cm[0].Gm[0].Um[3].Mm[2].MUL/mul_59_21_g3807/ZN    -       A1->ZN R     IND2D2BWP       1  2.6    19    25     266    (-,-) 
  CONV_ENGINE/ENGINE/Cm[0].Gm[0].Um[3].Mm[2].MUL/mul_59_21_g3463/ZN    -       A2->ZN F     ND2D2BWP        2  3.9    21    19     285    (-,-) 
  CONV_ENGINE/ENGINE/Cm[0].Gm[0].Um[3].Mm[2].MUL/mul_59_21_g3805/ZN    -       A1->ZN F     IND2D1BWP       2  3.7    39    37     322    (-,-) 
  CONV_ENGINE/ENGINE/Cm[0].Gm[0].Um[3].Mm[2].MUL/mul_59_21_g3446/ZN    -       B->ZN  R     IOA21D2BWP      2  3.4    21    19     341    (-,-) 
  CONV_ENGINE/ENGINE/Cm[0].Gm[0].Um[3].Mm[2].MUL/mul_59_21_g3442/ZN    -       I->ZN  F     INVD1BWP        1  2.0    13    13     354    (-,-) 
  CONV_ENGINE/ENGINE/Cm[0].Gm[0].Um[3].Mm[2].MUL/mul_59_21_g3440/Z     -       A2->Z  F     OA21D1BWP       2  4.2    22    36     390    (-,-) 
  CONV_ENGINE/ENGINE/Cm[0].Gm[0].Um[3].Mm[2].MUL/mul_59_21_g3434/ZN    -       A1->ZN R     OAI21D2BWP      1  2.6    26    21     412    (-,-) 
  CONV_ENGINE/ENGINE/Cm[0].Gm[0].Um[3].Mm[2].MUL/mul_59_21_g3432/CO    -       CI->CO R     FA1D2BWP        1  2.6    17    32     443    (-,-) 
  CONV_ENGINE/ENGINE/Cm[0].Gm[0].Um[3].Mm[2].MUL/mul_59_21_g3431/CO    -       CI->CO R     FA1D2BWP        1  2.1    16    29     472    (-,-) 
  CONV_ENGINE/ENGINE/Cm[0].Gm[0].Um[3].Mm[2].MUL/mul_59_21_g3430/CO    -       CI->CO R     FA1D0BWP        1  2.1    29    43     515    (-,-) 
  CONV_ENGINE/ENGINE/Cm[0].Gm[0].Um[3].Mm[2].MUL/mul_59_21_g3429/CO    -       CI->CO R     FA1D0BWP        1  2.1    29    47     562    (-,-) 
  CONV_ENGINE/ENGINE/Cm[0].Gm[0].Um[3].Mm[2].MUL/mul_59_21_g3428/CO    -       CI->CO R     FA1D0BWP        1  2.1    29    47     609    (-,-) 
  CONV_ENGINE/ENGINE/Cm[0].Gm[0].Um[3].Mm[2].MUL/mul_59_21_g3427/CO    -       CI->CO R     FA1D0BWP        1  2.1    29    47     656    (-,-) 
  CONV_ENGINE/ENGINE/Cm[0].Gm[0].Um[3].Mm[2].MUL/mul_59_21_g3426/CO    -       CI->CO R     FA1D0BWP        1  2.1    29    47     703    (-,-) 
  CONV_ENGINE/ENGINE/Cm[0].Gm[0].Um[3].Mm[2].MUL/mul_59_21_g3425/CO    -       CI->CO R     FA1D0BWP        1  2.1    29    47     750    (-,-) 
  CONV_ENGINE/ENGINE/Cm[0].Gm[0].Um[3].Mm[2].MUL/mul_59_21_g3424/CO    -       CI->CO R     FA1D0BWP        1  2.1    29    47     797    (-,-) 
  CONV_ENGINE/ENGINE/Cm[0].Gm[0].Um[3].Mm[2].MUL/mul_59_21_g3423/CO    -       CI->CO R     FA1D0BWP        1  2.1    29    47     844    (-,-) 
  CONV_ENGINE/ENGINE/Cm[0].Gm[0].Um[3].Mm[2].MUL/mul_59_21_g3422/CO    -       CI->CO R     FA1D0BWP        1  2.6    34    50     894    (-,-) 
  CONV_ENGINE/ENGINE/Cm[0].Gm[0].Um[3].Mm[2].MUL/mul_59_21_g3421/CO    -       CI->CO R     FA1D1BWP        1  2.1    20    35     929    (-,-) 
  CONV_ENGINE/ENGINE/Cm[0].Gm[0].Um[3].Mm[2].MUL/mul_59_21_g3420/CO    -       CI->CO R     FA1D0BWP        1  2.1    29    44     974    (-,-) 
  CONV_ENGINE/ENGINE/Cm[0].Gm[0].Um[3].Mm[2].MUL/mul_59_21_g3419/CO    -       CI->CO R     FA1D0BWP        1  2.6    34    50    1024    (-,-) 
  CONV_ENGINE/ENGINE/Cm[0].Gm[0].Um[3].Mm[2].MUL/mul_59_21_g3418/CO    -       CI->CO R     FA1D1BWP        1  2.1    20    35    1059    (-,-) 
  CONV_ENGINE/ENGINE/Cm[0].Gm[0].Um[3].Mm[2].MUL/mul_59_21_g3417/S     -       CI->S  F     FA1D0BWP        1  2.1    24    50    1109    (-,-) 
  CONV_ENGINE/ENGINE/g1830/Z                                           -       I1->Z  F     MUX2D1BWP       2  4.2    26    40    1149    (-,-) 
  CONV_ENGINE/ENGINE/Ca[0].Ga[0].Ua[3].Ma[2].ACC/add_31_23/g3403/ZN    -       A2->ZN R     XNR3D1BWP       1  2.0    20    87    1236    (-,-) 
  CONV_ENGINE/ENGINE/Ca[0].Ga[0].Ua[3].Ma[2].ACC/retime_s10_2404_reg/D -       -      R     DFQD2BWP        1    -     -     0    1236    (-,-) 
#-----------------------------------------------------------------------------------------------------------------------------------------------



Path 8: MET (0 ps) Setup Check with Pin CONV_ENGINE/ENGINE/Ca[0].Ga[0].Ua[13].Ma[8].ACC/add_31_23/retime_s16_261_reg/CP->D
          Group: aclk
     Startpoint: (R) CONV_ENGINE/ENGINE/retime_s8_1264_reg/CP
          Clock: (R) aclk
       Endpoint: (R) CONV_ENGINE/ENGINE/Ca[0].Ga[0].Ua[13].Ma[8].ACC/add_31_23/retime_s16_261_reg/D
          Clock: (R) aclk

                     Capture       Launch     
        Clock Edge:+    1250            0     
       Src Latency:+       0            0     
       Net Latency:+       0 (I)        0 (I) 
           Arrival:=    1250            0     
                                              
             Setup:-      14                  
     Required Time:=    1236                  
      Launch Clock:-       0                  
         Data Path:-    1236                  
             Slack:=       0                  

#-----------------------------------------------------------------------------------------------------------------------------------------------------------
#                                 Timing Point                                   Flags    Arc   Edge    Cell      Fanout  Load Trans Delay Arrival Instance 
#                                                                                                                         (fF)  (ps)  (ps)   (ps)  Location 
#-----------------------------------------------------------------------------------------------------------------------------------------------------------
  CONV_ENGINE/ENGINE/retime_s8_1264_reg/CP                                       -       -      R     (arrival)      239     -     0     -       0    (-,-) 
  CONV_ENGINE/ENGINE/retime_s8_1264_reg/Q                                        -       CP->Q  F     DFQD2BWP        33  52.2   112   120     120    (-,-) 
  CONV_ENGINE/ENGINE/g159473/ZN                                                  -       I->ZN  R     INVD8BWP         1  10.2    34    24     144    (-,-) 
  CONV_ENGINE/ENGINE/g159627/ZN                                                  -       I->ZN  F     INVD16BWP       80 116.5    38    33     177    (-,-) 
  CONV_ENGINE/ENGINE/Cm[0].Gm[0].Um[13].Mm[8].MUL/mul_59_21_g10237/ZN            -       S->ZN  F     MUX2ND2BWP       2   3.2    12    58     235    (-,-) 
  CONV_ENGINE/ENGINE/Cm[0].Gm[0].Um[13].Mm[8].MUL/mul_59_21_g10013/ZN            -       B1->ZN R     OAI22D1BWP       1   3.5    66    37     272    (-,-) 
  CONV_ENGINE/ENGINE/Cm[0].Gm[0].Um[13].Mm[8].MUL/mul_59_21_g9885/S              -       B->S   R     HA1D1BWP         1   2.6    23    40     313    (-,-) 
  CONV_ENGINE/ENGINE/Cm[0].Gm[0].Um[13].Mm[8].MUL/mul_59_21_g9841/S              -       CI->S  F     FA1D1BWP         1   2.7    19    42     355    (-,-) 
  CONV_ENGINE/ENGINE/Cm[0].Gm[0].Um[13].Mm[8].MUL/mul_59_21_g9804/CO             -       B->CO  F     FA1D1BWP         1   2.6    20    66     421    (-,-) 
  CONV_ENGINE/ENGINE/Cm[0].Gm[0].Um[13].Mm[8].MUL/mul_59_21_g9796/CO             -       CI->CO F     FA1D1BWP         1   2.6    20    36     457    (-,-) 
  CONV_ENGINE/ENGINE/Cm[0].Gm[0].Um[13].Mm[8].MUL/mul_59_21_g9789/CO             -       CI->CO F     FA1D1BWP         1   2.6    20    36     494    (-,-) 
  CONV_ENGINE/ENGINE/Cm[0].Gm[0].Um[13].Mm[8].MUL/mul_59_21_g9784/CO             -       CI->CO F     FA1D1BWP         1   2.1    19    35     528    (-,-) 
  CONV_ENGINE/ENGINE/Cm[0].Gm[0].Um[13].Mm[8].MUL/mul_59_21_g9783/CO             -       CI->CO F     FA1D0BWP         1   2.1    23    44     573    (-,-) 
  CONV_ENGINE/ENGINE/Cm[0].Gm[0].Um[13].Mm[8].MUL/mul_59_21_g9782/CO             -       CI->CO F     FA1D0BWP         1   2.1    23    46     619    (-,-) 
  CONV_ENGINE/ENGINE/Cm[0].Gm[0].Um[13].Mm[8].MUL/mul_59_21_g9781/CO             -       CI->CO F     FA1D0BWP         1   2.1    23    46     665    (-,-) 
  CONV_ENGINE/ENGINE/Cm[0].Gm[0].Um[13].Mm[8].MUL/mul_59_21_g9780/CO             -       CI->CO F     FA1D0BWP         1   2.1    23    46     711    (-,-) 
  CONV_ENGINE/ENGINE/Cm[0].Gm[0].Um[13].Mm[8].MUL/mul_59_21_g9779/CO             -       CI->CO F     FA1D0BWP         1   2.1    23    46     757    (-,-) 
  CONV_ENGINE/ENGINE/Cm[0].Gm[0].Um[13].Mm[8].MUL/mul_59_21_g9778/CO             -       CI->CO F     FA1D0BWP         1   2.1    23    46     803    (-,-) 
  CONV_ENGINE/ENGINE/Cm[0].Gm[0].Um[13].Mm[8].MUL/mul_59_21_g9777/CO             -       CI->CO F     FA1D0BWP         1   2.1    23    46     849    (-,-) 
  CONV_ENGINE/ENGINE/Cm[0].Gm[0].Um[13].Mm[8].MUL/mul_59_21_g9776/CO             -       CI->CO F     FA1D0BWP         1   2.6    26    48     898    (-,-) 
  CONV_ENGINE/ENGINE/Cm[0].Gm[0].Um[13].Mm[8].MUL/mul_59_21_g9775/CO             -       CI->CO F     FA1D1BWP         1   2.6    20    38     935    (-,-) 
  CONV_ENGINE/ENGINE/Cm[0].Gm[0].Um[13].Mm[8].MUL/mul_59_21_g9774/CO             -       CI->CO F     FA1D1BWP         1   2.6    20    36     972    (-,-) 
  CONV_ENGINE/ENGINE/Cm[0].Gm[0].Um[13].Mm[8].MUL/mul_59_21_g9773/CO             -       CI->CO F     FA1D1BWP         1   2.6    20    36    1008    (-,-) 
  CONV_ENGINE/ENGINE/Cm[0].Gm[0].Um[13].Mm[8].MUL/mul_59_21_g9772/CO             -       CI->CO F     FA1D1BWP         1   2.6    20    36    1044    (-,-) 
  CONV_ENGINE/ENGINE/Cm[0].Gm[0].Um[13].Mm[8].MUL/mul_59_21_g9771/CO             -       CI->CO F     FA1D1BWP         1   2.1    19    35    1078    (-,-) 
  CONV_ENGINE/ENGINE/Cm[0].Gm[0].Um[13].Mm[8].MUL/mul_59_21_g9770/CO             -       CI->CO F     FA1D0BWP         1   2.1    23    44    1123    (-,-) 
  CONV_ENGINE/ENGINE/Cm[0].Gm[0].Um[13].Mm[8].MUL/mul_59_21_g9769/ZN             -       A3->ZN R     XNR3D1BWP        1   2.1    20    47    1170    (-,-) 
  CONV_ENGINE/ENGINE/g2525/Z                                                     -       I1->Z  R     MUX2D1BWP        1   2.6    26    32    1201    (-,-) 
  CONV_ENGINE/ENGINE/Ca[0].Ga[0].Ua[13].Ma[8].ACC/add_31_23/g2975/Z              -       A1->Z  R     CKXOR2D2BWP      1   2.0    17    34    1236    (-,-) 
  CONV_ENGINE/ENGINE/Ca[0].Ga[0].Ua[13].Ma[8].ACC/add_31_23/retime_s16_261_reg/D -       -      R     DFQD1BWP         1     -     -     0    1236    (-,-) 
#-----------------------------------------------------------------------------------------------------------------------------------------------------------



Path 9: MET (0 ps) Setup Check with Pin CONV_ENGINE/ENGINE/Ca[0].Ga[0].Ua[4].Ma[9].ACC/retime_s16_453_reg/CP->D
          Group: aclk
     Startpoint: (R) input_pipe/WEIGHTS_ROTATOR/retime_s8_1105_reg/CP
          Clock: (R) aclk
       Endpoint: (R) CONV_ENGINE/ENGINE/Ca[0].Ga[0].Ua[4].Ma[9].ACC/retime_s16_453_reg/D
          Clock: (R) aclk

                     Capture       Launch     
        Clock Edge:+    1250            0     
       Src Latency:+       0            0     
       Net Latency:+       0 (I)        0 (I) 
           Arrival:=    1250            0     
                                              
             Setup:-      15                  
     Required Time:=    1235                  
      Launch Clock:-       0                  
         Data Path:-    1235                  
             Slack:=       0                  

#-----------------------------------------------------------------------------------------------------------------------------------------------
#                            Timing Point                             Flags    Arc   Edge    Cell      Fanout Load Trans Delay Arrival Instance 
#                                                                                                             (fF)  (ps)  (ps)   (ps)  Location 
#-----------------------------------------------------------------------------------------------------------------------------------------------
  input_pipe/WEIGHTS_ROTATOR/retime_s8_1105_reg/CP                    -       -      R     (arrival)      900    -     0     -       0    (-,-) 
  input_pipe/WEIGHTS_ROTATOR/retime_s8_1105_reg/Q                     -       CP->Q  F     DFSND4BWP        6 12.5    18    59      59    (-,-) 
  input_pipe/WEIGHTS_ROTATOR/g22454/Z                                 -       I->Z   F     CKBD16BWP       18 35.8    17    27      86    (-,-) 
  input_pipe/WEIGHTS_ROTATOR/g29035/ZN                                -       S->ZN  F     MUX2ND2BWP       3  5.0    16    53     139    (-,-) 
  input_pipe/WEIGHTS_ROTATOR/g28624/ZN                                -       A1->ZN F     XNR2D1BWP        1  2.3    18    33     172    (-,-) 
  input_pipe/WEIGHTS_ROTATOR/g28597/ZN                                -       A1->ZN R     NR2XD1BWP        1  2.0    18    15     187    (-,-) 
  input_pipe/WEIGHTS_ROTATOR/g28577/Z                                 -       A1->Z  R     AN3XD1BWP        1  3.5    26    39     226    (-,-) 
  input_pipe/WEIGHTS_ROTATOR/g28575/ZN                                -       A1->ZN F     ND4D4BWP         1  3.9    37    29     255    (-,-) 
  input_pipe/WEIGHTS_ROTATOR/g28571/ZN                                -       A2->ZN R     NR3D3BWP         1  6.0    28    28     282    (-,-) 
  input_pipe/g20/ZN                                                   -       I->ZN  F     CKND8BWP         1  8.1    13    13     296    (-,-) 
  input_pipe/g18/ZN                                                   -       A1->ZN R     NR2XD8BWP        6 24.5    26    16     311    (-,-) 
  CONV_ENGINE/ENGINE/g627/Z                                           -       I->Z   R     BUFFD8BWP        9 26.3    21    30     341    (-,-) 
  CONV_ENGINE/ENGINE/g11/Z                                            -       A1->Z  R     OR2D4BWP         2 15.6    24    33     374    (-,-) 
  CONV_ENGINE/ENGINE/g158245/ZN                                       -       I->ZN  F     INVD12BWP        4 31.8    18    17     392    (-,-) 
  CONV_ENGINE/ENGINE/g157838/ZN                                       -       I->ZN  R     CKND16BWP       27 45.1    18    16     408    (-,-) 
  CONV_ENGINE/ENGINE/g159538/ZN                                       -       I->ZN  F     INVD12BWP        4 29.0    15    15     423    (-,-) 
  CONV_ENGINE/ENGINE/g159537/ZN                                       -       I->ZN  R     INVD12BWP       24 29.9    17    15     438    (-,-) 
  CONV_ENGINE/ENGINE/Ca[0].Ga[0].Ua[4].Ma[9].ACC/g704/ZN              -       B1->ZN F     INR2D2BWP        2  3.2    13    12     449    (-,-) 
  CONV_ENGINE/ENGINE/Ca[0].Ga[0].Ua[4].Ma[9].ACC/add_31_23/g4111/ZN   -       A1->ZN R     CKND2D1BWP       2  3.4    34    23     472    (-,-) 
  CONV_ENGINE/ENGINE/Ca[0].Ga[0].Ua[4].Ma[9].ACC/add_31_23/g4124/ZN   -       A2->ZN R     IOA21D2BWP       2  4.2    19    37     509    (-,-) 
  CONV_ENGINE/ENGINE/Ca[0].Ga[0].Ua[4].Ma[9].ACC/add_31_23/g4101/ZN   -       A1->ZN F     OAI21D2BWP       2  4.7    35    22     531    (-,-) 
  CONV_ENGINE/ENGINE/Ca[0].Ga[0].Ua[4].Ma[9].ACC/add_31_23/g4123/ZN   -       A1->ZN R     AOI22D4BWP       2  3.3    26    24     555    (-,-) 
  CONV_ENGINE/ENGINE/Ca[0].Ga[0].Ua[4].Ma[9].ACC/add_31_23/g4122/ZN   -       A1->ZN F     MOAI22D1BWP      1  2.6    29    22     576    (-,-) 
  CONV_ENGINE/ENGINE/Ca[0].Ga[0].Ua[4].Ma[9].ACC/add_31_23/g4095/CO   -       CI->CO F     FA1D2BWP         1  2.6    18    35     612    (-,-) 
  CONV_ENGINE/ENGINE/Ca[0].Ga[0].Ua[4].Ma[9].ACC/add_31_23/g4094/CO   -       CI->CO F     FA1D1BWP         1  2.6    20    35     647    (-,-) 
  CONV_ENGINE/ENGINE/Ca[0].Ga[0].Ua[4].Ma[9].ACC/add_31_23/g4093/CO   -       CI->CO F     FA1D1BWP         1  2.1    19    35     682    (-,-) 
  CONV_ENGINE/ENGINE/Ca[0].Ga[0].Ua[4].Ma[9].ACC/add_31_23/g4092/CO   -       CI->CO F     FA1D0BWP         1  2.1    23    44     726    (-,-) 
  CONV_ENGINE/ENGINE/Ca[0].Ga[0].Ua[4].Ma[9].ACC/add_31_23/g4091/CO   -       CI->CO F     FA1D0BWP         1  2.1    23    46     772    (-,-) 
  CONV_ENGINE/ENGINE/Ca[0].Ga[0].Ua[4].Ma[9].ACC/add_31_23/g4090/CO   -       CI->CO F     FA1D0BWP         1  2.1    23    46     818    (-,-) 
  CONV_ENGINE/ENGINE/Ca[0].Ga[0].Ua[4].Ma[9].ACC/add_31_23/g4089/CO   -       CI->CO F     FA1D0BWP         1  2.6    26    48     867    (-,-) 
  CONV_ENGINE/ENGINE/Ca[0].Ga[0].Ua[4].Ma[9].ACC/add_31_23/g4088/CO   -       CI->CO F     FA1D1BWP         1  2.6    20    38     905    (-,-) 
  CONV_ENGINE/ENGINE/Ca[0].Ga[0].Ua[4].Ma[9].ACC/add_31_23/g4087/CO   -       CI->CO F     FA1D1BWP         1  2.6    20    36     941    (-,-) 
  CONV_ENGINE/ENGINE/Ca[0].Ga[0].Ua[4].Ma[9].ACC/add_31_23/g4086/CO   -       CI->CO F     FA1D1BWP         1  2.6    20    36     977    (-,-) 
  CONV_ENGINE/ENGINE/Ca[0].Ga[0].Ua[4].Ma[9].ACC/add_31_23/g4085/CO   -       CI->CO F     FA1D1BWP         1  2.6    20    36    1013    (-,-) 
  CONV_ENGINE/ENGINE/Ca[0].Ga[0].Ua[4].Ma[9].ACC/add_31_23/g4084/CO   -       CI->CO F     FA1D1BWP         1  2.6    20    36    1049    (-,-) 
  CONV_ENGINE/ENGINE/Ca[0].Ga[0].Ua[4].Ma[9].ACC/add_31_23/g4083/CO   -       CI->CO F     FA1D1BWP         1  2.6    20    36    1085    (-,-) 
  CONV_ENGINE/ENGINE/Ca[0].Ga[0].Ua[4].Ma[9].ACC/add_31_23/g4082/CO   -       CI->CO F     FA1D1BWP         1  2.6    20    36    1121    (-,-) 
  CONV_ENGINE/ENGINE/Ca[0].Ga[0].Ua[4].Ma[9].ACC/add_31_23/g4081/CO   -       CI->CO F     FA1D1BWP         1  2.6    20    36    1157    (-,-) 
  CONV_ENGINE/ENGINE/Ca[0].Ga[0].Ua[4].Ma[9].ACC/add_31_23/g4080/CO   -       CI->CO F     FA1D1BWP         1  2.6    20    36    1193    (-,-) 
  CONV_ENGINE/ENGINE/Ca[0].Ga[0].Ua[4].Ma[9].ACC/add_31_23/g4079/S    -       CI->S  R     FA1D1BWP         1  2.0    20    41    1235    (-,-) 
  CONV_ENGINE/ENGINE/Ca[0].Ga[0].Ua[4].Ma[9].ACC/retime_s16_453_reg/D -       -      R     DFQD1BWP         1    -     -     0    1235    (-,-) 
#-----------------------------------------------------------------------------------------------------------------------------------------------



Path 10: MET (0 ps) Setup Check with Pin CONV_ENGINE/ENGINE/Ca[0].Ga[0].Ua[13].Ma[3].ACC/add_31_23/retime_s10_1959_reg/CP->D
          Group: aclk
     Startpoint: (R) CONV_ENGINE/ENGINE/retime_s7_1563_reg/CP
          Clock: (R) aclk
       Endpoint: (F) CONV_ENGINE/ENGINE/Ca[0].Ga[0].Ua[13].Ma[3].ACC/add_31_23/retime_s10_1959_reg/D
          Clock: (R) aclk

                     Capture       Launch     
        Clock Edge:+    1250            0     
       Src Latency:+       0            0     
       Net Latency:+       0 (I)        0 (I) 
           Arrival:=    1250            0     
                                              
             Setup:-       4                  
     Required Time:=    1246                  
      Launch Clock:-       0                  
         Data Path:-    1246                  
             Slack:=       0                  

#------------------------------------------------------------------------------------------------------------------------------------------------------------
#                                  Timing Point                                   Flags    Arc   Edge    Cell      Fanout  Load Trans Delay Arrival Instance 
#                                                                                                                          (fF)  (ps)  (ps)   (ps)  Location 
#------------------------------------------------------------------------------------------------------------------------------------------------------------
  CONV_ENGINE/ENGINE/retime_s7_1563_reg/CP                                        -       -      R     (arrival)      272     -     0     -       0    (-,-) 
  CONV_ENGINE/ENGINE/retime_s7_1563_reg/Q                                         -       CP->Q  F     DFD4BWP          1   4.3    10    51      51    (-,-) 
  CONV_ENGINE/ENGINE/g160235/Z                                                    -       I->Z   F     BUFFD16BWP      82 127.9    39    38      90    (-,-) 
  CONV_ENGINE/ENGINE/g159190/Z                                                    -       I->Z   F     BUFFD16BWP      38  53.9    21    35     125    (-,-) 
  CONV_ENGINE/ENGINE/Cm[0].Gm[0].Um[13].Mm[3].MUL/mul_59_21_g10220/ZN             -       I->ZN  R     CKND2BWP         5   7.3    26    21     146    (-,-) 
  CONV_ENGINE/ENGINE/Cm[0].Gm[0].Um[13].Mm[3].MUL/g10255/Z                        -       B1->Z  R     OA22D2BWP       16  23.5    68    67     213    (-,-) 
  CONV_ENGINE/ENGINE/Cm[0].Gm[0].Um[13].Mm[3].MUL/mul_59_21_g10034/ZN             -       A1->ZN F     ND2D4BWP        14  18.4    50    44     256    (-,-) 
  CONV_ENGINE/ENGINE/Cm[0].Gm[0].Um[13].Mm[3].MUL/mul_59_21_g9949/ZN              -       A1->ZN R     OAI22D1BWP       1   2.1    49    34     291    (-,-) 
  CONV_ENGINE/ENGINE/Cm[0].Gm[0].Um[13].Mm[3].MUL/mul_59_21_g9858/S               -       A->S   F     FA1D0BWP         1   2.1    24    80     372    (-,-) 
  CONV_ENGINE/ENGINE/Cm[0].Gm[0].Um[13].Mm[3].MUL/mul_59_21_g9809/S               -       CI->S  R     FA1D0BWP         1   2.7    36    60     432    (-,-) 
  CONV_ENGINE/ENGINE/Cm[0].Gm[0].Um[13].Mm[3].MUL/mul_59_21_g9781/CO              -       B->CO  R     FA1D1BWP         1   2.6    23    69     501    (-,-) 
  CONV_ENGINE/ENGINE/Cm[0].Gm[0].Um[13].Mm[3].MUL/mul_59_21_g9775/CO              -       CI->CO R     FA1D1BWP         1   2.1    20    33     534    (-,-) 
  CONV_ENGINE/ENGINE/Cm[0].Gm[0].Um[13].Mm[3].MUL/mul_59_21_g9774/CO              -       CI->CO R     FA1D0BWP         1   2.6    34    47     581    (-,-) 
  CONV_ENGINE/ENGINE/Cm[0].Gm[0].Um[13].Mm[3].MUL/mul_59_21_g9773/CO              -       CI->CO R     FA1D1BWP         1   2.6    23    37     618    (-,-) 
  CONV_ENGINE/ENGINE/Cm[0].Gm[0].Um[13].Mm[3].MUL/mul_59_21_g9772/CO              -       CI->CO R     FA1D1BWP         1   2.6    23    34     652    (-,-) 
  CONV_ENGINE/ENGINE/Cm[0].Gm[0].Um[13].Mm[3].MUL/mul_59_21_g9771/CO              -       CI->CO R     FA1D1BWP         1   2.6    23    34     687    (-,-) 
  CONV_ENGINE/ENGINE/Cm[0].Gm[0].Um[13].Mm[3].MUL/g10257/CO                       -       D->CO  R     CMPE42D1BWP      1   2.6    23    72     758    (-,-) 
  CONV_ENGINE/ENGINE/Cm[0].Gm[0].Um[13].Mm[3].MUL/mul_59_21_g9769/CO              -       CI->CO R     FA1D1BWP         1   2.6    23    34     793    (-,-) 
  CONV_ENGINE/ENGINE/Cm[0].Gm[0].Um[13].Mm[3].MUL/mul_59_21_g9768/CO              -       CI->CO R     FA1D1BWP         1   2.6    23    34     828    (-,-) 
  CONV_ENGINE/ENGINE/Cm[0].Gm[0].Um[13].Mm[3].MUL/mul_59_21_g9767/CO              -       CI->CO R     FA1D1BWP         1   2.6    23    34     862    (-,-) 
  CONV_ENGINE/ENGINE/Cm[0].Gm[0].Um[13].Mm[3].MUL/mul_59_21_g9766/CO              -       CI->CO R     FA1D1BWP         1   2.1    20    33     895    (-,-) 
  CONV_ENGINE/ENGINE/Cm[0].Gm[0].Um[13].Mm[3].MUL/mul_59_21_g9765/CO              -       CI->CO R     FA1D0BWP         1   2.1    29    44     939    (-,-) 
  CONV_ENGINE/ENGINE/Cm[0].Gm[0].Um[13].Mm[3].MUL/mul_59_21_g9764/CO              -       CI->CO R     FA1D0BWP         1   2.1    29    47     986    (-,-) 
  CONV_ENGINE/ENGINE/Cm[0].Gm[0].Um[13].Mm[3].MUL/mul_59_21_g9763/CO              -       CI->CO R     FA1D0BWP         1   2.1    29    47    1033    (-,-) 
  CONV_ENGINE/ENGINE/Cm[0].Gm[0].Um[13].Mm[3].MUL/mul_59_21_g9762/CO              -       CI->CO R     FA1D0BWP         1   2.6    34    50    1083    (-,-) 
  CONV_ENGINE/ENGINE/Cm[0].Gm[0].Um[13].Mm[3].MUL/g10256/CO                       -       D->CO  R     CMPE42D1BWP      1   2.1    20    74    1157    (-,-) 
  CONV_ENGINE/ENGINE/Cm[0].Gm[0].Um[13].Mm[3].MUL/mul_59_21_g9760/Z               -       A3->Z  F     XOR3D1BWP        1   1.9    19    52    1208    (-,-) 
  CONV_ENGINE/ENGINE/g2495/Z                                                      -       I0->Z  F     CKMUX2D1BWP      1   2.0    20    38    1246    (-,-) 
  CONV_ENGINE/ENGINE/Ca[0].Ga[0].Ua[13].Ma[3].ACC/add_31_23/retime_s10_1959_reg/D -       -      F     DFQD1BWP         1     -     -     0    1246    (-,-) 
#------------------------------------------------------------------------------------------------------------------------------------------------------------

