============================================================
  Generated by:           Genus(TM) Synthesis Solution 18.10-p003_1
  Generated on:           Nov 16 2021  09:02:25 am
  Module:                 axis_accelerator_asic
  Operating conditions:   tt_1p0v_25c 
  Interconnect mode:      global
  Area mode:              physical library
============================================================


Path 1: MET (719 ps) Setup Check with Pin CONV_ENGINE/ENGINE/Ca[0].Ga[0].Ua[0].Ma[45].PROCESSING_ELEMENT/ACC/REG/data_out_reg[23]/CK->D
          Group: aclk
     Startpoint: (R) input_pipe/WEIGHTS_ROTATOR/I_WEIGHTS_READ/data_out_reg[0]/CK
          Clock: (R) aclk
       Endpoint: (F) CONV_ENGINE/ENGINE/Ca[0].Ga[0].Ua[0].Ma[45].PROCESSING_ELEMENT/ACC/REG/data_out_reg[23]/D
          Clock: (R) aclk

                     Capture       Launch     
        Clock Edge:+    5000            0     
       Src Latency:+       0            0     
       Net Latency:+       0 (I)        0 (I) 
           Arrival:=    5000            0     
                                              
             Setup:-      31                  
     Required Time:=    4969                  
      Launch Clock:-       0                  
         Data Path:-    4250                  
             Slack:=     719                  

#-------------------------------------------------------------------------------------------------------------------------------------------------------------------------
#                                       Timing Point                                        Flags    Arc   Edge      Cell       Fanout  Load Trans Delay Arrival Instance 
#                                                                                                                                       (fF)  (ps)  (ps)   (ps)  Location 
#-------------------------------------------------------------------------------------------------------------------------------------------------------------------------
  input_pipe/WEIGHTS_ROTATOR/I_WEIGHTS_READ/data_out_reg[0]/CK                              -       -      R     (arrival)        1024     -     0     -       0    (-,-) 
  input_pipe/WEIGHTS_ROTATOR/I_WEIGHTS_READ/data_out_reg[0]/Q                               -       CK->Q  R     DFFRPQX2MA10TH     20  79.1   214   209     209    (-,-) 
  input_pipe/WEIGHTS_ROTATOR/hi_fo_buf20242/Y                                               -       A->Y   F     INVX7P5MA10TH      35 155.5    94    95     304    (-,-) 
  input_pipe/WEIGHTS_ROTATOR/g19993/Y                                                       -       A0->Y  R     AOI22X1MA10TH       3  10.8   151   122     426    (-,-) 
  input_pipe/WEIGHTS_ROTATOR/g19144/Y                                                       -       A->Y   F     XOR2X1MA10TH        1   4.2    58    49     475    (-,-) 
  input_pipe/WEIGHTS_ROTATOR/g19109/Y                                                       -       C0->Y  R     AOI221X1MA10TH      1   4.2   115    82     557    (-,-) 
  input_pipe/WEIGHTS_ROTATOR/g19093/Y                                                       -       C0->Y  F     OAI221X1MA10TH      1   4.2    63    65     622    (-,-) 
  input_pipe/WEIGHTS_ROTATOR/g19049/Y                                                       -       D->Y   F     OR6X1MA10TH         1   4.4    46    91     713    (-,-) 
  input_pipe/WEIGHTS_ROTATOR/g19044/Y                                                       -       A->Y   R     NOR3X1AA10TH        1   4.4   114    79     792    (-,-) 
  input_pipe/g33/Y                                                                          -       A->Y   R     AND2X2MA10TH        7  21.2    67    90     882    (-,-) 
  CONV_ENGINE/ENGINE/g5123/Y                                                                -       A->Y   R     BUFHX0P7MA10TH     15  40.3   326   208    1090    (-,-) 
  CONV_ENGINE/ENGINE/g5122/Y                                                                -       A->Y   R     OR2X1MA10TH        35 100.2   558   379    1470    (-,-) 
  CONV_ENGINE/ENGINE/g5121/Y                                                                -       A->Y   F     INVX1BA10TH         1   8.1   142   123    1592    (-,-) 
  CONV_ENGINE/ENGINE/g5425/Y                                                                -       A->Y   R     INVX3MA10TH        85 241.0   446   281    1873    (-,-) 
  CONV_ENGINE/ENGINE/Ca[0].Ga[0].Ua[0].Ma[45].PROCESSING_ELEMENT/ACC/g313/Y                 -       A->Y   F     INVX1MA10TH         8  20.5   145   141    2014    (-,-) 
  CONV_ENGINE/ENGINE/Ca[0].Ga[0].Ua[0].Ma[45].PROCESSING_ELEMENT/ACC/g308/Y                 -       A->Y   F     AND2X1MA10TH        1   5.1    30    88    2103    (-,-) 
  CONV_ENGINE/ENGINE/Ca[0].Ga[0].Ua[0].Ma[45].PROCESSING_ELEMENT/ACC/add_31_23_g585/CO      -       A->CO  F     ADDHX1MA10TH        1   6.5    31    58    2160    (-,-) 
  CONV_ENGINE/ENGINE/Ca[0].Ga[0].Ua[0].Ma[45].PROCESSING_ELEMENT/ACC/add_31_23_g584/CO      -       CI->CO F     ADDFX1MA10TH        1   6.5    42    83    2244    (-,-) 
  CONV_ENGINE/ENGINE/Ca[0].Ga[0].Ua[0].Ma[45].PROCESSING_ELEMENT/ACC/add_31_23_g583/CO      -       CI->CO F     ADDFX1MA10TH        1   6.5    42    86    2329    (-,-) 
  CONV_ENGINE/ENGINE/Ca[0].Ga[0].Ua[0].Ma[45].PROCESSING_ELEMENT/ACC/add_31_23_g582/CO      -       CI->CO F     ADDFX1MA10TH        1   6.5    42    86    2415    (-,-) 
  CONV_ENGINE/ENGINE/Ca[0].Ga[0].Ua[0].Ma[45].PROCESSING_ELEMENT/ACC/add_31_23_g581/CO      -       CI->CO F     ADDFX1MA10TH        1   6.5    42    86    2500    (-,-) 
  CONV_ENGINE/ENGINE/Ca[0].Ga[0].Ua[0].Ma[45].PROCESSING_ELEMENT/ACC/add_31_23_g580/CO      -       CI->CO F     ADDFX1MA10TH        1   6.5    42    86    2586    (-,-) 
  CONV_ENGINE/ENGINE/Ca[0].Ga[0].Ua[0].Ma[45].PROCESSING_ELEMENT/ACC/add_31_23_g579/CO      -       CI->CO F     ADDFX1MA10TH        1   6.5    42    86    2672    (-,-) 
  CONV_ENGINE/ENGINE/Ca[0].Ga[0].Ua[0].Ma[45].PROCESSING_ELEMENT/ACC/add_31_23_g578/CO      -       CI->CO F     ADDFX1MA10TH        1   6.5    42    86    2757    (-,-) 
  CONV_ENGINE/ENGINE/Ca[0].Ga[0].Ua[0].Ma[45].PROCESSING_ELEMENT/ACC/add_31_23_g577/CO      -       CI->CO F     ADDFX1MA10TH        1   6.5    42    86    2843    (-,-) 
  CONV_ENGINE/ENGINE/Ca[0].Ga[0].Ua[0].Ma[45].PROCESSING_ELEMENT/ACC/add_31_23_g576/CO      -       CI->CO F     ADDFX1MA10TH        1   6.5    42    86    2928    (-,-) 
  CONV_ENGINE/ENGINE/Ca[0].Ga[0].Ua[0].Ma[45].PROCESSING_ELEMENT/ACC/add_31_23_g575/CO      -       CI->CO F     ADDFX1MA10TH        1   7.5    45    88    3016    (-,-) 
  CONV_ENGINE/ENGINE/Ca[0].Ga[0].Ua[0].Ma[45].PROCESSING_ELEMENT/ACC/add_31_23_g574/CO      -       A->CO  F     ADDFX1MA10TH        1   7.5    45    98    3115    (-,-) 
  CONV_ENGINE/ENGINE/Ca[0].Ga[0].Ua[0].Ma[45].PROCESSING_ELEMENT/ACC/add_31_23_g573/CO      -       A->CO  F     ADDFX1MA10TH        1   6.5    42    96    3211    (-,-) 
  CONV_ENGINE/ENGINE/Ca[0].Ga[0].Ua[0].Ma[45].PROCESSING_ELEMENT/ACC/add_31_23_g572/CO      -       CI->CO F     ADDFX1MA10TH        1   7.5    45    88    3299    (-,-) 
  CONV_ENGINE/ENGINE/Ca[0].Ga[0].Ua[0].Ma[45].PROCESSING_ELEMENT/ACC/add_31_23_g571/CO      -       A->CO  F     ADDFX1MA10TH        1   7.5    45    98    3397    (-,-) 
  CONV_ENGINE/ENGINE/Ca[0].Ga[0].Ua[0].Ma[45].PROCESSING_ELEMENT/ACC/add_31_23_g570/CO      -       A->CO  F     ADDFX1MA10TH        1   6.5    42    96    3493    (-,-) 
  CONV_ENGINE/ENGINE/Ca[0].Ga[0].Ua[0].Ma[45].PROCESSING_ELEMENT/ACC/add_31_23_g569/CO      -       CI->CO F     ADDFX1MA10TH        1   6.5    42    86    3578    (-,-) 
  CONV_ENGINE/ENGINE/Ca[0].Ga[0].Ua[0].Ma[45].PROCESSING_ELEMENT/ACC/add_31_23_g568/CO      -       CI->CO F     ADDFX1MA10TH        1   6.5    42    86    3664    (-,-) 
  CONV_ENGINE/ENGINE/Ca[0].Ga[0].Ua[0].Ma[45].PROCESSING_ELEMENT/ACC/add_31_23_g567/CO      -       CI->CO F     ADDFX1MA10TH        1   7.5    45    88    3752    (-,-) 
  CONV_ENGINE/ENGINE/Ca[0].Ga[0].Ua[0].Ma[45].PROCESSING_ELEMENT/ACC/add_31_23_g566/CO      -       A->CO  F     ADDFX1MA10TH        1   7.5    45    98    3851    (-,-) 
  CONV_ENGINE/ENGINE/Ca[0].Ga[0].Ua[0].Ma[45].PROCESSING_ELEMENT/ACC/add_31_23_g565/CO      -       A->CO  F     ADDFX1MA10TH        1   6.5    42    96    3946    (-,-) 
  CONV_ENGINE/ENGINE/Ca[0].Ga[0].Ua[0].Ma[45].PROCESSING_ELEMENT/ACC/add_31_23_g564/CO      -       CI->CO F     ADDFX1MA10TH        1   7.5    45    88    4035    (-,-) 
  CONV_ENGINE/ENGINE/Ca[0].Ga[0].Ua[0].Ma[45].PROCESSING_ELEMENT/ACC/add_31_23_g563/CO      -       A->CO  F     ADDFX1MA10TH        1   5.4    39    93    4127    (-,-) 
  CONV_ENGINE/ENGINE/Ca[0].Ga[0].Ua[0].Ma[45].PROCESSING_ELEMENT/ACC/add_31_23_g562/Y       -       B->Y   F     XOR3X1MA10TH        1   3.8    41   123    4250    (-,-) 
  CONV_ENGINE/ENGINE/Ca[0].Ga[0].Ua[0].Ma[45].PROCESSING_ELEMENT/ACC/REG/data_out_reg[23]/D -       -      F     DFFQX0P5MA10TH      1     -     -     0    4250    (-,-) 
#-------------------------------------------------------------------------------------------------------------------------------------------------------------------------



Path 2: MET (719 ps) Setup Check with Pin CONV_ENGINE/ENGINE/Ca[0].Ga[0].Ua[1].Ma[45].PROCESSING_ELEMENT/ACC/REG/data_out_reg[23]/CK->D
          Group: aclk
     Startpoint: (R) input_pipe/WEIGHTS_ROTATOR/I_WEIGHTS_READ/data_out_reg[0]/CK
          Clock: (R) aclk
       Endpoint: (F) CONV_ENGINE/ENGINE/Ca[0].Ga[0].Ua[1].Ma[45].PROCESSING_ELEMENT/ACC/REG/data_out_reg[23]/D
          Clock: (R) aclk

                     Capture       Launch     
        Clock Edge:+    5000            0     
       Src Latency:+       0            0     
       Net Latency:+       0 (I)        0 (I) 
           Arrival:=    5000            0     
                                              
             Setup:-      31                  
     Required Time:=    4969                  
      Launch Clock:-       0                  
         Data Path:-    4250                  
             Slack:=     719                  

#-------------------------------------------------------------------------------------------------------------------------------------------------------------------------
#                                       Timing Point                                        Flags    Arc   Edge      Cell       Fanout  Load Trans Delay Arrival Instance 
#                                                                                                                                       (fF)  (ps)  (ps)   (ps)  Location 
#-------------------------------------------------------------------------------------------------------------------------------------------------------------------------
  input_pipe/WEIGHTS_ROTATOR/I_WEIGHTS_READ/data_out_reg[0]/CK                              -       -      R     (arrival)        1024     -     0     -       0    (-,-) 
  input_pipe/WEIGHTS_ROTATOR/I_WEIGHTS_READ/data_out_reg[0]/Q                               -       CK->Q  R     DFFRPQX2MA10TH     20  79.1   214   209     209    (-,-) 
  input_pipe/WEIGHTS_ROTATOR/hi_fo_buf20242/Y                                               -       A->Y   F     INVX7P5MA10TH      35 155.5    94    95     304    (-,-) 
  input_pipe/WEIGHTS_ROTATOR/g19993/Y                                                       -       A0->Y  R     AOI22X1MA10TH       3  10.8   151   122     426    (-,-) 
  input_pipe/WEIGHTS_ROTATOR/g19144/Y                                                       -       A->Y   F     XOR2X1MA10TH        1   4.2    58    49     475    (-,-) 
  input_pipe/WEIGHTS_ROTATOR/g19109/Y                                                       -       C0->Y  R     AOI221X1MA10TH      1   4.2   115    82     557    (-,-) 
  input_pipe/WEIGHTS_ROTATOR/g19093/Y                                                       -       C0->Y  F     OAI221X1MA10TH      1   4.2    63    65     622    (-,-) 
  input_pipe/WEIGHTS_ROTATOR/g19049/Y                                                       -       D->Y   F     OR6X1MA10TH         1   4.4    46    91     713    (-,-) 
  input_pipe/WEIGHTS_ROTATOR/g19044/Y                                                       -       A->Y   R     NOR3X1AA10TH        1   4.4   114    79     792    (-,-) 
  input_pipe/g33/Y                                                                          -       A->Y   R     AND2X2MA10TH        7  21.2    67    90     882    (-,-) 
  CONV_ENGINE/ENGINE/g5123/Y                                                                -       A->Y   R     BUFHX0P7MA10TH     15  40.3   326   208    1090    (-,-) 
  CONV_ENGINE/ENGINE/g5122/Y                                                                -       A->Y   R     OR2X1MA10TH        35 100.2   558   379    1470    (-,-) 
  CONV_ENGINE/ENGINE/g5121/Y                                                                -       A->Y   F     INVX1BA10TH         1   8.1   142   123    1592    (-,-) 
  CONV_ENGINE/ENGINE/g5425/Y                                                                -       A->Y   R     INVX3MA10TH        85 241.0   446   281    1873    (-,-) 
  CONV_ENGINE/ENGINE/Ca[0].Ga[0].Ua[1].Ma[45].PROCESSING_ELEMENT/ACC/g313/Y                 -       A->Y   F     INVX1MA10TH         8  20.5   145   141    2014    (-,-) 
  CONV_ENGINE/ENGINE/Ca[0].Ga[0].Ua[1].Ma[45].PROCESSING_ELEMENT/ACC/g308/Y                 -       A->Y   F     AND2X1MA10TH        1   5.1    30    88    2103    (-,-) 
  CONV_ENGINE/ENGINE/Ca[0].Ga[0].Ua[1].Ma[45].PROCESSING_ELEMENT/ACC/add_31_23_g585/CO      -       A->CO  F     ADDHX1MA10TH        1   6.5    31    58    2160    (-,-) 
  CONV_ENGINE/ENGINE/Ca[0].Ga[0].Ua[1].Ma[45].PROCESSING_ELEMENT/ACC/add_31_23_g584/CO      -       CI->CO F     ADDFX1MA10TH        1   6.5    42    83    2244    (-,-) 
  CONV_ENGINE/ENGINE/Ca[0].Ga[0].Ua[1].Ma[45].PROCESSING_ELEMENT/ACC/add_31_23_g583/CO      -       CI->CO F     ADDFX1MA10TH        1   6.5    42    86    2329    (-,-) 
  CONV_ENGINE/ENGINE/Ca[0].Ga[0].Ua[1].Ma[45].PROCESSING_ELEMENT/ACC/add_31_23_g582/CO      -       CI->CO F     ADDFX1MA10TH        1   6.5    42    86    2415    (-,-) 
  CONV_ENGINE/ENGINE/Ca[0].Ga[0].Ua[1].Ma[45].PROCESSING_ELEMENT/ACC/add_31_23_g581/CO      -       CI->CO F     ADDFX1MA10TH        1   6.5    42    86    2500    (-,-) 
  CONV_ENGINE/ENGINE/Ca[0].Ga[0].Ua[1].Ma[45].PROCESSING_ELEMENT/ACC/add_31_23_g580/CO      -       CI->CO F     ADDFX1MA10TH        1   6.5    42    86    2586    (-,-) 
  CONV_ENGINE/ENGINE/Ca[0].Ga[0].Ua[1].Ma[45].PROCESSING_ELEMENT/ACC/add_31_23_g579/CO      -       CI->CO F     ADDFX1MA10TH        1   6.5    42    86    2672    (-,-) 
  CONV_ENGINE/ENGINE/Ca[0].Ga[0].Ua[1].Ma[45].PROCESSING_ELEMENT/ACC/add_31_23_g578/CO      -       CI->CO F     ADDFX1MA10TH        1   6.5    42    86    2757    (-,-) 
  CONV_ENGINE/ENGINE/Ca[0].Ga[0].Ua[1].Ma[45].PROCESSING_ELEMENT/ACC/add_31_23_g577/CO      -       CI->CO F     ADDFX1MA10TH        1   6.5    42    86    2843    (-,-) 
  CONV_ENGINE/ENGINE/Ca[0].Ga[0].Ua[1].Ma[45].PROCESSING_ELEMENT/ACC/add_31_23_g576/CO      -       CI->CO F     ADDFX1MA10TH        1   6.5    42    86    2928    (-,-) 
  CONV_ENGINE/ENGINE/Ca[0].Ga[0].Ua[1].Ma[45].PROCESSING_ELEMENT/ACC/add_31_23_g575/CO      -       CI->CO F     ADDFX1MA10TH        1   7.5    45    88    3016    (-,-) 
  CONV_ENGINE/ENGINE/Ca[0].Ga[0].Ua[1].Ma[45].PROCESSING_ELEMENT/ACC/add_31_23_g574/CO      -       A->CO  F     ADDFX1MA10TH        1   7.5    45    98    3115    (-,-) 
  CONV_ENGINE/ENGINE/Ca[0].Ga[0].Ua[1].Ma[45].PROCESSING_ELEMENT/ACC/add_31_23_g573/CO      -       A->CO  F     ADDFX1MA10TH        1   6.5    42    96    3211    (-,-) 
  CONV_ENGINE/ENGINE/Ca[0].Ga[0].Ua[1].Ma[45].PROCESSING_ELEMENT/ACC/add_31_23_g572/CO      -       CI->CO F     ADDFX1MA10TH        1   7.5    45    88    3299    (-,-) 
  CONV_ENGINE/ENGINE/Ca[0].Ga[0].Ua[1].Ma[45].PROCESSING_ELEMENT/ACC/add_31_23_g571/CO      -       A->CO  F     ADDFX1MA10TH        1   7.5    45    98    3397    (-,-) 
  CONV_ENGINE/ENGINE/Ca[0].Ga[0].Ua[1].Ma[45].PROCESSING_ELEMENT/ACC/add_31_23_g570/CO      -       A->CO  F     ADDFX1MA10TH        1   6.5    42    96    3493    (-,-) 
  CONV_ENGINE/ENGINE/Ca[0].Ga[0].Ua[1].Ma[45].PROCESSING_ELEMENT/ACC/add_31_23_g569/CO      -       CI->CO F     ADDFX1MA10TH        1   6.5    42    86    3578    (-,-) 
  CONV_ENGINE/ENGINE/Ca[0].Ga[0].Ua[1].Ma[45].PROCESSING_ELEMENT/ACC/add_31_23_g568/CO      -       CI->CO F     ADDFX1MA10TH        1   6.5    42    86    3664    (-,-) 
  CONV_ENGINE/ENGINE/Ca[0].Ga[0].Ua[1].Ma[45].PROCESSING_ELEMENT/ACC/add_31_23_g567/CO      -       CI->CO F     ADDFX1MA10TH        1   7.5    45    88    3752    (-,-) 
  CONV_ENGINE/ENGINE/Ca[0].Ga[0].Ua[1].Ma[45].PROCESSING_ELEMENT/ACC/add_31_23_g566/CO      -       A->CO  F     ADDFX1MA10TH        1   7.5    45    98    3851    (-,-) 
  CONV_ENGINE/ENGINE/Ca[0].Ga[0].Ua[1].Ma[45].PROCESSING_ELEMENT/ACC/add_31_23_g565/CO      -       A->CO  F     ADDFX1MA10TH        1   6.5    42    96    3946    (-,-) 
  CONV_ENGINE/ENGINE/Ca[0].Ga[0].Ua[1].Ma[45].PROCESSING_ELEMENT/ACC/add_31_23_g564/CO      -       CI->CO F     ADDFX1MA10TH        1   7.5    45    88    4035    (-,-) 
  CONV_ENGINE/ENGINE/Ca[0].Ga[0].Ua[1].Ma[45].PROCESSING_ELEMENT/ACC/add_31_23_g563/CO      -       A->CO  F     ADDFX1MA10TH        1   5.4    39    93    4127    (-,-) 
  CONV_ENGINE/ENGINE/Ca[0].Ga[0].Ua[1].Ma[45].PROCESSING_ELEMENT/ACC/add_31_23_g562/Y       -       B->Y   F     XOR3X1MA10TH        1   3.8    41   123    4250    (-,-) 
  CONV_ENGINE/ENGINE/Ca[0].Ga[0].Ua[1].Ma[45].PROCESSING_ELEMENT/ACC/REG/data_out_reg[23]/D -       -      F     DFFQX0P5MA10TH      1     -     -     0    4250    (-,-) 
#-------------------------------------------------------------------------------------------------------------------------------------------------------------------------



Path 3: MET (719 ps) Setup Check with Pin CONV_ENGINE/ENGINE/Ca[0].Ga[0].Ua[2].Ma[45].PROCESSING_ELEMENT/ACC/REG/data_out_reg[23]/CK->D
          Group: aclk
     Startpoint: (R) input_pipe/WEIGHTS_ROTATOR/I_WEIGHTS_READ/data_out_reg[0]/CK
          Clock: (R) aclk
       Endpoint: (F) CONV_ENGINE/ENGINE/Ca[0].Ga[0].Ua[2].Ma[45].PROCESSING_ELEMENT/ACC/REG/data_out_reg[23]/D
          Clock: (R) aclk

                     Capture       Launch     
        Clock Edge:+    5000            0     
       Src Latency:+       0            0     
       Net Latency:+       0 (I)        0 (I) 
           Arrival:=    5000            0     
                                              
             Setup:-      31                  
     Required Time:=    4969                  
      Launch Clock:-       0                  
         Data Path:-    4250                  
             Slack:=     719                  

#-------------------------------------------------------------------------------------------------------------------------------------------------------------------------
#                                       Timing Point                                        Flags    Arc   Edge      Cell       Fanout  Load Trans Delay Arrival Instance 
#                                                                                                                                       (fF)  (ps)  (ps)   (ps)  Location 
#-------------------------------------------------------------------------------------------------------------------------------------------------------------------------
  input_pipe/WEIGHTS_ROTATOR/I_WEIGHTS_READ/data_out_reg[0]/CK                              -       -      R     (arrival)        1024     -     0     -       0    (-,-) 
  input_pipe/WEIGHTS_ROTATOR/I_WEIGHTS_READ/data_out_reg[0]/Q                               -       CK->Q  R     DFFRPQX2MA10TH     20  79.1   214   209     209    (-,-) 
  input_pipe/WEIGHTS_ROTATOR/hi_fo_buf20242/Y                                               -       A->Y   F     INVX7P5MA10TH      35 155.5    94    95     304    (-,-) 
  input_pipe/WEIGHTS_ROTATOR/g19993/Y                                                       -       A0->Y  R     AOI22X1MA10TH       3  10.8   151   122     426    (-,-) 
  input_pipe/WEIGHTS_ROTATOR/g19144/Y                                                       -       A->Y   F     XOR2X1MA10TH        1   4.2    58    49     475    (-,-) 
  input_pipe/WEIGHTS_ROTATOR/g19109/Y                                                       -       C0->Y  R     AOI221X1MA10TH      1   4.2   115    82     557    (-,-) 
  input_pipe/WEIGHTS_ROTATOR/g19093/Y                                                       -       C0->Y  F     OAI221X1MA10TH      1   4.2    63    65     622    (-,-) 
  input_pipe/WEIGHTS_ROTATOR/g19049/Y                                                       -       D->Y   F     OR6X1MA10TH         1   4.4    46    91     713    (-,-) 
  input_pipe/WEIGHTS_ROTATOR/g19044/Y                                                       -       A->Y   R     NOR3X1AA10TH        1   4.4   114    79     792    (-,-) 
  input_pipe/g33/Y                                                                          -       A->Y   R     AND2X2MA10TH        7  21.2    67    90     882    (-,-) 
  CONV_ENGINE/ENGINE/g5123/Y                                                                -       A->Y   R     BUFHX0P7MA10TH     15  40.3   326   208    1090    (-,-) 
  CONV_ENGINE/ENGINE/g5122/Y                                                                -       A->Y   R     OR2X1MA10TH        35 100.2   558   379    1470    (-,-) 
  CONV_ENGINE/ENGINE/g5121/Y                                                                -       A->Y   F     INVX1BA10TH         1   8.1   142   123    1592    (-,-) 
  CONV_ENGINE/ENGINE/g5425/Y                                                                -       A->Y   R     INVX3MA10TH        85 241.0   446   281    1873    (-,-) 
  CONV_ENGINE/ENGINE/Ca[0].Ga[0].Ua[2].Ma[45].PROCESSING_ELEMENT/ACC/g313/Y                 -       A->Y   F     INVX1MA10TH         8  20.5   145   141    2014    (-,-) 
  CONV_ENGINE/ENGINE/Ca[0].Ga[0].Ua[2].Ma[45].PROCESSING_ELEMENT/ACC/g308/Y                 -       A->Y   F     AND2X1MA10TH        1   5.1    30    88    2103    (-,-) 
  CONV_ENGINE/ENGINE/Ca[0].Ga[0].Ua[2].Ma[45].PROCESSING_ELEMENT/ACC/add_31_23_g585/CO      -       A->CO  F     ADDHX1MA10TH        1   6.5    31    58    2160    (-,-) 
  CONV_ENGINE/ENGINE/Ca[0].Ga[0].Ua[2].Ma[45].PROCESSING_ELEMENT/ACC/add_31_23_g584/CO      -       CI->CO F     ADDFX1MA10TH        1   6.5    42    83    2244    (-,-) 
  CONV_ENGINE/ENGINE/Ca[0].Ga[0].Ua[2].Ma[45].PROCESSING_ELEMENT/ACC/add_31_23_g583/CO      -       CI->CO F     ADDFX1MA10TH        1   6.5    42    86    2329    (-,-) 
  CONV_ENGINE/ENGINE/Ca[0].Ga[0].Ua[2].Ma[45].PROCESSING_ELEMENT/ACC/add_31_23_g582/CO      -       CI->CO F     ADDFX1MA10TH        1   6.5    42    86    2415    (-,-) 
  CONV_ENGINE/ENGINE/Ca[0].Ga[0].Ua[2].Ma[45].PROCESSING_ELEMENT/ACC/add_31_23_g581/CO      -       CI->CO F     ADDFX1MA10TH        1   6.5    42    86    2500    (-,-) 
  CONV_ENGINE/ENGINE/Ca[0].Ga[0].Ua[2].Ma[45].PROCESSING_ELEMENT/ACC/add_31_23_g580/CO      -       CI->CO F     ADDFX1MA10TH        1   6.5    42    86    2586    (-,-) 
  CONV_ENGINE/ENGINE/Ca[0].Ga[0].Ua[2].Ma[45].PROCESSING_ELEMENT/ACC/add_31_23_g579/CO      -       CI->CO F     ADDFX1MA10TH        1   6.5    42    86    2672    (-,-) 
  CONV_ENGINE/ENGINE/Ca[0].Ga[0].Ua[2].Ma[45].PROCESSING_ELEMENT/ACC/add_31_23_g578/CO      -       CI->CO F     ADDFX1MA10TH        1   6.5    42    86    2757    (-,-) 
  CONV_ENGINE/ENGINE/Ca[0].Ga[0].Ua[2].Ma[45].PROCESSING_ELEMENT/ACC/add_31_23_g577/CO      -       CI->CO F     ADDFX1MA10TH        1   6.5    42    86    2843    (-,-) 
  CONV_ENGINE/ENGINE/Ca[0].Ga[0].Ua[2].Ma[45].PROCESSING_ELEMENT/ACC/add_31_23_g576/CO      -       CI->CO F     ADDFX1MA10TH        1   6.5    42    86    2928    (-,-) 
  CONV_ENGINE/ENGINE/Ca[0].Ga[0].Ua[2].Ma[45].PROCESSING_ELEMENT/ACC/add_31_23_g575/CO      -       CI->CO F     ADDFX1MA10TH        1   7.5    45    88    3016    (-,-) 
  CONV_ENGINE/ENGINE/Ca[0].Ga[0].Ua[2].Ma[45].PROCESSING_ELEMENT/ACC/add_31_23_g574/CO      -       A->CO  F     ADDFX1MA10TH        1   7.5    45    98    3115    (-,-) 
  CONV_ENGINE/ENGINE/Ca[0].Ga[0].Ua[2].Ma[45].PROCESSING_ELEMENT/ACC/add_31_23_g573/CO      -       A->CO  F     ADDFX1MA10TH        1   6.5    42    96    3211    (-,-) 
  CONV_ENGINE/ENGINE/Ca[0].Ga[0].Ua[2].Ma[45].PROCESSING_ELEMENT/ACC/add_31_23_g572/CO      -       CI->CO F     ADDFX1MA10TH        1   7.5    45    88    3299    (-,-) 
  CONV_ENGINE/ENGINE/Ca[0].Ga[0].Ua[2].Ma[45].PROCESSING_ELEMENT/ACC/add_31_23_g571/CO      -       A->CO  F     ADDFX1MA10TH        1   7.5    45    98    3397    (-,-) 
  CONV_ENGINE/ENGINE/Ca[0].Ga[0].Ua[2].Ma[45].PROCESSING_ELEMENT/ACC/add_31_23_g570/CO      -       A->CO  F     ADDFX1MA10TH        1   6.5    42    96    3493    (-,-) 
  CONV_ENGINE/ENGINE/Ca[0].Ga[0].Ua[2].Ma[45].PROCESSING_ELEMENT/ACC/add_31_23_g569/CO      -       CI->CO F     ADDFX1MA10TH        1   6.5    42    86    3578    (-,-) 
  CONV_ENGINE/ENGINE/Ca[0].Ga[0].Ua[2].Ma[45].PROCESSING_ELEMENT/ACC/add_31_23_g568/CO      -       CI->CO F     ADDFX1MA10TH        1   6.5    42    86    3664    (-,-) 
  CONV_ENGINE/ENGINE/Ca[0].Ga[0].Ua[2].Ma[45].PROCESSING_ELEMENT/ACC/add_31_23_g567/CO      -       CI->CO F     ADDFX1MA10TH        1   7.5    45    88    3752    (-,-) 
  CONV_ENGINE/ENGINE/Ca[0].Ga[0].Ua[2].Ma[45].PROCESSING_ELEMENT/ACC/add_31_23_g566/CO      -       A->CO  F     ADDFX1MA10TH        1   7.5    45    98    3851    (-,-) 
  CONV_ENGINE/ENGINE/Ca[0].Ga[0].Ua[2].Ma[45].PROCESSING_ELEMENT/ACC/add_31_23_g565/CO      -       A->CO  F     ADDFX1MA10TH        1   6.5    42    96    3946    (-,-) 
  CONV_ENGINE/ENGINE/Ca[0].Ga[0].Ua[2].Ma[45].PROCESSING_ELEMENT/ACC/add_31_23_g564/CO      -       CI->CO F     ADDFX1MA10TH        1   7.5    45    88    4035    (-,-) 
  CONV_ENGINE/ENGINE/Ca[0].Ga[0].Ua[2].Ma[45].PROCESSING_ELEMENT/ACC/add_31_23_g563/CO      -       A->CO  F     ADDFX1MA10TH        1   5.4    39    93    4127    (-,-) 
  CONV_ENGINE/ENGINE/Ca[0].Ga[0].Ua[2].Ma[45].PROCESSING_ELEMENT/ACC/add_31_23_g562/Y       -       B->Y   F     XOR3X1MA10TH        1   3.8    41   123    4250    (-,-) 
  CONV_ENGINE/ENGINE/Ca[0].Ga[0].Ua[2].Ma[45].PROCESSING_ELEMENT/ACC/REG/data_out_reg[23]/D -       -      F     DFFQX0P5MA10TH      1     -     -     0    4250    (-,-) 
#-------------------------------------------------------------------------------------------------------------------------------------------------------------------------



Path 4: MET (719 ps) Setup Check with Pin CONV_ENGINE/ENGINE/Ca[0].Ga[0].Ua[3].Ma[45].PROCESSING_ELEMENT/ACC/REG/data_out_reg[23]/CK->D
          Group: aclk
     Startpoint: (R) input_pipe/WEIGHTS_ROTATOR/I_WEIGHTS_READ/data_out_reg[0]/CK
          Clock: (R) aclk
       Endpoint: (F) CONV_ENGINE/ENGINE/Ca[0].Ga[0].Ua[3].Ma[45].PROCESSING_ELEMENT/ACC/REG/data_out_reg[23]/D
          Clock: (R) aclk

                     Capture       Launch     
        Clock Edge:+    5000            0     
       Src Latency:+       0            0     
       Net Latency:+       0 (I)        0 (I) 
           Arrival:=    5000            0     
                                              
             Setup:-      31                  
     Required Time:=    4969                  
      Launch Clock:-       0                  
         Data Path:-    4250                  
             Slack:=     719                  

#-------------------------------------------------------------------------------------------------------------------------------------------------------------------------
#                                       Timing Point                                        Flags    Arc   Edge      Cell       Fanout  Load Trans Delay Arrival Instance 
#                                                                                                                                       (fF)  (ps)  (ps)   (ps)  Location 
#-------------------------------------------------------------------------------------------------------------------------------------------------------------------------
  input_pipe/WEIGHTS_ROTATOR/I_WEIGHTS_READ/data_out_reg[0]/CK                              -       -      R     (arrival)        1024     -     0     -       0    (-,-) 
  input_pipe/WEIGHTS_ROTATOR/I_WEIGHTS_READ/data_out_reg[0]/Q                               -       CK->Q  R     DFFRPQX2MA10TH     20  79.1   214   209     209    (-,-) 
  input_pipe/WEIGHTS_ROTATOR/hi_fo_buf20242/Y                                               -       A->Y   F     INVX7P5MA10TH      35 155.5    94    95     304    (-,-) 
  input_pipe/WEIGHTS_ROTATOR/g19993/Y                                                       -       A0->Y  R     AOI22X1MA10TH       3  10.8   151   122     426    (-,-) 
  input_pipe/WEIGHTS_ROTATOR/g19144/Y                                                       -       A->Y   F     XOR2X1MA10TH        1   4.2    58    49     475    (-,-) 
  input_pipe/WEIGHTS_ROTATOR/g19109/Y                                                       -       C0->Y  R     AOI221X1MA10TH      1   4.2   115    82     557    (-,-) 
  input_pipe/WEIGHTS_ROTATOR/g19093/Y                                                       -       C0->Y  F     OAI221X1MA10TH      1   4.2    63    65     622    (-,-) 
  input_pipe/WEIGHTS_ROTATOR/g19049/Y                                                       -       D->Y   F     OR6X1MA10TH         1   4.4    46    91     713    (-,-) 
  input_pipe/WEIGHTS_ROTATOR/g19044/Y                                                       -       A->Y   R     NOR3X1AA10TH        1   4.4   114    79     792    (-,-) 
  input_pipe/g33/Y                                                                          -       A->Y   R     AND2X2MA10TH        7  21.2    67    90     882    (-,-) 
  CONV_ENGINE/ENGINE/g5123/Y                                                                -       A->Y   R     BUFHX0P7MA10TH     15  40.3   326   208    1090    (-,-) 
  CONV_ENGINE/ENGINE/g5122/Y                                                                -       A->Y   R     OR2X1MA10TH        35 100.2   558   379    1470    (-,-) 
  CONV_ENGINE/ENGINE/g5121/Y                                                                -       A->Y   F     INVX1BA10TH         1   8.1   142   123    1592    (-,-) 
  CONV_ENGINE/ENGINE/g5425/Y                                                                -       A->Y   R     INVX3MA10TH        85 241.0   446   281    1873    (-,-) 
  CONV_ENGINE/ENGINE/Ca[0].Ga[0].Ua[3].Ma[45].PROCESSING_ELEMENT/ACC/g313/Y                 -       A->Y   F     INVX1MA10TH         8  20.5   145   141    2014    (-,-) 
  CONV_ENGINE/ENGINE/Ca[0].Ga[0].Ua[3].Ma[45].PROCESSING_ELEMENT/ACC/g308/Y                 -       A->Y   F     AND2X1MA10TH        1   5.1    30    88    2103    (-,-) 
  CONV_ENGINE/ENGINE/Ca[0].Ga[0].Ua[3].Ma[45].PROCESSING_ELEMENT/ACC/add_31_23_g585/CO      -       A->CO  F     ADDHX1MA10TH        1   6.5    31    58    2160    (-,-) 
  CONV_ENGINE/ENGINE/Ca[0].Ga[0].Ua[3].Ma[45].PROCESSING_ELEMENT/ACC/add_31_23_g584/CO      -       CI->CO F     ADDFX1MA10TH        1   6.5    42    83    2244    (-,-) 
  CONV_ENGINE/ENGINE/Ca[0].Ga[0].Ua[3].Ma[45].PROCESSING_ELEMENT/ACC/add_31_23_g583/CO      -       CI->CO F     ADDFX1MA10TH        1   6.5    42    86    2329    (-,-) 
  CONV_ENGINE/ENGINE/Ca[0].Ga[0].Ua[3].Ma[45].PROCESSING_ELEMENT/ACC/add_31_23_g582/CO      -       CI->CO F     ADDFX1MA10TH        1   6.5    42    86    2415    (-,-) 
  CONV_ENGINE/ENGINE/Ca[0].Ga[0].Ua[3].Ma[45].PROCESSING_ELEMENT/ACC/add_31_23_g581/CO      -       CI->CO F     ADDFX1MA10TH        1   6.5    42    86    2500    (-,-) 
  CONV_ENGINE/ENGINE/Ca[0].Ga[0].Ua[3].Ma[45].PROCESSING_ELEMENT/ACC/add_31_23_g580/CO      -       CI->CO F     ADDFX1MA10TH        1   6.5    42    86    2586    (-,-) 
  CONV_ENGINE/ENGINE/Ca[0].Ga[0].Ua[3].Ma[45].PROCESSING_ELEMENT/ACC/add_31_23_g579/CO      -       CI->CO F     ADDFX1MA10TH        1   6.5    42    86    2672    (-,-) 
  CONV_ENGINE/ENGINE/Ca[0].Ga[0].Ua[3].Ma[45].PROCESSING_ELEMENT/ACC/add_31_23_g578/CO      -       CI->CO F     ADDFX1MA10TH        1   6.5    42    86    2757    (-,-) 
  CONV_ENGINE/ENGINE/Ca[0].Ga[0].Ua[3].Ma[45].PROCESSING_ELEMENT/ACC/add_31_23_g577/CO      -       CI->CO F     ADDFX1MA10TH        1   6.5    42    86    2843    (-,-) 
  CONV_ENGINE/ENGINE/Ca[0].Ga[0].Ua[3].Ma[45].PROCESSING_ELEMENT/ACC/add_31_23_g576/CO      -       CI->CO F     ADDFX1MA10TH        1   6.5    42    86    2928    (-,-) 
  CONV_ENGINE/ENGINE/Ca[0].Ga[0].Ua[3].Ma[45].PROCESSING_ELEMENT/ACC/add_31_23_g575/CO      -       CI->CO F     ADDFX1MA10TH        1   7.5    45    88    3016    (-,-) 
  CONV_ENGINE/ENGINE/Ca[0].Ga[0].Ua[3].Ma[45].PROCESSING_ELEMENT/ACC/add_31_23_g574/CO      -       A->CO  F     ADDFX1MA10TH        1   7.5    45    98    3115    (-,-) 
  CONV_ENGINE/ENGINE/Ca[0].Ga[0].Ua[3].Ma[45].PROCESSING_ELEMENT/ACC/add_31_23_g573/CO      -       A->CO  F     ADDFX1MA10TH        1   6.5    42    96    3211    (-,-) 
  CONV_ENGINE/ENGINE/Ca[0].Ga[0].Ua[3].Ma[45].PROCESSING_ELEMENT/ACC/add_31_23_g572/CO      -       CI->CO F     ADDFX1MA10TH        1   7.5    45    88    3299    (-,-) 
  CONV_ENGINE/ENGINE/Ca[0].Ga[0].Ua[3].Ma[45].PROCESSING_ELEMENT/ACC/add_31_23_g571/CO      -       A->CO  F     ADDFX1MA10TH        1   7.5    45    98    3397    (-,-) 
  CONV_ENGINE/ENGINE/Ca[0].Ga[0].Ua[3].Ma[45].PROCESSING_ELEMENT/ACC/add_31_23_g570/CO      -       A->CO  F     ADDFX1MA10TH        1   6.5    42    96    3493    (-,-) 
  CONV_ENGINE/ENGINE/Ca[0].Ga[0].Ua[3].Ma[45].PROCESSING_ELEMENT/ACC/add_31_23_g569/CO      -       CI->CO F     ADDFX1MA10TH        1   6.5    42    86    3578    (-,-) 
  CONV_ENGINE/ENGINE/Ca[0].Ga[0].Ua[3].Ma[45].PROCESSING_ELEMENT/ACC/add_31_23_g568/CO      -       CI->CO F     ADDFX1MA10TH        1   6.5    42    86    3664    (-,-) 
  CONV_ENGINE/ENGINE/Ca[0].Ga[0].Ua[3].Ma[45].PROCESSING_ELEMENT/ACC/add_31_23_g567/CO      -       CI->CO F     ADDFX1MA10TH        1   7.5    45    88    3752    (-,-) 
  CONV_ENGINE/ENGINE/Ca[0].Ga[0].Ua[3].Ma[45].PROCESSING_ELEMENT/ACC/add_31_23_g566/CO      -       A->CO  F     ADDFX1MA10TH        1   7.5    45    98    3851    (-,-) 
  CONV_ENGINE/ENGINE/Ca[0].Ga[0].Ua[3].Ma[45].PROCESSING_ELEMENT/ACC/add_31_23_g565/CO      -       A->CO  F     ADDFX1MA10TH        1   6.5    42    96    3946    (-,-) 
  CONV_ENGINE/ENGINE/Ca[0].Ga[0].Ua[3].Ma[45].PROCESSING_ELEMENT/ACC/add_31_23_g564/CO      -       CI->CO F     ADDFX1MA10TH        1   7.5    45    88    4035    (-,-) 
  CONV_ENGINE/ENGINE/Ca[0].Ga[0].Ua[3].Ma[45].PROCESSING_ELEMENT/ACC/add_31_23_g563/CO      -       A->CO  F     ADDFX1MA10TH        1   5.4    39    93    4127    (-,-) 
  CONV_ENGINE/ENGINE/Ca[0].Ga[0].Ua[3].Ma[45].PROCESSING_ELEMENT/ACC/add_31_23_g562/Y       -       B->Y   F     XOR3X1MA10TH        1   3.8    41   123    4250    (-,-) 
  CONV_ENGINE/ENGINE/Ca[0].Ga[0].Ua[3].Ma[45].PROCESSING_ELEMENT/ACC/REG/data_out_reg[23]/D -       -      F     DFFQX0P5MA10TH      1     -     -     0    4250    (-,-) 
#-------------------------------------------------------------------------------------------------------------------------------------------------------------------------



Path 5: MET (719 ps) Setup Check with Pin CONV_ENGINE/ENGINE/Ca[0].Ga[0].Ua[4].Ma[45].PROCESSING_ELEMENT/ACC/REG/data_out_reg[23]/CK->D
          Group: aclk
     Startpoint: (R) input_pipe/WEIGHTS_ROTATOR/I_WEIGHTS_READ/data_out_reg[0]/CK
          Clock: (R) aclk
       Endpoint: (F) CONV_ENGINE/ENGINE/Ca[0].Ga[0].Ua[4].Ma[45].PROCESSING_ELEMENT/ACC/REG/data_out_reg[23]/D
          Clock: (R) aclk

                     Capture       Launch     
        Clock Edge:+    5000            0     
       Src Latency:+       0            0     
       Net Latency:+       0 (I)        0 (I) 
           Arrival:=    5000            0     
                                              
             Setup:-      31                  
     Required Time:=    4969                  
      Launch Clock:-       0                  
         Data Path:-    4250                  
             Slack:=     719                  

#-------------------------------------------------------------------------------------------------------------------------------------------------------------------------
#                                       Timing Point                                        Flags    Arc   Edge      Cell       Fanout  Load Trans Delay Arrival Instance 
#                                                                                                                                       (fF)  (ps)  (ps)   (ps)  Location 
#-------------------------------------------------------------------------------------------------------------------------------------------------------------------------
  input_pipe/WEIGHTS_ROTATOR/I_WEIGHTS_READ/data_out_reg[0]/CK                              -       -      R     (arrival)        1024     -     0     -       0    (-,-) 
  input_pipe/WEIGHTS_ROTATOR/I_WEIGHTS_READ/data_out_reg[0]/Q                               -       CK->Q  R     DFFRPQX2MA10TH     20  79.1   214   209     209    (-,-) 
  input_pipe/WEIGHTS_ROTATOR/hi_fo_buf20242/Y                                               -       A->Y   F     INVX7P5MA10TH      35 155.5    94    95     304    (-,-) 
  input_pipe/WEIGHTS_ROTATOR/g19993/Y                                                       -       A0->Y  R     AOI22X1MA10TH       3  10.8   151   122     426    (-,-) 
  input_pipe/WEIGHTS_ROTATOR/g19144/Y                                                       -       A->Y   F     XOR2X1MA10TH        1   4.2    58    49     475    (-,-) 
  input_pipe/WEIGHTS_ROTATOR/g19109/Y                                                       -       C0->Y  R     AOI221X1MA10TH      1   4.2   115    82     557    (-,-) 
  input_pipe/WEIGHTS_ROTATOR/g19093/Y                                                       -       C0->Y  F     OAI221X1MA10TH      1   4.2    63    65     622    (-,-) 
  input_pipe/WEIGHTS_ROTATOR/g19049/Y                                                       -       D->Y   F     OR6X1MA10TH         1   4.4    46    91     713    (-,-) 
  input_pipe/WEIGHTS_ROTATOR/g19044/Y                                                       -       A->Y   R     NOR3X1AA10TH        1   4.4   114    79     792    (-,-) 
  input_pipe/g33/Y                                                                          -       A->Y   R     AND2X2MA10TH        7  21.2    67    90     882    (-,-) 
  CONV_ENGINE/ENGINE/g5123/Y                                                                -       A->Y   R     BUFHX0P7MA10TH     15  40.3   326   208    1090    (-,-) 
  CONV_ENGINE/ENGINE/g5122/Y                                                                -       A->Y   R     OR2X1MA10TH        35 100.2   558   379    1470    (-,-) 
  CONV_ENGINE/ENGINE/g5121/Y                                                                -       A->Y   F     INVX1BA10TH         1   8.1   142   123    1592    (-,-) 
  CONV_ENGINE/ENGINE/g5425/Y                                                                -       A->Y   R     INVX3MA10TH        85 241.0   446   281    1873    (-,-) 
  CONV_ENGINE/ENGINE/Ca[0].Ga[0].Ua[4].Ma[45].PROCESSING_ELEMENT/ACC/g313/Y                 -       A->Y   F     INVX1MA10TH         8  20.5   145   141    2014    (-,-) 
  CONV_ENGINE/ENGINE/Ca[0].Ga[0].Ua[4].Ma[45].PROCESSING_ELEMENT/ACC/g308/Y                 -       A->Y   F     AND2X1MA10TH        1   5.1    30    88    2103    (-,-) 
  CONV_ENGINE/ENGINE/Ca[0].Ga[0].Ua[4].Ma[45].PROCESSING_ELEMENT/ACC/add_31_23_g585/CO      -       A->CO  F     ADDHX1MA10TH        1   6.5    31    58    2160    (-,-) 
  CONV_ENGINE/ENGINE/Ca[0].Ga[0].Ua[4].Ma[45].PROCESSING_ELEMENT/ACC/add_31_23_g584/CO      -       CI->CO F     ADDFX1MA10TH        1   6.5    42    83    2244    (-,-) 
  CONV_ENGINE/ENGINE/Ca[0].Ga[0].Ua[4].Ma[45].PROCESSING_ELEMENT/ACC/add_31_23_g583/CO      -       CI->CO F     ADDFX1MA10TH        1   6.5    42    86    2329    (-,-) 
  CONV_ENGINE/ENGINE/Ca[0].Ga[0].Ua[4].Ma[45].PROCESSING_ELEMENT/ACC/add_31_23_g582/CO      -       CI->CO F     ADDFX1MA10TH        1   6.5    42    86    2415    (-,-) 
  CONV_ENGINE/ENGINE/Ca[0].Ga[0].Ua[4].Ma[45].PROCESSING_ELEMENT/ACC/add_31_23_g581/CO      -       CI->CO F     ADDFX1MA10TH        1   6.5    42    86    2500    (-,-) 
  CONV_ENGINE/ENGINE/Ca[0].Ga[0].Ua[4].Ma[45].PROCESSING_ELEMENT/ACC/add_31_23_g580/CO      -       CI->CO F     ADDFX1MA10TH        1   6.5    42    86    2586    (-,-) 
  CONV_ENGINE/ENGINE/Ca[0].Ga[0].Ua[4].Ma[45].PROCESSING_ELEMENT/ACC/add_31_23_g579/CO      -       CI->CO F     ADDFX1MA10TH        1   6.5    42    86    2672    (-,-) 
  CONV_ENGINE/ENGINE/Ca[0].Ga[0].Ua[4].Ma[45].PROCESSING_ELEMENT/ACC/add_31_23_g578/CO      -       CI->CO F     ADDFX1MA10TH        1   6.5    42    86    2757    (-,-) 
  CONV_ENGINE/ENGINE/Ca[0].Ga[0].Ua[4].Ma[45].PROCESSING_ELEMENT/ACC/add_31_23_g577/CO      -       CI->CO F     ADDFX1MA10TH        1   6.5    42    86    2843    (-,-) 
  CONV_ENGINE/ENGINE/Ca[0].Ga[0].Ua[4].Ma[45].PROCESSING_ELEMENT/ACC/add_31_23_g576/CO      -       CI->CO F     ADDFX1MA10TH        1   6.5    42    86    2928    (-,-) 
  CONV_ENGINE/ENGINE/Ca[0].Ga[0].Ua[4].Ma[45].PROCESSING_ELEMENT/ACC/add_31_23_g575/CO      -       CI->CO F     ADDFX1MA10TH        1   7.5    45    88    3016    (-,-) 
  CONV_ENGINE/ENGINE/Ca[0].Ga[0].Ua[4].Ma[45].PROCESSING_ELEMENT/ACC/add_31_23_g574/CO      -       A->CO  F     ADDFX1MA10TH        1   7.5    45    98    3115    (-,-) 
  CONV_ENGINE/ENGINE/Ca[0].Ga[0].Ua[4].Ma[45].PROCESSING_ELEMENT/ACC/add_31_23_g573/CO      -       A->CO  F     ADDFX1MA10TH        1   6.5    42    96    3211    (-,-) 
  CONV_ENGINE/ENGINE/Ca[0].Ga[0].Ua[4].Ma[45].PROCESSING_ELEMENT/ACC/add_31_23_g572/CO      -       CI->CO F     ADDFX1MA10TH        1   7.5    45    88    3299    (-,-) 
  CONV_ENGINE/ENGINE/Ca[0].Ga[0].Ua[4].Ma[45].PROCESSING_ELEMENT/ACC/add_31_23_g571/CO      -       A->CO  F     ADDFX1MA10TH        1   7.5    45    98    3397    (-,-) 
  CONV_ENGINE/ENGINE/Ca[0].Ga[0].Ua[4].Ma[45].PROCESSING_ELEMENT/ACC/add_31_23_g570/CO      -       A->CO  F     ADDFX1MA10TH        1   6.5    42    96    3493    (-,-) 
  CONV_ENGINE/ENGINE/Ca[0].Ga[0].Ua[4].Ma[45].PROCESSING_ELEMENT/ACC/add_31_23_g569/CO      -       CI->CO F     ADDFX1MA10TH        1   6.5    42    86    3578    (-,-) 
  CONV_ENGINE/ENGINE/Ca[0].Ga[0].Ua[4].Ma[45].PROCESSING_ELEMENT/ACC/add_31_23_g568/CO      -       CI->CO F     ADDFX1MA10TH        1   6.5    42    86    3664    (-,-) 
  CONV_ENGINE/ENGINE/Ca[0].Ga[0].Ua[4].Ma[45].PROCESSING_ELEMENT/ACC/add_31_23_g567/CO      -       CI->CO F     ADDFX1MA10TH        1   7.5    45    88    3752    (-,-) 
  CONV_ENGINE/ENGINE/Ca[0].Ga[0].Ua[4].Ma[45].PROCESSING_ELEMENT/ACC/add_31_23_g566/CO      -       A->CO  F     ADDFX1MA10TH        1   7.5    45    98    3851    (-,-) 
  CONV_ENGINE/ENGINE/Ca[0].Ga[0].Ua[4].Ma[45].PROCESSING_ELEMENT/ACC/add_31_23_g565/CO      -       A->CO  F     ADDFX1MA10TH        1   6.5    42    96    3946    (-,-) 
  CONV_ENGINE/ENGINE/Ca[0].Ga[0].Ua[4].Ma[45].PROCESSING_ELEMENT/ACC/add_31_23_g564/CO      -       CI->CO F     ADDFX1MA10TH        1   7.5    45    88    4035    (-,-) 
  CONV_ENGINE/ENGINE/Ca[0].Ga[0].Ua[4].Ma[45].PROCESSING_ELEMENT/ACC/add_31_23_g563/CO      -       A->CO  F     ADDFX1MA10TH        1   5.4    39    93    4127    (-,-) 
  CONV_ENGINE/ENGINE/Ca[0].Ga[0].Ua[4].Ma[45].PROCESSING_ELEMENT/ACC/add_31_23_g562/Y       -       B->Y   F     XOR3X1MA10TH        1   3.8    41   123    4250    (-,-) 
  CONV_ENGINE/ENGINE/Ca[0].Ga[0].Ua[4].Ma[45].PROCESSING_ELEMENT/ACC/REG/data_out_reg[23]/D -       -      F     DFFQX0P5MA10TH      1     -     -     0    4250    (-,-) 
#-------------------------------------------------------------------------------------------------------------------------------------------------------------------------



Path 6: MET (728 ps) Setup Check with Pin CONV_ENGINE/ENGINE/Ca[0].Ga[0].Ua[0].Ma[45].PROCESSING_ELEMENT/ACC/REG/data_out_reg[23]/CK->D
          Group: aclk
     Startpoint: (R) input_pipe/WEIGHTS_ROTATOR/I_WEIGHTS_READ/data_out_reg[0]/CK
          Clock: (R) aclk
       Endpoint: (R) CONV_ENGINE/ENGINE/Ca[0].Ga[0].Ua[0].Ma[45].PROCESSING_ELEMENT/ACC/REG/data_out_reg[23]/D
          Clock: (R) aclk

                     Capture       Launch     
        Clock Edge:+    5000            0     
       Src Latency:+       0            0     
       Net Latency:+       0 (I)        0 (I) 
           Arrival:=    5000            0     
                                              
             Setup:-      35                  
     Required Time:=    4965                  
      Launch Clock:-       0                  
         Data Path:-    4236                  
             Slack:=     728                  

#-------------------------------------------------------------------------------------------------------------------------------------------------------------------------
#                                       Timing Point                                        Flags    Arc   Edge      Cell       Fanout  Load Trans Delay Arrival Instance 
#                                                                                                                                       (fF)  (ps)  (ps)   (ps)  Location 
#-------------------------------------------------------------------------------------------------------------------------------------------------------------------------
  input_pipe/WEIGHTS_ROTATOR/I_WEIGHTS_READ/data_out_reg[0]/CK                              -       -      R     (arrival)        1024     -     0     -       0    (-,-) 
  input_pipe/WEIGHTS_ROTATOR/I_WEIGHTS_READ/data_out_reg[0]/Q                               -       CK->Q  R     DFFRPQX2MA10TH     20  79.1   214   209     209    (-,-) 
  input_pipe/WEIGHTS_ROTATOR/hi_fo_buf20242/Y                                               -       A->Y   F     INVX7P5MA10TH      35 155.5    94    95     304    (-,-) 
  input_pipe/WEIGHTS_ROTATOR/g19993/Y                                                       -       A0->Y  R     AOI22X1MA10TH       3  10.8   151   122     426    (-,-) 
  input_pipe/WEIGHTS_ROTATOR/g19144/Y                                                       -       A->Y   F     XOR2X1MA10TH        1   4.2    58    49     475    (-,-) 
  input_pipe/WEIGHTS_ROTATOR/g19109/Y                                                       -       C0->Y  R     AOI221X1MA10TH      1   4.2   115    82     557    (-,-) 
  input_pipe/WEIGHTS_ROTATOR/g19093/Y                                                       -       C0->Y  F     OAI221X1MA10TH      1   4.2    63    65     622    (-,-) 
  input_pipe/WEIGHTS_ROTATOR/g19049/Y                                                       -       D->Y   F     OR6X1MA10TH         1   4.4    46    91     713    (-,-) 
  input_pipe/WEIGHTS_ROTATOR/g19044/Y                                                       -       A->Y   R     NOR3X1AA10TH        1   4.4   114    79     792    (-,-) 
  input_pipe/g33/Y                                                                          -       A->Y   R     AND2X2MA10TH        7  21.2    67    90     882    (-,-) 
  CONV_ENGINE/ENGINE/g5123/Y                                                                -       A->Y   R     BUFHX0P7MA10TH     15  40.3   326   208    1090    (-,-) 
  CONV_ENGINE/ENGINE/g5122/Y                                                                -       A->Y   R     OR2X1MA10TH        35 100.2   558   379    1470    (-,-) 
  CONV_ENGINE/ENGINE/g5121/Y                                                                -       A->Y   F     INVX1BA10TH         1   8.1   142   123    1592    (-,-) 
  CONV_ENGINE/ENGINE/g5425/Y                                                                -       A->Y   R     INVX3MA10TH        85 241.0   446   281    1873    (-,-) 
  CONV_ENGINE/ENGINE/Ca[0].Ga[0].Ua[0].Ma[45].PROCESSING_ELEMENT/ACC/g313/Y                 -       A->Y   F     INVX1MA10TH         8  20.5   145   141    2014    (-,-) 
  CONV_ENGINE/ENGINE/Ca[0].Ga[0].Ua[0].Ma[45].PROCESSING_ELEMENT/ACC/g308/Y                 -       A->Y   F     AND2X1MA10TH        1   5.1    30    88    2103    (-,-) 
  CONV_ENGINE/ENGINE/Ca[0].Ga[0].Ua[0].Ma[45].PROCESSING_ELEMENT/ACC/add_31_23_g585/CO      -       A->CO  F     ADDHX1MA10TH        1   6.5    31    58    2160    (-,-) 
  CONV_ENGINE/ENGINE/Ca[0].Ga[0].Ua[0].Ma[45].PROCESSING_ELEMENT/ACC/add_31_23_g584/CO      -       CI->CO F     ADDFX1MA10TH        1   6.5    42    83    2244    (-,-) 
  CONV_ENGINE/ENGINE/Ca[0].Ga[0].Ua[0].Ma[45].PROCESSING_ELEMENT/ACC/add_31_23_g583/CO      -       CI->CO F     ADDFX1MA10TH        1   6.5    42    86    2329    (-,-) 
  CONV_ENGINE/ENGINE/Ca[0].Ga[0].Ua[0].Ma[45].PROCESSING_ELEMENT/ACC/add_31_23_g582/CO      -       CI->CO F     ADDFX1MA10TH        1   6.5    42    86    2415    (-,-) 
  CONV_ENGINE/ENGINE/Ca[0].Ga[0].Ua[0].Ma[45].PROCESSING_ELEMENT/ACC/add_31_23_g581/CO      -       CI->CO F     ADDFX1MA10TH        1   6.5    42    86    2500    (-,-) 
  CONV_ENGINE/ENGINE/Ca[0].Ga[0].Ua[0].Ma[45].PROCESSING_ELEMENT/ACC/add_31_23_g580/CO      -       CI->CO F     ADDFX1MA10TH        1   6.5    42    86    2586    (-,-) 
  CONV_ENGINE/ENGINE/Ca[0].Ga[0].Ua[0].Ma[45].PROCESSING_ELEMENT/ACC/add_31_23_g579/CO      -       CI->CO F     ADDFX1MA10TH        1   6.5    42    86    2672    (-,-) 
  CONV_ENGINE/ENGINE/Ca[0].Ga[0].Ua[0].Ma[45].PROCESSING_ELEMENT/ACC/add_31_23_g578/CO      -       CI->CO F     ADDFX1MA10TH        1   6.5    42    86    2757    (-,-) 
  CONV_ENGINE/ENGINE/Ca[0].Ga[0].Ua[0].Ma[45].PROCESSING_ELEMENT/ACC/add_31_23_g577/CO      -       CI->CO F     ADDFX1MA10TH        1   6.5    42    86    2843    (-,-) 
  CONV_ENGINE/ENGINE/Ca[0].Ga[0].Ua[0].Ma[45].PROCESSING_ELEMENT/ACC/add_31_23_g576/CO      -       CI->CO F     ADDFX1MA10TH        1   6.5    42    86    2928    (-,-) 
  CONV_ENGINE/ENGINE/Ca[0].Ga[0].Ua[0].Ma[45].PROCESSING_ELEMENT/ACC/add_31_23_g575/CO      -       CI->CO F     ADDFX1MA10TH        1   7.5    45    88    3016    (-,-) 
  CONV_ENGINE/ENGINE/Ca[0].Ga[0].Ua[0].Ma[45].PROCESSING_ELEMENT/ACC/add_31_23_g574/CO      -       A->CO  F     ADDFX1MA10TH        1   7.5    45    98    3115    (-,-) 
  CONV_ENGINE/ENGINE/Ca[0].Ga[0].Ua[0].Ma[45].PROCESSING_ELEMENT/ACC/add_31_23_g573/CO      -       A->CO  F     ADDFX1MA10TH        1   6.5    42    96    3211    (-,-) 
  CONV_ENGINE/ENGINE/Ca[0].Ga[0].Ua[0].Ma[45].PROCESSING_ELEMENT/ACC/add_31_23_g572/CO      -       CI->CO F     ADDFX1MA10TH        1   7.5    45    88    3299    (-,-) 
  CONV_ENGINE/ENGINE/Ca[0].Ga[0].Ua[0].Ma[45].PROCESSING_ELEMENT/ACC/add_31_23_g571/CO      -       A->CO  F     ADDFX1MA10TH        1   7.5    45    98    3397    (-,-) 
  CONV_ENGINE/ENGINE/Ca[0].Ga[0].Ua[0].Ma[45].PROCESSING_ELEMENT/ACC/add_31_23_g570/CO      -       A->CO  F     ADDFX1MA10TH        1   6.5    42    96    3493    (-,-) 
  CONV_ENGINE/ENGINE/Ca[0].Ga[0].Ua[0].Ma[45].PROCESSING_ELEMENT/ACC/add_31_23_g569/CO      -       CI->CO F     ADDFX1MA10TH        1   6.5    42    86    3578    (-,-) 
  CONV_ENGINE/ENGINE/Ca[0].Ga[0].Ua[0].Ma[45].PROCESSING_ELEMENT/ACC/add_31_23_g568/CO      -       CI->CO F     ADDFX1MA10TH        1   6.5    42    86    3664    (-,-) 
  CONV_ENGINE/ENGINE/Ca[0].Ga[0].Ua[0].Ma[45].PROCESSING_ELEMENT/ACC/add_31_23_g567/CO      -       CI->CO F     ADDFX1MA10TH        1   7.5    45    88    3752    (-,-) 
  CONV_ENGINE/ENGINE/Ca[0].Ga[0].Ua[0].Ma[45].PROCESSING_ELEMENT/ACC/add_31_23_g566/CO      -       A->CO  F     ADDFX1MA10TH        1   7.5    45    98    3851    (-,-) 
  CONV_ENGINE/ENGINE/Ca[0].Ga[0].Ua[0].Ma[45].PROCESSING_ELEMENT/ACC/add_31_23_g565/CO      -       A->CO  F     ADDFX1MA10TH        1   6.5    42    96    3946    (-,-) 
  CONV_ENGINE/ENGINE/Ca[0].Ga[0].Ua[0].Ma[45].PROCESSING_ELEMENT/ACC/add_31_23_g564/CO      -       CI->CO F     ADDFX1MA10TH        1   7.5    45    88    4035    (-,-) 
  CONV_ENGINE/ENGINE/Ca[0].Ga[0].Ua[0].Ma[45].PROCESSING_ELEMENT/ACC/add_31_23_g563/CO      -       A->CO  F     ADDFX1MA10TH        1   5.4    39    93    4127    (-,-) 
  CONV_ENGINE/ENGINE/Ca[0].Ga[0].Ua[0].Ma[45].PROCESSING_ELEMENT/ACC/add_31_23_g562/Y       -       B->Y   R     XOR3X1MA10TH        1   3.8    40   109    4236    (-,-) 
  CONV_ENGINE/ENGINE/Ca[0].Ga[0].Ua[0].Ma[45].PROCESSING_ELEMENT/ACC/REG/data_out_reg[23]/D -       -      R     DFFQX0P5MA10TH      1     -     -     0    4236    (-,-) 
#-------------------------------------------------------------------------------------------------------------------------------------------------------------------------



Path 7: MET (728 ps) Setup Check with Pin CONV_ENGINE/ENGINE/Ca[0].Ga[0].Ua[1].Ma[45].PROCESSING_ELEMENT/ACC/REG/data_out_reg[23]/CK->D
          Group: aclk
     Startpoint: (R) input_pipe/WEIGHTS_ROTATOR/I_WEIGHTS_READ/data_out_reg[0]/CK
          Clock: (R) aclk
       Endpoint: (R) CONV_ENGINE/ENGINE/Ca[0].Ga[0].Ua[1].Ma[45].PROCESSING_ELEMENT/ACC/REG/data_out_reg[23]/D
          Clock: (R) aclk

                     Capture       Launch     
        Clock Edge:+    5000            0     
       Src Latency:+       0            0     
       Net Latency:+       0 (I)        0 (I) 
           Arrival:=    5000            0     
                                              
             Setup:-      35                  
     Required Time:=    4965                  
      Launch Clock:-       0                  
         Data Path:-    4236                  
             Slack:=     728                  

#-------------------------------------------------------------------------------------------------------------------------------------------------------------------------
#                                       Timing Point                                        Flags    Arc   Edge      Cell       Fanout  Load Trans Delay Arrival Instance 
#                                                                                                                                       (fF)  (ps)  (ps)   (ps)  Location 
#-------------------------------------------------------------------------------------------------------------------------------------------------------------------------
  input_pipe/WEIGHTS_ROTATOR/I_WEIGHTS_READ/data_out_reg[0]/CK                              -       -      R     (arrival)        1024     -     0     -       0    (-,-) 
  input_pipe/WEIGHTS_ROTATOR/I_WEIGHTS_READ/data_out_reg[0]/Q                               -       CK->Q  R     DFFRPQX2MA10TH     20  79.1   214   209     209    (-,-) 
  input_pipe/WEIGHTS_ROTATOR/hi_fo_buf20242/Y                                               -       A->Y   F     INVX7P5MA10TH      35 155.5    94    95     304    (-,-) 
  input_pipe/WEIGHTS_ROTATOR/g19993/Y                                                       -       A0->Y  R     AOI22X1MA10TH       3  10.8   151   122     426    (-,-) 
  input_pipe/WEIGHTS_ROTATOR/g19144/Y                                                       -       A->Y   F     XOR2X1MA10TH        1   4.2    58    49     475    (-,-) 
  input_pipe/WEIGHTS_ROTATOR/g19109/Y                                                       -       C0->Y  R     AOI221X1MA10TH      1   4.2   115    82     557    (-,-) 
  input_pipe/WEIGHTS_ROTATOR/g19093/Y                                                       -       C0->Y  F     OAI221X1MA10TH      1   4.2    63    65     622    (-,-) 
  input_pipe/WEIGHTS_ROTATOR/g19049/Y                                                       -       D->Y   F     OR6X1MA10TH         1   4.4    46    91     713    (-,-) 
  input_pipe/WEIGHTS_ROTATOR/g19044/Y                                                       -       A->Y   R     NOR3X1AA10TH        1   4.4   114    79     792    (-,-) 
  input_pipe/g33/Y                                                                          -       A->Y   R     AND2X2MA10TH        7  21.2    67    90     882    (-,-) 
  CONV_ENGINE/ENGINE/g5123/Y                                                                -       A->Y   R     BUFHX0P7MA10TH     15  40.3   326   208    1090    (-,-) 
  CONV_ENGINE/ENGINE/g5122/Y                                                                -       A->Y   R     OR2X1MA10TH        35 100.2   558   379    1470    (-,-) 
  CONV_ENGINE/ENGINE/g5121/Y                                                                -       A->Y   F     INVX1BA10TH         1   8.1   142   123    1592    (-,-) 
  CONV_ENGINE/ENGINE/g5425/Y                                                                -       A->Y   R     INVX3MA10TH        85 241.0   446   281    1873    (-,-) 
  CONV_ENGINE/ENGINE/Ca[0].Ga[0].Ua[1].Ma[45].PROCESSING_ELEMENT/ACC/g313/Y                 -       A->Y   F     INVX1MA10TH         8  20.5   145   141    2014    (-,-) 
  CONV_ENGINE/ENGINE/Ca[0].Ga[0].Ua[1].Ma[45].PROCESSING_ELEMENT/ACC/g308/Y                 -       A->Y   F     AND2X1MA10TH        1   5.1    30    88    2103    (-,-) 
  CONV_ENGINE/ENGINE/Ca[0].Ga[0].Ua[1].Ma[45].PROCESSING_ELEMENT/ACC/add_31_23_g585/CO      -       A->CO  F     ADDHX1MA10TH        1   6.5    31    58    2160    (-,-) 
  CONV_ENGINE/ENGINE/Ca[0].Ga[0].Ua[1].Ma[45].PROCESSING_ELEMENT/ACC/add_31_23_g584/CO      -       CI->CO F     ADDFX1MA10TH        1   6.5    42    83    2244    (-,-) 
  CONV_ENGINE/ENGINE/Ca[0].Ga[0].Ua[1].Ma[45].PROCESSING_ELEMENT/ACC/add_31_23_g583/CO      -       CI->CO F     ADDFX1MA10TH        1   6.5    42    86    2329    (-,-) 
  CONV_ENGINE/ENGINE/Ca[0].Ga[0].Ua[1].Ma[45].PROCESSING_ELEMENT/ACC/add_31_23_g582/CO      -       CI->CO F     ADDFX1MA10TH        1   6.5    42    86    2415    (-,-) 
  CONV_ENGINE/ENGINE/Ca[0].Ga[0].Ua[1].Ma[45].PROCESSING_ELEMENT/ACC/add_31_23_g581/CO      -       CI->CO F     ADDFX1MA10TH        1   6.5    42    86    2500    (-,-) 
  CONV_ENGINE/ENGINE/Ca[0].Ga[0].Ua[1].Ma[45].PROCESSING_ELEMENT/ACC/add_31_23_g580/CO      -       CI->CO F     ADDFX1MA10TH        1   6.5    42    86    2586    (-,-) 
  CONV_ENGINE/ENGINE/Ca[0].Ga[0].Ua[1].Ma[45].PROCESSING_ELEMENT/ACC/add_31_23_g579/CO      -       CI->CO F     ADDFX1MA10TH        1   6.5    42    86    2672    (-,-) 
  CONV_ENGINE/ENGINE/Ca[0].Ga[0].Ua[1].Ma[45].PROCESSING_ELEMENT/ACC/add_31_23_g578/CO      -       CI->CO F     ADDFX1MA10TH        1   6.5    42    86    2757    (-,-) 
  CONV_ENGINE/ENGINE/Ca[0].Ga[0].Ua[1].Ma[45].PROCESSING_ELEMENT/ACC/add_31_23_g577/CO      -       CI->CO F     ADDFX1MA10TH        1   6.5    42    86    2843    (-,-) 
  CONV_ENGINE/ENGINE/Ca[0].Ga[0].Ua[1].Ma[45].PROCESSING_ELEMENT/ACC/add_31_23_g576/CO      -       CI->CO F     ADDFX1MA10TH        1   6.5    42    86    2928    (-,-) 
  CONV_ENGINE/ENGINE/Ca[0].Ga[0].Ua[1].Ma[45].PROCESSING_ELEMENT/ACC/add_31_23_g575/CO      -       CI->CO F     ADDFX1MA10TH        1   7.5    45    88    3016    (-,-) 
  CONV_ENGINE/ENGINE/Ca[0].Ga[0].Ua[1].Ma[45].PROCESSING_ELEMENT/ACC/add_31_23_g574/CO      -       A->CO  F     ADDFX1MA10TH        1   7.5    45    98    3115    (-,-) 
  CONV_ENGINE/ENGINE/Ca[0].Ga[0].Ua[1].Ma[45].PROCESSING_ELEMENT/ACC/add_31_23_g573/CO      -       A->CO  F     ADDFX1MA10TH        1   6.5    42    96    3211    (-,-) 
  CONV_ENGINE/ENGINE/Ca[0].Ga[0].Ua[1].Ma[45].PROCESSING_ELEMENT/ACC/add_31_23_g572/CO      -       CI->CO F     ADDFX1MA10TH        1   7.5    45    88    3299    (-,-) 
  CONV_ENGINE/ENGINE/Ca[0].Ga[0].Ua[1].Ma[45].PROCESSING_ELEMENT/ACC/add_31_23_g571/CO      -       A->CO  F     ADDFX1MA10TH        1   7.5    45    98    3397    (-,-) 
  CONV_ENGINE/ENGINE/Ca[0].Ga[0].Ua[1].Ma[45].PROCESSING_ELEMENT/ACC/add_31_23_g570/CO      -       A->CO  F     ADDFX1MA10TH        1   6.5    42    96    3493    (-,-) 
  CONV_ENGINE/ENGINE/Ca[0].Ga[0].Ua[1].Ma[45].PROCESSING_ELEMENT/ACC/add_31_23_g569/CO      -       CI->CO F     ADDFX1MA10TH        1   6.5    42    86    3578    (-,-) 
  CONV_ENGINE/ENGINE/Ca[0].Ga[0].Ua[1].Ma[45].PROCESSING_ELEMENT/ACC/add_31_23_g568/CO      -       CI->CO F     ADDFX1MA10TH        1   6.5    42    86    3664    (-,-) 
  CONV_ENGINE/ENGINE/Ca[0].Ga[0].Ua[1].Ma[45].PROCESSING_ELEMENT/ACC/add_31_23_g567/CO      -       CI->CO F     ADDFX1MA10TH        1   7.5    45    88    3752    (-,-) 
  CONV_ENGINE/ENGINE/Ca[0].Ga[0].Ua[1].Ma[45].PROCESSING_ELEMENT/ACC/add_31_23_g566/CO      -       A->CO  F     ADDFX1MA10TH        1   7.5    45    98    3851    (-,-) 
  CONV_ENGINE/ENGINE/Ca[0].Ga[0].Ua[1].Ma[45].PROCESSING_ELEMENT/ACC/add_31_23_g565/CO      -       A->CO  F     ADDFX1MA10TH        1   6.5    42    96    3946    (-,-) 
  CONV_ENGINE/ENGINE/Ca[0].Ga[0].Ua[1].Ma[45].PROCESSING_ELEMENT/ACC/add_31_23_g564/CO      -       CI->CO F     ADDFX1MA10TH        1   7.5    45    88    4035    (-,-) 
  CONV_ENGINE/ENGINE/Ca[0].Ga[0].Ua[1].Ma[45].PROCESSING_ELEMENT/ACC/add_31_23_g563/CO      -       A->CO  F     ADDFX1MA10TH        1   5.4    39    93    4127    (-,-) 
  CONV_ENGINE/ENGINE/Ca[0].Ga[0].Ua[1].Ma[45].PROCESSING_ELEMENT/ACC/add_31_23_g562/Y       -       B->Y   R     XOR3X1MA10TH        1   3.8    40   109    4236    (-,-) 
  CONV_ENGINE/ENGINE/Ca[0].Ga[0].Ua[1].Ma[45].PROCESSING_ELEMENT/ACC/REG/data_out_reg[23]/D -       -      R     DFFQX0P5MA10TH      1     -     -     0    4236    (-,-) 
#-------------------------------------------------------------------------------------------------------------------------------------------------------------------------



Path 8: MET (728 ps) Setup Check with Pin CONV_ENGINE/ENGINE/Ca[0].Ga[0].Ua[2].Ma[45].PROCESSING_ELEMENT/ACC/REG/data_out_reg[23]/CK->D
          Group: aclk
     Startpoint: (R) input_pipe/WEIGHTS_ROTATOR/I_WEIGHTS_READ/data_out_reg[0]/CK
          Clock: (R) aclk
       Endpoint: (R) CONV_ENGINE/ENGINE/Ca[0].Ga[0].Ua[2].Ma[45].PROCESSING_ELEMENT/ACC/REG/data_out_reg[23]/D
          Clock: (R) aclk

                     Capture       Launch     
        Clock Edge:+    5000            0     
       Src Latency:+       0            0     
       Net Latency:+       0 (I)        0 (I) 
           Arrival:=    5000            0     
                                              
             Setup:-      35                  
     Required Time:=    4965                  
      Launch Clock:-       0                  
         Data Path:-    4236                  
             Slack:=     728                  

#-------------------------------------------------------------------------------------------------------------------------------------------------------------------------
#                                       Timing Point                                        Flags    Arc   Edge      Cell       Fanout  Load Trans Delay Arrival Instance 
#                                                                                                                                       (fF)  (ps)  (ps)   (ps)  Location 
#-------------------------------------------------------------------------------------------------------------------------------------------------------------------------
  input_pipe/WEIGHTS_ROTATOR/I_WEIGHTS_READ/data_out_reg[0]/CK                              -       -      R     (arrival)        1024     -     0     -       0    (-,-) 
  input_pipe/WEIGHTS_ROTATOR/I_WEIGHTS_READ/data_out_reg[0]/Q                               -       CK->Q  R     DFFRPQX2MA10TH     20  79.1   214   209     209    (-,-) 
  input_pipe/WEIGHTS_ROTATOR/hi_fo_buf20242/Y                                               -       A->Y   F     INVX7P5MA10TH      35 155.5    94    95     304    (-,-) 
  input_pipe/WEIGHTS_ROTATOR/g19993/Y                                                       -       A0->Y  R     AOI22X1MA10TH       3  10.8   151   122     426    (-,-) 
  input_pipe/WEIGHTS_ROTATOR/g19144/Y                                                       -       A->Y   F     XOR2X1MA10TH        1   4.2    58    49     475    (-,-) 
  input_pipe/WEIGHTS_ROTATOR/g19109/Y                                                       -       C0->Y  R     AOI221X1MA10TH      1   4.2   115    82     557    (-,-) 
  input_pipe/WEIGHTS_ROTATOR/g19093/Y                                                       -       C0->Y  F     OAI221X1MA10TH      1   4.2    63    65     622    (-,-) 
  input_pipe/WEIGHTS_ROTATOR/g19049/Y                                                       -       D->Y   F     OR6X1MA10TH         1   4.4    46    91     713    (-,-) 
  input_pipe/WEIGHTS_ROTATOR/g19044/Y                                                       -       A->Y   R     NOR3X1AA10TH        1   4.4   114    79     792    (-,-) 
  input_pipe/g33/Y                                                                          -       A->Y   R     AND2X2MA10TH        7  21.2    67    90     882    (-,-) 
  CONV_ENGINE/ENGINE/g5123/Y                                                                -       A->Y   R     BUFHX0P7MA10TH     15  40.3   326   208    1090    (-,-) 
  CONV_ENGINE/ENGINE/g5122/Y                                                                -       A->Y   R     OR2X1MA10TH        35 100.2   558   379    1470    (-,-) 
  CONV_ENGINE/ENGINE/g5121/Y                                                                -       A->Y   F     INVX1BA10TH         1   8.1   142   123    1592    (-,-) 
  CONV_ENGINE/ENGINE/g5425/Y                                                                -       A->Y   R     INVX3MA10TH        85 241.0   446   281    1873    (-,-) 
  CONV_ENGINE/ENGINE/Ca[0].Ga[0].Ua[2].Ma[45].PROCESSING_ELEMENT/ACC/g313/Y                 -       A->Y   F     INVX1MA10TH         8  20.5   145   141    2014    (-,-) 
  CONV_ENGINE/ENGINE/Ca[0].Ga[0].Ua[2].Ma[45].PROCESSING_ELEMENT/ACC/g308/Y                 -       A->Y   F     AND2X1MA10TH        1   5.1    30    88    2103    (-,-) 
  CONV_ENGINE/ENGINE/Ca[0].Ga[0].Ua[2].Ma[45].PROCESSING_ELEMENT/ACC/add_31_23_g585/CO      -       A->CO  F     ADDHX1MA10TH        1   6.5    31    58    2160    (-,-) 
  CONV_ENGINE/ENGINE/Ca[0].Ga[0].Ua[2].Ma[45].PROCESSING_ELEMENT/ACC/add_31_23_g584/CO      -       CI->CO F     ADDFX1MA10TH        1   6.5    42    83    2244    (-,-) 
  CONV_ENGINE/ENGINE/Ca[0].Ga[0].Ua[2].Ma[45].PROCESSING_ELEMENT/ACC/add_31_23_g583/CO      -       CI->CO F     ADDFX1MA10TH        1   6.5    42    86    2329    (-,-) 
  CONV_ENGINE/ENGINE/Ca[0].Ga[0].Ua[2].Ma[45].PROCESSING_ELEMENT/ACC/add_31_23_g582/CO      -       CI->CO F     ADDFX1MA10TH        1   6.5    42    86    2415    (-,-) 
  CONV_ENGINE/ENGINE/Ca[0].Ga[0].Ua[2].Ma[45].PROCESSING_ELEMENT/ACC/add_31_23_g581/CO      -       CI->CO F     ADDFX1MA10TH        1   6.5    42    86    2500    (-,-) 
  CONV_ENGINE/ENGINE/Ca[0].Ga[0].Ua[2].Ma[45].PROCESSING_ELEMENT/ACC/add_31_23_g580/CO      -       CI->CO F     ADDFX1MA10TH        1   6.5    42    86    2586    (-,-) 
  CONV_ENGINE/ENGINE/Ca[0].Ga[0].Ua[2].Ma[45].PROCESSING_ELEMENT/ACC/add_31_23_g579/CO      -       CI->CO F     ADDFX1MA10TH        1   6.5    42    86    2672    (-,-) 
  CONV_ENGINE/ENGINE/Ca[0].Ga[0].Ua[2].Ma[45].PROCESSING_ELEMENT/ACC/add_31_23_g578/CO      -       CI->CO F     ADDFX1MA10TH        1   6.5    42    86    2757    (-,-) 
  CONV_ENGINE/ENGINE/Ca[0].Ga[0].Ua[2].Ma[45].PROCESSING_ELEMENT/ACC/add_31_23_g577/CO      -       CI->CO F     ADDFX1MA10TH        1   6.5    42    86    2843    (-,-) 
  CONV_ENGINE/ENGINE/Ca[0].Ga[0].Ua[2].Ma[45].PROCESSING_ELEMENT/ACC/add_31_23_g576/CO      -       CI->CO F     ADDFX1MA10TH        1   6.5    42    86    2928    (-,-) 
  CONV_ENGINE/ENGINE/Ca[0].Ga[0].Ua[2].Ma[45].PROCESSING_ELEMENT/ACC/add_31_23_g575/CO      -       CI->CO F     ADDFX1MA10TH        1   7.5    45    88    3016    (-,-) 
  CONV_ENGINE/ENGINE/Ca[0].Ga[0].Ua[2].Ma[45].PROCESSING_ELEMENT/ACC/add_31_23_g574/CO      -       A->CO  F     ADDFX1MA10TH        1   7.5    45    98    3115    (-,-) 
  CONV_ENGINE/ENGINE/Ca[0].Ga[0].Ua[2].Ma[45].PROCESSING_ELEMENT/ACC/add_31_23_g573/CO      -       A->CO  F     ADDFX1MA10TH        1   6.5    42    96    3211    (-,-) 
  CONV_ENGINE/ENGINE/Ca[0].Ga[0].Ua[2].Ma[45].PROCESSING_ELEMENT/ACC/add_31_23_g572/CO      -       CI->CO F     ADDFX1MA10TH        1   7.5    45    88    3299    (-,-) 
  CONV_ENGINE/ENGINE/Ca[0].Ga[0].Ua[2].Ma[45].PROCESSING_ELEMENT/ACC/add_31_23_g571/CO      -       A->CO  F     ADDFX1MA10TH        1   7.5    45    98    3397    (-,-) 
  CONV_ENGINE/ENGINE/Ca[0].Ga[0].Ua[2].Ma[45].PROCESSING_ELEMENT/ACC/add_31_23_g570/CO      -       A->CO  F     ADDFX1MA10TH        1   6.5    42    96    3493    (-,-) 
  CONV_ENGINE/ENGINE/Ca[0].Ga[0].Ua[2].Ma[45].PROCESSING_ELEMENT/ACC/add_31_23_g569/CO      -       CI->CO F     ADDFX1MA10TH        1   6.5    42    86    3578    (-,-) 
  CONV_ENGINE/ENGINE/Ca[0].Ga[0].Ua[2].Ma[45].PROCESSING_ELEMENT/ACC/add_31_23_g568/CO      -       CI->CO F     ADDFX1MA10TH        1   6.5    42    86    3664    (-,-) 
  CONV_ENGINE/ENGINE/Ca[0].Ga[0].Ua[2].Ma[45].PROCESSING_ELEMENT/ACC/add_31_23_g567/CO      -       CI->CO F     ADDFX1MA10TH        1   7.5    45    88    3752    (-,-) 
  CONV_ENGINE/ENGINE/Ca[0].Ga[0].Ua[2].Ma[45].PROCESSING_ELEMENT/ACC/add_31_23_g566/CO      -       A->CO  F     ADDFX1MA10TH        1   7.5    45    98    3851    (-,-) 
  CONV_ENGINE/ENGINE/Ca[0].Ga[0].Ua[2].Ma[45].PROCESSING_ELEMENT/ACC/add_31_23_g565/CO      -       A->CO  F     ADDFX1MA10TH        1   6.5    42    96    3946    (-,-) 
  CONV_ENGINE/ENGINE/Ca[0].Ga[0].Ua[2].Ma[45].PROCESSING_ELEMENT/ACC/add_31_23_g564/CO      -       CI->CO F     ADDFX1MA10TH        1   7.5    45    88    4035    (-,-) 
  CONV_ENGINE/ENGINE/Ca[0].Ga[0].Ua[2].Ma[45].PROCESSING_ELEMENT/ACC/add_31_23_g563/CO      -       A->CO  F     ADDFX1MA10TH        1   5.4    39    93    4127    (-,-) 
  CONV_ENGINE/ENGINE/Ca[0].Ga[0].Ua[2].Ma[45].PROCESSING_ELEMENT/ACC/add_31_23_g562/Y       -       B->Y   R     XOR3X1MA10TH        1   3.8    40   109    4236    (-,-) 
  CONV_ENGINE/ENGINE/Ca[0].Ga[0].Ua[2].Ma[45].PROCESSING_ELEMENT/ACC/REG/data_out_reg[23]/D -       -      R     DFFQX0P5MA10TH      1     -     -     0    4236    (-,-) 
#-------------------------------------------------------------------------------------------------------------------------------------------------------------------------



Path 9: MET (728 ps) Setup Check with Pin CONV_ENGINE/ENGINE/Ca[0].Ga[0].Ua[3].Ma[45].PROCESSING_ELEMENT/ACC/REG/data_out_reg[23]/CK->D
          Group: aclk
     Startpoint: (R) input_pipe/WEIGHTS_ROTATOR/I_WEIGHTS_READ/data_out_reg[0]/CK
          Clock: (R) aclk
       Endpoint: (R) CONV_ENGINE/ENGINE/Ca[0].Ga[0].Ua[3].Ma[45].PROCESSING_ELEMENT/ACC/REG/data_out_reg[23]/D
          Clock: (R) aclk

                     Capture       Launch     
        Clock Edge:+    5000            0     
       Src Latency:+       0            0     
       Net Latency:+       0 (I)        0 (I) 
           Arrival:=    5000            0     
                                              
             Setup:-      35                  
     Required Time:=    4965                  
      Launch Clock:-       0                  
         Data Path:-    4236                  
             Slack:=     728                  

#-------------------------------------------------------------------------------------------------------------------------------------------------------------------------
#                                       Timing Point                                        Flags    Arc   Edge      Cell       Fanout  Load Trans Delay Arrival Instance 
#                                                                                                                                       (fF)  (ps)  (ps)   (ps)  Location 
#-------------------------------------------------------------------------------------------------------------------------------------------------------------------------
  input_pipe/WEIGHTS_ROTATOR/I_WEIGHTS_READ/data_out_reg[0]/CK                              -       -      R     (arrival)        1024     -     0     -       0    (-,-) 
  input_pipe/WEIGHTS_ROTATOR/I_WEIGHTS_READ/data_out_reg[0]/Q                               -       CK->Q  R     DFFRPQX2MA10TH     20  79.1   214   209     209    (-,-) 
  input_pipe/WEIGHTS_ROTATOR/hi_fo_buf20242/Y                                               -       A->Y   F     INVX7P5MA10TH      35 155.5    94    95     304    (-,-) 
  input_pipe/WEIGHTS_ROTATOR/g19993/Y                                                       -       A0->Y  R     AOI22X1MA10TH       3  10.8   151   122     426    (-,-) 
  input_pipe/WEIGHTS_ROTATOR/g19144/Y                                                       -       A->Y   F     XOR2X1MA10TH        1   4.2    58    49     475    (-,-) 
  input_pipe/WEIGHTS_ROTATOR/g19109/Y                                                       -       C0->Y  R     AOI221X1MA10TH      1   4.2   115    82     557    (-,-) 
  input_pipe/WEIGHTS_ROTATOR/g19093/Y                                                       -       C0->Y  F     OAI221X1MA10TH      1   4.2    63    65     622    (-,-) 
  input_pipe/WEIGHTS_ROTATOR/g19049/Y                                                       -       D->Y   F     OR6X1MA10TH         1   4.4    46    91     713    (-,-) 
  input_pipe/WEIGHTS_ROTATOR/g19044/Y                                                       -       A->Y   R     NOR3X1AA10TH        1   4.4   114    79     792    (-,-) 
  input_pipe/g33/Y                                                                          -       A->Y   R     AND2X2MA10TH        7  21.2    67    90     882    (-,-) 
  CONV_ENGINE/ENGINE/g5123/Y                                                                -       A->Y   R     BUFHX0P7MA10TH     15  40.3   326   208    1090    (-,-) 
  CONV_ENGINE/ENGINE/g5122/Y                                                                -       A->Y   R     OR2X1MA10TH        35 100.2   558   379    1470    (-,-) 
  CONV_ENGINE/ENGINE/g5121/Y                                                                -       A->Y   F     INVX1BA10TH         1   8.1   142   123    1592    (-,-) 
  CONV_ENGINE/ENGINE/g5425/Y                                                                -       A->Y   R     INVX3MA10TH        85 241.0   446   281    1873    (-,-) 
  CONV_ENGINE/ENGINE/Ca[0].Ga[0].Ua[3].Ma[45].PROCESSING_ELEMENT/ACC/g313/Y                 -       A->Y   F     INVX1MA10TH         8  20.5   145   141    2014    (-,-) 
  CONV_ENGINE/ENGINE/Ca[0].Ga[0].Ua[3].Ma[45].PROCESSING_ELEMENT/ACC/g308/Y                 -       A->Y   F     AND2X1MA10TH        1   5.1    30    88    2103    (-,-) 
  CONV_ENGINE/ENGINE/Ca[0].Ga[0].Ua[3].Ma[45].PROCESSING_ELEMENT/ACC/add_31_23_g585/CO      -       A->CO  F     ADDHX1MA10TH        1   6.5    31    58    2160    (-,-) 
  CONV_ENGINE/ENGINE/Ca[0].Ga[0].Ua[3].Ma[45].PROCESSING_ELEMENT/ACC/add_31_23_g584/CO      -       CI->CO F     ADDFX1MA10TH        1   6.5    42    83    2244    (-,-) 
  CONV_ENGINE/ENGINE/Ca[0].Ga[0].Ua[3].Ma[45].PROCESSING_ELEMENT/ACC/add_31_23_g583/CO      -       CI->CO F     ADDFX1MA10TH        1   6.5    42    86    2329    (-,-) 
  CONV_ENGINE/ENGINE/Ca[0].Ga[0].Ua[3].Ma[45].PROCESSING_ELEMENT/ACC/add_31_23_g582/CO      -       CI->CO F     ADDFX1MA10TH        1   6.5    42    86    2415    (-,-) 
  CONV_ENGINE/ENGINE/Ca[0].Ga[0].Ua[3].Ma[45].PROCESSING_ELEMENT/ACC/add_31_23_g581/CO      -       CI->CO F     ADDFX1MA10TH        1   6.5    42    86    2500    (-,-) 
  CONV_ENGINE/ENGINE/Ca[0].Ga[0].Ua[3].Ma[45].PROCESSING_ELEMENT/ACC/add_31_23_g580/CO      -       CI->CO F     ADDFX1MA10TH        1   6.5    42    86    2586    (-,-) 
  CONV_ENGINE/ENGINE/Ca[0].Ga[0].Ua[3].Ma[45].PROCESSING_ELEMENT/ACC/add_31_23_g579/CO      -       CI->CO F     ADDFX1MA10TH        1   6.5    42    86    2672    (-,-) 
  CONV_ENGINE/ENGINE/Ca[0].Ga[0].Ua[3].Ma[45].PROCESSING_ELEMENT/ACC/add_31_23_g578/CO      -       CI->CO F     ADDFX1MA10TH        1   6.5    42    86    2757    (-,-) 
  CONV_ENGINE/ENGINE/Ca[0].Ga[0].Ua[3].Ma[45].PROCESSING_ELEMENT/ACC/add_31_23_g577/CO      -       CI->CO F     ADDFX1MA10TH        1   6.5    42    86    2843    (-,-) 
  CONV_ENGINE/ENGINE/Ca[0].Ga[0].Ua[3].Ma[45].PROCESSING_ELEMENT/ACC/add_31_23_g576/CO      -       CI->CO F     ADDFX1MA10TH        1   6.5    42    86    2928    (-,-) 
  CONV_ENGINE/ENGINE/Ca[0].Ga[0].Ua[3].Ma[45].PROCESSING_ELEMENT/ACC/add_31_23_g575/CO      -       CI->CO F     ADDFX1MA10TH        1   7.5    45    88    3016    (-,-) 
  CONV_ENGINE/ENGINE/Ca[0].Ga[0].Ua[3].Ma[45].PROCESSING_ELEMENT/ACC/add_31_23_g574/CO      -       A->CO  F     ADDFX1MA10TH        1   7.5    45    98    3115    (-,-) 
  CONV_ENGINE/ENGINE/Ca[0].Ga[0].Ua[3].Ma[45].PROCESSING_ELEMENT/ACC/add_31_23_g573/CO      -       A->CO  F     ADDFX1MA10TH        1   6.5    42    96    3211    (-,-) 
  CONV_ENGINE/ENGINE/Ca[0].Ga[0].Ua[3].Ma[45].PROCESSING_ELEMENT/ACC/add_31_23_g572/CO      -       CI->CO F     ADDFX1MA10TH        1   7.5    45    88    3299    (-,-) 
  CONV_ENGINE/ENGINE/Ca[0].Ga[0].Ua[3].Ma[45].PROCESSING_ELEMENT/ACC/add_31_23_g571/CO      -       A->CO  F     ADDFX1MA10TH        1   7.5    45    98    3397    (-,-) 
  CONV_ENGINE/ENGINE/Ca[0].Ga[0].Ua[3].Ma[45].PROCESSING_ELEMENT/ACC/add_31_23_g570/CO      -       A->CO  F     ADDFX1MA10TH        1   6.5    42    96    3493    (-,-) 
  CONV_ENGINE/ENGINE/Ca[0].Ga[0].Ua[3].Ma[45].PROCESSING_ELEMENT/ACC/add_31_23_g569/CO      -       CI->CO F     ADDFX1MA10TH        1   6.5    42    86    3578    (-,-) 
  CONV_ENGINE/ENGINE/Ca[0].Ga[0].Ua[3].Ma[45].PROCESSING_ELEMENT/ACC/add_31_23_g568/CO      -       CI->CO F     ADDFX1MA10TH        1   6.5    42    86    3664    (-,-) 
  CONV_ENGINE/ENGINE/Ca[0].Ga[0].Ua[3].Ma[45].PROCESSING_ELEMENT/ACC/add_31_23_g567/CO      -       CI->CO F     ADDFX1MA10TH        1   7.5    45    88    3752    (-,-) 
  CONV_ENGINE/ENGINE/Ca[0].Ga[0].Ua[3].Ma[45].PROCESSING_ELEMENT/ACC/add_31_23_g566/CO      -       A->CO  F     ADDFX1MA10TH        1   7.5    45    98    3851    (-,-) 
  CONV_ENGINE/ENGINE/Ca[0].Ga[0].Ua[3].Ma[45].PROCESSING_ELEMENT/ACC/add_31_23_g565/CO      -       A->CO  F     ADDFX1MA10TH        1   6.5    42    96    3946    (-,-) 
  CONV_ENGINE/ENGINE/Ca[0].Ga[0].Ua[3].Ma[45].PROCESSING_ELEMENT/ACC/add_31_23_g564/CO      -       CI->CO F     ADDFX1MA10TH        1   7.5    45    88    4035    (-,-) 
  CONV_ENGINE/ENGINE/Ca[0].Ga[0].Ua[3].Ma[45].PROCESSING_ELEMENT/ACC/add_31_23_g563/CO      -       A->CO  F     ADDFX1MA10TH        1   5.4    39    93    4127    (-,-) 
  CONV_ENGINE/ENGINE/Ca[0].Ga[0].Ua[3].Ma[45].PROCESSING_ELEMENT/ACC/add_31_23_g562/Y       -       B->Y   R     XOR3X1MA10TH        1   3.8    40   109    4236    (-,-) 
  CONV_ENGINE/ENGINE/Ca[0].Ga[0].Ua[3].Ma[45].PROCESSING_ELEMENT/ACC/REG/data_out_reg[23]/D -       -      R     DFFQX0P5MA10TH      1     -     -     0    4236    (-,-) 
#-------------------------------------------------------------------------------------------------------------------------------------------------------------------------



Path 10: MET (728 ps) Setup Check with Pin CONV_ENGINE/ENGINE/Ca[0].Ga[0].Ua[4].Ma[45].PROCESSING_ELEMENT/ACC/REG/data_out_reg[23]/CK->D
          Group: aclk
     Startpoint: (R) input_pipe/WEIGHTS_ROTATOR/I_WEIGHTS_READ/data_out_reg[0]/CK
          Clock: (R) aclk
       Endpoint: (R) CONV_ENGINE/ENGINE/Ca[0].Ga[0].Ua[4].Ma[45].PROCESSING_ELEMENT/ACC/REG/data_out_reg[23]/D
          Clock: (R) aclk

                     Capture       Launch     
        Clock Edge:+    5000            0     
       Src Latency:+       0            0     
       Net Latency:+       0 (I)        0 (I) 
           Arrival:=    5000            0     
                                              
             Setup:-      35                  
     Required Time:=    4965                  
      Launch Clock:-       0                  
         Data Path:-    4236                  
             Slack:=     728                  

#-------------------------------------------------------------------------------------------------------------------------------------------------------------------------
#                                       Timing Point                                        Flags    Arc   Edge      Cell       Fanout  Load Trans Delay Arrival Instance 
#                                                                                                                                       (fF)  (ps)  (ps)   (ps)  Location 
#-------------------------------------------------------------------------------------------------------------------------------------------------------------------------
  input_pipe/WEIGHTS_ROTATOR/I_WEIGHTS_READ/data_out_reg[0]/CK                              -       -      R     (arrival)        1024     -     0     -       0    (-,-) 
  input_pipe/WEIGHTS_ROTATOR/I_WEIGHTS_READ/data_out_reg[0]/Q                               -       CK->Q  R     DFFRPQX2MA10TH     20  79.1   214   209     209    (-,-) 
  input_pipe/WEIGHTS_ROTATOR/hi_fo_buf20242/Y                                               -       A->Y   F     INVX7P5MA10TH      35 155.5    94    95     304    (-,-) 
  input_pipe/WEIGHTS_ROTATOR/g19993/Y                                                       -       A0->Y  R     AOI22X1MA10TH       3  10.8   151   122     426    (-,-) 
  input_pipe/WEIGHTS_ROTATOR/g19144/Y                                                       -       A->Y   F     XOR2X1MA10TH        1   4.2    58    49     475    (-,-) 
  input_pipe/WEIGHTS_ROTATOR/g19109/Y                                                       -       C0->Y  R     AOI221X1MA10TH      1   4.2   115    82     557    (-,-) 
  input_pipe/WEIGHTS_ROTATOR/g19093/Y                                                       -       C0->Y  F     OAI221X1MA10TH      1   4.2    63    65     622    (-,-) 
  input_pipe/WEIGHTS_ROTATOR/g19049/Y                                                       -       D->Y   F     OR6X1MA10TH         1   4.4    46    91     713    (-,-) 
  input_pipe/WEIGHTS_ROTATOR/g19044/Y                                                       -       A->Y   R     NOR3X1AA10TH        1   4.4   114    79     792    (-,-) 
  input_pipe/g33/Y                                                                          -       A->Y   R     AND2X2MA10TH        7  21.2    67    90     882    (-,-) 
  CONV_ENGINE/ENGINE/g5123/Y                                                                -       A->Y   R     BUFHX0P7MA10TH     15  40.3   326   208    1090    (-,-) 
  CONV_ENGINE/ENGINE/g5122/Y                                                                -       A->Y   R     OR2X1MA10TH        35 100.2   558   379    1470    (-,-) 
  CONV_ENGINE/ENGINE/g5121/Y                                                                -       A->Y   F     INVX1BA10TH         1   8.1   142   123    1592    (-,-) 
  CONV_ENGINE/ENGINE/g5425/Y                                                                -       A->Y   R     INVX3MA10TH        85 241.0   446   281    1873    (-,-) 
  CONV_ENGINE/ENGINE/Ca[0].Ga[0].Ua[4].Ma[45].PROCESSING_ELEMENT/ACC/g313/Y                 -       A->Y   F     INVX1MA10TH         8  20.5   145   141    2014    (-,-) 
  CONV_ENGINE/ENGINE/Ca[0].Ga[0].Ua[4].Ma[45].PROCESSING_ELEMENT/ACC/g308/Y                 -       A->Y   F     AND2X1MA10TH        1   5.1    30    88    2103    (-,-) 
  CONV_ENGINE/ENGINE/Ca[0].Ga[0].Ua[4].Ma[45].PROCESSING_ELEMENT/ACC/add_31_23_g585/CO      -       A->CO  F     ADDHX1MA10TH        1   6.5    31    58    2160    (-,-) 
  CONV_ENGINE/ENGINE/Ca[0].Ga[0].Ua[4].Ma[45].PROCESSING_ELEMENT/ACC/add_31_23_g584/CO      -       CI->CO F     ADDFX1MA10TH        1   6.5    42    83    2244    (-,-) 
  CONV_ENGINE/ENGINE/Ca[0].Ga[0].Ua[4].Ma[45].PROCESSING_ELEMENT/ACC/add_31_23_g583/CO      -       CI->CO F     ADDFX1MA10TH        1   6.5    42    86    2329    (-,-) 
  CONV_ENGINE/ENGINE/Ca[0].Ga[0].Ua[4].Ma[45].PROCESSING_ELEMENT/ACC/add_31_23_g582/CO      -       CI->CO F     ADDFX1MA10TH        1   6.5    42    86    2415    (-,-) 
  CONV_ENGINE/ENGINE/Ca[0].Ga[0].Ua[4].Ma[45].PROCESSING_ELEMENT/ACC/add_31_23_g581/CO      -       CI->CO F     ADDFX1MA10TH        1   6.5    42    86    2500    (-,-) 
  CONV_ENGINE/ENGINE/Ca[0].Ga[0].Ua[4].Ma[45].PROCESSING_ELEMENT/ACC/add_31_23_g580/CO      -       CI->CO F     ADDFX1MA10TH        1   6.5    42    86    2586    (-,-) 
  CONV_ENGINE/ENGINE/Ca[0].Ga[0].Ua[4].Ma[45].PROCESSING_ELEMENT/ACC/add_31_23_g579/CO      -       CI->CO F     ADDFX1MA10TH        1   6.5    42    86    2672    (-,-) 
  CONV_ENGINE/ENGINE/Ca[0].Ga[0].Ua[4].Ma[45].PROCESSING_ELEMENT/ACC/add_31_23_g578/CO      -       CI->CO F     ADDFX1MA10TH        1   6.5    42    86    2757    (-,-) 
  CONV_ENGINE/ENGINE/Ca[0].Ga[0].Ua[4].Ma[45].PROCESSING_ELEMENT/ACC/add_31_23_g577/CO      -       CI->CO F     ADDFX1MA10TH        1   6.5    42    86    2843    (-,-) 
  CONV_ENGINE/ENGINE/Ca[0].Ga[0].Ua[4].Ma[45].PROCESSING_ELEMENT/ACC/add_31_23_g576/CO      -       CI->CO F     ADDFX1MA10TH        1   6.5    42    86    2928    (-,-) 
  CONV_ENGINE/ENGINE/Ca[0].Ga[0].Ua[4].Ma[45].PROCESSING_ELEMENT/ACC/add_31_23_g575/CO      -       CI->CO F     ADDFX1MA10TH        1   7.5    45    88    3016    (-,-) 
  CONV_ENGINE/ENGINE/Ca[0].Ga[0].Ua[4].Ma[45].PROCESSING_ELEMENT/ACC/add_31_23_g574/CO      -       A->CO  F     ADDFX1MA10TH        1   7.5    45    98    3115    (-,-) 
  CONV_ENGINE/ENGINE/Ca[0].Ga[0].Ua[4].Ma[45].PROCESSING_ELEMENT/ACC/add_31_23_g573/CO      -       A->CO  F     ADDFX1MA10TH        1   6.5    42    96    3211    (-,-) 
  CONV_ENGINE/ENGINE/Ca[0].Ga[0].Ua[4].Ma[45].PROCESSING_ELEMENT/ACC/add_31_23_g572/CO      -       CI->CO F     ADDFX1MA10TH        1   7.5    45    88    3299    (-,-) 
  CONV_ENGINE/ENGINE/Ca[0].Ga[0].Ua[4].Ma[45].PROCESSING_ELEMENT/ACC/add_31_23_g571/CO      -       A->CO  F     ADDFX1MA10TH        1   7.5    45    98    3397    (-,-) 
  CONV_ENGINE/ENGINE/Ca[0].Ga[0].Ua[4].Ma[45].PROCESSING_ELEMENT/ACC/add_31_23_g570/CO      -       A->CO  F     ADDFX1MA10TH        1   6.5    42    96    3493    (-,-) 
  CONV_ENGINE/ENGINE/Ca[0].Ga[0].Ua[4].Ma[45].PROCESSING_ELEMENT/ACC/add_31_23_g569/CO      -       CI->CO F     ADDFX1MA10TH        1   6.5    42    86    3578    (-,-) 
  CONV_ENGINE/ENGINE/Ca[0].Ga[0].Ua[4].Ma[45].PROCESSING_ELEMENT/ACC/add_31_23_g568/CO      -       CI->CO F     ADDFX1MA10TH        1   6.5    42    86    3664    (-,-) 
  CONV_ENGINE/ENGINE/Ca[0].Ga[0].Ua[4].Ma[45].PROCESSING_ELEMENT/ACC/add_31_23_g567/CO      -       CI->CO F     ADDFX1MA10TH        1   7.5    45    88    3752    (-,-) 
  CONV_ENGINE/ENGINE/Ca[0].Ga[0].Ua[4].Ma[45].PROCESSING_ELEMENT/ACC/add_31_23_g566/CO      -       A->CO  F     ADDFX1MA10TH        1   7.5    45    98    3851    (-,-) 
  CONV_ENGINE/ENGINE/Ca[0].Ga[0].Ua[4].Ma[45].PROCESSING_ELEMENT/ACC/add_31_23_g565/CO      -       A->CO  F     ADDFX1MA10TH        1   6.5    42    96    3946    (-,-) 
  CONV_ENGINE/ENGINE/Ca[0].Ga[0].Ua[4].Ma[45].PROCESSING_ELEMENT/ACC/add_31_23_g564/CO      -       CI->CO F     ADDFX1MA10TH        1   7.5    45    88    4035    (-,-) 
  CONV_ENGINE/ENGINE/Ca[0].Ga[0].Ua[4].Ma[45].PROCESSING_ELEMENT/ACC/add_31_23_g563/CO      -       A->CO  F     ADDFX1MA10TH        1   5.4    39    93    4127    (-,-) 
  CONV_ENGINE/ENGINE/Ca[0].Ga[0].Ua[4].Ma[45].PROCESSING_ELEMENT/ACC/add_31_23_g562/Y       -       B->Y   R     XOR3X1MA10TH        1   3.8    40   109    4236    (-,-) 
  CONV_ENGINE/ENGINE/Ca[0].Ga[0].Ua[4].Ma[45].PROCESSING_ELEMENT/ACC/REG/data_out_reg[23]/D -       -      R     DFFQX0P5MA10TH      1     -     -     0    4236    (-,-) 
#-------------------------------------------------------------------------------------------------------------------------------------------------------------------------

