============================================================
  Generated by:           Genus(TM) Synthesis Solution 18.10-p003_1
  Generated on:           Oct 08 2021  08:18:10 pm
  Module:                 axis_accelerator_asic
  Operating conditions:   NCCOM 
  Interconnect mode:      global
  Area mode:              physical library
============================================================


Summary
-------
-----------------------------------------------------------------------
            Category            Number   %   Average Toggle Saving %   
-----------------------------------------------------------------------
 RC Clock Gating Instances        1567  100            75.48           
 Non-RC Clock Gating Instances       0    0            0.00            
-----------------------------------------------------------------------
 RC Gated Flip-flops             79949   99            60.02           
 Non-RC Gated Flip-flops             0    0            0.00            
-----------------------------------------------------------------------
 Total Ungated Flip-flops          920    1              -             
 Enable not found                   54    6              -             
 Register bank width too small      54    6              -             
 User preserved                    812   88              -             
-----------------------------------------------------------------------
 Total Flip-flops                80869  100              -             
-----------------------------------------------------------------------

