============================================================
  Generated by:           Genus(TM) Synthesis Solution 18.10-p003_1
  Generated on:           Oct 18 2021  03:36:12 am
  Module:                 axis_accelerator_asic
  Operating conditions:   NCCOM 
  Interconnect mode:      global
  Area mode:              physical library
============================================================


Path 1: MET (0 ps) Setup Check with Pin CONV_ENGINE/ENGINE/Ca[0].Ga[0].Ua[4].Ma[49].PROCESSING_ELEMENT/ACC/retime_s14_390_reg/CP->D
          Group: aclk
     Startpoint: (R) CONV_ENGINE/ENGINE/retime_s16_2512_reg/CP
          Clock: (R) aclk
       Endpoint: (R) CONV_ENGINE/ENGINE/Ca[0].Ga[0].Ua[4].Ma[49].PROCESSING_ELEMENT/ACC/retime_s14_390_reg/D
          Clock: (R) aclk

                     Capture       Launch     
        Clock Edge:+    1250            0     
       Src Latency:+       0            0     
       Net Latency:+       0 (I)        0 (I) 
           Arrival:=    1250            0     
                                              
             Setup:-      15                  
     Required Time:=    1235                  
      Launch Clock:-       0                  
         Data Path:-    1235                  
             Slack:=       0                  

#--------------------------------------------------------------------------------------------------------------------------------------------------------------------
#                                      Timing Point                                       Flags    Arc    Edge    Cell      Fanout Load Trans Delay Arrival Instance 
#                                                                                                                                  (fF)  (ps)  (ps)   (ps)  Location 
#--------------------------------------------------------------------------------------------------------------------------------------------------------------------
  CONV_ENGINE/ENGINE/retime_s16_2512_reg/CP                                               -       -       R     (arrival)      111    -     0     -       0    (-,-) 
  CONV_ENGINE/ENGINE/retime_s16_2512_reg/Q                                                -       CP->Q   F     DFD4BWP         22 34.0    39    69      69    (-,-) 
  CONV_ENGINE/ENGINE/fopt26625/Z                                                          -       I->Z    F     CKBD12BWP       68 92.5    43    47     117    (-,-) 
  CONV_ENGINE/ENGINE/fopt26624/ZN                                                         -       I->ZN   R     CKND8BWP         1 10.1    19    16     133    (-,-) 
  CONV_ENGINE/ENGINE/fopt26619/ZN                                                         -       I->ZN   F     DCCKND16BWP     45 58.4    23    20     153    (-,-) 
  CONV_ENGINE/ENGINE/Ca[0].Ga[0].Ua[4].Ma[49].PROCESSING_ELEMENT/MUL/mul_59_21_g1019/ZN   -       A1->ZN  R     ND2D2BWP         2  3.7    33    16     169    (-,-) 
  CONV_ENGINE/ENGINE/Ca[0].Ga[0].Ua[4].Ma[49].PROCESSING_ELEMENT/MUL/mul_59_21_g990/ZN    -       A1->ZN  F     NR2D2BWP         3  5.7    19    18     187    (-,-) 
  CONV_ENGINE/ENGINE/Ca[0].Ga[0].Ua[4].Ma[49].PROCESSING_ELEMENT/MUL/g1086/ZN             -       B->ZN   R     AOI21D1BWP       2  3.1    46    37     224    (-,-) 
  CONV_ENGINE/ENGINE/Ca[0].Ga[0].Ua[4].Ma[49].PROCESSING_ELEMENT/MUL/mul_59_21_g975/ZN    -       B1->ZN  F     IND2D1BWP        2  3.2    33    28     252    (-,-) 
  CONV_ENGINE/ENGINE/Ca[0].Ga[0].Ua[4].Ma[49].PROCESSING_ELEMENT/MUL/g2/ZN                -       B1->ZN  R     IND2D1BWP        2  3.4    28    24     276    (-,-) 
  CONV_ENGINE/ENGINE/Ca[0].Ga[0].Ua[4].Ma[49].PROCESSING_ELEMENT/MUL/mul_59_21_g970/ZN    -       I->ZN   F     INVD1BWP         1  2.5    16    16     292    (-,-) 
  CONV_ENGINE/ENGINE/Ca[0].Ga[0].Ua[4].Ma[49].PROCESSING_ELEMENT/MUL/mul_59_21_g966/ZN    -       A2->ZN  R     OAI21D2BWP       2  3.9    31    26     318    (-,-) 
  CONV_ENGINE/ENGINE/Ca[0].Ga[0].Ua[4].Ma[49].PROCESSING_ELEMENT/MUL/mul_59_21_g961/ZN    -       A1->ZN  R     INR2D4BWP        1  3.1    18    29     347    (-,-) 
  CONV_ENGINE/ENGINE/Ca[0].Ga[0].Ua[4].Ma[49].PROCESSING_ELEMENT/MUL/mul_59_21_g960/ZN    -       A1->ZN  F     NR2XD2BWP        2  3.3    16    13     359    (-,-) 
  CONV_ENGINE/ENGINE/Ca[0].Ga[0].Ua[4].Ma[49].PROCESSING_ELEMENT/MUL/g1085/ZN             -       A1->ZN  F     IAO21D2BWP       1  2.1    14    32     392    (-,-) 
  CONV_ENGINE/ENGINE/Ca[0].Ga[0].Ua[4].Ma[49].PROCESSING_ELEMENT/MUL/g1092/CO             -       CIN->CO R     FICIND1BWP       2  3.4    27    54     446    (-,-) 
  CONV_ENGINE/ENGINE/Ca[0].Ga[0].Ua[4].Ma[49].PROCESSING_ELEMENT/MUL/mul_59_21_g940/ZN    -       A1->ZN  R     IOA21D2BWP       1  2.1    17    32     477    (-,-) 
  CONV_ENGINE/ENGINE/Ca[0].Ga[0].Ua[4].Ma[49].PROCESSING_ELEMENT/MUL/mul_59_21_g939/CO    -       CI->CO  R     FA1D0BWP         1  2.1    29    43     521    (-,-) 
  CONV_ENGINE/ENGINE/Ca[0].Ga[0].Ua[4].Ma[49].PROCESSING_ELEMENT/MUL/mul_59_21_g938/CO    -       CI->CO  R     FA1D0BWP         1  2.1    29    47     568    (-,-) 
  CONV_ENGINE/ENGINE/Ca[0].Ga[0].Ua[4].Ma[49].PROCESSING_ELEMENT/MUL/mul_59_21_g937/CO    -       CI->CO  R     FA1D0BWP         1  2.1    29    47     615    (-,-) 
  CONV_ENGINE/ENGINE/Ca[0].Ga[0].Ua[4].Ma[49].PROCESSING_ELEMENT/MUL/mul_59_21_g936/CO    -       CI->CO  R     FA1D0BWP         1  2.1    29    47     662    (-,-) 
  CONV_ENGINE/ENGINE/Ca[0].Ga[0].Ua[4].Ma[49].PROCESSING_ELEMENT/MUL/mul_59_21_g935/CO    -       CI->CO  R     FA1D0BWP         1  2.1    29    47     709    (-,-) 
  CONV_ENGINE/ENGINE/Ca[0].Ga[0].Ua[4].Ma[49].PROCESSING_ELEMENT/MUL/mul_59_21_g934/CO    -       CI->CO  R     FA1D0BWP         1  2.1    29    47     756    (-,-) 
  CONV_ENGINE/ENGINE/Ca[0].Ga[0].Ua[4].Ma[49].PROCESSING_ELEMENT/MUL/mul_59_21_g933/CO    -       CI->CO  R     FA1D0BWP         1  2.1    29    47     803    (-,-) 
  CONV_ENGINE/ENGINE/Ca[0].Ga[0].Ua[4].Ma[49].PROCESSING_ELEMENT/MUL/mul_59_21_g932/ZN    -       I->ZN   F     INVD1BWP         1  2.0    15    15     818    (-,-) 
  CONV_ENGINE/ENGINE/Ca[0].Ga[0].Ua[4].Ma[49].PROCESSING_ELEMENT/g2/ZN                    -       B1->ZN  R     IND2D1BWP        9 12.9    72    45     863    (-,-) 
  CONV_ENGINE/ENGINE/Ca[0].Ga[0].Ua[4].Ma[49].PROCESSING_ELEMENT/g1294/ZN                 -       B->ZN   F     IOA21D1BWP       1  2.6    37    31     894    (-,-) 
  CONV_ENGINE/ENGINE/Ca[0].Ga[0].Ua[4].Ma[49].PROCESSING_ELEMENT/ACC/add_31_23/g3822/CO   -       B->CO   F     FA1D0BWP         1  2.1    23    69     963    (-,-) 
  CONV_ENGINE/ENGINE/Ca[0].Ga[0].Ua[4].Ma[49].PROCESSING_ELEMENT/ACC/add_31_23/g3821/CO   -       CI->CO  F     FA1D0BWP         1  2.6    26    48    1011    (-,-) 
  CONV_ENGINE/ENGINE/Ca[0].Ga[0].Ua[4].Ma[49].PROCESSING_ELEMENT/ACC/add_31_23/g3820/CO   -       CI->CO  F     FA1D1BWP         1  2.6    20    38    1049    (-,-) 
  CONV_ENGINE/ENGINE/Ca[0].Ga[0].Ua[4].Ma[49].PROCESSING_ELEMENT/ACC/add_31_23/g3819/CO   -       CI->CO  F     FA1D1BWP         1  2.6    20    36    1085    (-,-) 
  CONV_ENGINE/ENGINE/Ca[0].Ga[0].Ua[4].Ma[49].PROCESSING_ELEMENT/ACC/add_31_23/g3818/CO   -       CI->CO  F     FA1D1BWP         1  2.6    20    36    1121    (-,-) 
  CONV_ENGINE/ENGINE/Ca[0].Ga[0].Ua[4].Ma[49].PROCESSING_ELEMENT/ACC/add_31_23/g3817/CO   -       CI->CO  F     FA1D1BWP         1  2.6    20    36    1157    (-,-) 
  CONV_ENGINE/ENGINE/Ca[0].Ga[0].Ua[4].Ma[49].PROCESSING_ELEMENT/ACC/add_31_23/g3816/CO   -       CI->CO  F     FA1D1BWP         1  2.6    20    36    1194    (-,-) 
  CONV_ENGINE/ENGINE/Ca[0].Ga[0].Ua[4].Ma[49].PROCESSING_ELEMENT/ACC/add_31_23/g3815/S    -       CI->S   R     FA1D1BWP         1  2.0    20    41    1235    (-,-) 
  CONV_ENGINE/ENGINE/Ca[0].Ga[0].Ua[4].Ma[49].PROCESSING_ELEMENT/ACC/retime_s14_390_reg/D -       -       R     DFQD1BWP         1    -     -     0    1235    (-,-) 
#--------------------------------------------------------------------------------------------------------------------------------------------------------------------



Path 2: MET (0 ps) Setup Check with Pin CONV_ENGINE/ENGINE/Ca[0].Ga[0].Ua[4].Ma[45].PROCESSING_ELEMENT/ACC/add_31_23/retime_s10_295_reg/CP->D
          Group: aclk
     Startpoint: (R) CONV_ENGINE/ENGINE/retime_s15_2015_reg/CP
          Clock: (R) aclk
       Endpoint: (R) CONV_ENGINE/ENGINE/Ca[0].Ga[0].Ua[4].Ma[45].PROCESSING_ELEMENT/ACC/add_31_23/retime_s10_295_reg/D
          Clock: (R) aclk

                     Capture       Launch     
        Clock Edge:+    1250            0     
       Src Latency:+       0            0     
       Net Latency:+       0 (I)        0 (I) 
           Arrival:=    1250            0     
                                              
             Setup:-      15                  
     Required Time:=    1235                  
      Launch Clock:-       0                  
         Data Path:-    1235                  
             Slack:=       0                  

#------------------------------------------------------------------------------------------------------------------------------------------------------------------------------
#                                           Timing Point                                            Flags    Arc    Edge    Cell     Fanout  Load Trans Delay Arrival Instance 
#                                                                                                                                            (fF)  (ps)  (ps)   (ps)  Location 
#------------------------------------------------------------------------------------------------------------------------------------------------------------------------------
  CONV_ENGINE/ENGINE/retime_s15_2015_reg/CP                                                         -       -       R     (arrival)     111     -     0     -       0    (-,-) 
  CONV_ENGINE/ENGINE/retime_s15_2015_reg/QN                                                         -       CP->QN  R     DFD4BWP         3  29.1    39    83      83    (-,-) 
  CONV_ENGINE/ENGINE/fopt25769/ZN                                                                   -       I->ZN   F     INVD16BWP      89 122.9    41    36     119    (-,-) 
  CONV_ENGINE/ENGINE/fopt25756/Z                                                                    -       I->Z    F     CKBD12BWP      72  93.8    43    48     167    (-,-) 
  CONV_ENGINE/ENGINE/Ca[0].Ga[0].Ua[4].Ma[45].PROCESSING_ELEMENT/MUL/mul_59_21_g1050/Z              -       A1->Z   F     AN2XD1BWP       1   3.2    17    32     198    (-,-) 
  CONV_ENGINE/ENGINE/Ca[0].Ga[0].Ua[4].Ma[45].PROCESSING_ELEMENT/MUL/mul_59_21_g983/S               -       B->S    R     HA1D0BWP        1   2.6    35    48     246    (-,-) 
  CONV_ENGINE/ENGINE/Ca[0].Ga[0].Ua[4].Ma[45].PROCESSING_ELEMENT/MUL/mul_59_21_cdnfadd_003_0/S      -       CI->S   F     FA1D1BWP        2   4.1    24    48     294    (-,-) 
  CONV_ENGINE/ENGINE/Ca[0].Ga[0].Ua[4].Ma[45].PROCESSING_ELEMENT/MUL/mul_59_21_g969/ZN              -       A1->ZN  R     NR2D2BWP        2   3.7    28    23     316    (-,-) 
  CONV_ENGINE/ENGINE/Ca[0].Ga[0].Ua[4].Ma[45].PROCESSING_ELEMENT/MUL/mul_59_21_g966/ZN              -       A1->ZN  F     OAI21D2BWP      2   3.9    27    22     339    (-,-) 
  CONV_ENGINE/ENGINE/Ca[0].Ga[0].Ua[4].Ma[45].PROCESSING_ELEMENT/MUL/mul_59_21_g961/ZN              -       A1->ZN  F     INR2D4BWP       1   3.0    13    23     362    (-,-) 
  CONV_ENGINE/ENGINE/Ca[0].Ga[0].Ua[4].Ma[45].PROCESSING_ELEMENT/MUL/mul_59_21_g960/ZN              -       A1->ZN  R     NR2D3BWP        2   3.3    20    16     378    (-,-) 
  CONV_ENGINE/ENGINE/Ca[0].Ga[0].Ua[4].Ma[45].PROCESSING_ELEMENT/MUL/g1087/ZN                       -       A1->ZN  R     IAO21D2BWP      1   2.6    21    31     409    (-,-) 
  CONV_ENGINE/ENGINE/Ca[0].Ga[0].Ua[4].Ma[45].PROCESSING_ELEMENT/MUL/g1093/CO                       -       CIN->CO F     FICIND2BWP      2   3.3    17    42     452    (-,-) 
  CONV_ENGINE/ENGINE/Ca[0].Ga[0].Ua[4].Ma[45].PROCESSING_ELEMENT/MUL/mul_59_21_g940/ZN              -       A1->ZN  F     IOA21D2BWP      1   2.1    18    27     479    (-,-) 
  CONV_ENGINE/ENGINE/Ca[0].Ga[0].Ua[4].Ma[45].PROCESSING_ELEMENT/MUL/mul_59_21_g939/CO              -       CI->CO  F     FA1D0BWP        1   2.1    23    44     523    (-,-) 
  CONV_ENGINE/ENGINE/Ca[0].Ga[0].Ua[4].Ma[45].PROCESSING_ELEMENT/MUL/mul_59_21_g938/CO              -       CI->CO  F     FA1D0BWP        1   2.1    23    46     569    (-,-) 
  CONV_ENGINE/ENGINE/Ca[0].Ga[0].Ua[4].Ma[45].PROCESSING_ELEMENT/MUL/mul_59_21_g937/CO              -       CI->CO  F     FA1D0BWP        1   2.1    23    46     615    (-,-) 
  CONV_ENGINE/ENGINE/Ca[0].Ga[0].Ua[4].Ma[45].PROCESSING_ELEMENT/MUL/mul_59_21_g936/CO              -       CI->CO  F     FA1D0BWP        1   2.1    23    46     661    (-,-) 
  CONV_ENGINE/ENGINE/Ca[0].Ga[0].Ua[4].Ma[45].PROCESSING_ELEMENT/MUL/mul_59_21_g935/CO              -       CI->CO  F     FA1D0BWP        1   2.1    23    46     708    (-,-) 
  CONV_ENGINE/ENGINE/Ca[0].Ga[0].Ua[4].Ma[45].PROCESSING_ELEMENT/MUL/mul_59_21_g934/CO              -       CI->CO  F     FA1D0BWP        1   2.1    23    46     754    (-,-) 
  CONV_ENGINE/ENGINE/Ca[0].Ga[0].Ua[4].Ma[45].PROCESSING_ELEMENT/MUL/mul_59_21_g933/CO              -       CI->CO  F     FA1D0BWP        1   2.1    23    46     800    (-,-) 
  CONV_ENGINE/ENGINE/Ca[0].Ga[0].Ua[4].Ma[45].PROCESSING_ELEMENT/MUL/mul_59_21_g932/ZN              -       I->ZN   R     INVD1BWP        1   2.0    19    18     817    (-,-) 
  CONV_ENGINE/ENGINE/Ca[0].Ga[0].Ua[4].Ma[45].PROCESSING_ELEMENT/g2/ZN                              -       B1->ZN  F     IND2D1BWP       9  12.0    81    53     871    (-,-) 
  CONV_ENGINE/ENGINE/Ca[0].Ga[0].Ua[4].Ma[45].PROCESSING_ELEMENT/g1294/ZN                           -       B->ZN   R     IOA21D1BWP      1   2.7    38    33     904    (-,-) 
  CONV_ENGINE/ENGINE/Ca[0].Ga[0].Ua[4].Ma[45].PROCESSING_ELEMENT/ACC/add_31_23/g3822/CO             -       B->CO   R     FA1D0BWP        1   2.1    29    74     978    (-,-) 
  CONV_ENGINE/ENGINE/Ca[0].Ga[0].Ua[4].Ma[45].PROCESSING_ELEMENT/ACC/add_31_23/g3821/CO             -       CI->CO  R     FA1D0BWP        1   2.6    34    50    1028    (-,-) 
  CONV_ENGINE/ENGINE/Ca[0].Ga[0].Ua[4].Ma[45].PROCESSING_ELEMENT/ACC/add_31_23/g3820/CO             -       CI->CO  R     FA1D1BWP        1   2.6    23    37    1064    (-,-) 
  CONV_ENGINE/ENGINE/Ca[0].Ga[0].Ua[4].Ma[45].PROCESSING_ELEMENT/ACC/add_31_23/g3819/CO             -       CI->CO  R     FA1D1BWP        1   2.6    23    34    1099    (-,-) 
  CONV_ENGINE/ENGINE/Ca[0].Ga[0].Ua[4].Ma[45].PROCESSING_ELEMENT/ACC/add_31_23/g3818/CO             -       CI->CO  R     FA1D1BWP        1   2.6    23    34    1133    (-,-) 
  CONV_ENGINE/ENGINE/Ca[0].Ga[0].Ua[4].Ma[45].PROCESSING_ELEMENT/ACC/add_31_23/g3817/CO             -       CI->CO  R     FA1D1BWP        1   2.6    23    34    1168    (-,-) 
  CONV_ENGINE/ENGINE/Ca[0].Ga[0].Ua[4].Ma[45].PROCESSING_ELEMENT/ACC/add_31_23/g3816/CO             -       CI->CO  R     FA1D1BWP        1   2.6    23    34    1202    (-,-) 
  CONV_ENGINE/ENGINE/Ca[0].Ga[0].Ua[4].Ma[45].PROCESSING_ELEMENT/ACC/add_31_23/g3815/CO             -       CI->CO  R     FA1D1BWP        1   2.0    20    32    1235    (-,-) 
  CONV_ENGINE/ENGINE/Ca[0].Ga[0].Ua[4].Ma[45].PROCESSING_ELEMENT/ACC/add_31_23/retime_s10_295_reg/D -       -       R     DFQD1BWP        1     -     -     0    1235    (-,-) 
#------------------------------------------------------------------------------------------------------------------------------------------------------------------------------



Path 3: MET (0 ps) Setup Check with Pin CONV_ENGINE/ENGINE/Ca[0].Ga[0].Ua[4].Ma[45].PROCESSING_ELEMENT/ACC/retime_s10_299_reg/CP->D
          Group: aclk
     Startpoint: (R) CONV_ENGINE/ENGINE/retime_s15_2015_reg/CP
          Clock: (R) aclk
       Endpoint: (R) CONV_ENGINE/ENGINE/Ca[0].Ga[0].Ua[4].Ma[45].PROCESSING_ELEMENT/ACC/retime_s10_299_reg/D
          Clock: (R) aclk

                     Capture       Launch     
        Clock Edge:+    1250            0     
       Src Latency:+       0            0     
       Net Latency:+       0 (I)        0 (I) 
           Arrival:=    1250            0     
                                              
             Setup:-      15                  
     Required Time:=    1235                  
      Launch Clock:-       0                  
         Data Path:-    1235                  
             Slack:=       0                  

#-------------------------------------------------------------------------------------------------------------------------------------------------------------------------
#                                        Timing Point                                          Flags    Arc    Edge    Cell     Fanout  Load Trans Delay Arrival Instance 
#                                                                                                                                       (fF)  (ps)  (ps)   (ps)  Location 
#-------------------------------------------------------------------------------------------------------------------------------------------------------------------------
  CONV_ENGINE/ENGINE/retime_s15_2015_reg/CP                                                    -       -       R     (arrival)     111     -     0     -       0    (-,-) 
  CONV_ENGINE/ENGINE/retime_s15_2015_reg/QN                                                    -       CP->QN  R     DFD4BWP         3  29.1    39    83      83    (-,-) 
  CONV_ENGINE/ENGINE/fopt25769/ZN                                                              -       I->ZN   F     INVD16BWP      89 122.9    41    36     119    (-,-) 
  CONV_ENGINE/ENGINE/fopt25756/Z                                                               -       I->Z    F     CKBD12BWP      72  93.8    43    48     167    (-,-) 
  CONV_ENGINE/ENGINE/Ca[0].Ga[0].Ua[4].Ma[45].PROCESSING_ELEMENT/MUL/mul_59_21_g1050/Z         -       A1->Z   F     AN2XD1BWP       1   3.2    17    32     198    (-,-) 
  CONV_ENGINE/ENGINE/Ca[0].Ga[0].Ua[4].Ma[45].PROCESSING_ELEMENT/MUL/mul_59_21_g983/S          -       B->S    R     HA1D0BWP        1   2.6    35    48     246    (-,-) 
  CONV_ENGINE/ENGINE/Ca[0].Ga[0].Ua[4].Ma[45].PROCESSING_ELEMENT/MUL/mul_59_21_cdnfadd_003_0/S -       CI->S   F     FA1D1BWP        2   4.1    24    48     294    (-,-) 
  CONV_ENGINE/ENGINE/Ca[0].Ga[0].Ua[4].Ma[45].PROCESSING_ELEMENT/MUL/mul_59_21_g969/ZN         -       A1->ZN  R     NR2D2BWP        2   3.7    28    23     316    (-,-) 
  CONV_ENGINE/ENGINE/Ca[0].Ga[0].Ua[4].Ma[45].PROCESSING_ELEMENT/MUL/mul_59_21_g966/ZN         -       A1->ZN  F     OAI21D2BWP      2   3.9    27    22     339    (-,-) 
  CONV_ENGINE/ENGINE/Ca[0].Ga[0].Ua[4].Ma[45].PROCESSING_ELEMENT/MUL/mul_59_21_g961/ZN         -       A1->ZN  F     INR2D4BWP       1   3.0    13    23     362    (-,-) 
  CONV_ENGINE/ENGINE/Ca[0].Ga[0].Ua[4].Ma[45].PROCESSING_ELEMENT/MUL/mul_59_21_g960/ZN         -       A1->ZN  R     NR2D3BWP        2   3.3    20    16     378    (-,-) 
  CONV_ENGINE/ENGINE/Ca[0].Ga[0].Ua[4].Ma[45].PROCESSING_ELEMENT/MUL/g1087/ZN                  -       A1->ZN  R     IAO21D2BWP      1   2.6    21    31     409    (-,-) 
  CONV_ENGINE/ENGINE/Ca[0].Ga[0].Ua[4].Ma[45].PROCESSING_ELEMENT/MUL/g1093/CO                  -       CIN->CO F     FICIND2BWP      2   3.3    17    42     452    (-,-) 
  CONV_ENGINE/ENGINE/Ca[0].Ga[0].Ua[4].Ma[45].PROCESSING_ELEMENT/MUL/mul_59_21_g940/ZN         -       A1->ZN  F     IOA21D2BWP      1   2.1    18    27     479    (-,-) 
  CONV_ENGINE/ENGINE/Ca[0].Ga[0].Ua[4].Ma[45].PROCESSING_ELEMENT/MUL/mul_59_21_g939/CO         -       CI->CO  F     FA1D0BWP        1   2.1    23    44     523    (-,-) 
  CONV_ENGINE/ENGINE/Ca[0].Ga[0].Ua[4].Ma[45].PROCESSING_ELEMENT/MUL/mul_59_21_g938/CO         -       CI->CO  F     FA1D0BWP        1   2.1    23    46     569    (-,-) 
  CONV_ENGINE/ENGINE/Ca[0].Ga[0].Ua[4].Ma[45].PROCESSING_ELEMENT/MUL/mul_59_21_g937/CO         -       CI->CO  F     FA1D0BWP        1   2.1    23    46     615    (-,-) 
  CONV_ENGINE/ENGINE/Ca[0].Ga[0].Ua[4].Ma[45].PROCESSING_ELEMENT/MUL/mul_59_21_g936/CO         -       CI->CO  F     FA1D0BWP        1   2.1    23    46     661    (-,-) 
  CONV_ENGINE/ENGINE/Ca[0].Ga[0].Ua[4].Ma[45].PROCESSING_ELEMENT/MUL/mul_59_21_g935/CO         -       CI->CO  F     FA1D0BWP        1   2.1    23    46     708    (-,-) 
  CONV_ENGINE/ENGINE/Ca[0].Ga[0].Ua[4].Ma[45].PROCESSING_ELEMENT/MUL/mul_59_21_g934/CO         -       CI->CO  F     FA1D0BWP        1   2.1    23    46     754    (-,-) 
  CONV_ENGINE/ENGINE/Ca[0].Ga[0].Ua[4].Ma[45].PROCESSING_ELEMENT/MUL/mul_59_21_g933/CO         -       CI->CO  F     FA1D0BWP        1   2.1    23    46     800    (-,-) 
  CONV_ENGINE/ENGINE/Ca[0].Ga[0].Ua[4].Ma[45].PROCESSING_ELEMENT/MUL/mul_59_21_g932/ZN         -       I->ZN   R     INVD1BWP        1   2.0    19    18     817    (-,-) 
  CONV_ENGINE/ENGINE/Ca[0].Ga[0].Ua[4].Ma[45].PROCESSING_ELEMENT/g2/ZN                         -       B1->ZN  F     IND2D1BWP       9  12.0    81    53     871    (-,-) 
  CONV_ENGINE/ENGINE/Ca[0].Ga[0].Ua[4].Ma[45].PROCESSING_ELEMENT/g1294/ZN                      -       B->ZN   R     IOA21D1BWP      1   2.7    38    33     904    (-,-) 
  CONV_ENGINE/ENGINE/Ca[0].Ga[0].Ua[4].Ma[45].PROCESSING_ELEMENT/ACC/add_31_23/g3822/CO        -       B->CO   R     FA1D0BWP        1   2.1    29    74     978    (-,-) 
  CONV_ENGINE/ENGINE/Ca[0].Ga[0].Ua[4].Ma[45].PROCESSING_ELEMENT/ACC/add_31_23/g3821/CO        -       CI->CO  R     FA1D0BWP        1   2.6    34    50    1028    (-,-) 
  CONV_ENGINE/ENGINE/Ca[0].Ga[0].Ua[4].Ma[45].PROCESSING_ELEMENT/ACC/add_31_23/g3820/CO        -       CI->CO  R     FA1D1BWP        1   2.6    23    37    1064    (-,-) 
  CONV_ENGINE/ENGINE/Ca[0].Ga[0].Ua[4].Ma[45].PROCESSING_ELEMENT/ACC/add_31_23/g3819/CO        -       CI->CO  R     FA1D1BWP        1   2.6    23    34    1099    (-,-) 
  CONV_ENGINE/ENGINE/Ca[0].Ga[0].Ua[4].Ma[45].PROCESSING_ELEMENT/ACC/add_31_23/g3818/CO        -       CI->CO  R     FA1D1BWP        1   2.6    23    34    1133    (-,-) 
  CONV_ENGINE/ENGINE/Ca[0].Ga[0].Ua[4].Ma[45].PROCESSING_ELEMENT/ACC/add_31_23/g3817/CO        -       CI->CO  R     FA1D1BWP        1   2.6    23    34    1168    (-,-) 
  CONV_ENGINE/ENGINE/Ca[0].Ga[0].Ua[4].Ma[45].PROCESSING_ELEMENT/ACC/add_31_23/g3816/CO        -       CI->CO  R     FA1D1BWP        1   2.6    23    34    1202    (-,-) 
  CONV_ENGINE/ENGINE/Ca[0].Ga[0].Ua[4].Ma[45].PROCESSING_ELEMENT/ACC/add_31_23/g3815/S         -       CI->S   R     FA1D1BWP        1   2.0    20    32    1235    (-,-) 
  CONV_ENGINE/ENGINE/Ca[0].Ga[0].Ua[4].Ma[45].PROCESSING_ELEMENT/ACC/retime_s10_299_reg/D      -       -       R     DFQD1BWP        1     -     -     0    1235    (-,-) 
#-------------------------------------------------------------------------------------------------------------------------------------------------------------------------



Path 4: MET (0 ps) Setup Check with Pin CONV_ENGINE/ENGINE/Ca[0].Ga[0].Ua[4].Ma[31].PROCESSING_ELEMENT/ACC/retime_s14_906_reg/CP->D
          Group: aclk
     Startpoint: (R) input_pipe/WEIGHTS_ROTATOR/retime_s7_1819_reg/CP
          Clock: (R) aclk
       Endpoint: (R) CONV_ENGINE/ENGINE/Ca[0].Ga[0].Ua[4].Ma[31].PROCESSING_ELEMENT/ACC/retime_s14_906_reg/D
          Clock: (R) aclk

                     Capture       Launch     
        Clock Edge:+    1250            0     
       Src Latency:+       0            0     
       Net Latency:+       0 (I)        0 (I) 
           Arrival:=    1250            0     
                                              
             Setup:-      15                  
     Required Time:=    1235                  
      Launch Clock:-       0                  
         Data Path:-    1235                  
             Slack:=       0                  

#--------------------------------------------------------------------------------------------------------------------------------------------------------------------
#                                      Timing Point                                       Flags    Arc   Edge    Cell      Fanout  Load Trans Delay Arrival Instance 
#                                                                                                                                  (fF)  (ps)  (ps)   (ps)  Location 
#--------------------------------------------------------------------------------------------------------------------------------------------------------------------
  input_pipe/WEIGHTS_ROTATOR/retime_s7_1819_reg/CP                                        -       -      R     (arrival)     2413     -     0     -       0    (-,-) 
  input_pipe/WEIGHTS_ROTATOR/retime_s7_1819_reg/Q                                         -       CP->Q  F     DFSND4BWP        1   8.1    14    56      56    (-,-) 
  input_pipe/WEIGHTS_ROTATOR/fopt64091/ZN                                                 -       I->ZN  R     INVD12BWP       17  32.1    18    15      71    (-,-) 
  input_pipe/WEIGHTS_ROTATOR/fopt64084/ZN                                                 -       I->ZN  F     CKND3BWP         5   9.1    18    16      87    (-,-) 
  input_pipe/WEIGHTS_ROTATOR/g63871/ZN                                                    -       B1->ZN R     IND2D1BWP        1   2.6    20    17     104    (-,-) 
  input_pipe/WEIGHTS_ROTATOR/g63850/ZN                                                    -       A2->ZN F     ND2D2BWP         3   4.8    24    22     126    (-,-) 
  input_pipe/WEIGHTS_ROTATOR/g63007/ZN                                                    -       A1->ZN F     XNR2D1BWP        1   3.0    21    37     163    (-,-) 
  input_pipe/WEIGHTS_ROTATOR/g62978/ZN                                                    -       A3->ZN R     NR4D2BWP         1   2.4    28    31     193    (-,-) 
  input_pipe/WEIGHTS_ROTATOR/g62967/ZN                                                    -       A2->ZN F     CKND2D2BWP       1   3.1    18    20     213    (-,-) 
  input_pipe/WEIGHTS_ROTATOR/g62962/ZN                                                    -       A1->ZN R     NR4D2BWP         1   2.0    26    18     231    (-,-) 
  input_pipe/WEIGHTS_ROTATOR/g62961/Z                                                     -       A1->Z  R     AN3D2BWP         1   5.6    24    44     275    (-,-) 
  input_pipe/g74/ZN                                                                       -       A1->ZN F     ND2D8BWP         1  10.2    19    18     292    (-,-) 
  input_pipe/g73/ZN                                                                       -       I->ZN  R     INVD16BWP       35 124.7    42    31     323    (-,-) 
  CONV_ENGINE/ENGINE/g24005/ZN                                                            -       I->ZN  F     CKND16BWP        4  38.5    22    22     345    (-,-) 
  CONV_ENGINE/ENGINE/g1220/ZN                                                             -       I->ZN  R     INVD16BWP       16  62.1    25    21     366    (-,-) 
  CONV_ENGINE/ENGINE/g24017/ZN                                                            -       A1->ZN F     NR2XD3BWP        1  10.2    22    19     385    (-,-) 
  CONV_ENGINE/ENGINE/g22953/ZN                                                            -       I->ZN  R     INVD16BWP       74 102.2    36    28     413    (-,-) 
  CONV_ENGINE/ENGINE/Ca[0].Ga[0].Ua[4].Ma[31].PROCESSING_ELEMENT/ACC/g721/ZN              -       B1->ZN F     INR2D1BWP        2   3.5    22    21     434    (-,-) 
  CONV_ENGINE/ENGINE/Ca[0].Ga[0].Ua[4].Ma[31].PROCESSING_ELEMENT/ACC/add_31_23/g3869/ZN   -       A1->ZN R     CKND2D1BWP       2   3.2    33    25     460    (-,-) 
  CONV_ENGINE/ENGINE/Ca[0].Ga[0].Ua[4].Ma[31].PROCESSING_ELEMENT/ACC/add_31_23/g2/Z       -       A2->Z  R     AO21D1BWP        2   4.2    27    38     497    (-,-) 
  CONV_ENGINE/ENGINE/Ca[0].Ga[0].Ua[4].Ma[31].PROCESSING_ELEMENT/ACC/add_31_23/g3844/ZN   -       A1->ZN F     OAI21D2BWP       2   4.0    33    22     520    (-,-) 
  CONV_ENGINE/ENGINE/Ca[0].Ga[0].Ua[4].Ma[31].PROCESSING_ELEMENT/ACC/add_31_23/g3843/ZN   -       A1->ZN R     AOI22D2BWP       2   3.3    32    28     547    (-,-) 
  CONV_ENGINE/ENGINE/Ca[0].Ga[0].Ua[4].Ma[31].PROCESSING_ELEMENT/ACC/add_31_23/g3876/ZN   -       A1->ZN F     MAOI22D2BWP      2   4.2    18    42     590    (-,-) 
  CONV_ENGINE/ENGINE/Ca[0].Ga[0].Ua[4].Ma[31].PROCESSING_ELEMENT/ACC/add_31_23/g3837/ZN   -       A1->ZN R     OAI21D2BWP       2   4.2    32    24     614    (-,-) 
  CONV_ENGINE/ENGINE/Ca[0].Ga[0].Ua[4].Ma[31].PROCESSING_ELEMENT/ACC/add_31_23/g3834/ZN   -       A1->ZN F     AOI21D2BWP       1   2.6    23    20     634    (-,-) 
  CONV_ENGINE/ENGINE/Ca[0].Ga[0].Ua[4].Ma[31].PROCESSING_ELEMENT/ACC/add_31_23/g3833/CO   -       CI->CO F     FA1D2BWP         2   5.0    23    38     672    (-,-) 
  CONV_ENGINE/ENGINE/Ca[0].Ga[0].Ua[4].Ma[31].PROCESSING_ELEMENT/ACC/add_31_23/g3831/ZN   -       A1->ZN R     AOI21D4BWP       2   4.2    26    20     692    (-,-) 
  CONV_ENGINE/ENGINE/Ca[0].Ga[0].Ua[4].Ma[31].PROCESSING_ELEMENT/ACC/add_31_23/g3828/ZN   -       A1->ZN F     OAI21D2BWP       1   2.6    28    19     711    (-,-) 
  CONV_ENGINE/ENGINE/Ca[0].Ga[0].Ua[4].Ma[31].PROCESSING_ELEMENT/ACC/add_31_23/g3827/CO   -       CI->CO F     FA1D2BWP         1   2.6    18    35     746    (-,-) 
  CONV_ENGINE/ENGINE/Ca[0].Ga[0].Ua[4].Ma[31].PROCESSING_ELEMENT/ACC/add_31_23/g3826/CO   -       CI->CO F     FA1D1BWP         1   2.1    19    34     780    (-,-) 
  CONV_ENGINE/ENGINE/Ca[0].Ga[0].Ua[4].Ma[31].PROCESSING_ELEMENT/ACC/add_31_23/g3825/CO   -       CI->CO F     FA1D0BWP         1   2.1    23    44     825    (-,-) 
  CONV_ENGINE/ENGINE/Ca[0].Ga[0].Ua[4].Ma[31].PROCESSING_ELEMENT/ACC/add_31_23/g3824/CO   -       CI->CO F     FA1D0BWP         1   2.1    23    46     871    (-,-) 
  CONV_ENGINE/ENGINE/Ca[0].Ga[0].Ua[4].Ma[31].PROCESSING_ELEMENT/ACC/add_31_23/g3823/CO   -       CI->CO F     FA1D0BWP         1   2.1    23    46     917    (-,-) 
  CONV_ENGINE/ENGINE/Ca[0].Ga[0].Ua[4].Ma[31].PROCESSING_ELEMENT/ACC/add_31_23/g3822/CO   -       CI->CO F     FA1D0BWP         1   2.1    23    46     963    (-,-) 
  CONV_ENGINE/ENGINE/Ca[0].Ga[0].Ua[4].Ma[31].PROCESSING_ELEMENT/ACC/add_31_23/g3821/CO   -       CI->CO F     FA1D0BWP         1   2.6    26    48    1011    (-,-) 
  CONV_ENGINE/ENGINE/Ca[0].Ga[0].Ua[4].Ma[31].PROCESSING_ELEMENT/ACC/add_31_23/g3820/CO   -       CI->CO F     FA1D1BWP         1   2.6    20    38    1049    (-,-) 
  CONV_ENGINE/ENGINE/Ca[0].Ga[0].Ua[4].Ma[31].PROCESSING_ELEMENT/ACC/add_31_23/g3819/CO   -       CI->CO F     FA1D1BWP         1   2.6    20    36    1085    (-,-) 
  CONV_ENGINE/ENGINE/Ca[0].Ga[0].Ua[4].Ma[31].PROCESSING_ELEMENT/ACC/add_31_23/g3818/CO   -       CI->CO F     FA1D1BWP         1   2.6    20    36    1121    (-,-) 
  CONV_ENGINE/ENGINE/Ca[0].Ga[0].Ua[4].Ma[31].PROCESSING_ELEMENT/ACC/add_31_23/g3817/CO   -       CI->CO F     FA1D1BWP         1   2.6    20    36    1157    (-,-) 
  CONV_ENGINE/ENGINE/Ca[0].Ga[0].Ua[4].Ma[31].PROCESSING_ELEMENT/ACC/add_31_23/g3816/CO   -       CI->CO F     FA1D1BWP         1   2.6    20    36    1194    (-,-) 
  CONV_ENGINE/ENGINE/Ca[0].Ga[0].Ua[4].Ma[31].PROCESSING_ELEMENT/ACC/add_31_23/g3815/S    -       CI->S  R     FA1D1BWP         1   2.0    20    41    1235    (-,-) 
  CONV_ENGINE/ENGINE/Ca[0].Ga[0].Ua[4].Ma[31].PROCESSING_ELEMENT/ACC/retime_s14_906_reg/D -       -      R     DFQD1BWP         1     -     -     0    1235    (-,-) 
#--------------------------------------------------------------------------------------------------------------------------------------------------------------------



Path 5: MET (0 ps) Setup Check with Pin CONV_ENGINE/ENGINE/Ca[0].Ga[0].Ua[6].Ma[4].PROCESSING_ELEMENT/ACC/retime_s11_1976_reg/CP->D
          Group: aclk
     Startpoint: (R) input_pipe/WEIGHTS_ROTATOR/retime_s7_1819_reg/CP
          Clock: (R) aclk
       Endpoint: (R) CONV_ENGINE/ENGINE/Ca[0].Ga[0].Ua[6].Ma[4].PROCESSING_ELEMENT/ACC/retime_s11_1976_reg/D
          Clock: (R) aclk

                     Capture       Launch     
        Clock Edge:+    1250            0     
       Src Latency:+       0            0     
       Net Latency:+       0 (I)        0 (I) 
           Arrival:=    1250            0     
                                              
             Setup:-      14                  
     Required Time:=    1236                  
      Launch Clock:-       0                  
         Data Path:-    1236                  
             Slack:=       0                  

#--------------------------------------------------------------------------------------------------------------------------------------------------------------------
#                                      Timing Point                                       Flags    Arc   Edge    Cell      Fanout  Load Trans Delay Arrival Instance 
#                                                                                                                                  (fF)  (ps)  (ps)   (ps)  Location 
#--------------------------------------------------------------------------------------------------------------------------------------------------------------------
  input_pipe/WEIGHTS_ROTATOR/retime_s7_1819_reg/CP                                        -       -      R     (arrival)     2413     -     0     -       0    (-,-) 
  input_pipe/WEIGHTS_ROTATOR/retime_s7_1819_reg/Q                                         -       CP->Q  F     DFSND4BWP        1   8.1    14    56      56    (-,-) 
  input_pipe/WEIGHTS_ROTATOR/fopt64091/ZN                                                 -       I->ZN  R     INVD12BWP       17  32.1    18    15      71    (-,-) 
  input_pipe/WEIGHTS_ROTATOR/fopt64084/ZN                                                 -       I->ZN  F     CKND3BWP         5   9.1    18    16      87    (-,-) 
  input_pipe/WEIGHTS_ROTATOR/g63871/ZN                                                    -       B1->ZN R     IND2D1BWP        1   2.6    20    17     104    (-,-) 
  input_pipe/WEIGHTS_ROTATOR/g63850/ZN                                                    -       A2->ZN F     ND2D2BWP         3   4.8    24    22     126    (-,-) 
  input_pipe/WEIGHTS_ROTATOR/g63007/ZN                                                    -       A1->ZN F     XNR2D1BWP        1   3.0    21    37     163    (-,-) 
  input_pipe/WEIGHTS_ROTATOR/g62978/ZN                                                    -       A3->ZN R     NR4D2BWP         1   2.4    28    31     193    (-,-) 
  input_pipe/WEIGHTS_ROTATOR/g62967/ZN                                                    -       A2->ZN F     CKND2D2BWP       1   3.1    18    20     213    (-,-) 
  input_pipe/WEIGHTS_ROTATOR/g62962/ZN                                                    -       A1->ZN R     NR4D2BWP         1   2.0    26    18     231    (-,-) 
  input_pipe/WEIGHTS_ROTATOR/g62961/Z                                                     -       A1->Z  R     AN3D2BWP         1   5.6    24    44     275    (-,-) 
  input_pipe/g74/ZN                                                                       -       A1->ZN F     ND2D8BWP         1  10.2    19    18     292    (-,-) 
  input_pipe/g73/ZN                                                                       -       I->ZN  R     INVD16BWP       35 124.7    42    31     323    (-,-) 
  CONV_ENGINE/ENGINE/g21726/ZN                                                            -       A1->ZN F     NR2XD3BWP        1   8.1    22    21     344    (-,-) 
  CONV_ENGINE/ENGINE/g21725/ZN                                                            -       I->ZN  R     INVD12BWP       25  38.9    22    19     363    (-,-) 
  CONV_ENGINE/ENGINE/g21724/ZN                                                            -       I->ZN  F     INVD16BWP        6  41.5    17    17     380    (-,-) 
  CONV_ENGINE/ENGINE/g21886/ZN                                                            -       I->ZN  R     CKND12BWP       24  30.5    17    16     396    (-,-) 
  CONV_ENGINE/ENGINE/Ca[0].Ga[0].Ua[6].Ma[4].PROCESSING_ELEMENT/ACC/g722/ZN               -       B1->ZN F     INR2D2BWP        2   3.1    12    12     407    (-,-) 
  CONV_ENGINE/ENGINE/Ca[0].Ga[0].Ua[6].Ma[4].PROCESSING_ELEMENT/ACC/add_31_23/g3868/Z     -       A1->Z  F     AN2XD1BWP        3   5.2    24    28     435    (-,-) 
  CONV_ENGINE/ENGINE/Ca[0].Ga[0].Ua[6].Ma[4].PROCESSING_ELEMENT/ACC/add_31_23/g3844/ZN    -       A1->ZN R     OAI21D2BWP       2   4.2    33    26     461    (-,-) 
  CONV_ENGINE/ENGINE/Ca[0].Ga[0].Ua[6].Ma[4].PROCESSING_ELEMENT/ACC/add_31_23/g3842/ZN    -       A1->ZN F     OAI21D2BWP       2   4.0    32    24     485    (-,-) 
  CONV_ENGINE/ENGINE/Ca[0].Ga[0].Ua[6].Ma[4].PROCESSING_ELEMENT/ACC/add_31_23/g3841/ZN    -       A1->ZN R     AOI22D2BWP       2   3.3    32    27     512    (-,-) 
  CONV_ENGINE/ENGINE/Ca[0].Ga[0].Ua[6].Ma[4].PROCESSING_ELEMENT/ACC/add_31_23/g3838/ZN    -       A1->ZN F     MAOI22D1BWP      1   2.6    26    22     534    (-,-) 
  CONV_ENGINE/ENGINE/Ca[0].Ga[0].Ua[6].Ma[4].PROCESSING_ELEMENT/ACC/add_31_23/g3837/CO    -       CI->CO F     FA1D2BWP         2   4.2    21    37     572    (-,-) 
  CONV_ENGINE/ENGINE/Ca[0].Ga[0].Ua[6].Ma[4].PROCESSING_ELEMENT/ACC/add_31_23/g3835/ZN    -       A1->ZN R     OAI21D2BWP       2   3.6    30    24     595    (-,-) 
  CONV_ENGINE/ENGINE/Ca[0].Ga[0].Ua[6].Ma[4].PROCESSING_ELEMENT/ACC/add_31_23/g3833/Z     -       A1->Z  R     OA21D1BWP        2   3.6    25    33     628    (-,-) 
  CONV_ENGINE/ENGINE/Ca[0].Ga[0].Ua[6].Ma[4].PROCESSING_ELEMENT/ACC/add_31_23/g2/Z        -       A1->Z  R     OA21D1BWP        2   3.6    25    32     660    (-,-) 
  CONV_ENGINE/ENGINE/Ca[0].Ga[0].Ua[6].Ma[4].PROCESSING_ELEMENT/ACC/add_31_23/g3828/ZN    -       A1->ZN F     OAI21D1BWP       1   2.6    32    21     681    (-,-) 
  CONV_ENGINE/ENGINE/Ca[0].Ga[0].Ua[6].Ma[4].PROCESSING_ELEMENT/ACC/add_31_23/g3827/CO    -       CI->CO F     FA1D2BWP         1   2.6    18    36     717    (-,-) 
  CONV_ENGINE/ENGINE/Ca[0].Ga[0].Ua[6].Ma[4].PROCESSING_ELEMENT/ACC/add_31_23/g3826/CO    -       CI->CO F     FA1D1BWP         1   2.6    20    35     752    (-,-) 
  CONV_ENGINE/ENGINE/Ca[0].Ga[0].Ua[6].Ma[4].PROCESSING_ELEMENT/ACC/add_31_23/g3825/CO    -       CI->CO F     FA1D1BWP         1   2.6    20    36     789    (-,-) 
  CONV_ENGINE/ENGINE/Ca[0].Ga[0].Ua[6].Ma[4].PROCESSING_ELEMENT/ACC/add_31_23/g3824/CO    -       CI->CO F     FA1D1BWP         1   2.1    19    35     823    (-,-) 
  CONV_ENGINE/ENGINE/Ca[0].Ga[0].Ua[6].Ma[4].PROCESSING_ELEMENT/ACC/add_31_23/g3823/CO    -       CI->CO F     FA1D0BWP         1   2.1    23    44     868    (-,-) 
  CONV_ENGINE/ENGINE/Ca[0].Ga[0].Ua[6].Ma[4].PROCESSING_ELEMENT/ACC/add_31_23/g3822/CO    -       CI->CO F     FA1D0BWP         1   2.1    23    46     914    (-,-) 
  CONV_ENGINE/ENGINE/Ca[0].Ga[0].Ua[6].Ma[4].PROCESSING_ELEMENT/ACC/add_31_23/g3821/CO    -       CI->CO F     FA1D0BWP         1   2.1    23    46     960    (-,-) 
  CONV_ENGINE/ENGINE/Ca[0].Ga[0].Ua[6].Ma[4].PROCESSING_ELEMENT/ACC/add_31_23/g3820/CO    -       CI->CO F     FA1D0BWP         1   2.1    23    46    1006    (-,-) 
  CONV_ENGINE/ENGINE/Ca[0].Ga[0].Ua[6].Ma[4].PROCESSING_ELEMENT/ACC/add_31_23/g3819/CO    -       CI->CO F     FA1D0BWP         1   2.1    23    46    1052    (-,-) 
  CONV_ENGINE/ENGINE/Ca[0].Ga[0].Ua[6].Ma[4].PROCESSING_ELEMENT/ACC/add_31_23/g3818/CO    -       CI->CO F     FA1D0BWP         1   2.1    23    46    1098    (-,-) 
  CONV_ENGINE/ENGINE/Ca[0].Ga[0].Ua[6].Ma[4].PROCESSING_ELEMENT/ACC/add_31_23/g3817/CO    -       CI->CO F     FA1D0BWP         1   2.1    23    46    1144    (-,-) 
  CONV_ENGINE/ENGINE/Ca[0].Ga[0].Ua[6].Ma[4].PROCESSING_ELEMENT/ACC/add_31_23/g3816/CO    -       CI->CO F     FA1D0BWP         1   2.6    26    48    1193    (-,-) 
  CONV_ENGINE/ENGINE/Ca[0].Ga[0].Ua[6].Ma[4].PROCESSING_ELEMENT/ACC/add_31_23/g3815/S     -       CI->S  R     FA1D1BWP         1   2.0    20    43    1236    (-,-) 
  CONV_ENGINE/ENGINE/Ca[0].Ga[0].Ua[6].Ma[4].PROCESSING_ELEMENT/ACC/retime_s11_1976_reg/D -       -      R     DFQD2BWP         1     -     -     0    1236    (-,-) 
#--------------------------------------------------------------------------------------------------------------------------------------------------------------------



Path 6: MET (0 ps) Setup Check with Pin CONV_ENGINE/ENGINE/Ca[0].Ga[0].Ua[0].Ma[3].PROCESSING_ELEMENT/ACC/retime_s11_2169_reg/CP->D
          Group: aclk
     Startpoint: (R) CONV_ENGINE/ENGINE/retime_s20_1057_reg/CP
          Clock: (R) aclk
       Endpoint: (R) CONV_ENGINE/ENGINE/Ca[0].Ga[0].Ua[0].Ma[3].PROCESSING_ELEMENT/ACC/retime_s11_2169_reg/D
          Clock: (R) aclk

                     Capture       Launch     
        Clock Edge:+    1250            0     
       Src Latency:+       0            0     
       Net Latency:+       0 (I)        0 (I) 
           Arrival:=    1250            0     
                                              
             Setup:-      18                  
     Required Time:=    1232                  
      Launch Clock:-       0                  
         Data Path:-    1232                  
             Slack:=       0                  

#------------------------------------------------------------------------------------------------------------------------------------------------------------------------
#                                        Timing Point                                          Flags    Arc   Edge    Cell      Fanout Load Trans Delay Arrival Instance 
#                                                                                                                                      (fF)  (ps)  (ps)   (ps)  Location 
#------------------------------------------------------------------------------------------------------------------------------------------------------------------------
  CONV_ENGINE/ENGINE/retime_s20_1057_reg/CP                                                    -       -      R     (arrival)      111    -     0     -       0    (-,-) 
  CONV_ENGINE/ENGINE/retime_s20_1057_reg/Q                                                     -       CP->Q  R     DFD4BWP         13 18.2    26    58      58    (-,-) 
  CONV_ENGINE/ENGINE/fopt26220/Z                                                               -       I->Z   R     CKBD4BWP         3  8.3    15    24      81    (-,-) 
  CONV_ENGINE/ENGINE/fopt26207/Z                                                               -       I->Z   R     DCCKBD8BWP      29 41.0    29    31     112    (-,-) 
  CONV_ENGINE/ENGINE/Ca[0].Ga[0].Ua[0].Ma[3].PROCESSING_ELEMENT/MUL/fopt1030/Z                 -       I->Z   R     CKBD1BWP         6  8.3    51    43     155    (-,-) 
  CONV_ENGINE/ENGINE/Ca[0].Ga[0].Ua[0].Ma[3].PROCESSING_ELEMENT/MUL/mul_59_21_g997/ZN          -       A1->ZN F     ND2D1BWP         1  2.1    29    25     180    (-,-) 
  CONV_ENGINE/ENGINE/Ca[0].Ga[0].Ua[0].Ma[3].PROCESSING_ELEMENT/MUL/mul_59_21_cdnfadd_009_0/CO -       A->CO  F     FA1D0BWP         1  2.1    23    82     262    (-,-) 
  CONV_ENGINE/ENGINE/Ca[0].Ga[0].Ua[0].Ma[3].PROCESSING_ELEMENT/MUL/mul_59_21_cdnfadd_010_1/S  -       CI->S  R     FA1D0BWP         1  2.6    35    60     322    (-,-) 
  CONV_ENGINE/ENGINE/Ca[0].Ga[0].Ua[0].Ma[3].PROCESSING_ELEMENT/MUL/g1034/S                    -       D->S   F     CMPE42D1BWP      1  2.6    21    93     415    (-,-) 
  CONV_ENGINE/ENGINE/Ca[0].Ga[0].Ua[0].Ma[3].PROCESSING_ELEMENT/MUL/mul_59_21_cdnfadd_010_3/S  -       B->S   R     FA1D0BWP         1  2.7    36    77     492    (-,-) 
  CONV_ENGINE/ENGINE/Ca[0].Ga[0].Ua[0].Ma[3].PROCESSING_ELEMENT/MUL/mul_59_21_g920/CO          -       B->CO  R     FA1D0BWP         1  2.1    29    73     565    (-,-) 
  CONV_ENGINE/ENGINE/Ca[0].Ga[0].Ua[0].Ma[3].PROCESSING_ELEMENT/MUL/mul_59_21_g919/CO          -       CI->CO R     FA1D0BWP         1  2.1    29    47     612    (-,-) 
  CONV_ENGINE/ENGINE/Ca[0].Ga[0].Ua[0].Ma[3].PROCESSING_ELEMENT/MUL/mul_59_21_g918/CO          -       CI->CO R     FA1D0BWP         1  2.1    29    47     659    (-,-) 
  CONV_ENGINE/ENGINE/Ca[0].Ga[0].Ua[0].Ma[3].PROCESSING_ELEMENT/MUL/mul_59_21_g917/CO          -       CI->CO R     FA1D0BWP         1  2.1    29    47     706    (-,-) 
  CONV_ENGINE/ENGINE/Ca[0].Ga[0].Ua[0].Ma[3].PROCESSING_ELEMENT/MUL/mul_59_21_g916/S           -       CI->S  F     FA1D0BWP         1  1.9    22    52     758    (-,-) 
  CONV_ENGINE/ENGINE/Ca[0].Ga[0].Ua[0].Ma[3].PROCESSING_ELEMENT/g1308/Z                        -       I0->Z  F     CKMUX2D1BWP      1  2.6    20    41     799    (-,-) 
  CONV_ENGINE/ENGINE/Ca[0].Ga[0].Ua[0].Ma[3].PROCESSING_ELEMENT/ACC/add_31_23/g3823/CO         -       B->CO  F     FA1D0BWP         1  2.1    23    63     862    (-,-) 
  CONV_ENGINE/ENGINE/Ca[0].Ga[0].Ua[0].Ma[3].PROCESSING_ELEMENT/ACC/add_31_23/g3822/CO         -       CI->CO F     FA1D0BWP         1  2.1    23    46     908    (-,-) 
  CONV_ENGINE/ENGINE/Ca[0].Ga[0].Ua[0].Ma[3].PROCESSING_ELEMENT/ACC/add_31_23/g3821/CO         -       CI->CO F     FA1D0BWP         1  2.1    23    46     954    (-,-) 
  CONV_ENGINE/ENGINE/Ca[0].Ga[0].Ua[0].Ma[3].PROCESSING_ELEMENT/ACC/add_31_23/g3820/CO         -       CI->CO F     FA1D0BWP         1  2.1    23    46    1001    (-,-) 
  CONV_ENGINE/ENGINE/Ca[0].Ga[0].Ua[0].Ma[3].PROCESSING_ELEMENT/ACC/add_31_23/g3819/CO         -       CI->CO F     FA1D0BWP         1  2.1    23    46    1047    (-,-) 
  CONV_ENGINE/ENGINE/Ca[0].Ga[0].Ua[0].Ma[3].PROCESSING_ELEMENT/ACC/add_31_23/g3818/CO         -       CI->CO F     FA1D0BWP         1  2.1    23    46    1093    (-,-) 
  CONV_ENGINE/ENGINE/Ca[0].Ga[0].Ua[0].Ma[3].PROCESSING_ELEMENT/ACC/add_31_23/g3817/CO         -       CI->CO F     FA1D0BWP         1  2.6    26    48    1141    (-,-) 
  CONV_ENGINE/ENGINE/Ca[0].Ga[0].Ua[0].Ma[3].PROCESSING_ELEMENT/ACC/add_31_23/g3816/CO         -       CI->CO F     FA1D1BWP         1  2.1    19    36    1178    (-,-) 
  CONV_ENGINE/ENGINE/Ca[0].Ga[0].Ua[0].Ma[3].PROCESSING_ELEMENT/ACC/add_31_23/g3815/S          -       CI->S  R     FA1D0BWP         1  2.0    29    55    1232    (-,-) 
  CONV_ENGINE/ENGINE/Ca[0].Ga[0].Ua[0].Ma[3].PROCESSING_ELEMENT/ACC/retime_s11_2169_reg/D      -       -      R     DFQD1BWP         1    -     -     0    1232    (-,-) 
#------------------------------------------------------------------------------------------------------------------------------------------------------------------------



Path 7: MET (0 ps) Setup Check with Pin CONV_ENGINE/ENGINE/Ca[0].Ga[0].Ua[0].Ma[1].PROCESSING_ELEMENT/ACC/retime_s9_1963_reg/CP->D
          Group: aclk
     Startpoint: (R) input_pipe/WEIGHTS_ROTATOR/retime_s7_1819_reg/CP
          Clock: (R) aclk
       Endpoint: (R) CONV_ENGINE/ENGINE/Ca[0].Ga[0].Ua[0].Ma[1].PROCESSING_ELEMENT/ACC/retime_s9_1963_reg/D
          Clock: (R) aclk

                     Capture       Launch     
        Clock Edge:+    1250            0     
       Src Latency:+       0            0     
       Net Latency:+       0 (I)        0 (I) 
           Arrival:=    1250            0     
                                              
             Setup:-      18                  
     Required Time:=    1232                  
      Launch Clock:-       0                  
         Data Path:-    1232                  
             Slack:=       0                  

#-------------------------------------------------------------------------------------------------------------------------------------------------------------------
#                                     Timing Point                                       Flags    Arc   Edge    Cell      Fanout  Load Trans Delay Arrival Instance 
#                                                                                                                                 (fF)  (ps)  (ps)   (ps)  Location 
#-------------------------------------------------------------------------------------------------------------------------------------------------------------------
  input_pipe/WEIGHTS_ROTATOR/retime_s7_1819_reg/CP                                       -       -      R     (arrival)     2413     -     0     -       0    (-,-) 
  input_pipe/WEIGHTS_ROTATOR/retime_s7_1819_reg/Q                                        -       CP->Q  F     DFSND4BWP        1   8.1    14    56      56    (-,-) 
  input_pipe/WEIGHTS_ROTATOR/fopt64091/ZN                                                -       I->ZN  R     INVD12BWP       17  32.1    18    15      71    (-,-) 
  input_pipe/WEIGHTS_ROTATOR/fopt64084/ZN                                                -       I->ZN  F     CKND3BWP         5   9.1    18    16      87    (-,-) 
  input_pipe/WEIGHTS_ROTATOR/g63871/ZN                                                   -       B1->ZN R     IND2D1BWP        1   2.6    20    17     104    (-,-) 
  input_pipe/WEIGHTS_ROTATOR/g63850/ZN                                                   -       A2->ZN F     ND2D2BWP         3   4.8    24    22     126    (-,-) 
  input_pipe/WEIGHTS_ROTATOR/g63007/ZN                                                   -       A1->ZN F     XNR2D1BWP        1   3.0    21    37     163    (-,-) 
  input_pipe/WEIGHTS_ROTATOR/g62978/ZN                                                   -       A3->ZN R     NR4D2BWP         1   2.4    28    31     193    (-,-) 
  input_pipe/WEIGHTS_ROTATOR/g62967/ZN                                                   -       A2->ZN F     CKND2D2BWP       1   3.1    18    20     213    (-,-) 
  input_pipe/WEIGHTS_ROTATOR/g62962/ZN                                                   -       A1->ZN R     NR4D2BWP         1   2.0    26    18     231    (-,-) 
  input_pipe/WEIGHTS_ROTATOR/g62961/Z                                                    -       A1->Z  R     AN3D2BWP         1   5.6    24    44     275    (-,-) 
  input_pipe/g74/ZN                                                                      -       A1->ZN F     ND2D8BWP         1  10.2    19    18     292    (-,-) 
  input_pipe/g73/ZN                                                                      -       I->ZN  R     INVD16BWP       35 124.7    42    31     323    (-,-) 
  CONV_ENGINE/ENGINE/g21712/ZN                                                           -       A1->ZN F     NR2XD3BWP        1   8.1    22    21     344    (-,-) 
  CONV_ENGINE/ENGINE/g21711/ZN                                                           -       I->ZN  R     INVD12BWP       25  39.9    22    19     364    (-,-) 
  CONV_ENGINE/ENGINE/g21882/ZN                                                           -       I->ZN  F     INVD16BWP        6  44.1    18    17     381    (-,-) 
  CONV_ENGINE/ENGINE/g21992/ZN                                                           -       I->ZN  R     INVD12BWP       24  30.1    17    16     396    (-,-) 
  CONV_ENGINE/ENGINE/Ca[0].Ga[0].Ua[0].Ma[1].PROCESSING_ELEMENT/ACC/g721/ZN              -       B1->ZN F     INR2XD1BWP       2   3.2    18    16     412    (-,-) 
  CONV_ENGINE/ENGINE/Ca[0].Ga[0].Ua[0].Ma[1].PROCESSING_ELEMENT/ACC/add_31_23/g3866/Z    -       A1->Z  F     AN2XD1BWP        2   3.6    18    26     438    (-,-) 
  CONV_ENGINE/ENGINE/Ca[0].Ga[0].Ua[0].Ma[1].PROCESSING_ELEMENT/ACC/add_31_23/g3844/ZN   -       A2->ZN R     OAI21D2BWP       2   4.2    33    27     465    (-,-) 
  CONV_ENGINE/ENGINE/Ca[0].Ga[0].Ua[0].Ma[1].PROCESSING_ELEMENT/ACC/add_31_23/g3842/ZN   -       A1->ZN F     OAI21D2BWP       2   4.0    32    24     489    (-,-) 
  CONV_ENGINE/ENGINE/Ca[0].Ga[0].Ua[0].Ma[1].PROCESSING_ELEMENT/ACC/add_31_23/g3841/ZN   -       A1->ZN R     AOI22D2BWP       2   3.3    32    27     516    (-,-) 
  CONV_ENGINE/ENGINE/Ca[0].Ga[0].Ua[0].Ma[1].PROCESSING_ELEMENT/ACC/add_31_23/g3838/ZN   -       A1->ZN F     MAOI22D1BWP      1   2.6    26    22     538    (-,-) 
  CONV_ENGINE/ENGINE/Ca[0].Ga[0].Ua[0].Ma[1].PROCESSING_ELEMENT/ACC/add_31_23/g3837/CO   -       CI->CO F     FA1D2BWP         2   4.9    22    38     576    (-,-) 
  CONV_ENGINE/ENGINE/Ca[0].Ga[0].Ua[0].Ma[1].PROCESSING_ELEMENT/ACC/add_31_23/g3835/ZN   -       A1->ZN R     OAI21D4BWP       2   3.6    22    18     595    (-,-) 
  CONV_ENGINE/ENGINE/Ca[0].Ga[0].Ua[0].Ma[1].PROCESSING_ELEMENT/ACC/add_31_23/g3833/Z    -       A1->Z  R     OA21D2BWP        2   3.6    18    30     624    (-,-) 
  CONV_ENGINE/ENGINE/Ca[0].Ga[0].Ua[0].Ma[1].PROCESSING_ELEMENT/ACC/add_31_23/g2/Z       -       A1->Z  R     OA21D1BWP        2   3.6    25    30     654    (-,-) 
  CONV_ENGINE/ENGINE/Ca[0].Ga[0].Ua[0].Ma[1].PROCESSING_ELEMENT/ACC/add_31_23/g3828/ZN   -       A1->ZN F     OAI21D1BWP       1   2.6    32    21     676    (-,-) 
  CONV_ENGINE/ENGINE/Ca[0].Ga[0].Ua[0].Ma[1].PROCESSING_ELEMENT/ACC/add_31_23/g3827/CO   -       CI->CO F     FA1D2BWP         1   2.6    18    36     712    (-,-) 
  CONV_ENGINE/ENGINE/Ca[0].Ga[0].Ua[0].Ma[1].PROCESSING_ELEMENT/ACC/add_31_23/g3826/CO   -       CI->CO F     FA1D1BWP         1   2.6    20    35     747    (-,-) 
  CONV_ENGINE/ENGINE/Ca[0].Ga[0].Ua[0].Ma[1].PROCESSING_ELEMENT/ACC/add_31_23/g3825/CO   -       CI->CO F     FA1D1BWP         1   2.6    20    36     783    (-,-) 
  CONV_ENGINE/ENGINE/Ca[0].Ga[0].Ua[0].Ma[1].PROCESSING_ELEMENT/ACC/add_31_23/g3824/CO   -       CI->CO F     FA1D1BWP         1   2.1    19    35     818    (-,-) 
  CONV_ENGINE/ENGINE/Ca[0].Ga[0].Ua[0].Ma[1].PROCESSING_ELEMENT/ACC/add_31_23/g3823/CO   -       CI->CO F     FA1D0BWP         1   2.1    23    44     862    (-,-) 
  CONV_ENGINE/ENGINE/Ca[0].Ga[0].Ua[0].Ma[1].PROCESSING_ELEMENT/ACC/add_31_23/g3822/CO   -       CI->CO F     FA1D0BWP         1   2.1    23    46     908    (-,-) 
  CONV_ENGINE/ENGINE/Ca[0].Ga[0].Ua[0].Ma[1].PROCESSING_ELEMENT/ACC/add_31_23/g3821/CO   -       CI->CO F     FA1D0BWP         1   2.1    23    46     954    (-,-) 
  CONV_ENGINE/ENGINE/Ca[0].Ga[0].Ua[0].Ma[1].PROCESSING_ELEMENT/ACC/add_31_23/g3820/CO   -       CI->CO F     FA1D0BWP         1   2.1    23    46    1001    (-,-) 
  CONV_ENGINE/ENGINE/Ca[0].Ga[0].Ua[0].Ma[1].PROCESSING_ELEMENT/ACC/add_31_23/g3819/CO   -       CI->CO F     FA1D0BWP         1   2.1    23    46    1047    (-,-) 
  CONV_ENGINE/ENGINE/Ca[0].Ga[0].Ua[0].Ma[1].PROCESSING_ELEMENT/ACC/add_31_23/g3818/CO   -       CI->CO F     FA1D0BWP         1   2.1    23    46    1093    (-,-) 
  CONV_ENGINE/ENGINE/Ca[0].Ga[0].Ua[0].Ma[1].PROCESSING_ELEMENT/ACC/add_31_23/g3817/CO   -       CI->CO F     FA1D0BWP         1   2.6    26    48    1141    (-,-) 
  CONV_ENGINE/ENGINE/Ca[0].Ga[0].Ua[0].Ma[1].PROCESSING_ELEMENT/ACC/add_31_23/g3816/CO   -       CI->CO F     FA1D1BWP         1   2.1    19    36    1178    (-,-) 
  CONV_ENGINE/ENGINE/Ca[0].Ga[0].Ua[0].Ma[1].PROCESSING_ELEMENT/ACC/add_31_23/g3815/S    -       CI->S  R     FA1D0BWP         1   2.0    29    55    1232    (-,-) 
  CONV_ENGINE/ENGINE/Ca[0].Ga[0].Ua[0].Ma[1].PROCESSING_ELEMENT/ACC/retime_s9_1963_reg/D -       -      R     DFQD1BWP         1     -     -     0    1232    (-,-) 
#-------------------------------------------------------------------------------------------------------------------------------------------------------------------



Path 8: MET (0 ps) Setup Check with Pin CONV_ENGINE/ENGINE/Ca[0].Ga[0].Ua[4].Ma[95].PROCESSING_ELEMENT/ACC/retime_s61_166_reg/CP->D
          Group: aclk
     Startpoint: (R) CONV_ENGINE/ENGINE/Ca[0].Ga[0].Ua[4].Ma[95].PROCESSING_ELEMENT/MUL/mul_59_21/retime_s17_1443_reg/CP
          Clock: (R) aclk
       Endpoint: (F) CONV_ENGINE/ENGINE/Ca[0].Ga[0].Ua[4].Ma[95].PROCESSING_ELEMENT/ACC/retime_s61_166_reg/D
          Clock: (R) aclk

                     Capture       Launch     
        Clock Edge:+    1250            0     
       Src Latency:+       0            0     
       Net Latency:+       0 (I)        0 (I) 
           Arrival:=    1250            0     
                                              
             Setup:-       5                  
     Required Time:=    1245                  
      Launch Clock:-       0                  
         Data Path:-    1245                  
             Slack:=       0                  

#-------------------------------------------------------------------------------------------------------------------------------------------------------------------------------
#                                            Timing Point                                             Flags    Arc   Edge    Cell      Fanout Load Trans Delay Arrival Instance 
#                                                                                                                                             (fF)  (ps)  (ps)   (ps)  Location 
#-------------------------------------------------------------------------------------------------------------------------------------------------------------------------------
  CONV_ENGINE/ENGINE/Ca[0].Ga[0].Ua[4].Ma[95].PROCESSING_ELEMENT/MUL/mul_59_21/retime_s17_1443_reg/CP -       -      R     (arrival)       12    -     0     -       0    (-,-) 
  CONV_ENGINE/ENGINE/Ca[0].Ga[0].Ua[4].Ma[95].PROCESSING_ELEMENT/MUL/mul_59_21/retime_s17_1443_reg/QN -       CP->QN R     DFD1BWP          5  7.1    44    89      89    (-,-) 
  CONV_ENGINE/ENGINE/Ca[0].Ga[0].Ua[4].Ma[95].PROCESSING_ELEMENT/MUL/mul_59_21/g7130/ZN               -       B2->ZN R     MOAI22D0BWP      1  2.0    48    46     135    (-,-) 
  CONV_ENGINE/ENGINE/Ca[0].Ga[0].Ua[4].Ma[95].PROCESSING_ELEMENT/MUL/mul_59_21/g7114/ZN               -       A1->ZN F     CKND2D1BWP       2  3.2    34    29     164    (-,-) 
  CONV_ENGINE/ENGINE/Ca[0].Ga[0].Ua[4].Ma[95].PROCESSING_ELEMENT/MUL/mul_59_21/g7112/ZN               -       A1->ZN R     NR2D1BWP         2  3.2    47    37     201    (-,-) 
  CONV_ENGINE/ENGINE/Ca[0].Ga[0].Ua[4].Ma[95].PROCESSING_ELEMENT/MUL/mul_59_21/g7216/ZN               -       A1->ZN R     IND2D1BWP        1  2.7    25    33     234    (-,-) 
  CONV_ENGINE/ENGINE/Ca[0].Ga[0].Ua[4].Ma[95].PROCESSING_ELEMENT/MUL/mul_59_21/g7076/CO               -       B->CO  R     FA1D1BWP         1  2.6    23    66     299    (-,-) 
  CONV_ENGINE/ENGINE/Ca[0].Ga[0].Ua[4].Ma[95].PROCESSING_ELEMENT/MUL/mul_59_21/g7074/ZN               -       I->ZN  F     INVD2BWP         2  4.1    14    14     313    (-,-) 
  CONV_ENGINE/ENGINE/Ca[0].Ga[0].Ua[4].Ma[95].PROCESSING_ELEMENT/MUL/mul_59_21/g7068/Z                -       A2->Z  R     XOR3D1BWP        1  1.9    19    69     382    (-,-) 
  CONV_ENGINE/ENGINE/Ca[0].Ga[0].Ua[4].Ma[95].PROCESSING_ELEMENT/g1318/Z                              -       A1->Z  R     AO22D0BWP        2  3.1    36    42     424    (-,-) 
  CONV_ENGINE/ENGINE/Ca[0].Ga[0].Ua[4].Ma[95].PROCESSING_ELEMENT/ACC/add_31_23_g1056/ZN               -       A1->ZN F     NR2XD0BWP        2  3.1    35    29     453    (-,-) 
  CONV_ENGINE/ENGINE/Ca[0].Ga[0].Ua[4].Ma[95].PROCESSING_ELEMENT/ACC/add_31_23_g1017/ZN               -       A1->ZN R     OAI21D1BWP       1  2.1    34    28     481    (-,-) 
  CONV_ENGINE/ENGINE/Ca[0].Ga[0].Ua[4].Ma[95].PROCESSING_ELEMENT/ACC/add_31_23_g1016/CO               -       CI->CO R     FA1D0BWP         2  3.4    42    56     537    (-,-) 
  CONV_ENGINE/ENGINE/Ca[0].Ga[0].Ua[4].Ma[95].PROCESSING_ELEMENT/ACC/add_31_23_g1015/ZN               -       I->ZN  F     INVD1BWP         1  2.0    19    17     554    (-,-) 
  CONV_ENGINE/ENGINE/Ca[0].Ga[0].Ua[4].Ma[95].PROCESSING_ELEMENT/ACC/add_31_23_g1013/ZN               -       A2->ZN R     OAI21D1BWP       1  2.1    34    27     581    (-,-) 
  CONV_ENGINE/ENGINE/Ca[0].Ga[0].Ua[4].Ma[95].PROCESSING_ELEMENT/ACC/add_31_23_g1012/CO               -       CI->CO R     FA1D0BWP         1  2.6    34    51     632    (-,-) 
  CONV_ENGINE/ENGINE/Ca[0].Ga[0].Ua[4].Ma[95].PROCESSING_ELEMENT/ACC/add_31_23_g1011/CO               -       CI->CO R     FA1D1BWP         2  3.2    26    39     671    (-,-) 
  CONV_ENGINE/ENGINE/Ca[0].Ga[0].Ua[4].Ma[95].PROCESSING_ELEMENT/ACC/add_31_23_g1009/ZN               -       A2->ZN R     IOA21D1BWP       2  3.2    27    39     710    (-,-) 
  CONV_ENGINE/ENGINE/Ca[0].Ga[0].Ua[4].Ma[95].PROCESSING_ELEMENT/ACC/add_31_23_g1007/ZN               -       A2->ZN R     IOA21D1BWP       2  3.2    27    39     749    (-,-) 
  CONV_ENGINE/ENGINE/Ca[0].Ga[0].Ua[4].Ma[95].PROCESSING_ELEMENT/ACC/add_31_23_g1005/ZN               -       A1->ZN R     IOA21D1BWP       2  3.6    29    40     789    (-,-) 
  CONV_ENGINE/ENGINE/Ca[0].Ga[0].Ua[4].Ma[95].PROCESSING_ELEMENT/ACC/add_31_23_g1004/ZN               -       B1->ZN F     IND2D1BWP        2  3.2    29    24     813    (-,-) 
  CONV_ENGINE/ENGINE/Ca[0].Ga[0].Ua[4].Ma[95].PROCESSING_ELEMENT/ACC/add_31_23_g1001/Z                -       A1->Z  F     OA221D1BWP       2  3.3    22    43     856    (-,-) 
  CONV_ENGINE/ENGINE/Ca[0].Ga[0].Ua[4].Ma[95].PROCESSING_ELEMENT/ACC/add_31_23_g998/ZN                -       A1->ZN R     OAI21D1BWP       1  2.6    36    28     884    (-,-) 
  CONV_ENGINE/ENGINE/Ca[0].Ga[0].Ua[4].Ma[95].PROCESSING_ELEMENT/ACC/add_31_23_g997/CO                -       CI->CO R     FA1D1BWP         2  3.6    28    40     924    (-,-) 
  CONV_ENGINE/ENGINE/Ca[0].Ga[0].Ua[4].Ma[95].PROCESSING_ELEMENT/ACC/add_31_23_g996/ZN                -       B1->ZN F     IND2D1BWP        2  3.2    29    24     948    (-,-) 
  CONV_ENGINE/ENGINE/Ca[0].Ga[0].Ua[4].Ma[95].PROCESSING_ELEMENT/ACC/add_31_23_g993/ZN                -       A1->ZN R     OAI21D1BWP       1  2.1    33    27     975    (-,-) 
  CONV_ENGINE/ENGINE/Ca[0].Ga[0].Ua[4].Ma[95].PROCESSING_ELEMENT/ACC/add_31_23_g991/CO                -       CI->CO R     FA1D0BWP         1  2.6    34    51    1026    (-,-) 
  CONV_ENGINE/ENGINE/Ca[0].Ga[0].Ua[4].Ma[95].PROCESSING_ELEMENT/ACC/add_31_23_g990/CO                -       CI->CO R     FA1D1BWP         1  2.1    20    35    1061    (-,-) 
  CONV_ENGINE/ENGINE/Ca[0].Ga[0].Ua[4].Ma[95].PROCESSING_ELEMENT/ACC/add_31_23_g989/CO                -       CI->CO R     FA1D0BWP         1  2.6    34    47    1109    (-,-) 
  CONV_ENGINE/ENGINE/Ca[0].Ga[0].Ua[4].Ma[95].PROCESSING_ELEMENT/ACC/add_31_23_g988/CO                -       CI->CO R     FA1D1BWP         1  2.1    20    35    1144    (-,-) 
  CONV_ENGINE/ENGINE/Ca[0].Ga[0].Ua[4].Ma[95].PROCESSING_ELEMENT/ACC/add_31_23_g987/CO                -       CI->CO R     FA1D0BWP         1  2.1    29    44    1188    (-,-) 
  CONV_ENGINE/ENGINE/Ca[0].Ga[0].Ua[4].Ma[95].PROCESSING_ELEMENT/ACC/add_31_23_g986/Z                 -       A3->Z  F     XOR3D1BWP        2  3.2    24    57    1245    (-,-) 
  CONV_ENGINE/ENGINE/Ca[0].Ga[0].Ua[4].Ma[95].PROCESSING_ELEMENT/ACC/retime_s61_166_reg/D             -       -      F     DFQD1BWP         2    -     -     0    1245    (-,-) 
#-------------------------------------------------------------------------------------------------------------------------------------------------------------------------------



Path 9: MET (0 ps) Setup Check with Pin CONV_ENGINE/ENGINE/Ca[0].Ga[0].Ua[4].Ma[95].PROCESSING_ELEMENT/ACC/retime_s61_166_reg/CP->D
          Group: aclk
     Startpoint: (R) CONV_ENGINE/ENGINE/Ca[0].Ga[0].Ua[4].Ma[95].PROCESSING_ELEMENT/MUL/mul_59_21/retime_s7_1805_reg/CP
          Clock: (R) aclk
       Endpoint: (F) CONV_ENGINE/ENGINE/Ca[0].Ga[0].Ua[4].Ma[95].PROCESSING_ELEMENT/ACC/retime_s61_166_reg/D
          Clock: (R) aclk

                     Capture       Launch     
        Clock Edge:+    1250            0     
       Src Latency:+       0            0     
       Net Latency:+       0 (I)        0 (I) 
           Arrival:=    1250            0     
                                              
             Setup:-       5                  
     Required Time:=    1245                  
      Launch Clock:-       0                  
         Data Path:-    1245                  
             Slack:=       0                  

#-------------------------------------------------------------------------------------------------------------------------------------------------------------------------------
#                                           Timing Point                                             Flags    Arc   Edge     Cell      Fanout Load Trans Delay Arrival Instance 
#                                                                                                                                             (fF)  (ps)  (ps)   (ps)  Location 
#-------------------------------------------------------------------------------------------------------------------------------------------------------------------------------
  CONV_ENGINE/ENGINE/Ca[0].Ga[0].Ua[4].Ma[95].PROCESSING_ELEMENT/MUL/mul_59_21/retime_s7_1805_reg/CP -       -      R     (arrival)        12    -     0     -       0    (-,-) 
  CONV_ENGINE/ENGINE/Ca[0].Ga[0].Ua[4].Ma[95].PROCESSING_ELEMENT/MUL/mul_59_21/retime_s7_1805_reg/Q  -       CP->Q  F     DFQD1BWP          3  4.3    24    70      70    (-,-) 
  CONV_ENGINE/ENGINE/Ca[0].Ga[0].Ua[4].Ma[95].PROCESSING_ELEMENT/MUL/mul_59_21/g7165/ZN              -       A1->ZN R     NR2XD0BWP         2  3.8    50    36     106    (-,-) 
  CONV_ENGINE/ENGINE/Ca[0].Ga[0].Ua[4].Ma[95].PROCESSING_ELEMENT/MUL/mul_59_21/g7233/ZN              -       B2->ZN F     IND3D2BWP         2  3.3    39    31     138    (-,-) 
  CONV_ENGINE/ENGINE/Ca[0].Ga[0].Ua[4].Ma[95].PROCESSING_ELEMENT/MUL/mul_59_21/g7114/ZN              -       A2->ZN R     CKND2D1BWP        2  3.2    36    31     169    (-,-) 
  CONV_ENGINE/ENGINE/Ca[0].Ga[0].Ua[4].Ma[95].PROCESSING_ELEMENT/MUL/mul_59_21/g7112/ZN              -       A1->ZN F     NR2D1BWP          2  3.2    25    20     189    (-,-) 
  CONV_ENGINE/ENGINE/Ca[0].Ga[0].Ua[4].Ma[95].PROCESSING_ELEMENT/MUL/mul_59_21/g7216/ZN              -       A1->ZN F     IND2D1BWP         1  2.7    26    35     224    (-,-) 
  CONV_ENGINE/ENGINE/Ca[0].Ga[0].Ua[4].Ma[95].PROCESSING_ELEMENT/MUL/mul_59_21/g7076/CO              -       B->CO  F     FA1D1BWP          1  2.6    20    69     294    (-,-) 
  CONV_ENGINE/ENGINE/Ca[0].Ga[0].Ua[4].Ma[95].PROCESSING_ELEMENT/MUL/mul_59_21/g7074/ZN              -       I->ZN  R     INVD2BWP          2  4.1    18    16     310    (-,-) 
  CONV_ENGINE/ENGINE/Ca[0].Ga[0].Ua[4].Ma[95].PROCESSING_ELEMENT/MUL/mul_59_21/g7067/ZN              -       B->ZN  F     MAOI222D1BWP      1  2.6    60    44     353    (-,-) 
  CONV_ENGINE/ENGINE/Ca[0].Ga[0].Ua[4].Ma[95].PROCESSING_ELEMENT/MUL/mul_59_21/g7051/CO              -       CI->CO F     FA1D1BWP          2  3.3    23    48     401    (-,-) 
  CONV_ENGINE/ENGINE/Ca[0].Ga[0].Ua[4].Ma[95].PROCESSING_ELEMENT/MUL/mul_59_21/g7043/Z               -       A2->Z  F     OA21D1BWP         2  3.4    19    37     439    (-,-) 
  CONV_ENGINE/ENGINE/Ca[0].Ga[0].Ua[4].Ma[95].PROCESSING_ELEMENT/MUL/mul_59_21/g7234/Z               -       A1->Z  R     XOR3D1BWP         1  1.9    19    82     520    (-,-) 
  CONV_ENGINE/ENGINE/Ca[0].Ga[0].Ua[4].Ma[95].PROCESSING_ELEMENT/g1296/Z                             -       I0->Z  R     MUX2D1BWP         1  2.7    23    39     560    (-,-) 
  CONV_ENGINE/ENGINE/Ca[0].Ga[0].Ua[4].Ma[95].PROCESSING_ELEMENT/ACC/add_31_23_g1012/CO              -       B->CO  R     FA1D0BWP          1  2.6    34    72     632    (-,-) 
  CONV_ENGINE/ENGINE/Ca[0].Ga[0].Ua[4].Ma[95].PROCESSING_ELEMENT/ACC/add_31_23_g1011/CO              -       CI->CO R     FA1D1BWP          2  3.2    26    39     671    (-,-) 
  CONV_ENGINE/ENGINE/Ca[0].Ga[0].Ua[4].Ma[95].PROCESSING_ELEMENT/ACC/add_31_23_g1009/ZN              -       A2->ZN R     IOA21D1BWP        2  3.2    27    39     710    (-,-) 
  CONV_ENGINE/ENGINE/Ca[0].Ga[0].Ua[4].Ma[95].PROCESSING_ELEMENT/ACC/add_31_23_g1007/ZN              -       A2->ZN R     IOA21D1BWP        2  3.2    27    39     749    (-,-) 
  CONV_ENGINE/ENGINE/Ca[0].Ga[0].Ua[4].Ma[95].PROCESSING_ELEMENT/ACC/add_31_23_g1005/ZN              -       A1->ZN R     IOA21D1BWP        2  3.6    29    40     789    (-,-) 
  CONV_ENGINE/ENGINE/Ca[0].Ga[0].Ua[4].Ma[95].PROCESSING_ELEMENT/ACC/add_31_23_g1004/ZN              -       B1->ZN F     IND2D1BWP         2  3.2    29    24     813    (-,-) 
  CONV_ENGINE/ENGINE/Ca[0].Ga[0].Ua[4].Ma[95].PROCESSING_ELEMENT/ACC/add_31_23_g1001/Z               -       A1->Z  F     OA221D1BWP        2  3.3    22    43     856    (-,-) 
  CONV_ENGINE/ENGINE/Ca[0].Ga[0].Ua[4].Ma[95].PROCESSING_ELEMENT/ACC/add_31_23_g998/ZN               -       A1->ZN R     OAI21D1BWP        1  2.6    36    28     884    (-,-) 
  CONV_ENGINE/ENGINE/Ca[0].Ga[0].Ua[4].Ma[95].PROCESSING_ELEMENT/ACC/add_31_23_g997/CO               -       CI->CO R     FA1D1BWP          2  3.6    28    40     924    (-,-) 
  CONV_ENGINE/ENGINE/Ca[0].Ga[0].Ua[4].Ma[95].PROCESSING_ELEMENT/ACC/add_31_23_g996/ZN               -       B1->ZN F     IND2D1BWP         2  3.2    29    24     948    (-,-) 
  CONV_ENGINE/ENGINE/Ca[0].Ga[0].Ua[4].Ma[95].PROCESSING_ELEMENT/ACC/add_31_23_g993/ZN               -       A1->ZN R     OAI21D1BWP        1  2.1    33    27     975    (-,-) 
  CONV_ENGINE/ENGINE/Ca[0].Ga[0].Ua[4].Ma[95].PROCESSING_ELEMENT/ACC/add_31_23_g991/CO               -       CI->CO R     FA1D0BWP          1  2.6    34    51    1026    (-,-) 
  CONV_ENGINE/ENGINE/Ca[0].Ga[0].Ua[4].Ma[95].PROCESSING_ELEMENT/ACC/add_31_23_g990/CO               -       CI->CO R     FA1D1BWP          1  2.1    20    35    1061    (-,-) 
  CONV_ENGINE/ENGINE/Ca[0].Ga[0].Ua[4].Ma[95].PROCESSING_ELEMENT/ACC/add_31_23_g989/CO               -       CI->CO R     FA1D0BWP          1  2.6    34    47    1109    (-,-) 
  CONV_ENGINE/ENGINE/Ca[0].Ga[0].Ua[4].Ma[95].PROCESSING_ELEMENT/ACC/add_31_23_g988/CO               -       CI->CO R     FA1D1BWP          1  2.1    20    35    1144    (-,-) 
  CONV_ENGINE/ENGINE/Ca[0].Ga[0].Ua[4].Ma[95].PROCESSING_ELEMENT/ACC/add_31_23_g987/CO               -       CI->CO R     FA1D0BWP          1  2.1    29    44    1188    (-,-) 
  CONV_ENGINE/ENGINE/Ca[0].Ga[0].Ua[4].Ma[95].PROCESSING_ELEMENT/ACC/add_31_23_g986/Z                -       A3->Z  F     XOR3D1BWP         2  3.2    24    57    1245    (-,-) 
  CONV_ENGINE/ENGINE/Ca[0].Ga[0].Ua[4].Ma[95].PROCESSING_ELEMENT/ACC/retime_s61_166_reg/D            -       -      F     DFQD1BWP          2    -     -     0    1245    (-,-) 
#-------------------------------------------------------------------------------------------------------------------------------------------------------------------------------



Path 10: MET (0 ps) Setup Check with Pin CONV_ENGINE/ENGINE/Ca[0].Ga[0].Ua[4].Ma[95].PROCESSING_ELEMENT/ACC/retime_s61_165_reg/CP->D
          Group: aclk
     Startpoint: (R) CONV_ENGINE/ENGINE/Ca[0].Ga[0].Ua[4].Ma[95].PROCESSING_ELEMENT/MUL/mul_59_21/retime_s17_1443_reg/CP
          Clock: (R) aclk
       Endpoint: (F) CONV_ENGINE/ENGINE/Ca[0].Ga[0].Ua[4].Ma[95].PROCESSING_ELEMENT/ACC/retime_s61_165_reg/D
          Clock: (R) aclk

                     Capture       Launch     
        Clock Edge:+    1250            0     
       Src Latency:+       0            0     
       Net Latency:+       0 (I)        0 (I) 
           Arrival:=    1250            0     
                                              
             Setup:-       5                  
     Required Time:=    1245                  
      Launch Clock:-       0                  
         Data Path:-    1245                  
             Slack:=       0                  

#-------------------------------------------------------------------------------------------------------------------------------------------------------------------------------
#                                            Timing Point                                             Flags    Arc   Edge    Cell      Fanout Load Trans Delay Arrival Instance 
#                                                                                                                                             (fF)  (ps)  (ps)   (ps)  Location 
#-------------------------------------------------------------------------------------------------------------------------------------------------------------------------------
  CONV_ENGINE/ENGINE/Ca[0].Ga[0].Ua[4].Ma[95].PROCESSING_ELEMENT/MUL/mul_59_21/retime_s17_1443_reg/CP -       -      R     (arrival)       12    -     0     -       0    (-,-) 
  CONV_ENGINE/ENGINE/Ca[0].Ga[0].Ua[4].Ma[95].PROCESSING_ELEMENT/MUL/mul_59_21/retime_s17_1443_reg/QN -       CP->QN R     DFD1BWP          5  7.1    44    89      89    (-,-) 
  CONV_ENGINE/ENGINE/Ca[0].Ga[0].Ua[4].Ma[95].PROCESSING_ELEMENT/MUL/mul_59_21/g7130/ZN               -       B2->ZN R     MOAI22D0BWP      1  2.0    48    46     135    (-,-) 
  CONV_ENGINE/ENGINE/Ca[0].Ga[0].Ua[4].Ma[95].PROCESSING_ELEMENT/MUL/mul_59_21/g7114/ZN               -       A1->ZN F     CKND2D1BWP       2  3.2    34    29     164    (-,-) 
  CONV_ENGINE/ENGINE/Ca[0].Ga[0].Ua[4].Ma[95].PROCESSING_ELEMENT/MUL/mul_59_21/g7112/ZN               -       A1->ZN R     NR2D1BWP         2  3.2    47    37     201    (-,-) 
  CONV_ENGINE/ENGINE/Ca[0].Ga[0].Ua[4].Ma[95].PROCESSING_ELEMENT/MUL/mul_59_21/g7216/ZN               -       A1->ZN R     IND2D1BWP        1  2.7    25    33     234    (-,-) 
  CONV_ENGINE/ENGINE/Ca[0].Ga[0].Ua[4].Ma[95].PROCESSING_ELEMENT/MUL/mul_59_21/g7076/CO               -       B->CO  R     FA1D1BWP         1  2.6    23    66     299    (-,-) 
  CONV_ENGINE/ENGINE/Ca[0].Ga[0].Ua[4].Ma[95].PROCESSING_ELEMENT/MUL/mul_59_21/g7074/ZN               -       I->ZN  F     INVD2BWP         2  4.1    14    14     313    (-,-) 
  CONV_ENGINE/ENGINE/Ca[0].Ga[0].Ua[4].Ma[95].PROCESSING_ELEMENT/MUL/mul_59_21/g7068/Z                -       A2->Z  R     XOR3D1BWP        1  1.9    19    69     382    (-,-) 
  CONV_ENGINE/ENGINE/Ca[0].Ga[0].Ua[4].Ma[95].PROCESSING_ELEMENT/g1318/Z                              -       A1->Z  R     AO22D0BWP        2  3.1    36    42     424    (-,-) 
  CONV_ENGINE/ENGINE/Ca[0].Ga[0].Ua[4].Ma[95].PROCESSING_ELEMENT/ACC/add_31_23_g1056/ZN               -       A1->ZN F     NR2XD0BWP        2  3.1    35    29     453    (-,-) 
  CONV_ENGINE/ENGINE/Ca[0].Ga[0].Ua[4].Ma[95].PROCESSING_ELEMENT/ACC/add_31_23_g1017/ZN               -       A1->ZN R     OAI21D1BWP       1  2.1    34    28     481    (-,-) 
  CONV_ENGINE/ENGINE/Ca[0].Ga[0].Ua[4].Ma[95].PROCESSING_ELEMENT/ACC/add_31_23_g1016/CO               -       CI->CO R     FA1D0BWP         2  3.4    42    56     537    (-,-) 
  CONV_ENGINE/ENGINE/Ca[0].Ga[0].Ua[4].Ma[95].PROCESSING_ELEMENT/ACC/add_31_23_g1015/ZN               -       I->ZN  F     INVD1BWP         1  2.0    19    17     554    (-,-) 
  CONV_ENGINE/ENGINE/Ca[0].Ga[0].Ua[4].Ma[95].PROCESSING_ELEMENT/ACC/add_31_23_g1013/ZN               -       A2->ZN R     OAI21D1BWP       1  2.1    34    27     581    (-,-) 
  CONV_ENGINE/ENGINE/Ca[0].Ga[0].Ua[4].Ma[95].PROCESSING_ELEMENT/ACC/add_31_23_g1012/CO               -       CI->CO R     FA1D0BWP         1  2.6    34    51     632    (-,-) 
  CONV_ENGINE/ENGINE/Ca[0].Ga[0].Ua[4].Ma[95].PROCESSING_ELEMENT/ACC/add_31_23_g1011/CO               -       CI->CO R     FA1D1BWP         2  3.2    26    39     671    (-,-) 
  CONV_ENGINE/ENGINE/Ca[0].Ga[0].Ua[4].Ma[95].PROCESSING_ELEMENT/ACC/add_31_23_g1009/ZN               -       A2->ZN R     IOA21D1BWP       2  3.2    27    39     710    (-,-) 
  CONV_ENGINE/ENGINE/Ca[0].Ga[0].Ua[4].Ma[95].PROCESSING_ELEMENT/ACC/add_31_23_g1007/ZN               -       A2->ZN R     IOA21D1BWP       2  3.2    27    39     749    (-,-) 
  CONV_ENGINE/ENGINE/Ca[0].Ga[0].Ua[4].Ma[95].PROCESSING_ELEMENT/ACC/add_31_23_g1005/ZN               -       A1->ZN R     IOA21D1BWP       2  3.6    29    40     789    (-,-) 
  CONV_ENGINE/ENGINE/Ca[0].Ga[0].Ua[4].Ma[95].PROCESSING_ELEMENT/ACC/add_31_23_g1004/ZN               -       B1->ZN F     IND2D1BWP        2  3.2    29    24     813    (-,-) 
  CONV_ENGINE/ENGINE/Ca[0].Ga[0].Ua[4].Ma[95].PROCESSING_ELEMENT/ACC/add_31_23_g1001/Z                -       A1->Z  F     OA221D1BWP       2  3.3    22    43     856    (-,-) 
  CONV_ENGINE/ENGINE/Ca[0].Ga[0].Ua[4].Ma[95].PROCESSING_ELEMENT/ACC/add_31_23_g998/ZN                -       A1->ZN R     OAI21D1BWP       1  2.6    36    28     884    (-,-) 
  CONV_ENGINE/ENGINE/Ca[0].Ga[0].Ua[4].Ma[95].PROCESSING_ELEMENT/ACC/add_31_23_g997/CO                -       CI->CO R     FA1D1BWP         2  3.6    28    40     924    (-,-) 
  CONV_ENGINE/ENGINE/Ca[0].Ga[0].Ua[4].Ma[95].PROCESSING_ELEMENT/ACC/add_31_23_g996/ZN                -       B1->ZN F     IND2D1BWP        2  3.2    29    24     948    (-,-) 
  CONV_ENGINE/ENGINE/Ca[0].Ga[0].Ua[4].Ma[95].PROCESSING_ELEMENT/ACC/add_31_23_g993/ZN                -       A1->ZN R     OAI21D1BWP       1  2.1    33    27     975    (-,-) 
  CONV_ENGINE/ENGINE/Ca[0].Ga[0].Ua[4].Ma[95].PROCESSING_ELEMENT/ACC/add_31_23_g991/CO                -       CI->CO R     FA1D0BWP         1  2.6    34    51    1026    (-,-) 
  CONV_ENGINE/ENGINE/Ca[0].Ga[0].Ua[4].Ma[95].PROCESSING_ELEMENT/ACC/add_31_23_g990/CO                -       CI->CO R     FA1D1BWP         1  2.1    20    35    1061    (-,-) 
  CONV_ENGINE/ENGINE/Ca[0].Ga[0].Ua[4].Ma[95].PROCESSING_ELEMENT/ACC/add_31_23_g989/CO                -       CI->CO R     FA1D0BWP         1  2.6    34    47    1109    (-,-) 
  CONV_ENGINE/ENGINE/Ca[0].Ga[0].Ua[4].Ma[95].PROCESSING_ELEMENT/ACC/add_31_23_g988/CO                -       CI->CO R     FA1D1BWP         1  2.1    20    35    1144    (-,-) 
  CONV_ENGINE/ENGINE/Ca[0].Ga[0].Ua[4].Ma[95].PROCESSING_ELEMENT/ACC/add_31_23_g987/CO                -       CI->CO R     FA1D0BWP         1  2.1    29    44    1188    (-,-) 
  CONV_ENGINE/ENGINE/Ca[0].Ga[0].Ua[4].Ma[95].PROCESSING_ELEMENT/ACC/add_31_23_g986/Z                 -       A3->Z  F     XOR3D1BWP        2  3.2    24    57    1245    (-,-) 
  CONV_ENGINE/ENGINE/Ca[0].Ga[0].Ua[4].Ma[95].PROCESSING_ELEMENT/ACC/retime_s61_165_reg/D             -       -      F     DFQD1BWP         2    -     -     0    1245    (-,-) 
#-------------------------------------------------------------------------------------------------------------------------------------------------------------------------------

