============================================================
  Generated by:           Genus(TM) Synthesis Solution 18.10-p003_1
  Generated on:           Dec 21 2023  07:24:37 pm
  Module:                 dnn_engine
  Technology libraries:   sc9_cln65lp_base_rvt_ss_typical_max_1p08v_125c 1
                          SRAM_WEIGHTS_ss_1p08v_1p08v_125c 1.1
                          SRAM_EDGES_ss_1p08v_1p08v_125c 1.1
                          physical_cells 
  Operating conditions:   ss_typical_max_1p08v_125c 
  Interconnect mode:      global
  Area mode:              physical library
============================================================

                                     Instance                                                     Module                  Cell Count  Cell Area   Net Area   Combinational    Buffer   Inverter      Flop      Latch   Clock-Gate   Memory   Macro   Total Area 
----------------------------------------------------------------------------------------------------------------------------------------------------------------------------------------------------------------------------------------------------------------
dnn_engine                                                                                                                     76396 435702.960 123125.670      218696.400  5320.080  20483.280  190697.760  505.440        0.000    0.000   0.000   558828.630 
  PROC_OUT_PROC_ENGINE_add_94_59_I5_I18                                           add_signed_1_2108                              129    678.600    155.953         586.440     4.320     32.400      55.440    0.000        0.000    0.000   0.000      834.553 
  PROC_OUT_PROC_ENGINE_add_94_59_I3_I9                                            add_signed_1_2002                              129    676.440    155.032         593.280     3.960     24.840      54.360    0.000        0.000    0.000   0.000      831.472 
  PROC_OUT_PROC_ENGINE_add_94_59_I1_I4                                            add_signed_1_2099                              129    664.560    158.789         564.120     2.520     20.160      77.760    0.000        0.000    0.000   0.000      823.349 
  PROC_OUT_PROC_ENGINE_add_94_59_I5_I17                                           add_signed_1_2109                              127    667.080    153.614         604.440     1.440     18.000      43.200    0.000        0.000    0.000   0.000      820.694 
  PROC_OUT_PROC_ENGINE_add_94_59_I8_I13                                           add_signed_1_1975                              117    678.600    139.136         594.720     2.520     24.480      56.880    0.000        0.000    0.000   0.000      817.736 
  PROC_OUT_PROC_ENGINE_add_94_59_I4_I5                                            add_signed_1_1950                              127    657.720    154.037         591.840     3.960     19.080      42.840    0.000        0.000    0.000   0.000      811.757 
  PROC_OUT_PROC_ENGINE_add_94_59_I4_I20                                           add_signed_1_1905                              133    648.720    159.361         569.160     2.160     35.280      42.120    0.000        0.000    0.000   0.000      808.081 
  PROC_OUT_PROC_ENGINE_add_94_59_I8_I18                                           add_signed_1_1970                              128    654.480    151.674         563.760     5.760     28.800      56.160    0.000        0.000    0.000   0.000      806.154 
  PROC_OUT_PROC_ENGINE_add_94_59_I3_I6                                            add_signed_1_2005                              127    652.320    153.092         562.680     4.320     28.440      56.880    0.000        0.000    0.000   0.000      805.412 
  PROC_OUT_PROC_ENGINE_add_94_59_I4_I11                                           add_signed_1_1932                              117    669.240    135.355         592.920     2.520     29.160      44.640    0.000        0.000    0.000   0.000      804.595 
  PROC_OUT_PROC_ENGINE_add_94_59_I2_I22                                           add_signed_1_2035                              133    642.240    158.888         555.480     2.160     28.440      56.160    0.000        0.000    0.000   0.000      801.128 
  PROC_OUT_PROC_ENGINE_add_94_59_I1_I22                                           add_signed_1_2081                              126    649.800    148.788         539.280     3.600     27.720      79.200    0.000        0.000    0.000   0.000      798.588 
  PROC_OUT_PROC_ENGINE_add_94_59_I6_I21                                           add_signed_1_2059                              123    650.520    146.350         592.920     0.000     24.120      33.480    0.000        0.000    0.000   0.000      796.870 
  PROC_OUT_PROC_ENGINE_add_94_59_I4_I4                                            add_signed_1_1953                              126    642.600    152.122         547.200     3.240     23.760      68.400    0.000        0.000    0.000   0.000      794.722 
  PROC_OUT_PROC_ENGINE_add_94_59_I6_I16                                           add_signed_1_2064                              124    642.960    150.679         549.000     7.920     39.960      46.080    0.000        0.000    0.000   0.000      793.639 
  PROC_OUT_PROC_ENGINE_add_94_59_I1_I13                                           add_signed_1_2090                              123    642.600    150.629         563.760     0.000     22.680      56.160    0.000        0.000    0.000   0.000      793.229 
  PROC_OUT_PROC_ENGINE_add_94_59_I6_I23                                           add_signed_1_2057                              130    627.480    159.311         580.320     3.600     11.160      32.400    0.000        0.000    0.000   0.000      786.791 
  PROC_OUT_PROC_ENGINE_add_94_59_I1_I19                                           add_signed_1_2084                              127    630.360    154.982         549.000     0.000     13.680      67.680    0.000        0.000    0.000   0.000      785.342 
  PROC_OUT_PROC_ENGINE_add_94_59_I5_I5                                            add_signed_1_2121                              123    633.600    149.211         555.840     1.440     33.120      43.200    0.000        0.000    0.000   0.000      782.811 
  PROC_OUT_PROC_ENGINE_add_94_59_I2_I23                                           add_signed_1_2034                              129    628.200    154.560         555.840     0.000     30.240      42.120    0.000        0.000    0.000   0.000      782.760 
  PROC_OUT_PROC_ENGINE_add_94_59_I3_I11                                           add_signed_1_2000                              122    634.320    147.743         556.560     3.240     18.360      56.160    0.000        0.000    0.000   0.000      782.063 
  PROC_OUT_PROC_ENGINE_add_94_59_I2_I2                                            add_signed_1_2055                              127    629.280    150.256         554.760     1.440     30.960      42.120    0.000        0.000    0.000   0.000      779.536 
  PROC_OUT_PROC_ENGINE_add_94_59_I1_I18                                           add_signed_1_2085                              134    618.120    160.828         543.240     0.000     30.960      43.920    0.000        0.000    0.000   0.000      778.948 
  PROC_OUT_PROC_ENGINE_add_94_59_I2_I4                                            add_signed_1_2053                              118    634.320    142.917         549.720     2.160     25.560      56.880    0.000        0.000    0.000   0.000      777.237 
  PROC_OUT_PROC_ENGINE_add_94_59_I4_I9                                            add_signed_1_1938                              126    623.880    153.067         540.360     7.200     20.880      55.440    0.000        0.000    0.000   0.000      776.947 
  PROC_OUT_PROC_ENGINE_add_94_59_I4_I10                                           add_signed_1_1935                              120    628.920    147.718         553.680     0.000     19.080      56.160    0.000        0.000    0.000   0.000      776.638 
  PROC_OUT_PROC_ENGINE_add_94_59_I2_I14                                           add_signed_1_2043                              128    618.840    155.928         547.560     4.680     25.560      41.040    0.000        0.000    0.000   0.000      774.768 
  PROC_OUT_PROC_ENGINE_add_94_59_I2_I15                                           add_signed_1_2042                              124    626.760    147.793         543.600     7.560     21.600      54.000    0.000        0.000    0.000   0.000      774.553 
  PROC_OUT_PROC_ENGINE_add_94_59_I1_I10                                           add_signed_1_2093                              115    638.640    134.807         579.600     5.400     18.720      34.920    0.000        0.000    0.000   0.000      773.447 
  PROC_OUT_PROC_ENGINE_add_94_59_I6_I6                                            add_signed_1_2074                              122    624.960    147.743         544.320     4.680     19.800      56.160    0.000        0.000    0.000   0.000      772.703 
  PROC_OUT_PROC_ENGINE_add_94_59_I8_I7                                            add_signed_1_1981                              118    628.200    144.360         568.440     0.000     15.840      43.920    0.000        0.000    0.000   0.000      772.560 
  PROC_OUT_PROC_ENGINE_add_94_59_I6_I5                                            add_signed_1_2075                              127    616.320    153.142         551.520     3.600     28.800      32.400    0.000        0.000    0.000   0.000      769.462 
  PROC_OUT_PROC_ENGINE_add_94_59_I7_I7                                            add_signed_1_2027                              125    622.800    146.400         537.480     8.640     19.080      57.600    0.000        0.000    0.000   0.000      769.200 
  PROC_OUT_PROC_ENGINE_add_94_59_I5_I11                                           add_signed_1_2115                              123    617.760    150.629         550.080     2.520     20.520      44.640    0.000        0.000    0.000   0.000      768.389 
  PROC_OUT_PROC_ENGINE_add_94_59_I4_I7                                            add_signed_1_1944                              126    613.080    154.958         525.600     0.000     31.320      56.160    0.000        0.000    0.000   0.000      768.038 
  PROC_OUT_PROC_ENGINE_add_94_59_I5_I16                                           add_signed_1_2110                              120    627.120    140.629         547.560     1.440     32.040      46.080    0.000        0.000    0.000   0.000      767.749 
  PROC_OUT_PROC_ENGINE_add_94_59_I5_I14                                           add_signed_1_2112                              116    628.920    138.166         561.600     4.320      9.360      53.640    0.000        0.000    0.000   0.000      767.086 
  PROC_OUT_PROC_ENGINE_add_94_59_I8_I8                                            add_signed_1_1980                              119    622.800    143.912         568.080     2.160     20.160      32.400    0.000        0.000    0.000   0.000      766.712 
  PROC_OUT_PROC_ENGINE_add_94_59_I7_I2                                            add_signed_1_2032                              120    620.280    146.276         547.560     7.560      9.000      56.160    0.000        0.000    0.000   0.000      766.556 
  PROC_OUT_PROC_ENGINE_add_94_59_I5_I6                                            add_signed_1_2120                              118    624.240    139.609         528.480    10.440     18.360      66.960    0.000        0.000    0.000   0.000      763.849 
  PROC_OUT_PROC_ENGINE_add_94_59_I7_I23                                           add_signed_1_2011                              125    613.800    149.709         551.160     0.000     22.680      39.960    0.000        0.000    0.000   0.000      763.509 
  PROC_OUT_PROC_ENGINE_add_94_59_I4_I19                                           add_signed_1_1908                              123    611.280    150.156         537.120     0.000     16.920      57.240    0.000        0.000    0.000   0.000      761.436 
  PROC_OUT_PROC_ENGINE_add_94_59_I7_I10                                           add_signed_1_2024                              120    618.840    142.494         549.360     2.160     21.240      46.080    0.000        0.000    0.000   0.000      761.334 
  PROC_OUT_PROC_ENGINE_add_94_59_I6_I10                                           add_signed_1_2070                              122    608.760    152.022         538.920     0.000     15.120      54.720    0.000        0.000    0.000   0.000      760.782 
  PROC_OUT_PROC_ENGINE_add_94_59_I6_I19                                           add_signed_1_2061                              122    611.280    148.266         546.480     2.520     18.000      44.280    0.000        0.000    0.000   0.000      759.546 
  PROC_OUT_PROC_ENGINE_add_94_59_I6_I14                                           add_signed_1_2066                              123    613.440    145.927         545.040     3.240     21.960      43.200    0.000        0.000    0.000   0.000      759.367 
  PROC_OUT_PROC_ENGINE_add_94_59_I1_I15                                           add_signed_1_2088                              127    605.880    153.092         528.840     0.000     32.400      44.640    0.000        0.000    0.000   0.000      758.972 
  PROC_OUT_PROC_ENGINE_add_94_59_I8_I4                                            add_signed_1_1984                              117    620.640    138.240         552.600     1.440     20.160      46.440    0.000        0.000    0.000   0.000      758.880 
  PROC_OUT_PROC_ENGINE_add_94_59_I3_I5                                            add_signed_1_2006                              120    609.840    148.191         551.160     0.000     17.640      41.040    0.000        0.000    0.000   0.000      758.031 
  PROC_OUT_PROC_ENGINE_add_94_59_I2_I10                                           add_signed_1_2047                              113    618.840    137.668         532.080     1.800     19.080      65.880    0.000        0.000    0.000   0.000      756.508 
  PROC_OUT_PROC_ENGINE_add_94_59_I7_I3                                            add_signed_1_2031                              126    603.000    152.569         542.160     0.000     17.640      43.200    0.000        0.000    0.000   0.000      755.569 
  PROC_OUT_PROC_ENGINE_add_94_59_I3_I15                                           add_signed_1_1996                              124    606.600    148.266         525.600     2.160     32.760      46.080    0.000        0.000    0.000   0.000      754.866 
  PROC_OUT_PROC_ENGINE_add_94_59_I4_I17                                           add_signed_1_1914                              119    607.320    146.773         534.240     0.000     20.160      52.920    0.000        0.000    0.000   0.000      754.093 
  PROC_OUT_PROC_ENGINE_add_94_59_I4_I21                                           add_signed_1_1902                              127    606.600    147.395         525.960     0.000     35.640      45.000    0.000        0.000    0.000   0.000      753.995 
  PROC_OUT_PROC_ENGINE_add_94_59_I7_I5                                            add_signed_1_2029                              120    613.080    140.653         533.520     4.680     18.000      56.880    0.000        0.000    0.000   0.000      753.733 
  PROC_OUT_PROC_ENGINE_add_94_59_I1_I12                                           add_signed_1_2091                              111    621.360    132.369         548.280     0.000     28.440      44.640    0.000        0.000    0.000   0.000      753.729 
  PROC_OUT_PROC_ENGINE_add_94_59_I7_I11                                           add_signed_1_2023                              119    608.040    145.305         519.480     0.000     19.800      68.760    0.000        0.000    0.000   0.000      753.345 
  PROC_OUT_PROC_ENGINE_add_94_59_I1_I7                                            add_signed_1_2096                              123    606.240    144.957         525.240     4.680     19.440      56.880    0.000        0.000    0.000   0.000      751.197 
  PROC_OUT_PROC_ENGINE_add_94_59_I7_I21                                           add_signed_1_2013                              113    615.240    135.255         552.240     0.000      8.280      54.720    0.000        0.000    0.000   0.000      750.495 
  PROC_OUT_PROC_ENGINE_add_94_59_I7_I8                                            add_signed_1_2026                              119    606.240    142.942         527.400     0.000     23.760      55.080    0.000        0.000    0.000   0.000      749.182 
  PROC_OUT_PROC_ENGINE_add_94_59_I3_I7                                            add_signed_1_2004                              119    602.280    146.748         541.080     0.000     16.560      44.640    0.000        0.000    0.000   0.000      749.028 
  PROC_OUT_PROC_ENGINE_add_94_59_I3_I23                                           add_signed_1_1988                              126    600.120    148.788         527.400     7.920     21.960      42.840    0.000        0.000    0.000   0.000      748.908 
  PROC_OUT_PROC_ENGINE_add_94_59_I6_I12                                           add_signed_1_2068                              120    603.360    145.355         536.760     3.960     18.720      43.920    0.000        0.000    0.000   0.000      748.715 
  PROC_OUT_PROC_ENGINE_add_94_59_I6_I18                                           add_signed_1_2062                              120    603.360    144.435         532.080     1.440     26.640      43.200    0.000        0.000    0.000   0.000      747.795 
  PROC_OUT_PROC_ENGINE_add_94_59_I3_I24                                           add_signed_1_1987                              119    604.440    142.967         543.960     3.240     13.320      43.920    0.000        0.000    0.000   0.000      747.407 
  PROC_OUT_PROC_ENGINE_add_94_59_I7_I15                                           add_signed_1_2019                              122    598.320    148.689         527.040     0.000     15.120      56.160    0.000        0.000    0.000   0.000      747.009 
  PROC_OUT_PROC_ENGINE_add_94_59_I1_I1                                            add_signed_2143                                112    608.400    138.564         544.320     3.600     26.640      33.840    0.000        0.000    0.000   0.000      746.964 
  PROC_OUT_PROC_ENGINE_add_94_59_I3_I10                                           add_signed_1_2001                              122    601.920    144.435         534.240     3.960     18.000      45.720    0.000        0.000    0.000   0.000      746.355 
  PROC_OUT_PROC_ENGINE_add_94_59_I8_I22                                           add_signed_1_1966                              113    609.120    137.196         535.680     2.160     15.120      56.160    0.000        0.000    0.000   0.000      746.316 
  PROC_OUT_PROC_ENGINE_add_94_59_I2_I12                                           add_signed_1_2045                              115    607.680    138.141         540.000     0.000     14.760      52.920    0.000        0.000    0.000   0.000      745.821 
  PROC_OUT_PROC_ENGINE_add_94_59_I3_I2                                            add_signed_1_2009                              122    599.040    145.853         549.720     0.000     16.200      33.120    0.000        0.000    0.000   0.000      744.893 
  PROC_OUT_PROC_ENGINE_add_94_59_I7_I9                                            add_signed_1_2025                              120    597.240    147.221         528.120     2.160     12.960      54.000    0.000        0.000    0.000   0.000      744.461 
  PROC_OUT_PROC_ENGINE_add_94_59_I5_I7                                            add_signed_1_2119                              116    608.040    136.250         554.760     0.000     19.800      33.480    0.000        0.000    0.000   0.000      744.290 
  PROC_OUT_PROC_ENGINE_add_94_59_I8_I10                                           add_signed_1_1978                              119    599.400    144.360         528.120     0.000     16.560      54.720    0.000        0.000    0.000   0.000      743.760 
  PROC_OUT_PROC_ENGINE_add_94_59_I8_I16                                           add_signed_1_1972                              115    604.800    138.116         537.480     0.000     22.680      44.640    0.000        0.000    0.000   0.000      742.916 
  PROC_OUT_PROC_ENGINE_add_94_59_I2_I18                                           add_signed_1_2039                              115    605.160    137.668         539.280     0.000     10.440      55.440    0.000        0.000    0.000   0.000      742.828 
  PROC_OUT_PROC_ENGINE_add_94_59_I7_I6                                            add_signed_1_2028                              126    592.200    150.206         496.080     0.000     28.800      67.320    0.000        0.000    0.000   0.000      742.406 
  PROC_OUT_PROC_ENGINE_add_94_59_I3_I13                                           add_signed_1_1998                              120    596.160    145.803         535.320     0.000     14.760      46.080    0.000        0.000    0.000   0.000      741.963 
  PROC_OUT_PROC_ENGINE_add_94_59_I6_I15                                           add_signed_1_2065                              121    598.680    142.992         505.080     4.320     33.840      55.440    0.000        0.000    0.000   0.000      741.672 
  PROC_OUT_PROC_ENGINE_add_94_59_I8_I2                                            add_signed_1_1986                              119    603.360    137.295         533.880     2.160     24.120      43.200    0.000        0.000    0.000   0.000      740.655 
  PROC_OUT_PROC_ENGINE_add_94_59_I7_I17                                           add_signed_1_2017                              117    599.040    141.524         534.960     0.000     20.880      43.200    0.000        0.000    0.000   0.000      740.564 
  PROC_OUT_PROC_ENGINE_add_94_59_I5_I19                                           add_signed_1_2107                              118    598.680    140.554         510.840     2.520     17.640      67.680    0.000        0.000    0.000   0.000      739.234 
  PROC_OUT_PROC_ENGINE_add_94_59_I4_I13                                           add_signed_1_1926                              123    590.400    148.738         513.360     0.000     21.600      55.440    0.000        0.000    0.000   0.000      739.138 
  PROC_OUT_PROC_ENGINE_add_94_59_I5_I24                                           add_signed_1_2102                              120    592.200    144.907         541.080     4.320     16.560      30.240    0.000        0.000    0.000   0.000      737.107 
  PROC_OUT_PROC_ENGINE_add_94_59_I5_I4                                            add_signed_1_2122                              120    590.760    145.803         530.280     0.000     16.200      44.280    0.000        0.000    0.000   0.000      736.563 
  PROC_OUT_PROC_ENGINE_add_94_59_I3_I8                                            add_signed_1_2003                              113    599.400    137.146         530.640     2.160     21.960      44.640    0.000        0.000    0.000   0.000      736.546 
  PROC_OUT_PROC_ENGINE_add_94_59_I5_I15                                           add_signed_1_2111                              121    590.040    146.325         524.880     0.000     20.160      45.000    0.000        0.000    0.000   0.000      736.365 
  PROC_OUT_PROC_ENGINE_add_94_59_I8_I9                                            add_signed_1_1979                              113    601.920    133.389         549.000     7.560     12.960      32.400    0.000        0.000    0.000   0.000      735.309 
  PROC_OUT_PROC_ENGINE_add_94_59_I4_I15                                           add_signed_1_1920                              125    588.960    145.927         532.440     2.880     32.040      21.600    0.000        0.000    0.000   0.000      734.887 
  PROC_OUT_PROC_ENGINE_add_94_59_I1_I6                                            add_signed_1_2097                              118    594.000    140.106         509.400     2.160     26.280      56.160    0.000        0.000    0.000   0.000      734.106 
  PROC_OUT_PROC_ENGINE_add_94_59_I5_I22                                           add_signed_1_2104                              110    601.560    131.872         529.200     0.000     16.920      55.440    0.000        0.000    0.000   0.000      733.432 
  PROC_OUT_PROC_ENGINE_add_94_59_I6_I8                                            add_signed_1_2072                              113    601.920    130.976         549.360     0.000     18.720      33.840    0.000        0.000    0.000   0.000      732.896 
  PROC_OUT_PROC_ENGINE_add_94_59_I6_I11                                           add_signed_1_2069                              117    590.400    142.420         522.720     0.000     12.960      54.720    0.000        0.000    0.000   0.000      732.820 
  PROC_OUT_PROC_ENGINE_add_94_59_I1_I5                                            add_signed_1_2098                              121    584.640    147.743         516.240     5.400     18.360      44.640    0.000        0.000    0.000   0.000      732.383 
  PROC_OUT_PROC_ENGINE_add_94_59_I5_I20                                           add_signed_1_2106                              114    595.800    136.225         538.200     2.160     12.240      43.200    0.000        0.000    0.000   0.000      732.025 
  PROC_OUT_PROC_ENGINE_add_94_59_I5_I13                                           add_signed_1_2113                              118    586.440    144.385         521.640     3.240     16.920      44.640    0.000        0.000    0.000   0.000      730.825 
  PROC_OUT_PROC_ENGINE_add_94_59_I7_I4                                            add_signed_1_2030                              111    599.760    130.454         513.360     8.280     10.440      67.680    0.000        0.000    0.000   0.000      730.214 
  PROC_OUT_PROC_ENGINE_add_94_59_I8_I5                                            add_signed_1_1983                              123    582.840    147.296         528.480     0.000     21.240      33.120    0.000        0.000    0.000   0.000      730.136 
  PROC_OUT_PROC_ENGINE_add_94_59_I6_I2                                            add_signed_1_2078                              119    583.200    146.276         525.960     2.160     11.880      43.200    0.000        0.000    0.000   0.000      729.476 
  PROC_OUT_PROC_ENGINE_add_94_59_I8_I24                                           add_signed_1_1964                              119    585.360    143.887         517.320     0.000     15.480      52.560    0.000        0.000    0.000   0.000      729.247 
  PROC_OUT_PROC_ENGINE_add_94_59_I1_I17                                           add_signed_1_2086                              121    582.840    145.380         514.440     6.840     20.520      41.040    0.000        0.000    0.000   0.000      728.220 
  PROC_OUT_PROC_ENGINE_add_94_59_I2_I8                                            add_signed_1_2049                              122    581.040    146.350         488.160     1.800     25.920      65.160    0.000        0.000    0.000   0.000      727.390 
  PROC_OUT_PROC_ENGINE_add_94_59_I6_I7                                            add_signed_1_2073                              116    589.680    137.668         524.880     0.000     20.880      43.920    0.000        0.000    0.000   0.000      727.348 
  PROC_OUT_PROC_ENGINE_add_94_59_I5_I21                                           add_signed_1_2105                              121    580.680    146.325         502.200     0.000     23.040      55.440    0.000        0.000    0.000   0.000      727.005 
  PROC_OUT_PROC_ENGINE_add_94_59_I8_I3                                            add_signed_1_1985                              117    585.000    141.499         521.640     2.160     17.280      43.920    0.000        0.000    0.000   0.000      726.499 
  PROC_OUT_PROC_ENGINE_add_94_59_I8_I21                                           add_signed_1_1967                              116    588.600    137.668         508.320     2.520     21.600      56.160    0.000        0.000    0.000   0.000      726.268 
  PROC_OUT_PROC_ENGINE_add_94_59_I5_I9                                            add_signed_1_2117                              114    587.160    139.061         528.120     0.000     14.400      44.640    0.000        0.000    0.000   0.000      726.221 
  PROC_OUT_PROC_ENGINE_add_94_59_I2_I7                                            add_signed_1_2050                              116    586.800    138.614         510.480     0.000     20.880      55.440    0.000        0.000    0.000   0.000      725.414 
  PROC_OUT_PROC_ENGINE_add_94_59_I6_I1                                            add_signed_2143_57472                          114    593.640    131.549         523.440     8.280     28.800      33.120    0.000        0.000    0.000   0.000      725.189 
  PROC_OUT_PROC_ENGINE_add_94_59_I3_I14                                           add_signed_1_1997                              120    581.400    142.519         532.440     0.000     16.560      32.400    0.000        0.000    0.000   0.000      723.919 
  PROC_OUT_PROC_ENGINE_add_94_59_I7_I16                                           add_signed_1_2018                              116    585.720    138.141         507.240     0.000     22.320      56.160    0.000        0.000    0.000   0.000      723.861 
  PROC_OUT_PROC_ENGINE_add_94_59_I4_I3                                            add_signed_1_1956                              117    583.200    139.609         504.360     7.200     28.440      43.200    0.000        0.000    0.000   0.000      722.809 
  PROC_OUT_PROC_ENGINE_add_94_59_I4_I6                                            add_signed_1_1947                              119    581.040    141.076         486.720     6.840     21.600      65.880    0.000        0.000    0.000   0.000      722.116 
  PROC_OUT_PROC_ENGINE_add_94_59_I8_I11                                           add_signed_1_1977                              115    580.320    141.449         512.280     0.000     12.600      55.440    0.000        0.000    0.000   0.000      721.769 
  PROC_OUT_PROC_ENGINE_add_94_59_I1_I21                                           add_signed_1_2082                              122    573.480    148.241         498.240     5.400     15.480      54.360    0.000        0.000    0.000   0.000      721.721 
  PROC_OUT_PROC_ENGINE_add_94_59_I8_I15                                           add_signed_1_1973                              120    578.160    143.464         511.560     5.760     16.200      44.640    0.000        0.000    0.000   0.000      721.624 
  PROC_OUT_PROC_ENGINE_add_94_59_I1_I9                                            add_signed_1_2094                              120    573.840    147.246         503.640     1.800     14.040      54.360    0.000        0.000    0.000   0.000      721.086 
  PROC_OUT_PROC_ENGINE_add_94_59_I5_I10                                           add_signed_1_2116                              118    579.240    141.076         513.720     2.160     19.800      43.560    0.000        0.000    0.000   0.000      720.316 
  PROC_OUT_PROC_ENGINE_add_94_59_I3_I12                                           add_signed_1_1999                              121    574.920    144.882         525.600     4.680     12.240      32.400    0.000        0.000    0.000   0.000      719.802 
  PROC_OUT_PROC_ENGINE_add_94_59_I3_I3                                            add_signed_1_2008                              116    578.160    140.032         540.000     5.760     10.800      21.600    0.000        0.000    0.000   0.000      718.192 
  PROC_OUT_PROC_ENGINE_add_94_59_I3_I21                                           add_signed_1_1990                              126    569.520    148.315         488.520     2.160     22.680      56.160    0.000        0.000    0.000   0.000      717.835 
  PROC_OUT_PROC_ENGINE_add_94_59_I6_I20                                           add_signed_1_2060                              119    573.840    143.887         506.880     7.200     16.560      43.200    0.000        0.000    0.000   0.000      717.727 
  PROC_OUT_PROC_ENGINE_add_94_59_I6_I3                                            add_signed_1_2077                              124    563.760    152.097         504.360     0.000     27.360      32.040    0.000        0.000    0.000   0.000      715.857 
  PROC_OUT_PROC_ENGINE_add_94_59_I3_I22                                           add_signed_1_1989                              111    583.560    131.947         504.000     2.160     19.800      57.600    0.000        0.000    0.000   0.000      715.507 
  PROC_OUT_PROC_ENGINE_add_94_59_I1_I23                                           add_signed_1_2080                              115    580.320    134.335         519.480     1.440     16.200      43.200    0.000        0.000    0.000   0.000      714.655 
  PROC_OUT_PROC_ENGINE_add_94_59_I7_I20                                           add_signed_1_2014                              125    564.480    148.763         499.680     1.800     20.160      42.840    0.000        0.000    0.000   0.000      713.243 
  PROC_OUT_PROC_ENGINE_add_94_59_I1_I14                                           add_signed_1_2089                              118    571.320    141.499         511.560     0.000     16.560      43.200    0.000        0.000    0.000   0.000      712.819 
  PROC_OUT_PROC_ENGINE_add_94_59_I2_I3                                            add_signed_1_2054                              116    575.280    137.220         504.720     2.520     24.840      43.200    0.000        0.000    0.000   0.000      712.500 
  PROC_OUT_PROC_ENGINE_add_94_59_I3_I19                                           add_signed_1_1992                              113    575.640    136.176         490.680     2.520     13.320      69.120    0.000        0.000    0.000   0.000      711.816 
  PROC_OUT_PROC_ENGINE_add_94_59_I4_I14                                           add_signed_1_1923                              118    570.960    140.554         508.680     1.440     19.800      41.040    0.000        0.000    0.000   0.000      711.514 
  PROC_OUT_PROC_ENGINE_add_94_59_I8_I20                                           add_signed_1_1968                              124    559.800    150.654         506.160     5.040     17.280      31.320    0.000        0.000    0.000   0.000      710.454 
  PROC_OUT_PROC_ENGINE_add_94_59_I6_I24                                           add_signed_1_2056                              113    573.840    136.200         518.400     2.520      9.000      43.920    0.000        0.000    0.000   0.000      710.040 
  PROC_OUT_PROC_ENGINE_add_94_59_I4_I2                                            add_signed_1_1959                              114    578.160    131.499         519.840     2.160     14.040      42.120    0.000        0.000    0.000   0.000      709.659 
  PROC_OUT_PROC_ENGINE_add_94_59_I6_I17                                           add_signed_1_2063                              119    565.200    143.912         502.560     0.000     20.520      42.120    0.000        0.000    0.000   0.000      709.112 
  PROC_OUT_PROC_ENGINE_add_94_59_I8_I17                                           add_signed_1_1971                              124    559.440    149.236         492.480     3.240     21.600      42.120    0.000        0.000    0.000   0.000      708.676 
  PROC_OUT_PROC_ENGINE_add_94_59_I8_I12                                           add_signed_1_1976                              110    581.400    127.195         522.720     0.000     14.760      43.920    0.000        0.000    0.000   0.000      708.595 
  PROC_OUT_PROC_ENGINE_add_94_59_I1_I8                                            add_signed_1_2095                              110    577.440    130.454         513.720     0.000     21.600      42.120    0.000        0.000    0.000   0.000      707.894 
  PROC_OUT_PROC_ENGINE_add_94_59_I5_I2                                            add_signed_1_2124                              116    564.480    143.365         509.760     0.000     11.520      43.200    0.000        0.000    0.000   0.000      707.845 
  PROC_OUT_PROC_ENGINE_add_94_59_I1_I11                                           add_signed_1_2092                              110    575.280    132.320         509.040     0.000     10.800      55.440    0.000        0.000    0.000   0.000      707.600 
  PROC_OUT_PROC_ENGINE_add_94_59_I4_I24                                           add_signed_1                                   118    564.480    142.917         504.720     5.040     10.800      43.920    0.000        0.000    0.000   0.000      707.397 
  PROC_OUT_PROC_ENGINE_add_94_59_I4_I18                                           add_signed_1_1911                              115    570.960    136.250         515.160     0.000     12.600      43.200    0.000        0.000    0.000   0.000      707.210 
  PROC_OUT_PROC_ENGINE_add_94_59_I2_I13                                           add_signed_1_2044                              105    583.200    123.737         525.960     0.000     13.320      43.920    0.000        0.000    0.000   0.000      706.937 
  PROC_OUT_PROC_ENGINE_add_94_59_I7_I18                                           add_signed_1_2016                              117    563.760    142.420         496.440     0.000     12.600      54.720    0.000        0.000    0.000   0.000      706.180 
  PROC_OUT_PROC_ENGINE_add_94_59_I5_I23                                           add_signed_1_2103                              114    571.680    134.335         499.320     1.800     17.640      52.920    0.000        0.000    0.000   0.000      706.015 
  PROC_OUT_PROC_ENGINE_add_94_59_I2_I5                                            add_signed_1_2052                              113    571.320    134.310         522.360     2.160     13.680      33.120    0.000        0.000    0.000   0.000      705.630 
  PROC_OUT_PROC_ENGINE_add_94_59_I3_I16                                           add_signed_1_1995                              117    568.080    137.220         502.920     4.680     14.400      46.080    0.000        0.000    0.000   0.000      705.300 
  PROC_OUT_PROC_ENGINE_add_94_59_I6_I13                                           add_signed_1_2067                              119    561.600    143.415         497.520     0.000     20.160      43.920    0.000        0.000    0.000   0.000      705.015 
  PROC_OUT_PROC_ENGINE_add_94_59_I4_I1                                            add_signed_2143_57474                          107    580.680    123.762         515.520     6.120     25.920      33.120    0.000        0.000    0.000   0.000      704.442 
  PROC_OUT_PROC_ENGINE_add_94_59_I3_I17                                           add_signed_1_1994                              118    560.520    143.863         509.040     3.240     16.920      31.320    0.000        0.000    0.000   0.000      704.383 
  PROC_OUT_PROC_ENGINE_add_94_59_I3_I4                                            add_signed_1_2007                              113    569.520    134.782         485.280     0.000     27.360      56.880    0.000        0.000    0.000   0.000      704.302 
  PROC_OUT_PROC_ENGINE_add_94_59_I2_I16                                           add_signed_1_2041                              109    572.400    129.459         501.480     0.000     14.040      56.880    0.000        0.000    0.000   0.000      701.859 
  PROC_OUT_PROC_ENGINE_add_94_59_I6_I4                                            add_signed_1_2076                              115    561.600    139.534         503.640     0.000     13.320      44.640    0.000        0.000    0.000   0.000      701.134 
  PROC_OUT_PROC_ENGINE_add_94_59_I2_I19                                           add_signed_1_2038                              115    564.840    136.225         484.200     3.240     21.240      56.160    0.000        0.000    0.000   0.000      701.065 
  PROC_OUT_PROC_ENGINE_add_94_59_I3_I18                                           add_signed_1_1993                              129    545.760    154.062         477.720     0.000     24.840      43.200    0.000        0.000    0.000   0.000      699.822 
  PROC_OUT_PROC_ENGINE_add_94_59_I1_I20                                           add_signed_1_2083                              117    563.040    135.802         509.400     2.520     19.800      31.320    0.000        0.000    0.000   0.000      698.842 
  PROC_OUT_PROC_ENGINE_add_94_59_I4_I22                                           add_signed_1_1899                              104    576.360    122.294         520.920     0.000     10.080      45.360    0.000        0.000    0.000   0.000      698.654 
  PROC_OUT_PROC_ENGINE_add_94_59_I8_I6                                            add_signed_1_1982                              114    561.960    136.225         483.480     2.520     19.800      56.160    0.000        0.000    0.000   0.000      698.185 
  PROC_OUT_PROC_ENGINE_add_94_59_I2_I11                                           add_signed_1_2046                              115    560.880    137.196         491.760     0.000     15.480      53.640    0.000        0.000    0.000   0.000      698.076 
  PROC_OUT_PROC_ENGINE_add_94_59_I1_I24                                           add_signed_1_2079                              113    559.800    137.618         505.080     0.000     11.520      43.200    0.000        0.000    0.000   0.000      697.418 
  PROC_OUT_PROC_ENGINE_add_94_59_I1_I2                                            add_signed_1_2101                              114    561.960    134.807         487.080     2.160     18.360      54.360    0.000        0.000    0.000   0.000      696.767 
  PROC_OUT_PROC_ENGINE_add_94_59_I7_I19                                           add_signed_1_2015                              116    553.320    141.972         483.120     3.960     10.080      56.160    0.000        0.000    0.000   0.000      695.292 
  PROC_OUT_PROC_ENGINE_add_94_59_I7_I24                                           add_signed_1_2010                              120    550.800    144.410         477.360     3.600     19.080      50.760    0.000        0.000    0.000   0.000      695.210 
  PROC_OUT_PROC_ENGINE_add_94_59_I8_I19                                           add_signed_1_1969                              119    552.240    142.469         469.080     2.160     24.840      56.160    0.000        0.000    0.000   0.000      694.709 
  PROC_OUT_PROC_ENGINE_add_94_59_I2_I20                                           add_signed_1_2037                              114    560.880    132.892         499.680     0.000     17.280      43.920    0.000        0.000    0.000   0.000      693.772 
  PROC_OUT_PROC_ENGINE_add_94_59_I4_I23                                           add_signed_1_1896                              111    556.200    132.867         497.520     0.000     15.480      43.200    0.000        0.000    0.000   0.000      689.067 
  PROC_OUT_PROC_ENGINE_add_94_59_I7_I22                                           add_signed_1_2012                              108    559.080    129.907         484.920     0.000      7.200      66.960    0.000        0.000    0.000   0.000      688.987 
  PROC_OUT_PROC_ENGINE_add_94_59_I1_I3                                            add_signed_1_2100                              113    549.720    139.061         495.360     0.000     10.440      43.920    0.000        0.000    0.000   0.000      688.781 
  PROC_OUT_PROC_ENGINE_add_94_59_I4_I8                                            add_signed_1_1941                              116    548.640    140.081         484.920     0.000     20.520      43.200    0.000        0.000    0.000   0.000      688.721 
  PROC_OUT_PROC_ENGINE_add_94_59_I6_I9                                            add_signed_1_2071                              118    545.760    142.445         492.840     5.040      6.840      41.040    0.000        0.000    0.000   0.000      688.205 
  PROC_OUT_PROC_ENGINE_add_94_59_I7_I12                                           add_signed_1_2022                              113    552.960    135.230         485.280     3.600     20.880      43.200    0.000        0.000    0.000   0.000      688.190 
  PROC_OUT_PROC_ENGINE_add_94_59_I2_I9                                            add_signed_1_2048                              108    556.200    130.429         490.680     0.000     11.160      54.360    0.000        0.000    0.000   0.000      686.629 
  PROC_OUT_PROC_ENGINE_add_94_59_I5_I8                                            add_signed_1_2118                              112    548.280    134.733         469.800     0.000     21.240      57.240    0.000        0.000    0.000   0.000      683.013 
  PROC_OUT_PROC_ENGINE_add_94_59_I4_I12                                           add_signed_1_1929                              117    546.840    135.355         498.960     0.000     16.560      31.320    0.000        0.000    0.000   0.000      682.195 
  PROC_OUT_PROC_ENGINE_add_94_59_I2_I24                                           add_signed_1_2033                              115    538.560    138.614         473.400     4.680     15.840      44.640    0.000        0.000    0.000   0.000      677.174 
  PROC_OUT_PROC_ENGINE_add_94_59_I3_I20                                           add_signed_1_1991                              114    540.000    136.673         496.080     0.000     11.520      32.400    0.000        0.000    0.000   0.000      676.673 
  PROC_OUT_PROC_ENGINE_add_94_59_I2_I21                                           add_signed_1_2036                              114    537.480    138.589         464.400     0.000     18.360      54.720    0.000        0.000    0.000   0.000      676.069 
  PROC_OUT_PROC_ENGINE_add_94_59_I8_I23                                           add_signed_1_1965                              112    545.760    130.056         499.680     0.000     13.680      32.400    0.000        0.000    0.000   0.000      675.816 
  PROC_OUT_PROC_ENGINE_add_94_59_I2_I6                                            add_signed_1_2051                              108    546.120    129.459         481.680     3.240      7.200      54.000    0.000        0.000    0.000   0.000      675.579 
  PROC_OUT_PROC_ENGINE_add_94_59_I7_I13                                           add_signed_1_2021                              110    547.920    125.255         490.680     0.000     11.520      45.720    0.000        0.000    0.000   0.000      673.175 
  PROC_OUT_PROC_ENGINE_add_94_59_I2_I17                                           add_signed_1_2040                              110    538.560    133.763         483.840     0.000     10.800      43.920    0.000        0.000    0.000   0.000      672.323 
  PROC_OUT_PROC_ENGINE_add_94_59_I1_I16                                           add_signed_1_2087                              107    542.880    128.538         473.400     1.440     13.680      54.360    0.000        0.000    0.000   0.000      671.418 
  PROC_OUT_PROC_ENGINE_add_94_59_I8_I14                                           add_signed_1_1974                              111    532.080    134.310         469.800     2.880     16.200      43.200    0.000        0.000    0.000   0.000      666.390 
  PROC_OUT_PROC_ENGINE_add_94_59_I6_I22                                           add_signed_1_2058                              107    537.120    127.991         482.040     0.000     10.440      44.640    0.000        0.000    0.000   0.000      665.111 
  PROC_OUT_PROC_ENGINE_add_94_59_I5_I3                                            add_signed_1_2123                              108    530.640    126.175         470.520     6.480      9.000      44.640    0.000        0.000    0.000   0.000      656.815 
  PROC_OUT_PROC_ENGINE_add_94_59_I5_I12                                           add_signed_1_2114                              115    516.600    139.061         462.240     0.000     10.440      43.920    0.000        0.000    0.000   0.000      655.661 
  PROC_OUT_PROC_ENGINE_add_94_59_I8_I1                                            add_signed_2143_57470                          105    533.880    121.399         484.560     2.160     14.040      33.120    0.000        0.000    0.000   0.000      655.279 
  PROC_OUT_PROC_ENGINE_add_94_59_I2_I1                                            add_signed_2143_57476                          114    520.200    134.807         451.440     0.000     24.120      44.640    0.000        0.000    0.000   0.000      655.007 
  PROC_OUT_PROC_ENGINE_add_94_59_I5_I1                                            add_signed_2143_57473                          107    528.840    126.150         480.960     0.000     14.760      33.120    0.000        0.000    0.000   0.000      654.990 
  PROC_OUT_PROC_ENGINE_add_94_59_I3_I1                                            add_signed_2143_57475                          106    529.560    122.842         475.920     7.560     12.960      33.120    0.000        0.000    0.000   0.000      652.402 
  PROC_OUT_PROC_ENGINE_add_94_59_I4_I16                                           add_signed_1_1917                              106    504.360    125.130         447.120     0.000     10.440      46.800    0.000        0.000    0.000   0.000      629.490 
  PROC_OUT_PROC_ENGINE_add_94_59_I7_I14                                           add_signed_1_2020                              106    503.280    124.185         453.240     0.000      7.920      42.120    0.000        0.000    0.000   0.000      627.465 
  PROC_OUT_PROC_ENGINE_add_94_59_I7_I1                                            add_signed_2143_57471                           99    465.120    115.105         418.320     0.000     13.680      33.120    0.000        0.000    0.000   0.000      580.225 
  PIXELS_RAM_RAM_readWrite_806_7:srl_642_25                                       shift_right_vlog_unsigned_1                     82    199.080    117.020         199.080     0.000      0.000       0.000    0.000        0.000    0.000   0.000      316.100 
  WEIGHTS_ROTATOR_genblk1[1].BRAM_BRAM_genblk1[23].RAM_readWrite_743_7:srl_583_25 shift_right_vlog_unsigned_6898_95_1895          33     73.440     41.370          72.360     0.000      1.080       0.000    0.000        0.000    0.000   0.000      114.810 
  WEIGHTS_ROTATOR_genblk1[1].BRAM_BRAM_genblk1[22].RAM_readWrite_743_7:srl_583_25 shift_right_vlog_unsigned_6898_95_1898          33     73.440     41.370          72.360     0.000      1.080       0.000    0.000        0.000    0.000   0.000      114.810 
  WEIGHTS_ROTATOR_genblk1[1].BRAM_BRAM_genblk1[21].RAM_readWrite_743_7:srl_583_25 shift_right_vlog_unsigned_6898_95_1901          33     73.440     41.370          72.360     0.000      1.080       0.000    0.000        0.000    0.000   0.000      114.810 
  WEIGHTS_ROTATOR_genblk1[1].BRAM_BRAM_genblk1[20].RAM_readWrite_743_7:srl_583_25 shift_right_vlog_unsigned_6898_95_1904          33     73.440     41.370          72.360     0.000      1.080       0.000    0.000        0.000    0.000   0.000      114.810 
  WEIGHTS_ROTATOR_genblk1[1].BRAM_BRAM_genblk1[19].RAM_readWrite_743_7:srl_583_25 shift_right_vlog_unsigned_6898_95_1907          33     73.440     41.370          72.360     0.000      1.080       0.000    0.000        0.000    0.000   0.000      114.810 
  WEIGHTS_ROTATOR_genblk1[1].BRAM_BRAM_genblk1[18].RAM_readWrite_743_7:srl_583_25 shift_right_vlog_unsigned_6898_95_1910          33     73.440     41.370          72.360     0.000      1.080       0.000    0.000        0.000    0.000   0.000      114.810 
  WEIGHTS_ROTATOR_genblk1[1].BRAM_BRAM_genblk1[17].RAM_readWrite_743_7:srl_583_25 shift_right_vlog_unsigned_6898_95_1913          33     73.440     41.370          72.360     0.000      1.080       0.000    0.000        0.000    0.000   0.000      114.810 
  WEIGHTS_ROTATOR_genblk1[1].BRAM_BRAM_genblk1[16].RAM_readWrite_743_7:srl_583_25 shift_right_vlog_unsigned_6898_95_1916          33     73.440     41.370          72.360     0.000      1.080       0.000    0.000        0.000    0.000   0.000      114.810 
  WEIGHTS_ROTATOR_genblk1[1].BRAM_BRAM_genblk1[15].RAM_readWrite_743_7:srl_583_25 shift_right_vlog_unsigned_6898_95_1919          33     73.440     41.370          72.360     0.000      1.080       0.000    0.000        0.000    0.000   0.000      114.810 
  WEIGHTS_ROTATOR_genblk1[1].BRAM_BRAM_genblk1[14].RAM_readWrite_743_7:srl_583_25 shift_right_vlog_unsigned_6898_95_1922          33     73.440     41.370          72.360     0.000      1.080       0.000    0.000        0.000    0.000   0.000      114.810 
  WEIGHTS_ROTATOR_genblk1[1].BRAM_BRAM_genblk1[13].RAM_readWrite_743_7:srl_583_25 shift_right_vlog_unsigned_6898_95_1925          33     73.440     41.370          72.360     0.000      1.080       0.000    0.000        0.000    0.000   0.000      114.810 
  WEIGHTS_ROTATOR_genblk1[1].BRAM_BRAM_genblk1[12].RAM_readWrite_743_7:srl_583_25 shift_right_vlog_unsigned_6898_95_1928          33     73.440     41.370          72.360     0.000      1.080       0.000    0.000        0.000    0.000   0.000      114.810 
  WEIGHTS_ROTATOR_genblk1[1].BRAM_BRAM_genblk1[11].RAM_readWrite_743_7:srl_583_25 shift_right_vlog_unsigned_6898_95_1931          33     73.440     41.370          72.360     0.000      1.080       0.000    0.000        0.000    0.000   0.000      114.810 
  WEIGHTS_ROTATOR_genblk1[1].BRAM_BRAM_genblk1[10].RAM_readWrite_743_7:srl_583_25 shift_right_vlog_unsigned_6898_95_1934          33     73.440     41.370          72.360     0.000      1.080       0.000    0.000        0.000    0.000   0.000      114.810 
  WEIGHTS_ROTATOR_genblk1[1].BRAM_BRAM_genblk1[9].RAM_readWrite_743_7:srl_583_25  shift_right_vlog_unsigned_6898_95_1937          33     73.440     41.370          72.360     0.000      1.080       0.000    0.000        0.000    0.000   0.000      114.810 
  WEIGHTS_ROTATOR_genblk1[1].BRAM_BRAM_genblk1[8].RAM_readWrite_743_7:srl_583_25  shift_right_vlog_unsigned_6898_95_1940          33     73.440     41.370          72.360     0.000      1.080       0.000    0.000        0.000    0.000   0.000      114.810 
  WEIGHTS_ROTATOR_genblk1[1].BRAM_BRAM_genblk1[7].RAM_readWrite_743_7:srl_583_25  shift_right_vlog_unsigned_6898_95_1943          33     73.440     41.370          72.360     0.000      1.080       0.000    0.000        0.000    0.000   0.000      114.810 
  WEIGHTS_ROTATOR_genblk1[1].BRAM_BRAM_genblk1[6].RAM_readWrite_743_7:srl_583_25  shift_right_vlog_unsigned_6898_95_1946          33     73.440     41.370          72.360     0.000      1.080       0.000    0.000        0.000    0.000   0.000      114.810 
  WEIGHTS_ROTATOR_genblk1[1].BRAM_BRAM_genblk1[5].RAM_readWrite_743_7:srl_583_25  shift_right_vlog_unsigned_6898_95_1949          33     73.440     41.370          72.360     0.000      1.080       0.000    0.000        0.000    0.000   0.000      114.810 
  WEIGHTS_ROTATOR_genblk1[1].BRAM_BRAM_genblk1[4].RAM_readWrite_743_7:srl_583_25  shift_right_vlog_unsigned_6898_95_1952          33     73.440     41.370          72.360     0.000      1.080       0.000    0.000        0.000    0.000   0.000      114.810 
  WEIGHTS_ROTATOR_genblk1[1].BRAM_BRAM_genblk1[3].RAM_readWrite_743_7:srl_583_25  shift_right_vlog_unsigned_6898_95_1955          33     73.440     41.370          72.360     0.000      1.080       0.000    0.000        0.000    0.000   0.000      114.810 
  WEIGHTS_ROTATOR_genblk1[1].BRAM_BRAM_genblk1[2].RAM_readWrite_743_7:srl_583_25  shift_right_vlog_unsigned_6898_95_1958          33     73.440     41.370          72.360     0.000      1.080       0.000    0.000        0.000    0.000   0.000      114.810 
  WEIGHTS_ROTATOR_genblk1[1].BRAM_BRAM_genblk1[1].RAM_readWrite_743_7:srl_583_25  shift_right_vlog_unsigned_6898_95_1961          33     73.440     41.370          72.360     0.000      1.080       0.000    0.000        0.000    0.000   0.000      114.810 
  WEIGHTS_ROTATOR_genblk1[1].BRAM_BRAM_genblk1[0].RAM_readWrite_743_7:srl_583_25  shift_right_vlog_unsigned_6898_95_1963          33     73.440     41.370          72.360     0.000      1.080       0.000    0.000        0.000    0.000   0.000      114.810 
  WEIGHTS_ROTATOR_genblk1[0].BRAM_BRAM_genblk1[23].RAM_readWrite_743_7:srl_583_25 shift_right_vlog_unsigned_6898_95               33     73.440     41.370          72.360     0.000      1.080       0.000    0.000        0.000    0.000   0.000      114.810 
  WEIGHTS_ROTATOR_genblk1[0].BRAM_BRAM_genblk1[22].RAM_readWrite_743_7:srl_583_25 shift_right_vlog_unsigned_6898_95_1897          33     73.440     41.370          72.360     0.000      1.080       0.000    0.000        0.000    0.000   0.000      114.810 
  WEIGHTS_ROTATOR_genblk1[0].BRAM_BRAM_genblk1[21].RAM_readWrite_743_7:srl_583_25 shift_right_vlog_unsigned_6898_95_1900          33     73.440     41.370          72.360     0.000      1.080       0.000    0.000        0.000    0.000   0.000      114.810 
  WEIGHTS_ROTATOR_genblk1[0].BRAM_BRAM_genblk1[20].RAM_readWrite_743_7:srl_583_25 shift_right_vlog_unsigned_6898_95_1903          33     73.440     41.370          72.360     0.000      1.080       0.000    0.000        0.000    0.000   0.000      114.810 
  WEIGHTS_ROTATOR_genblk1[0].BRAM_BRAM_genblk1[19].RAM_readWrite_743_7:srl_583_25 shift_right_vlog_unsigned_6898_95_1906          33     73.440     41.370          72.360     0.000      1.080       0.000    0.000        0.000    0.000   0.000      114.810 
  WEIGHTS_ROTATOR_genblk1[0].BRAM_BRAM_genblk1[18].RAM_readWrite_743_7:srl_583_25 shift_right_vlog_unsigned_6898_95_1909          33     73.440     41.370          72.360     0.000      1.080       0.000    0.000        0.000    0.000   0.000      114.810 
  WEIGHTS_ROTATOR_genblk1[0].BRAM_BRAM_genblk1[17].RAM_readWrite_743_7:srl_583_25 shift_right_vlog_unsigned_6898_95_1912          33     73.440     41.370          72.360     0.000      1.080       0.000    0.000        0.000    0.000   0.000      114.810 
  WEIGHTS_ROTATOR_genblk1[0].BRAM_BRAM_genblk1[16].RAM_readWrite_743_7:srl_583_25 shift_right_vlog_unsigned_6898_95_1915          33     73.440     41.370          72.360     0.000      1.080       0.000    0.000        0.000    0.000   0.000      114.810 
  WEIGHTS_ROTATOR_genblk1[0].BRAM_BRAM_genblk1[15].RAM_readWrite_743_7:srl_583_25 shift_right_vlog_unsigned_6898_95_1918          33     73.440     41.370          72.360     0.000      1.080       0.000    0.000        0.000    0.000   0.000      114.810 
  WEIGHTS_ROTATOR_genblk1[0].BRAM_BRAM_genblk1[14].RAM_readWrite_743_7:srl_583_25 shift_right_vlog_unsigned_6898_95_1921          33     73.440     41.370          72.360     0.000      1.080       0.000    0.000        0.000    0.000   0.000      114.810 
  WEIGHTS_ROTATOR_genblk1[0].BRAM_BRAM_genblk1[13].RAM_readWrite_743_7:srl_583_25 shift_right_vlog_unsigned_6898_95_1924          33     73.440     41.370          72.360     0.000      1.080       0.000    0.000        0.000    0.000   0.000      114.810 
  WEIGHTS_ROTATOR_genblk1[0].BRAM_BRAM_genblk1[12].RAM_readWrite_743_7:srl_583_25 shift_right_vlog_unsigned_6898_95_1927          33     73.440     41.370          72.360     0.000      1.080       0.000    0.000        0.000    0.000   0.000      114.810 
  WEIGHTS_ROTATOR_genblk1[0].BRAM_BRAM_genblk1[11].RAM_readWrite_743_7:srl_583_25 shift_right_vlog_unsigned_6898_95_1930          33     73.440     41.370          72.360     0.000      1.080       0.000    0.000        0.000    0.000   0.000      114.810 
  WEIGHTS_ROTATOR_genblk1[0].BRAM_BRAM_genblk1[10].RAM_readWrite_743_7:srl_583_25 shift_right_vlog_unsigned_6898_95_1933          33     73.440     41.370          72.360     0.000      1.080       0.000    0.000        0.000    0.000   0.000      114.810 
  WEIGHTS_ROTATOR_genblk1[0].BRAM_BRAM_genblk1[9].RAM_readWrite_743_7:srl_583_25  shift_right_vlog_unsigned_6898_95_1936          33     73.440     41.370          72.360     0.000      1.080       0.000    0.000        0.000    0.000   0.000      114.810 
  WEIGHTS_ROTATOR_genblk1[0].BRAM_BRAM_genblk1[8].RAM_readWrite_743_7:srl_583_25  shift_right_vlog_unsigned_6898_95_1939          33     73.440     41.370          72.360     0.000      1.080       0.000    0.000        0.000    0.000   0.000      114.810 
  WEIGHTS_ROTATOR_genblk1[0].BRAM_BRAM_genblk1[7].RAM_readWrite_743_7:srl_583_25  shift_right_vlog_unsigned_6898_95_1942          33     73.440     41.370          72.360     0.000      1.080       0.000    0.000        0.000    0.000   0.000      114.810 
  WEIGHTS_ROTATOR_genblk1[0].BRAM_BRAM_genblk1[6].RAM_readWrite_743_7:srl_583_25  shift_right_vlog_unsigned_6898_95_1945          33     73.440     41.370          72.360     0.000      1.080       0.000    0.000        0.000    0.000   0.000      114.810 
  WEIGHTS_ROTATOR_genblk1[0].BRAM_BRAM_genblk1[5].RAM_readWrite_743_7:srl_583_25  shift_right_vlog_unsigned_6898_95_1948          33     73.440     41.370          72.360     0.000      1.080       0.000    0.000        0.000    0.000   0.000      114.810 
  WEIGHTS_ROTATOR_genblk1[0].BRAM_BRAM_genblk1[4].RAM_readWrite_743_7:srl_583_25  shift_right_vlog_unsigned_6898_95_1951          33     73.440     41.370          72.360     0.000      1.080       0.000    0.000        0.000    0.000   0.000      114.810 
  WEIGHTS_ROTATOR_genblk1[0].BRAM_BRAM_genblk1[3].RAM_readWrite_743_7:srl_583_25  shift_right_vlog_unsigned_6898_95_1954          33     73.440     41.370          72.360     0.000      1.080       0.000    0.000        0.000    0.000   0.000      114.810 
  WEIGHTS_ROTATOR_genblk1[0].BRAM_BRAM_genblk1[2].RAM_readWrite_743_7:srl_583_25  shift_right_vlog_unsigned_6898_95_1957          33     73.440     41.370          72.360     0.000      1.080       0.000    0.000        0.000    0.000   0.000      114.810 
  WEIGHTS_ROTATOR_genblk1[0].BRAM_BRAM_genblk1[1].RAM_readWrite_743_7:srl_583_25  shift_right_vlog_unsigned_6898_95_1960          33     73.440     41.370          72.360     0.000      1.080       0.000    0.000        0.000    0.000   0.000      114.810 
  WEIGHTS_ROTATOR_genblk1[0].BRAM_BRAM_genblk1[0].RAM_readWrite_743_7:srl_583_25  shift_right_vlog_unsigned_6898_95_1962          33     73.440     41.370          72.360     0.000      1.080       0.000    0.000        0.000    0.000   0.000      114.810 
