============================================================
  Generated by:           Genus(TM) Synthesis Solution 18.10-p003_1
  Generated on:           Dec 21 2023  07:24:41 pm
  Module:                 dnn_engine
  Technology libraries:   sc9_cln65lp_base_rvt_ss_typical_max_1p08v_125c 1
                          SRAM_WEIGHTS_ss_1p08v_1p08v_125c 1.1
                          SRAM_EDGES_ss_1p08v_1p08v_125c 1.1
                          physical_cells 
  Operating conditions:   ss_typical_max_1p08v_125c 
  Interconnect mode:      global
  Area mode:              physical library
============================================================

                                            
        Gate          Instances     Area                         Library                      
----------------------------------------------------------------------------------------------
A2DFFQN_X0P5M_A9TR            1       7.200    sc9_cln65lp_base_rvt_ss_typical_max_1p08v_125c 
A2SDFFQ_X0P5M_A9TR          177    1847.880    sc9_cln65lp_base_rvt_ss_typical_max_1p08v_125c 
A2SDFFQ_X1M_A9TR              1      10.440    sc9_cln65lp_base_rvt_ss_typical_max_1p08v_125c 
A2SDFFQ_X2M_A9TR             44     475.200    sc9_cln65lp_base_rvt_ss_typical_max_1p08v_125c 
A2SDFFQ_X3M_A9TR              2      23.040    sc9_cln65lp_base_rvt_ss_typical_max_1p08v_125c 
ADDFCIN_X1M_A9TR              1      11.160    sc9_cln65lp_base_rvt_ss_typical_max_1p08v_125c 
ADDFCIN_X2M_A9TR              3      35.640    sc9_cln65lp_base_rvt_ss_typical_max_1p08v_125c 
ADDFH_X1M_A9TR                1      11.160    sc9_cln65lp_base_rvt_ss_typical_max_1p08v_125c 
ADDFH_X1P4M_A9TR              1      11.880    sc9_cln65lp_base_rvt_ss_typical_max_1p08v_125c 
ADDFH_X2M_A9TR               69     819.720    sc9_cln65lp_base_rvt_ss_typical_max_1p08v_125c 
ADDF_X1P4M_A9TR               9      84.240    sc9_cln65lp_base_rvt_ss_typical_max_1p08v_125c 
ADDF_X2M_A9TR                 1       9.360    sc9_cln65lp_base_rvt_ss_typical_max_1p08v_125c 
ADDH_X1M_A9TR               155     725.400    sc9_cln65lp_base_rvt_ss_typical_max_1p08v_125c 
ADDH_X1P4M_A9TR              24     138.240    sc9_cln65lp_base_rvt_ss_typical_max_1p08v_125c 
ADDH_X2M_A9TR                58     334.080    sc9_cln65lp_base_rvt_ss_typical_max_1p08v_125c 
AND2_X0P5M_A9TR             308     554.400    sc9_cln65lp_base_rvt_ss_typical_max_1p08v_125c 
AND2_X0P7M_A9TR              15      27.000    sc9_cln65lp_base_rvt_ss_typical_max_1p08v_125c 
AND2_X11M_A9TR               86     959.760    sc9_cln65lp_base_rvt_ss_typical_max_1p08v_125c 
AND2_X1M_A9TR              1001    1801.800    sc9_cln65lp_base_rvt_ss_typical_max_1p08v_125c 
AND2_X1P4M_A9TR             113     284.760    sc9_cln65lp_base_rvt_ss_typical_max_1p08v_125c 
AND2_X2M_A9TR              1297    3268.440    sc9_cln65lp_base_rvt_ss_typical_max_1p08v_125c 
AND2_X3M_A9TR               552    2185.920    sc9_cln65lp_base_rvt_ss_typical_max_1p08v_125c 
AND2_X4M_A9TR               747    3227.040    sc9_cln65lp_base_rvt_ss_typical_max_1p08v_125c 
AND2_X6M_A9TR               124     758.880    sc9_cln65lp_base_rvt_ss_typical_max_1p08v_125c 
AND2_X8M_A9TR               172    1362.240    sc9_cln65lp_base_rvt_ss_typical_max_1p08v_125c 
AND3_X0P7M_A9TR               1       2.520    sc9_cln65lp_base_rvt_ss_typical_max_1p08v_125c 
AND3_X1M_A9TR                44     110.880    sc9_cln65lp_base_rvt_ss_typical_max_1p08v_125c 
AND3_X1P4M_A9TR              19      82.080    sc9_cln65lp_base_rvt_ss_typical_max_1p08v_125c 
AND3_X2M_A9TR                43     185.760    sc9_cln65lp_base_rvt_ss_typical_max_1p08v_125c 
AND3_X3M_A9TR                11      63.360    sc9_cln65lp_base_rvt_ss_typical_max_1p08v_125c 
AND3_X4M_A9TR                17     110.160    sc9_cln65lp_base_rvt_ss_typical_max_1p08v_125c 
AND3_X6M_A9TR                 8      80.640    sc9_cln65lp_base_rvt_ss_typical_max_1p08v_125c 
AND3_X8M_A9TR                 6      75.600    sc9_cln65lp_base_rvt_ss_typical_max_1p08v_125c 
AND4_X0P5M_A9TR               1       2.880    sc9_cln65lp_base_rvt_ss_typical_max_1p08v_125c 
AND4_X1M_A9TR                 1       4.680    sc9_cln65lp_base_rvt_ss_typical_max_1p08v_125c 
AND4_X1P4M_A9TR               3      18.360    sc9_cln65lp_base_rvt_ss_typical_max_1p08v_125c 
AND4_X2M_A9TR                 2      12.960    sc9_cln65lp_base_rvt_ss_typical_max_1p08v_125c 
AND4_X3M_A9TR                 1       9.000    sc9_cln65lp_base_rvt_ss_typical_max_1p08v_125c 
AND4_X4M_A9TR                 2      23.760    sc9_cln65lp_base_rvt_ss_typical_max_1p08v_125c 
AND4_X6M_A9TR                 1      15.480    sc9_cln65lp_base_rvt_ss_typical_max_1p08v_125c 
AO1B2_X0P5M_A9TR              3       7.560    sc9_cln65lp_base_rvt_ss_typical_max_1p08v_125c 
AO1B2_X0P7M_A9TR             13      32.760    sc9_cln65lp_base_rvt_ss_typical_max_1p08v_125c 
AO1B2_X1M_A9TR              486    1224.720    sc9_cln65lp_base_rvt_ss_typical_max_1p08v_125c 
AO1B2_X1P4M_A9TR             40     144.000    sc9_cln65lp_base_rvt_ss_typical_max_1p08v_125c 
AO1B2_X2M_A9TR              480    1728.000    sc9_cln65lp_base_rvt_ss_typical_max_1p08v_125c 
AO1B2_X3M_A9TR              193    1042.200    sc9_cln65lp_base_rvt_ss_typical_max_1p08v_125c 
AO1B2_X4M_A9TR              438    2680.560    sc9_cln65lp_base_rvt_ss_typical_max_1p08v_125c 
AO1B2_X6M_A9TR               36     324.000    sc9_cln65lp_base_rvt_ss_typical_max_1p08v_125c 
AO21B_X0P7M_A9TR              1       2.520    sc9_cln65lp_base_rvt_ss_typical_max_1p08v_125c 
AO21B_X1M_A9TR              517    1302.840    sc9_cln65lp_base_rvt_ss_typical_max_1p08v_125c 
AO21B_X1P4M_A9TR             11      39.600    sc9_cln65lp_base_rvt_ss_typical_max_1p08v_125c 
AO21B_X2M_A9TR              476    1713.600    sc9_cln65lp_base_rvt_ss_typical_max_1p08v_125c 
AO21B_X3M_A9TR              214    1155.600    sc9_cln65lp_base_rvt_ss_typical_max_1p08v_125c 
AO21B_X4M_A9TR              279    1707.480    sc9_cln65lp_base_rvt_ss_typical_max_1p08v_125c 
AO21B_X6M_A9TR               37     333.000    sc9_cln65lp_base_rvt_ss_typical_max_1p08v_125c 
AO21_X0P5M_A9TR             206     593.280    sc9_cln65lp_base_rvt_ss_typical_max_1p08v_125c 
AO21_X1M_A9TR                29      83.520    sc9_cln65lp_base_rvt_ss_typical_max_1p08v_125c 
AO21_X1P4M_A9TR               6      28.080    sc9_cln65lp_base_rvt_ss_typical_max_1p08v_125c 
AO21_X2M_A9TR                69     322.920    sc9_cln65lp_base_rvt_ss_typical_max_1p08v_125c 
AO21_X3M_A9TR                 5      34.200    sc9_cln65lp_base_rvt_ss_typical_max_1p08v_125c 
AO21_X4M_A9TR                12      86.400    sc9_cln65lp_base_rvt_ss_typical_max_1p08v_125c 
AO21_X6M_A9TR                 4      43.200    sc9_cln65lp_base_rvt_ss_typical_max_1p08v_125c 
AO22_X0P5M_A9TR            1455    4714.200    sc9_cln65lp_base_rvt_ss_typical_max_1p08v_125c 
AO22_X0P7M_A9TR               2       6.480    sc9_cln65lp_base_rvt_ss_typical_max_1p08v_125c 
AO22_X1M_A9TR              2812    9110.880    sc9_cln65lp_base_rvt_ss_typical_max_1p08v_125c 
AO22_X1P4M_A9TR               4      23.040    sc9_cln65lp_base_rvt_ss_typical_max_1p08v_125c 
AO22_X2M_A9TR               163     938.880    sc9_cln65lp_base_rvt_ss_typical_max_1p08v_125c 
AO22_X3M_A9TR                 1       7.920    sc9_cln65lp_base_rvt_ss_typical_max_1p08v_125c 
AO22_X6M_A9TR                 1      15.120    sc9_cln65lp_base_rvt_ss_typical_max_1p08v_125c 
AOI211_X1P4M_A9TR             1       3.960    sc9_cln65lp_base_rvt_ss_typical_max_1p08v_125c 
AOI211_X3M_A9TR               1       5.760    sc9_cln65lp_base_rvt_ss_typical_max_1p08v_125c 
AOI21B_X1M_A9TR               9      25.920    sc9_cln65lp_base_rvt_ss_typical_max_1p08v_125c 
AOI21B_X1P4M_A9TR             2       8.640    sc9_cln65lp_base_rvt_ss_typical_max_1p08v_125c 
AOI21B_X2M_A9TR              48     207.360    sc9_cln65lp_base_rvt_ss_typical_max_1p08v_125c 
AOI21B_X3M_A9TR              50     288.000    sc9_cln65lp_base_rvt_ss_typical_max_1p08v_125c 
AOI21B_X4M_A9TR             104     748.800    sc9_cln65lp_base_rvt_ss_typical_max_1p08v_125c 
AOI21B_X6M_A9TR              28     292.320    sc9_cln65lp_base_rvt_ss_typical_max_1p08v_125c 
AOI21B_X8M_A9TR               4      53.280    sc9_cln65lp_base_rvt_ss_typical_max_1p08v_125c 
AOI21_X0P5M_A9TR              2       4.320    sc9_cln65lp_base_rvt_ss_typical_max_1p08v_125c 
AOI21_X0P7M_A9TR              3       6.480    sc9_cln65lp_base_rvt_ss_typical_max_1p08v_125c 
AOI21_X1M_A9TR               66     142.560    sc9_cln65lp_base_rvt_ss_typical_max_1p08v_125c 
AOI21_X1P4M_A9TR             27      97.200    sc9_cln65lp_base_rvt_ss_typical_max_1p08v_125c 
AOI21_X2M_A9TR              876    3153.600    sc9_cln65lp_base_rvt_ss_typical_max_1p08v_125c 
AOI21_X3M_A9TR              267    1249.560    sc9_cln65lp_base_rvt_ss_typical_max_1p08v_125c 
AOI21_X4M_A9TR              371    2270.520    sc9_cln65lp_base_rvt_ss_typical_max_1p08v_125c 
AOI21_X6M_A9TR              497    4473.000    sc9_cln65lp_base_rvt_ss_typical_max_1p08v_125c 
AOI21_X8M_A9TR               75     891.000    sc9_cln65lp_base_rvt_ss_typical_max_1p08v_125c 
AOI222_X0P7M_A9TR             2       7.920    sc9_cln65lp_base_rvt_ss_typical_max_1p08v_125c 
AOI222_X1M_A9TR               7      27.720    sc9_cln65lp_base_rvt_ss_typical_max_1p08v_125c 
AOI222_X1P4M_A9TR             3      19.440    sc9_cln65lp_base_rvt_ss_typical_max_1p08v_125c 
AOI22_X0P5M_A9TR            875    2205.000    sc9_cln65lp_base_rvt_ss_typical_max_1p08v_125c 
AOI22_X0P7M_A9TR             10      25.200    sc9_cln65lp_base_rvt_ss_typical_max_1p08v_125c 
AOI22_X1M_A9TR              302     761.040    sc9_cln65lp_base_rvt_ss_typical_max_1p08v_125c 
AOI22_X1P4M_A9TR              7      30.240    sc9_cln65lp_base_rvt_ss_typical_max_1p08v_125c 
AOI22_X2M_A9TR               14      60.480    sc9_cln65lp_base_rvt_ss_typical_max_1p08v_125c 
AOI22_X3M_A9TR                9      55.080    sc9_cln65lp_base_rvt_ss_typical_max_1p08v_125c 
AOI22_X4M_A9TR                2      16.560    sc9_cln65lp_base_rvt_ss_typical_max_1p08v_125c 
AOI22_X6M_A9TR                1      11.880    sc9_cln65lp_base_rvt_ss_typical_max_1p08v_125c 
AOI2XB1_X1M_A9TR              8      23.040    sc9_cln65lp_base_rvt_ss_typical_max_1p08v_125c 
AOI2XB1_X1P4M_A9TR            5      21.600    sc9_cln65lp_base_rvt_ss_typical_max_1p08v_125c 
AOI2XB1_X2M_A9TR             27     116.640    sc9_cln65lp_base_rvt_ss_typical_max_1p08v_125c 
AOI2XB1_X3M_A9TR             91     524.160    sc9_cln65lp_base_rvt_ss_typical_max_1p08v_125c 
AOI2XB1_X4M_A9TR             72     544.320    sc9_cln65lp_base_rvt_ss_typical_max_1p08v_125c 
AOI2XB1_X6M_A9TR             46     480.240    sc9_cln65lp_base_rvt_ss_typical_max_1p08v_125c 
AOI2XB1_X8M_A9TR             18     246.240    sc9_cln65lp_base_rvt_ss_typical_max_1p08v_125c 
AOI31_X1P4M_A9TR              1       4.320    sc9_cln65lp_base_rvt_ss_typical_max_1p08v_125c 
AOI31_X2M_A9TR               21      90.720    sc9_cln65lp_base_rvt_ss_typical_max_1p08v_125c 
AOI31_X3M_A9TR               71     434.520    sc9_cln65lp_base_rvt_ss_typical_max_1p08v_125c 
AOI31_X4M_A9TR               27     223.560    sc9_cln65lp_base_rvt_ss_typical_max_1p08v_125c 
AOI31_X6M_A9TR               26     308.880    sc9_cln65lp_base_rvt_ss_typical_max_1p08v_125c 
AOI32_X1M_A9TR                1       2.880    sc9_cln65lp_base_rvt_ss_typical_max_1p08v_125c 
AOI32_X3M_A9TR                1       7.560    sc9_cln65lp_base_rvt_ss_typical_max_1p08v_125c 
BUFH_X0P7M_A9TR              15      21.600    sc9_cln65lp_base_rvt_ss_typical_max_1p08v_125c 
BUFH_X0P8M_A9TR               4       5.760    sc9_cln65lp_base_rvt_ss_typical_max_1p08v_125c 
BUFH_X11M_A9TR                3      27.000    sc9_cln65lp_base_rvt_ss_typical_max_1p08v_125c 
BUFH_X13M_A9TR                4      41.760    sc9_cln65lp_base_rvt_ss_typical_max_1p08v_125c 
BUFH_X16M_A9TR              120    1555.200    sc9_cln65lp_base_rvt_ss_typical_max_1p08v_125c 
BUFH_X1M_A9TR                34      48.960    sc9_cln65lp_base_rvt_ss_typical_max_1p08v_125c 
BUFH_X1P2M_A9TR              32      69.120    sc9_cln65lp_base_rvt_ss_typical_max_1p08v_125c 
BUFH_X1P4M_A9TR              82     177.120    sc9_cln65lp_base_rvt_ss_typical_max_1p08v_125c 
BUFH_X1P7M_A9TR              65     163.800    sc9_cln65lp_base_rvt_ss_typical_max_1p08v_125c 
BUFH_X2M_A9TR                 4      10.080    sc9_cln65lp_base_rvt_ss_typical_max_1p08v_125c 
BUFH_X2P5M_A9TR               4      11.520    sc9_cln65lp_base_rvt_ss_typical_max_1p08v_125c 
BUFH_X3M_A9TR                 5      14.400    sc9_cln65lp_base_rvt_ss_typical_max_1p08v_125c 
BUFH_X4M_A9TR                 4      15.840    sc9_cln65lp_base_rvt_ss_typical_max_1p08v_125c 
BUFH_X5M_A9TR                 4      18.720    sc9_cln65lp_base_rvt_ss_typical_max_1p08v_125c 
BUFH_X6M_A9TR                 8      43.200    sc9_cln65lp_base_rvt_ss_typical_max_1p08v_125c 
BUFH_X9M_A9TR                 3      22.680    sc9_cln65lp_base_rvt_ss_typical_max_1p08v_125c 
BUF_X0P8M_A9TR             1442    2076.480    sc9_cln65lp_base_rvt_ss_typical_max_1p08v_125c 
BUF_X11M_A9TR                 3      22.680    sc9_cln65lp_base_rvt_ss_typical_max_1p08v_125c 
BUF_X13B_A9TR                 1       8.640    sc9_cln65lp_base_rvt_ss_typical_max_1p08v_125c 
BUF_X13M_A9TR                18     155.520    sc9_cln65lp_base_rvt_ss_typical_max_1p08v_125c 
BUF_X16M_A9TR                20     208.800    sc9_cln65lp_base_rvt_ss_typical_max_1p08v_125c 
BUF_X1P2B_A9TR               17      30.600    sc9_cln65lp_base_rvt_ss_typical_max_1p08v_125c 
BUF_X1P7B_A9TR                1       2.160    sc9_cln65lp_base_rvt_ss_typical_max_1p08v_125c 
BUF_X1P7M_A9TR                4       8.640    sc9_cln65lp_base_rvt_ss_typical_max_1p08v_125c 
BUF_X2M_A9TR                  4       8.640    sc9_cln65lp_base_rvt_ss_typical_max_1p08v_125c 
BUF_X2P5B_A9TR                3       7.560    sc9_cln65lp_base_rvt_ss_typical_max_1p08v_125c 
BUF_X3B_A9TR                  2       5.040    sc9_cln65lp_base_rvt_ss_typical_max_1p08v_125c 
BUF_X3M_A9TR                  5      12.600    sc9_cln65lp_base_rvt_ss_typical_max_1p08v_125c 
BUF_X3P5M_A9TR               79     255.960    sc9_cln65lp_base_rvt_ss_typical_max_1p08v_125c 
BUF_X5B_A9TR                  1       3.960    sc9_cln65lp_base_rvt_ss_typical_max_1p08v_125c 
BUF_X5M_A9TR                  6      23.760    sc9_cln65lp_base_rvt_ss_typical_max_1p08v_125c 
BUF_X6B_A9TR                  1       4.320    sc9_cln65lp_base_rvt_ss_typical_max_1p08v_125c 
BUF_X6M_A9TR                 30     129.600    sc9_cln65lp_base_rvt_ss_typical_max_1p08v_125c 
BUF_X7P5M_A9TR                5      28.800    sc9_cln65lp_base_rvt_ss_typical_max_1p08v_125c 
BUF_X9B_A9TR                  1       6.120    sc9_cln65lp_base_rvt_ss_typical_max_1p08v_125c 
BUF_X9M_A9TR                 12      73.440    sc9_cln65lp_base_rvt_ss_typical_max_1p08v_125c 
CGENCIN_X1M_A9TR              1       7.200    sc9_cln65lp_base_rvt_ss_typical_max_1p08v_125c 
CGENCIN_X2M_A9TR             17     183.600    sc9_cln65lp_base_rvt_ss_typical_max_1p08v_125c 
CGENCON_X2M_A9TR              1       9.720    sc9_cln65lp_base_rvt_ss_typical_max_1p08v_125c 
CGENI_X1M_A9TR               42     120.960    sc9_cln65lp_base_rvt_ss_typical_max_1p08v_125c 
CGENI_X1P4M_A9TR              7      37.800    sc9_cln65lp_base_rvt_ss_typical_max_1p08v_125c 
CGENI_X2M_A9TR              163     880.200    sc9_cln65lp_base_rvt_ss_typical_max_1p08v_125c 
CGEN_X1M_A9TR                42     151.200    sc9_cln65lp_base_rvt_ss_typical_max_1p08v_125c 
CGEN_X1P4M_A9TR               6      23.760    sc9_cln65lp_base_rvt_ss_typical_max_1p08v_125c 
CGEN_X2M_A9TR               199     788.040    sc9_cln65lp_base_rvt_ss_typical_max_1p08v_125c 
DFFQN_X3M_A9TR                1       8.640    sc9_cln65lp_base_rvt_ss_typical_max_1p08v_125c 
DFFQ_X1M_A9TR                37     279.720    sc9_cln65lp_base_rvt_ss_typical_max_1p08v_125c 
DFFQ_X2M_A9TR                 2      16.560    sc9_cln65lp_base_rvt_ss_typical_max_1p08v_125c 
DFFQ_X3M_A9TR                25     225.000    sc9_cln65lp_base_rvt_ss_typical_max_1p08v_125c 
DFFQ_X4M_A9TR                63     589.680    sc9_cln65lp_base_rvt_ss_typical_max_1p08v_125c 
EDFFQN_X0P5M_A9TR             5      55.800    sc9_cln65lp_base_rvt_ss_typical_max_1p08v_125c 
EDFFQ_X0P5M_A9TR            250    2700.000    sc9_cln65lp_base_rvt_ss_typical_max_1p08v_125c 
EDFFQ_X1M_A9TR              349    3894.840    sc9_cln65lp_base_rvt_ss_typical_max_1p08v_125c 
EDFFQ_X2M_A9TR              189    2177.280    sc9_cln65lp_base_rvt_ss_typical_max_1p08v_125c 
EDFFQ_X3M_A9TR             4993   61114.320    sc9_cln65lp_base_rvt_ss_typical_max_1p08v_125c 
INV_X0P5B_A9TR                2       2.160    sc9_cln65lp_base_rvt_ss_typical_max_1p08v_125c 
INV_X0P8M_A9TR               88      95.040    sc9_cln65lp_base_rvt_ss_typical_max_1p08v_125c 
INV_X11B_A9TR                35     201.600    sc9_cln65lp_base_rvt_ss_typical_max_1p08v_125c 
INV_X11M_A9TR               217    1249.920    sc9_cln65lp_base_rvt_ss_typical_max_1p08v_125c 
INV_X13B_A9TR                37     253.080    sc9_cln65lp_base_rvt_ss_typical_max_1p08v_125c 
INV_X13M_A9TR               268    1833.120    sc9_cln65lp_base_rvt_ss_typical_max_1p08v_125c 
INV_X16B_A9TR               366    3030.480    sc9_cln65lp_base_rvt_ss_typical_max_1p08v_125c 
INV_X16M_A9TR               516    4272.480    sc9_cln65lp_base_rvt_ss_typical_max_1p08v_125c 
INV_X1B_A9TR                 34      36.720    sc9_cln65lp_base_rvt_ss_typical_max_1p08v_125c 
INV_X1M_A9TR               1255    1355.400    sc9_cln65lp_base_rvt_ss_typical_max_1p08v_125c 
INV_X1P2B_A9TR                8      11.520    sc9_cln65lp_base_rvt_ss_typical_max_1p08v_125c 
INV_X1P2M_A9TR               23      33.120    sc9_cln65lp_base_rvt_ss_typical_max_1p08v_125c 
INV_X1P4B_A9TR                9      12.960    sc9_cln65lp_base_rvt_ss_typical_max_1p08v_125c 
INV_X1P4M_A9TR              226     325.440    sc9_cln65lp_base_rvt_ss_typical_max_1p08v_125c 
INV_X1P7B_A9TR                2       2.880    sc9_cln65lp_base_rvt_ss_typical_max_1p08v_125c 
INV_X1P7M_A9TR               24      34.560    sc9_cln65lp_base_rvt_ss_typical_max_1p08v_125c 
INV_X2B_A9TR                 37      53.280    sc9_cln65lp_base_rvt_ss_typical_max_1p08v_125c 
INV_X2M_A9TR               1013    1458.720    sc9_cln65lp_base_rvt_ss_typical_max_1p08v_125c 
INV_X2P5B_A9TR                1       2.160    sc9_cln65lp_base_rvt_ss_typical_max_1p08v_125c 
INV_X2P5M_A9TR               67     144.720    sc9_cln65lp_base_rvt_ss_typical_max_1p08v_125c 
INV_X3B_A9TR                 55     118.800    sc9_cln65lp_base_rvt_ss_typical_max_1p08v_125c 
INV_X3M_A9TR                348     751.680    sc9_cln65lp_base_rvt_ss_typical_max_1p08v_125c 
INV_X3P5B_A9TR                3       7.560    sc9_cln65lp_base_rvt_ss_typical_max_1p08v_125c 
INV_X3P5M_A9TR               30      75.600    sc9_cln65lp_base_rvt_ss_typical_max_1p08v_125c 
INV_X4B_A9TR                 83     209.160    sc9_cln65lp_base_rvt_ss_typical_max_1p08v_125c 
INV_X4M_A9TR                682    1718.640    sc9_cln65lp_base_rvt_ss_typical_max_1p08v_125c 
INV_X5B_A9TR                 13      37.440    sc9_cln65lp_base_rvt_ss_typical_max_1p08v_125c 
INV_X5M_A9TR                115     331.200    sc9_cln65lp_base_rvt_ss_typical_max_1p08v_125c 
INV_X6B_A9TR                 26      93.600    sc9_cln65lp_base_rvt_ss_typical_max_1p08v_125c 
INV_X6M_A9TR                281    1011.600    sc9_cln65lp_base_rvt_ss_typical_max_1p08v_125c 
INV_X7P5B_A9TR               16      69.120    sc9_cln65lp_base_rvt_ss_typical_max_1p08v_125c 
INV_X7P5M_A9TR              111     479.520    sc9_cln65lp_base_rvt_ss_typical_max_1p08v_125c 
INV_X9B_A9TR                 27     126.360    sc9_cln65lp_base_rvt_ss_typical_max_1p08v_125c 
INV_X9M_A9TR                223    1043.640    sc9_cln65lp_base_rvt_ss_typical_max_1p08v_125c 
LATQ_X1M_A9TR               108     505.440    sc9_cln65lp_base_rvt_ss_typical_max_1p08v_125c 
M2DFFQ_X1M_A9TR              18     194.400    sc9_cln65lp_base_rvt_ss_typical_max_1p08v_125c 
M2DFFQ_X2M_A9TR              53     591.480    sc9_cln65lp_base_rvt_ss_typical_max_1p08v_125c 
M2DFFQ_X3M_A9TR              11     134.640    sc9_cln65lp_base_rvt_ss_typical_max_1p08v_125c 
M2DFFQ_X4M_A9TR               1      12.600    sc9_cln65lp_base_rvt_ss_typical_max_1p08v_125c 
M2SDFFQ_X0P5M_A9TR           27     369.360    sc9_cln65lp_base_rvt_ss_typical_max_1p08v_125c 
M2SDFFQ_X1M_A9TR            175    2394.000    sc9_cln65lp_base_rvt_ss_typical_max_1p08v_125c 
M2SDFFQ_X2M_A9TR            614    8841.600    sc9_cln65lp_base_rvt_ss_typical_max_1p08v_125c 
M2SDFFQ_X4M_A9TR              1      15.480    sc9_cln65lp_base_rvt_ss_typical_max_1p08v_125c 
MX2_X0P7M_A9TR                1       3.960    sc9_cln65lp_base_rvt_ss_typical_max_1p08v_125c 
MX2_X1B_A9TR                  5      21.600    sc9_cln65lp_base_rvt_ss_typical_max_1p08v_125c 
MX2_X1M_A9TR                  4      17.280    sc9_cln65lp_base_rvt_ss_typical_max_1p08v_125c 
MX2_X1P4B_A9TR               39     196.560    sc9_cln65lp_base_rvt_ss_typical_max_1p08v_125c 
MX2_X1P4M_A9TR                7      35.280    sc9_cln65lp_base_rvt_ss_typical_max_1p08v_125c 
MX2_X2B_A9TR                  2      10.800    sc9_cln65lp_base_rvt_ss_typical_max_1p08v_125c 
MX2_X2M_A9TR                  4      21.600    sc9_cln65lp_base_rvt_ss_typical_max_1p08v_125c 
MX2_X3M_A9TR                  1       8.280    sc9_cln65lp_base_rvt_ss_typical_max_1p08v_125c 
MX2_X4M_A9TR                  3      28.080    sc9_cln65lp_base_rvt_ss_typical_max_1p08v_125c 
MXIT2_X0P5M_A9TR             20      64.800    sc9_cln65lp_base_rvt_ss_typical_max_1p08v_125c 
MXIT2_X0P7M_A9TR              4      14.400    sc9_cln65lp_base_rvt_ss_typical_max_1p08v_125c 
MXIT2_X1M_A9TR               40     144.000    sc9_cln65lp_base_rvt_ss_typical_max_1p08v_125c 
MXIT2_X1P4M_A9TR              6      38.880    sc9_cln65lp_base_rvt_ss_typical_max_1p08v_125c 
MXIT2_X2M_A9TR               88     570.240    sc9_cln65lp_base_rvt_ss_typical_max_1p08v_125c 
MXIT2_X3M_A9TR              296    2237.760    sc9_cln65lp_base_rvt_ss_typical_max_1p08v_125c 
MXIT2_X4M_A9TR                8      80.640    sc9_cln65lp_base_rvt_ss_typical_max_1p08v_125c 
MXT2_X0P5M_A9TR             121     435.600    sc9_cln65lp_base_rvt_ss_typical_max_1p08v_125c 
MXT2_X0P7M_A9TR             143     514.800    sc9_cln65lp_base_rvt_ss_typical_max_1p08v_125c 
MXT2_X1M_A9TR                 3      12.960    sc9_cln65lp_base_rvt_ss_typical_max_1p08v_125c 
MXT2_X1P4M_A9TR              41     206.640    sc9_cln65lp_base_rvt_ss_typical_max_1p08v_125c 
MXT2_X2M_A9TR                 1       6.840    sc9_cln65lp_base_rvt_ss_typical_max_1p08v_125c 
MXT2_X3M_A9TR                 3      24.840    sc9_cln65lp_base_rvt_ss_typical_max_1p08v_125c 
MXT2_X4M_A9TR                 1       9.720    sc9_cln65lp_base_rvt_ss_typical_max_1p08v_125c 
MXT2_X6M_A9TR                 1      10.440    sc9_cln65lp_base_rvt_ss_typical_max_1p08v_125c 
NAND2B_X0P5M_A9TR             5      10.800    sc9_cln65lp_base_rvt_ss_typical_max_1p08v_125c 
NAND2B_X0P7M_A9TR            11      23.760    sc9_cln65lp_base_rvt_ss_typical_max_1p08v_125c 
NAND2B_X1M_A9TR             480    1036.800    sc9_cln65lp_base_rvt_ss_typical_max_1p08v_125c 
NAND2B_X1P4M_A9TR            40     115.200    sc9_cln65lp_base_rvt_ss_typical_max_1p08v_125c 
NAND2B_X2M_A9TR             117     336.960    sc9_cln65lp_base_rvt_ss_typical_max_1p08v_125c 
NAND2B_X3M_A9TR              67     265.320    sc9_cln65lp_base_rvt_ss_typical_max_1p08v_125c 
NAND2B_X4M_A9TR             154     720.720    sc9_cln65lp_base_rvt_ss_typical_max_1p08v_125c 
NAND2B_X6M_A9TR              58     396.720    sc9_cln65lp_base_rvt_ss_typical_max_1p08v_125c 
NAND2B_X8M_A9TR              17     146.880    sc9_cln65lp_base_rvt_ss_typical_max_1p08v_125c 
NAND2XB_X0P5M_A9TR           52     112.320    sc9_cln65lp_base_rvt_ss_typical_max_1p08v_125c 
NAND2XB_X0P7M_A9TR            3       6.480    sc9_cln65lp_base_rvt_ss_typical_max_1p08v_125c 
NAND2XB_X1M_A9TR             48     103.680    sc9_cln65lp_base_rvt_ss_typical_max_1p08v_125c 
NAND2XB_X1P4M_A9TR           14      40.320    sc9_cln65lp_base_rvt_ss_typical_max_1p08v_125c 
NAND2XB_X2M_A9TR            144     414.720    sc9_cln65lp_base_rvt_ss_typical_max_1p08v_125c 
NAND2XB_X3M_A9TR            200     792.000    sc9_cln65lp_base_rvt_ss_typical_max_1p08v_125c 
NAND2XB_X4M_A9TR            175     819.000    sc9_cln65lp_base_rvt_ss_typical_max_1p08v_125c 
NAND2XB_X6M_A9TR            207    1415.880    sc9_cln65lp_base_rvt_ss_typical_max_1p08v_125c 
NAND2XB_X8M_A9TR             84     725.760    sc9_cln65lp_base_rvt_ss_typical_max_1p08v_125c 
NAND2_X0P5B_A9TR              1       1.440    sc9_cln65lp_base_rvt_ss_typical_max_1p08v_125c 
NAND2_X0P5M_A9TR              2       2.880    sc9_cln65lp_base_rvt_ss_typical_max_1p08v_125c 
NAND2_X0P7B_A9TR             56      80.640    sc9_cln65lp_base_rvt_ss_typical_max_1p08v_125c 
NAND2_X0P7M_A9TR             10      14.400    sc9_cln65lp_base_rvt_ss_typical_max_1p08v_125c 
NAND2_X1A_A9TR             1290    1857.600    sc9_cln65lp_base_rvt_ss_typical_max_1p08v_125c 
NAND2_X1B_A9TR               92     132.480    sc9_cln65lp_base_rvt_ss_typical_max_1p08v_125c 
NAND2_X1M_A9TR             1708    2459.520    sc9_cln65lp_base_rvt_ss_typical_max_1p08v_125c 
NAND2_X1P4A_A9TR             39      98.280    sc9_cln65lp_base_rvt_ss_typical_max_1p08v_125c 
NAND2_X1P4B_A9TR             70     176.400    sc9_cln65lp_base_rvt_ss_typical_max_1p08v_125c 
NAND2_X1P4M_A9TR            655    1414.800    sc9_cln65lp_base_rvt_ss_typical_max_1p08v_125c 
NAND2_X2A_A9TR              838    2111.760    sc9_cln65lp_base_rvt_ss_typical_max_1p08v_125c 
NAND2_X2B_A9TR              137     345.240    sc9_cln65lp_base_rvt_ss_typical_max_1p08v_125c 
NAND2_X2M_A9TR              991    2497.320    sc9_cln65lp_base_rvt_ss_typical_max_1p08v_125c 
NAND2_X3A_A9TR              657    2365.200    sc9_cln65lp_base_rvt_ss_typical_max_1p08v_125c 
NAND2_X3B_A9TR              118     424.800    sc9_cln65lp_base_rvt_ss_typical_max_1p08v_125c 
NAND2_X3M_A9TR             1124    4046.400    sc9_cln65lp_base_rvt_ss_typical_max_1p08v_125c 
NAND2_X4A_A9TR              386    1667.520    sc9_cln65lp_base_rvt_ss_typical_max_1p08v_125c 
NAND2_X4B_A9TR               87     375.840    sc9_cln65lp_base_rvt_ss_typical_max_1p08v_125c 
NAND2_X4M_A9TR             1653    6545.880    sc9_cln65lp_base_rvt_ss_typical_max_1p08v_125c 
NAND2_X6A_A9TR              246    1505.520    sc9_cln65lp_base_rvt_ss_typical_max_1p08v_125c 
NAND2_X6B_A9TR               93     569.160    sc9_cln65lp_base_rvt_ss_typical_max_1p08v_125c 
NAND2_X6M_A9TR              778    4761.360    sc9_cln65lp_base_rvt_ss_typical_max_1p08v_125c 
NAND2_X8A_A9TR              132    1092.960    sc9_cln65lp_base_rvt_ss_typical_max_1p08v_125c 
NAND2_X8B_A9TR               35     289.800    sc9_cln65lp_base_rvt_ss_typical_max_1p08v_125c 
NAND2_X8M_A9TR              131     990.360    sc9_cln65lp_base_rvt_ss_typical_max_1p08v_125c 
NAND3B_X1M_A9TR               2       5.040    sc9_cln65lp_base_rvt_ss_typical_max_1p08v_125c 
NAND3B_X1P4M_A9TR             1       3.600    sc9_cln65lp_base_rvt_ss_typical_max_1p08v_125c 
NAND3B_X2M_A9TR               3      11.880    sc9_cln65lp_base_rvt_ss_typical_max_1p08v_125c 
NAND3B_X3M_A9TR               5      25.200    sc9_cln65lp_base_rvt_ss_typical_max_1p08v_125c 
NAND3B_X4M_A9TR              12      73.440    sc9_cln65lp_base_rvt_ss_typical_max_1p08v_125c 
NAND3B_X6M_A9TR              10      90.000    sc9_cln65lp_base_rvt_ss_typical_max_1p08v_125c 
NAND3XXB_X1M_A9TR             5      12.600    sc9_cln65lp_base_rvt_ss_typical_max_1p08v_125c 
NAND3XXB_X1P4M_A9TR           5      18.000    sc9_cln65lp_base_rvt_ss_typical_max_1p08v_125c 
NAND3XXB_X2M_A9TR            18      71.280    sc9_cln65lp_base_rvt_ss_typical_max_1p08v_125c 
NAND3XXB_X3M_A9TR            12      60.480    sc9_cln65lp_base_rvt_ss_typical_max_1p08v_125c 
NAND3XXB_X4M_A9TR            72     440.640    sc9_cln65lp_base_rvt_ss_typical_max_1p08v_125c 
NAND3XXB_X6M_A9TR            41     369.000    sc9_cln65lp_base_rvt_ss_typical_max_1p08v_125c 
NAND3_X0P7M_A9TR              1       2.160    sc9_cln65lp_base_rvt_ss_typical_max_1p08v_125c 
NAND3_X1A_A9TR               31      66.960    sc9_cln65lp_base_rvt_ss_typical_max_1p08v_125c 
NAND3_X1M_A9TR               55     118.800    sc9_cln65lp_base_rvt_ss_typical_max_1p08v_125c 
NAND3_X1P4A_A9TR              3       9.720    sc9_cln65lp_base_rvt_ss_typical_max_1p08v_125c 
NAND3_X2A_A9TR                8      25.920    sc9_cln65lp_base_rvt_ss_typical_max_1p08v_125c 
NAND3_X2M_A9TR               66     213.840    sc9_cln65lp_base_rvt_ss_typical_max_1p08v_125c 
NAND3_X3A_A9TR               46     215.280    sc9_cln65lp_base_rvt_ss_typical_max_1p08v_125c 
NAND3_X3M_A9TR               64     299.520    sc9_cln65lp_base_rvt_ss_typical_max_1p08v_125c 
NAND3_X4A_A9TR               31     178.560    sc9_cln65lp_base_rvt_ss_typical_max_1p08v_125c 
NAND3_X4M_A9TR               74     426.240    sc9_cln65lp_base_rvt_ss_typical_max_1p08v_125c 
NAND3_X6A_A9TR              134    1061.280    sc9_cln65lp_base_rvt_ss_typical_max_1p08v_125c 
NAND3_X6M_A9TR               85     734.400    sc9_cln65lp_base_rvt_ss_typical_max_1p08v_125c 
NAND4B_X0P5M_A9TR             1       2.880    sc9_cln65lp_base_rvt_ss_typical_max_1p08v_125c 
NAND4B_X1M_A9TR               1       2.880    sc9_cln65lp_base_rvt_ss_typical_max_1p08v_125c 
NAND4B_X4M_A9TR               2      15.120    sc9_cln65lp_base_rvt_ss_typical_max_1p08v_125c 
NAND4XXXB_X1P4M_A9TR          2       7.200    sc9_cln65lp_base_rvt_ss_typical_max_1p08v_125c 
NAND4XXXB_X2M_A9TR            4      18.720    sc9_cln65lp_base_rvt_ss_typical_max_1p08v_125c 
NAND4XXXB_X3M_A9TR            2      12.240    sc9_cln65lp_base_rvt_ss_typical_max_1p08v_125c 
NAND4XXXB_X4M_A9TR            7      52.920    sc9_cln65lp_base_rvt_ss_typical_max_1p08v_125c 
NAND4_X0P5M_A9TR            206     519.120    sc9_cln65lp_base_rvt_ss_typical_max_1p08v_125c 
NAND4_X0P7A_A9TR             12      30.240    sc9_cln65lp_base_rvt_ss_typical_max_1p08v_125c 
NAND4_X1P4A_A9TR              2       7.200    sc9_cln65lp_base_rvt_ss_typical_max_1p08v_125c 
NAND4_X1P4M_A9TR              2       7.200    sc9_cln65lp_base_rvt_ss_typical_max_1p08v_125c 
NAND4_X2A_A9TR                5      19.800    sc9_cln65lp_base_rvt_ss_typical_max_1p08v_125c 
NAND4_X2M_A9TR                1       3.960    sc9_cln65lp_base_rvt_ss_typical_max_1p08v_125c 
NAND4_X3A_A9TR               11      63.360    sc9_cln65lp_base_rvt_ss_typical_max_1p08v_125c 
NAND4_X3M_A9TR                4      23.040    sc9_cln65lp_base_rvt_ss_typical_max_1p08v_125c 
NAND4_X4A_A9TR               12      86.400    sc9_cln65lp_base_rvt_ss_typical_max_1p08v_125c 
NAND4_X4M_A9TR                5      36.000    sc9_cln65lp_base_rvt_ss_typical_max_1p08v_125c 
NOR2B_X0P5M_A9TR            214     462.240    sc9_cln65lp_base_rvt_ss_typical_max_1p08v_125c 
NOR2B_X0P7M_A9TR             45      97.200    sc9_cln65lp_base_rvt_ss_typical_max_1p08v_125c 
NOR2B_X1M_A9TR              354     764.640    sc9_cln65lp_base_rvt_ss_typical_max_1p08v_125c 
NOR2B_X1P4M_A9TR             49     141.120    sc9_cln65lp_base_rvt_ss_typical_max_1p08v_125c 
NOR2B_X2M_A9TR              182     524.160    sc9_cln65lp_base_rvt_ss_typical_max_1p08v_125c 
NOR2B_X3M_A9TR              155     558.000    sc9_cln65lp_base_rvt_ss_typical_max_1p08v_125c 
NOR2B_X4M_A9TR              112     483.840    sc9_cln65lp_base_rvt_ss_typical_max_1p08v_125c 
NOR2B_X6M_A9TR               37     253.080    sc9_cln65lp_base_rvt_ss_typical_max_1p08v_125c 
NOR2B_X8M_A9TR               54     447.120    sc9_cln65lp_base_rvt_ss_typical_max_1p08v_125c 
NOR2XB_X0P5M_A9TR             1       2.160    sc9_cln65lp_base_rvt_ss_typical_max_1p08v_125c 
NOR2XB_X0P7M_A9TR             5      10.800    sc9_cln65lp_base_rvt_ss_typical_max_1p08v_125c 
NOR2XB_X1M_A9TR             120     259.200    sc9_cln65lp_base_rvt_ss_typical_max_1p08v_125c 
NOR2XB_X1P4M_A9TR            42     120.960    sc9_cln65lp_base_rvt_ss_typical_max_1p08v_125c 
NOR2XB_X2M_A9TR            1073    3090.240    sc9_cln65lp_base_rvt_ss_typical_max_1p08v_125c 
NOR2XB_X3M_A9TR             248     892.800    sc9_cln65lp_base_rvt_ss_typical_max_1p08v_125c 
NOR2XB_X4M_A9TR             282    1218.240    sc9_cln65lp_base_rvt_ss_typical_max_1p08v_125c 
NOR2XB_X6M_A9TR             423    2741.040    sc9_cln65lp_base_rvt_ss_typical_max_1p08v_125c 
NOR2XB_X8M_A9TR             207    1713.960    sc9_cln65lp_base_rvt_ss_typical_max_1p08v_125c 
NOR2_X0P5B_A9TR             146     210.240    sc9_cln65lp_base_rvt_ss_typical_max_1p08v_125c 
NOR2_X0P5M_A9TR               2       2.880    sc9_cln65lp_base_rvt_ss_typical_max_1p08v_125c 
NOR2_X0P7B_A9TR               1       1.440    sc9_cln65lp_base_rvt_ss_typical_max_1p08v_125c 
NOR2_X1A_A9TR                80     115.200    sc9_cln65lp_base_rvt_ss_typical_max_1p08v_125c 
NOR2_X1B_A9TR                42      60.480    sc9_cln65lp_base_rvt_ss_typical_max_1p08v_125c 
NOR2_X1M_A9TR               250     360.000    sc9_cln65lp_base_rvt_ss_typical_max_1p08v_125c 
NOR2_X1P4A_A9TR             141     304.560    sc9_cln65lp_base_rvt_ss_typical_max_1p08v_125c 
NOR2_X1P4B_A9TR              59     127.440    sc9_cln65lp_base_rvt_ss_typical_max_1p08v_125c 
NOR2_X1P4M_A9TR              96     207.360    sc9_cln65lp_base_rvt_ss_typical_max_1p08v_125c 
NOR2_X2A_A9TR               163     410.760    sc9_cln65lp_base_rvt_ss_typical_max_1p08v_125c 
NOR2_X2B_A9TR                61     153.720    sc9_cln65lp_base_rvt_ss_typical_max_1p08v_125c 
NOR2_X2M_A9TR               192     483.840    sc9_cln65lp_base_rvt_ss_typical_max_1p08v_125c 
NOR2_X3A_A9TR               458    1483.920    sc9_cln65lp_base_rvt_ss_typical_max_1p08v_125c 
NOR2_X3B_A9TR                86     278.640    sc9_cln65lp_base_rvt_ss_typical_max_1p08v_125c 
NOR2_X3M_A9TR               261     845.640    sc9_cln65lp_base_rvt_ss_typical_max_1p08v_125c 
NOR2_X4A_A9TR               380    1504.800    sc9_cln65lp_base_rvt_ss_typical_max_1p08v_125c 
NOR2_X4B_A9TR                87     344.520    sc9_cln65lp_base_rvt_ss_typical_max_1p08v_125c 
NOR2_X4M_A9TR               730    2890.800    sc9_cln65lp_base_rvt_ss_typical_max_1p08v_125c 
NOR2_X6A_A9TR               377    2307.240    sc9_cln65lp_base_rvt_ss_typical_max_1p08v_125c 
NOR2_X6B_A9TR               129     789.480    sc9_cln65lp_base_rvt_ss_typical_max_1p08v_125c 
NOR2_X6M_A9TR               312    1909.440    sc9_cln65lp_base_rvt_ss_typical_max_1p08v_125c 
NOR2_X8A_A9TR               110     831.600    sc9_cln65lp_base_rvt_ss_typical_max_1p08v_125c 
NOR2_X8B_A9TR                38     287.280    sc9_cln65lp_base_rvt_ss_typical_max_1p08v_125c 
NOR2_X8M_A9TR               160    1209.600    sc9_cln65lp_base_rvt_ss_typical_max_1p08v_125c 
NOR3_X0P7M_A9TR               1       2.160    sc9_cln65lp_base_rvt_ss_typical_max_1p08v_125c 
NOR3_X1A_A9TR                 2       4.320    sc9_cln65lp_base_rvt_ss_typical_max_1p08v_125c 
NOR3_X1M_A9TR                 4       8.640    sc9_cln65lp_base_rvt_ss_typical_max_1p08v_125c 
NOR3_X1P4M_A9TR               3       9.720    sc9_cln65lp_base_rvt_ss_typical_max_1p08v_125c 
NOR3_X2A_A9TR                10      32.400    sc9_cln65lp_base_rvt_ss_typical_max_1p08v_125c 
NOR3_X2M_A9TR                45     145.800    sc9_cln65lp_base_rvt_ss_typical_max_1p08v_125c 
NOR3_X3A_A9TR                 4      18.720    sc9_cln65lp_base_rvt_ss_typical_max_1p08v_125c 
NOR3_X3M_A9TR                 5      23.400    sc9_cln65lp_base_rvt_ss_typical_max_1p08v_125c 
NOR3_X4A_A9TR                 8      48.960    sc9_cln65lp_base_rvt_ss_typical_max_1p08v_125c 
NOR3_X4M_A9TR                21     128.520    sc9_cln65lp_base_rvt_ss_typical_max_1p08v_125c 
OA211_X0P7M_A9TR              1       3.240    sc9_cln65lp_base_rvt_ss_typical_max_1p08v_125c 
OA211_X1P4M_A9TR              1       5.760    sc9_cln65lp_base_rvt_ss_typical_max_1p08v_125c 
OA211_X2M_A9TR               19     109.440    sc9_cln65lp_base_rvt_ss_typical_max_1p08v_125c 
OA211_X3M_A9TR                4      30.240    sc9_cln65lp_base_rvt_ss_typical_max_1p08v_125c 
OA21_X0P5M_A9TR               1       2.880    sc9_cln65lp_base_rvt_ss_typical_max_1p08v_125c 
OA21_X1M_A9TR                69     198.720    sc9_cln65lp_base_rvt_ss_typical_max_1p08v_125c 
OA21_X1P4M_A9TR              58     229.680    sc9_cln65lp_base_rvt_ss_typical_max_1p08v_125c 
OA21_X2M_A9TR                62     290.160    sc9_cln65lp_base_rvt_ss_typical_max_1p08v_125c 
OA21_X3M_A9TR                 5      32.400    sc9_cln65lp_base_rvt_ss_typical_max_1p08v_125c 
OA21_X4M_A9TR                27     194.400    sc9_cln65lp_base_rvt_ss_typical_max_1p08v_125c 
OA21_X6M_A9TR                 4      40.320    sc9_cln65lp_base_rvt_ss_typical_max_1p08v_125c 
OA21_X8M_A9TR                 2      25.200    sc9_cln65lp_base_rvt_ss_typical_max_1p08v_125c 
OA22_X1M_A9TR                 5      16.200    sc9_cln65lp_base_rvt_ss_typical_max_1p08v_125c 
OA22_X1P4M_A9TR               1       5.040    sc9_cln65lp_base_rvt_ss_typical_max_1p08v_125c 
OA22_X2M_A9TR                 2      11.520    sc9_cln65lp_base_rvt_ss_typical_max_1p08v_125c 
OA22_X4M_A9TR                 1      10.080    sc9_cln65lp_base_rvt_ss_typical_max_1p08v_125c 
OAI211_X0P5M_A9TR             1       2.520    sc9_cln65lp_base_rvt_ss_typical_max_1p08v_125c 
OAI211_X1M_A9TR               6      15.120    sc9_cln65lp_base_rvt_ss_typical_max_1p08v_125c 
OAI211_X1P4M_A9TR             1       3.960    sc9_cln65lp_base_rvt_ss_typical_max_1p08v_125c 
OAI211_X2M_A9TR               3      12.960    sc9_cln65lp_base_rvt_ss_typical_max_1p08v_125c 
OAI211_X3M_A9TR              25     153.000    sc9_cln65lp_base_rvt_ss_typical_max_1p08v_125c 
OAI211_X4M_A9TR              44     332.640    sc9_cln65lp_base_rvt_ss_typical_max_1p08v_125c 
OAI21B_X1M_A9TR               5      14.400    sc9_cln65lp_base_rvt_ss_typical_max_1p08v_125c 
OAI21B_X1P4M_A9TR             8      28.800    sc9_cln65lp_base_rvt_ss_typical_max_1p08v_125c 
OAI21B_X2M_A9TR              16      69.120    sc9_cln65lp_base_rvt_ss_typical_max_1p08v_125c 
OAI21B_X3M_A9TR              15      86.400    sc9_cln65lp_base_rvt_ss_typical_max_1p08v_125c 
OAI21B_X4M_A9TR              24     172.800    sc9_cln65lp_base_rvt_ss_typical_max_1p08v_125c 
OAI21B_X6M_A9TR              11     106.920    sc9_cln65lp_base_rvt_ss_typical_max_1p08v_125c 
OAI21B_X8M_A9TR              10     126.000    sc9_cln65lp_base_rvt_ss_typical_max_1p08v_125c 
OAI21_X0P5M_A9TR              5      10.800    sc9_cln65lp_base_rvt_ss_typical_max_1p08v_125c 
OAI21_X0P7M_A9TR              1       2.160    sc9_cln65lp_base_rvt_ss_typical_max_1p08v_125c 
OAI21_X1M_A9TR              101     218.160    sc9_cln65lp_base_rvt_ss_typical_max_1p08v_125c 
OAI21_X1P4M_A9TR             56     181.440    sc9_cln65lp_base_rvt_ss_typical_max_1p08v_125c 
OAI21_X2M_A9TR              295    1062.000    sc9_cln65lp_base_rvt_ss_typical_max_1p08v_125c 
OAI21_X3M_A9TR              315    1474.200    sc9_cln65lp_base_rvt_ss_typical_max_1p08v_125c 
OAI21_X4M_A9TR              322    1970.640    sc9_cln65lp_base_rvt_ss_typical_max_1p08v_125c 
OAI21_X6M_A9TR              449    3717.720    sc9_cln65lp_base_rvt_ss_typical_max_1p08v_125c 
OAI21_X8M_A9TR              122    1361.520    sc9_cln65lp_base_rvt_ss_typical_max_1p08v_125c 
OAI221_X1M_A9TR               2       6.480    sc9_cln65lp_base_rvt_ss_typical_max_1p08v_125c 
OAI221_X2M_A9TR               7      40.320    sc9_cln65lp_base_rvt_ss_typical_max_1p08v_125c 
OAI221_X4M_A9TR               4      41.760    sc9_cln65lp_base_rvt_ss_typical_max_1p08v_125c 
OAI222_X0P7M_A9TR             1       3.960    sc9_cln65lp_base_rvt_ss_typical_max_1p08v_125c 
OAI222_X1M_A9TR               4      15.840    sc9_cln65lp_base_rvt_ss_typical_max_1p08v_125c 
OAI22_X0P5M_A9TR              3       7.560    sc9_cln65lp_base_rvt_ss_typical_max_1p08v_125c 
OAI22_X0P7M_A9TR              6      15.120    sc9_cln65lp_base_rvt_ss_typical_max_1p08v_125c 
OAI22_X1M_A9TR               73     183.960    sc9_cln65lp_base_rvt_ss_typical_max_1p08v_125c 
OAI22_X1P4M_A9TR             16      63.360    sc9_cln65lp_base_rvt_ss_typical_max_1p08v_125c 
OAI22_X2M_A9TR               99     427.680    sc9_cln65lp_base_rvt_ss_typical_max_1p08v_125c 
OAI22_X3M_A9TR               13      79.560    sc9_cln65lp_base_rvt_ss_typical_max_1p08v_125c 
OAI22_X4M_A9TR                7      57.960    sc9_cln65lp_base_rvt_ss_typical_max_1p08v_125c 
OAI2XB1_X0P5M_A9TR          115     289.800    sc9_cln65lp_base_rvt_ss_typical_max_1p08v_125c 
OAI2XB1_X0P7M_A9TR           23      66.240    sc9_cln65lp_base_rvt_ss_typical_max_1p08v_125c 
OAI2XB1_X1M_A9TR            218     627.840    sc9_cln65lp_base_rvt_ss_typical_max_1p08v_125c 
OAI2XB1_X1P4M_A9TR          132     475.200    sc9_cln65lp_base_rvt_ss_typical_max_1p08v_125c 
OAI2XB1_X2M_A9TR            109     470.880    sc9_cln65lp_base_rvt_ss_typical_max_1p08v_125c 
OAI2XB1_X3M_A9TR             89     512.640    sc9_cln65lp_base_rvt_ss_typical_max_1p08v_125c 
OAI2XB1_X4M_A9TR             75     567.000    sc9_cln65lp_base_rvt_ss_typical_max_1p08v_125c 
OAI2XB1_X6M_A9TR            100     936.000    sc9_cln65lp_base_rvt_ss_typical_max_1p08v_125c 
OAI2XB1_X8M_A9TR             41     531.360    sc9_cln65lp_base_rvt_ss_typical_max_1p08v_125c 
OAI31_X1M_A9TR                3       7.560    sc9_cln65lp_base_rvt_ss_typical_max_1p08v_125c 
OAI31_X1P4M_A9TR              1       3.960    sc9_cln65lp_base_rvt_ss_typical_max_1p08v_125c 
OAI31_X2M_A9TR                5      21.600    sc9_cln65lp_base_rvt_ss_typical_max_1p08v_125c 
OAI31_X3M_A9TR                4      24.480    sc9_cln65lp_base_rvt_ss_typical_max_1p08v_125c 
OAI31_X4M_A9TR                4      31.680    sc9_cln65lp_base_rvt_ss_typical_max_1p08v_125c 
OAI31_X6M_A9TR                1      10.800    sc9_cln65lp_base_rvt_ss_typical_max_1p08v_125c 
OR2_X0P5M_A9TR              128     230.400    sc9_cln65lp_base_rvt_ss_typical_max_1p08v_125c 
OR2_X0P7M_A9TR               15      32.400    sc9_cln65lp_base_rvt_ss_typical_max_1p08v_125c 
OR2_X11M_A9TR                49     617.400    sc9_cln65lp_base_rvt_ss_typical_max_1p08v_125c 
OR2_X1M_A9TR                 56     120.960    sc9_cln65lp_base_rvt_ss_typical_max_1p08v_125c 
OR2_X1P4M_A9TR              218     549.360    sc9_cln65lp_base_rvt_ss_typical_max_1p08v_125c 
OR2_X2M_A9TR                284     920.160    sc9_cln65lp_base_rvt_ss_typical_max_1p08v_125c 
OR2_X3M_A9TR                458    1648.800    sc9_cln65lp_base_rvt_ss_typical_max_1p08v_125c 
OR2_X4M_A9TR                252    1270.080    sc9_cln65lp_base_rvt_ss_typical_max_1p08v_125c 
OR2_X6M_A9TR                128     875.520    sc9_cln65lp_base_rvt_ss_typical_max_1p08v_125c 
OR2_X8M_A9TR                 86     804.960    sc9_cln65lp_base_rvt_ss_typical_max_1p08v_125c 
OR3_X0P5M_A9TR                4      10.080    sc9_cln65lp_base_rvt_ss_typical_max_1p08v_125c 
OR3_X0P7M_A9TR                1       3.600    sc9_cln65lp_base_rvt_ss_typical_max_1p08v_125c 
OR3_X1M_A9TR                  2       7.200    sc9_cln65lp_base_rvt_ss_typical_max_1p08v_125c 
OR3_X1P4M_A9TR                7      27.720    sc9_cln65lp_base_rvt_ss_typical_max_1p08v_125c 
OR3_X3M_A9TR                  3      20.520    sc9_cln65lp_base_rvt_ss_typical_max_1p08v_125c 
OR3_X6M_A9TR                  1      12.600    sc9_cln65lp_base_rvt_ss_typical_max_1p08v_125c 
OR4_X1M_A9TR                 29     104.400    sc9_cln65lp_base_rvt_ss_typical_max_1p08v_125c 
OR4_X1P4M_A9TR               25      99.000    sc9_cln65lp_base_rvt_ss_typical_max_1p08v_125c 
OR4_X2M_A9TR                 21     120.960    sc9_cln65lp_base_rvt_ss_typical_max_1p08v_125c 
OR4_X3M_A9TR                  6      41.040    sc9_cln65lp_base_rvt_ss_typical_max_1p08v_125c 
OR4_X4M_A9TR                  6      54.000    sc9_cln65lp_base_rvt_ss_typical_max_1p08v_125c 
OR4_X6M_A9TR                  2      26.640    sc9_cln65lp_base_rvt_ss_typical_max_1p08v_125c 
OR6_X0P7M_A9TR                9      42.120    sc9_cln65lp_base_rvt_ss_typical_max_1p08v_125c 
OR6_X1M_A9TR                  3      20.520    sc9_cln65lp_base_rvt_ss_typical_max_1p08v_125c 
OR6_X1P4M_A9TR                3      20.520    sc9_cln65lp_base_rvt_ss_typical_max_1p08v_125c 
OR6_X2M_A9TR                  2      19.440    sc9_cln65lp_base_rvt_ss_typical_max_1p08v_125c 
OR6_X3M_A9TR                  1      13.320    sc9_cln65lp_base_rvt_ss_typical_max_1p08v_125c 
OR6_X4M_A9TR                  2      33.840    sc9_cln65lp_base_rvt_ss_typical_max_1p08v_125c 
SDFFQN_X1M_A9TR              20     194.400    sc9_cln65lp_base_rvt_ss_typical_max_1p08v_125c 
SDFFQN_X2M_A9TR             435    4541.400    sc9_cln65lp_base_rvt_ss_typical_max_1p08v_125c 
SDFFQ_X0P5M_A9TR            279    2711.880    sc9_cln65lp_base_rvt_ss_typical_max_1p08v_125c 
SDFFQ_X1M_A9TR             3922   38121.840    sc9_cln65lp_base_rvt_ss_typical_max_1p08v_125c 
SDFFQ_X2M_A9TR             4593   49604.400    sc9_cln65lp_base_rvt_ss_typical_max_1p08v_125c 
SDFFQ_X3M_A9TR              222    2557.440    sc9_cln65lp_base_rvt_ss_typical_max_1p08v_125c 
SDFFQ_X4M_A9TR              555    6393.600    sc9_cln65lp_base_rvt_ss_typical_max_1p08v_125c 
SDFFRPQ_X1M_A9TR             45     469.800    sc9_cln65lp_base_rvt_ss_typical_max_1p08v_125c 
SDFFRPQ_X2M_A9TR              2      22.320    sc9_cln65lp_base_rvt_ss_typical_max_1p08v_125c 
SDFFRPQ_X4M_A9TR              2      25.920    sc9_cln65lp_base_rvt_ss_typical_max_1p08v_125c 
SDFFSQ_X0P5M_A9TR             4      43.200    sc9_cln65lp_base_rvt_ss_typical_max_1p08v_125c 
SDFFSQ_X1M_A9TR               3      32.400    sc9_cln65lp_base_rvt_ss_typical_max_1p08v_125c 
XNOR2_X0P7M_A9TR            165     534.600    sc9_cln65lp_base_rvt_ss_typical_max_1p08v_125c 
XNOR2_X1M_A9TR               81     291.600    sc9_cln65lp_base_rvt_ss_typical_max_1p08v_125c 
XNOR2_X1P4M_A9TR             12      73.440    sc9_cln65lp_base_rvt_ss_typical_max_1p08v_125c 
XNOR2_X2M_A9TR              154     942.480    sc9_cln65lp_base_rvt_ss_typical_max_1p08v_125c 
XNOR2_X3M_A9TR              797    6312.240    sc9_cln65lp_base_rvt_ss_typical_max_1p08v_125c 
XNOR2_X4M_A9TR              180    1814.400    sc9_cln65lp_base_rvt_ss_typical_max_1p08v_125c 
XNOR3_X1M_A9TR               16     103.680    sc9_cln65lp_base_rvt_ss_typical_max_1p08v_125c 
XNOR3_X1P4M_A9TR             56     564.480    sc9_cln65lp_base_rvt_ss_typical_max_1p08v_125c 
XNOR3_X2M_A9TR                2      24.480    sc9_cln65lp_base_rvt_ss_typical_max_1p08v_125c 
XNOR3_X3M_A9TR              107    1502.280    sc9_cln65lp_base_rvt_ss_typical_max_1p08v_125c 
XNOR3_X4M_A9TR               50     918.000    sc9_cln65lp_base_rvt_ss_typical_max_1p08v_125c 
XOR2_X0P5M_A9TR              14      45.360    sc9_cln65lp_base_rvt_ss_typical_max_1p08v_125c 
XOR2_X0P7M_A9TR             410    1328.400    sc9_cln65lp_base_rvt_ss_typical_max_1p08v_125c 
XOR2_X1M_A9TR               206     741.600    sc9_cln65lp_base_rvt_ss_typical_max_1p08v_125c 
XOR2_X1P4M_A9TR              27     165.240    sc9_cln65lp_base_rvt_ss_typical_max_1p08v_125c 
XOR2_X2M_A9TR               513    3139.560    sc9_cln65lp_base_rvt_ss_typical_max_1p08v_125c 
XOR2_X3M_A9TR              1882   14905.440    sc9_cln65lp_base_rvt_ss_typical_max_1p08v_125c 
XOR2_X4M_A9TR               413    4163.040    sc9_cln65lp_base_rvt_ss_typical_max_1p08v_125c 
XOR3_X1M_A9TR                13      84.240    sc9_cln65lp_base_rvt_ss_typical_max_1p08v_125c 
XOR3_X1P4M_A9TR              23     231.840    sc9_cln65lp_base_rvt_ss_typical_max_1p08v_125c 
XOR3_X2M_A9TR                 3      36.720    sc9_cln65lp_base_rvt_ss_typical_max_1p08v_125c 
XOR3_X3M_A9TR                73    1024.920    sc9_cln65lp_base_rvt_ss_typical_max_1p08v_125c 
XOR3_X4M_A9TR                 7     128.520    sc9_cln65lp_base_rvt_ss_typical_max_1p08v_125c 
----------------------------------------------------------------------------------------------
total                     76396  435702.960                                                   


                                           
     Type      Instances    Area    Area % 
-------------------------------------------
sequential         17229 191203.200   43.9 
inverter            6241  20483.280    4.7 
buffer              2046   5320.080    1.2 
logic              50880 218696.400   50.2 
physical_cells         0      0.000    0.0 
-------------------------------------------
total              76396 435702.960  100.0 

