============================================================
  Generated by:           Genus(TM) Synthesis Solution 18.10-p003_1
  Generated on:           Oct 04 2021  10:01:51 pm
  Module:                 axis_conv_engine
  Technology libraries:   tcbn45gsbwpbc0d88 120
                          tcbn45gsbwpbc0d880d88 120
                          tcbn45gsbwpbc0d880d99 120
                          tcbn45gsbwpbc0d881d1 120
                          physical_cells 
  Operating conditions:   BC0D88COM 
  Interconnect mode:      global
  Area mode:              physical library
============================================================

                                      
     Type      Instances  Area Area % 
--------------------------------------
sequential         17505 0.000    0.0 
inverter             275 0.000    0.0 
logic             209529 0.000    0.0 
physical_cells         0 0.000    0.0 
--------------------------------------
total             227309 0.000    0.0 

