============================================================
  Generated by:           Genus(TM) Synthesis Solution 18.10-p003_1
  Generated on:           Oct 04 2021  10:01:56 pm
  Module:                 axis_conv_engine
  Operating conditions:   BC0D88COM 
  Interconnect mode:      global
  Area mode:              physical library
============================================================

                                           Leakage      Dynamic       Total    
            Instance              Cells   Power(nW)    Power(nW)    Power(nW)  
-------------------------------------------------------------------------------
axis_conv_engine                 227309 11562786.905 42938747.959 54501534.864 
  ENGINE                         193934  7387011.946 31765767.069 39152779.015 
    PAD_FILTER                      754    52518.249   104859.751   157378.000 
      COL_END_REG                    23     2359.089     6613.875     8972.964 
      COL_START_REG                  23     2359.089     4781.768     7140.857 
      genblk3[0]..ND_MASKED_REG      23     2359.089     3996.026     6355.115 
      genblk3[1]..ND_MASKED_REG      23     2359.089     4018.191     6377.280 
      genblk3[2]..ND_MASKED_REG      23     2359.089     3933.327     6292.416 
      genblk3[3]..ND_MASKED_REG      23     2359.089     3829.781     6188.870 
      genblk3[4]..ND_MASKED_REG      23     2359.089     4223.210     6582.299 
      genblk3[5]..ND_MASKED_REG      23     2359.089     4494.016     6853.105 
      genblk3[6]..ND_MASKED_REG      23     2359.089     3933.327     6292.416 
      genblk3[7]..ND_MASKED_REG      23     2359.089     4206.102     6565.191 
      genblk3[8]..ND_MASKED_REG      23     2359.089     4156.071     6515.160 
      genblk3[9]..ND_MASKED_REG      23     2359.089     4440.586     6799.675 
      genblk3[10..ND_MASKED_REG      23     2359.089     4177.982     6537.071 
      genblk3[11..ND_MASKED_REG      23     2359.089     4022.022     6381.111 
      genblk3[12..ND_MASKED_REG      23     2359.089     4475.978     6835.067 
      genblk3[13..ND_MASKED_REG      23     2359.089     3844.682     6203.771 
      REG_CLR_LEFT                   19     1898.827     4717.070     6615.898 
    Cm[0].Gm[0..[0].Mm[0].MUL       616    19468.409    54326.629    73795.037 
      mul_74_23                     552    12104.218    36844.228    48948.446 
      REG                            64     7364.191    17482.401    24846.592 
    Cm[0].Gm[0..[0].Mm[1].MUL       616    19468.409    57035.629    76504.038 
      mul_74_23                     552    12104.218    38520.910    50625.128 
      REG                            64     7364.191    18514.719    25878.910 
    Cm[0].Gm[0..[0].Mm[2].MUL       616    19468.409    54181.841    73650.249 
      mul_74_23                     552    12104.218    36074.768    48178.986 
      REG                            64     7364.191    18107.072    25471.263 
    Cm[0].Gm[0..[0].Mm[3].MUL       616    19468.409    54722.360    74190.768 
      mul_74_23                     552    12104.218    36021.264    48125.481 
      REG                            64     7364.191    18701.096    26065.287 
    Cm[0].Gm[0..[0].Mm[4].MUL       616    19468.409    54334.018    73802.426 
      mul_74_23                     552    12104.218    36355.712    48459.930 
      REG                            64     7364.191    17978.306    25342.496 
    Cm[0].Gm[0..[0].Mm[5].MUL       616    19468.409    55688.542    75156.951 
      mul_74_23                     552    12104.218    37375.253    49479.471 
      REG                            64     7364.191    18313.289    25677.480 
    Cm[0].Gm[0..[0].Mm[6].MUL       616    19468.409    55660.694    75129.102 
      mul_74_23                     552    12104.218    37278.793    49383.010 
      REG                            64     7364.191    18381.901    25746.092 
    Cm[0].Gm[0..[0].Mm[7].MUL       616    19468.409    56648.256    76116.664 
      mul_74_23                     552    12104.218    38114.744    50218.962 
      REG                            64     7364.191    18533.512    25897.702 
    Cm[0].Gm[0..[0].Mm[8].MUL       616    19468.409    53117.681    72586.089 
      mul_74_23                     552    12104.218    35150.258    47254.476 
      REG                            64     7364.191    17967.423    25331.613 
    Cm[0].Gm[0..[0].Mm[9].MUL       616    19468.409    55224.232    74692.641 
      mul_74_23                     552    12104.218    36828.995    48933.213 
      REG                            64     7364.191    18395.237    25759.428 
    Cm[0].Gm[0..0].Mm[10].MUL       616    19468.409    55344.520    74812.928 
      mul_74_23                     552    12104.218    36422.680    48526.898 
      REG                            64     7364.191    18921.839    26286.030 
    Cm[0].Gm[0..0].Mm[11].MUL       616    19468.409    56691.931    76160.339 
      mul_74_23                     552    12104.218    38318.225    50422.443 
      REG                            64     7364.191    18373.706    25737.897 
    Cm[0].Gm[0..0].Mm[12].MUL       616    19468.409    55223.624    74692.032 
      mul_74_23                     552    12104.218    36285.054    48389.272 
      REG                            64     7364.191    18938.570    26302.761 
    Cm[0].Gm[0..0].Mm[13].MUL       616    19468.409    56319.081    75787.489 
      mul_74_23                     552    12104.218    38130.432    50234.650 
      REG                            64     7364.191    18188.648    25552.839 
    Cm[0].Gm[0..[1].Mm[0].MUL       616    19468.409    52810.624    72279.032 
      mul_74_23                     552    12104.218    34838.183    46942.401 
      REG                            64     7364.191    17972.440    25336.631 
    Cm[0].Gm[0..[1].Mm[1].MUL       616    19468.409    55775.064    75243.472 
      mul_74_23                     552    12104.218    37379.055    49483.273 
      REG                            64     7364.191    18396.009    25760.200 
    Cm[0].Gm[0..[1].Mm[2].MUL       616    19468.409    54986.281    74454.690 
      mul_74_23                     552    12104.218    36603.551    48707.769 
      REG                            64     7364.191    18382.730    25746.921 
    Cm[0].Gm[0..[1].Mm[3].MUL       616    19468.409    55456.494    74924.903 
      mul_74_23                     552    12104.218    36666.686    48770.904 
      REG                            64     7364.191    18789.808    26153.999 
    Cm[0].Gm[0..[1].Mm[4].MUL       616    19468.409    53105.060    72573.469 
      mul_74_23                     552    12104.218    35073.716    47177.934 
      REG                            64     7364.191    18031.344    25395.535 
    Cm[0].Gm[0..[1].Mm[5].MUL       616    19468.409    56337.237    75805.645 
      mul_74_23                     552    12104.218    37472.512    49576.730 
      REG                            64     7364.191    18864.724    26228.915 
    Cm[0].Gm[0..[1].Mm[6].MUL       616    19468.409    54447.340    73915.748 
      mul_74_23                     552    12104.218    36479.735    48583.953 
      REG                            64     7364.191    17967.605    25331.795 
    Cm[0].Gm[0..[1].Mm[7].MUL       616    19468.409    51954.510    71422.919 
      mul_74_23                     552    12104.218    33796.093    45900.311 
      REG                            64     7364.191    18158.418    25522.608 
    Cm[0].Gm[0..[1].Mm[8].MUL       616    19468.409    50282.051    69750.459 
      mul_74_23                     552    12104.218    32668.766    44772.984 
      REG                            64     7364.191    17613.284    24977.475 
    Cm[0].Gm[0..[1].Mm[9].MUL       616    19468.409    53723.693    73192.102 
      mul_74_23                     552    12104.218    35471.942    47576.160 
      REG                            64     7364.191    18251.751    25615.942 
    Cm[0].Gm[0..1].Mm[10].MUL       616    19468.409    52926.103    72394.512 
      mul_74_23                     552    12104.218    34326.219    46430.437 
      REG                            64     7364.191    18599.884    25964.075 
    Cm[0].Gm[0..1].Mm[11].MUL       616    19468.409    53624.728    73093.136 
      mul_74_23                     552    12104.218    35587.802    47692.019 
      REG                            64     7364.191    18036.926    25401.117 
    Cm[0].Gm[0..1].Mm[12].MUL       616    19468.409    53627.729    73096.137 
      mul_74_23                     552    12104.218    35444.816    47549.034 
      REG                            64     7364.191    18182.912    25547.103 
    Cm[0].Gm[0..1].Mm[13].MUL       616    19468.409    53234.360    72702.769 
      mul_74_23                     552    12104.218    35395.950    47500.168 
      REG                            64     7364.191    17838.410    25202.601 
    Cm[0].Gm[0..[2].Mm[0].MUL       616    19468.409    51238.832    70707.241 
      mul_74_23                     552    12104.218    33311.607    45415.825 
      REG                            64     7364.191    17927.225    25291.416 
    Cm[0].Gm[0..[2].Mm[1].MUL       616    19468.409    53959.969    73428.377 
      mul_74_23                     552    12104.218    36266.889    48371.107 
      REG                            64     7364.191    17693.079    25057.270 
    Cm[0].Gm[0..[2].Mm[2].MUL       616    19468.409    50678.019    70146.428 
      mul_74_23                     552    12104.218    32918.032    45022.250 
      REG                            64     7364.191    17759.987    25124.178 
    Cm[0].Gm[0..[2].Mm[3].MUL       616    19468.409    53471.539    72939.948 
      mul_74_23                     552    12104.218    35617.928    47722.146 
      REG                            64     7364.191    17853.612    25217.802 
    Cm[0].Gm[0..[2].Mm[4].MUL       616    19468.409    53833.802    73302.211 
      mul_74_23                     552    12104.218    36750.831    48855.048 
      REG                            64     7364.191    17082.972    24447.162 
    Cm[0].Gm[0..[2].Mm[5].MUL       616    19468.409    55457.079    74925.488 
      mul_74_23                     552    12104.218    37619.840    49724.058 
      REG                            64     7364.191    17837.239    25201.430 
    Cm[0].Gm[0..[2].Mm[6].MUL       616    19468.409    50619.083    70087.492 
      mul_74_23                     552    12104.218    32357.120    44461.338 
      REG                            64     7364.191    18261.963    25626.153 
    Cm[0].Gm[0..[2].Mm[7].MUL       616    19468.409    49757.243    69225.651 
      mul_74_23                     552    12104.218    31630.105    43734.323 
      REG                            64     7364.191    18127.138    25491.328 
    Cm[0].Gm[0..[2].Mm[8].MUL       616    19468.409    52350.834    71819.242 
      mul_74_23                     552    12104.218    34510.790    46615.008 
      REG                            64     7364.191    17840.044    25204.234 
    Cm[0].Gm[0..[2].Mm[9].MUL       616    19468.409    52348.494    71816.903 
      mul_74_23                     552    12104.218    34545.210    46649.428 
      REG                            64     7364.191    17803.284    25167.475 
    Cm[0].Gm[0..2].Mm[10].MUL       616    19468.409    54602.925    74071.334 
      mul_74_23                     552    12104.218    36289.666    48393.884 
      REG                            64     7364.191    18313.260    25677.450 
    Cm[0].Gm[0..2].Mm[11].MUL       616    19468.409    53175.081    72643.490 
      mul_74_23                     552    12104.218    35059.126    47163.344 
      REG                            64     7364.191    18115.955    25480.146 
    Cm[0].Gm[0..2].Mm[12].MUL       616    19468.409    55282.663    74751.071 
      mul_74_23                     552    12104.218    36950.020    49054.238 
      REG                            64     7364.191    18332.643    25696.834 
    Cm[0].Gm[0..2].Mm[13].MUL       616    19468.409    54159.519    73627.928 
      mul_74_23                     552    12104.218    36078.284    48182.501 
      REG                            64     7364.191    18081.236    25445.426 
    Cm[0].Gm[0..[3].Mm[0].MUL       616    19468.409    55053.178    74521.587 
      mul_74_23                     552    12104.218    37426.827    49531.045 
      REG                            64     7364.191    17626.351    24990.542 
    Cm[0].Gm[0..[3].Mm[1].MUL       616    19468.409    53516.734    72985.143 
      mul_74_23                     552    12104.218    35300.309    47404.527 
      REG                            64     7364.191    18216.426    25580.616 
    Cm[0].Gm[0..[3].Mm[2].MUL       616    19468.409    53333.230    72801.638 
      mul_74_23                     552    12104.218    35339.348    47443.566 
      REG                            64     7364.191    17993.881    25358.072 
    Cm[0].Gm[0..[3].Mm[3].MUL       616    19468.409    54528.626    73997.035 
      mul_74_23                     552    12104.218    36094.825    48199.042 
      REG                            64     7364.191    18433.801    25797.992 
    Cm[0].Gm[0..[3].Mm[4].MUL       616    19468.409    54191.576    73659.985 
      mul_74_23                     552    12104.218    36559.499    48663.717 
      REG                            64     7364.191    17632.078    24996.268 
    Cm[0].Gm[0..[3].Mm[5].MUL       616    19468.409    53807.798    73276.207 
      mul_74_23                     552    12104.218    35514.192    47618.410 
      REG                            64     7364.191    18293.607    25657.797 
    Cm[0].Gm[0..[3].Mm[6].MUL       616    19468.409    53756.565    73224.973 
      mul_74_23                     552    12104.218    35305.527    47409.745 
      REG                            64     7364.191    18451.038    25815.228 
    Cm[0].Gm[0..[3].Mm[7].MUL       616    19468.409    52852.635    72321.044 
      mul_74_23                     552    12104.218    34624.742    46728.960 
      REG                            64     7364.191    18227.893    25592.084 
    Cm[0].Gm[0..[3].Mm[8].MUL       616    19468.409    52934.552    72402.960 
      mul_74_23                     552    12104.218    34861.697    46965.915 
      REG                            64     7364.191    18072.854    25437.045 
    Cm[0].Gm[0..[3].Mm[9].MUL       616    19468.409    55028.979    74497.387 
      mul_74_23                     552    12104.218    36220.646    48324.863 
      REG                            64     7364.191    18808.333    26172.524 
    Cm[0].Gm[0..3].Mm[10].MUL       616    19468.409    56424.622    75893.030 
      mul_74_23                     552    12104.218    37665.601    49769.819 
      REG                            64     7364.191    18759.020    26123.211 
    Cm[0].Gm[0..3].Mm[11].MUL       616    19468.409    54281.200    73749.609 
      mul_74_23                     552    12104.218    35691.122    47795.340 
      REG                            64     7364.191    18590.078    25954.269 
    Cm[0].Gm[0..3].Mm[12].MUL       616    19468.409    54896.096    74364.505 
      mul_74_23                     552    12104.218    36080.296    48184.514 
      REG                            64     7364.191    18815.800    26179.991 
    Cm[0].Gm[0..3].Mm[13].MUL       616    19468.409    53781.655    73250.064 
      mul_74_23                     552    12104.218    35725.373    47829.591 
      REG                            64     7364.191    18056.283    25420.473 
    Cm[0].Gm[0..[4].Mm[0].MUL       616    19468.409    51504.393    70972.801 
      mul_74_23                     552    12104.218    34080.966    46185.184 
      REG                            64     7364.191    17423.427    24787.617 
    Cm[0].Gm[0..[4].Mm[1].MUL       616    19468.409    52358.081    71826.490 
      mul_74_23                     552    12104.218    34654.932    46759.150 
      REG                            64     7364.191    17703.149    25067.339 
    Cm[0].Gm[0..[4].Mm[2].MUL       616    19468.409    52521.954    71990.363 
      mul_74_23                     552    12104.218    34239.936    46344.154 
      REG                            64     7364.191    18282.018    25646.208 
    Cm[0].Gm[0..[4].Mm[3].MUL       616    19468.409    56572.895    76041.304 
      mul_74_23                     552    12104.218    38367.188    50471.406 
      REG                            64     7364.191    18205.707    25569.897 
    Cm[0].Gm[0..[4].Mm[4].MUL       616    19468.409    52978.237    72446.645 
      mul_74_23                     552    12104.218    34636.293    46740.511 
      REG                            64     7364.191    18341.943    25706.134 
    Cm[0].Gm[0..[4].Mm[5].MUL       616    19468.409    56798.623    76267.031 
      mul_74_23                     552    12104.218    37851.611    49955.829 
      REG                            64     7364.191    18947.012    26311.203 
    Cm[0].Gm[0..[4].Mm[6].MUL       616    19468.409    54812.121    74280.529 
      mul_74_23                     552    12104.218    36507.543    48611.761 
      REG                            64     7364.191    18304.577    25668.768 
    Cm[0].Gm[0..[4].Mm[7].MUL       616    19468.409    53005.311    72473.719 
      mul_74_23                     552    12104.218    34685.649    46789.867 
      REG                            64     7364.191    18319.661    25683.852 
    Cm[0].Gm[0..[4].Mm[8].MUL       616    19468.409    55559.987    75028.395 
      mul_74_23                     552    12104.218    37606.897    49711.115 
      REG                            64     7364.191    17953.090    25317.280 
    Cm[0].Gm[0..[4].Mm[9].MUL       616    19468.409    54005.738    73474.146 
      mul_74_23                     552    12104.218    36066.411    48170.629 
      REG                            64     7364.191    17939.327    25303.517 
    Cm[0].Gm[0..4].Mm[10].MUL       616    19468.409    53195.657    72664.065 
      mul_74_23                     552    12104.218    35020.395    47124.613 
      REG                            64     7364.191    18175.262    25539.453 
    Cm[0].Gm[0..4].Mm[11].MUL       616    19468.409    54931.730    74400.138 
      mul_74_23                     552    12104.218    36326.532    48430.750 
      REG                            64     7364.191    18605.198    25969.388 
    Cm[0].Gm[0..4].Mm[12].MUL       616    19468.409    55360.222    74828.630 
      mul_74_23                     552    12104.218    37090.481    49194.699 
      REG                            64     7364.191    18269.741    25633.932 
    Cm[0].Gm[0..4].Mm[13].MUL       616    19468.409    53466.089    72934.497 
      mul_74_23                     552    12104.218    35405.405    47509.623 
      REG                            64     7364.191    18060.684    25424.875 
    Cm[0].Gm[0..[5].Mm[0].MUL       616    19468.409    53755.217    73223.625 
      mul_74_23                     552    12104.218    36065.888    48170.106 
      REG                            64     7364.191    17689.328    25053.519 
    Cm[0].Gm[0..[5].Mm[1].MUL       616    19468.409    54610.145    74078.553 
      mul_74_23                     552    12104.218    36508.659    48612.877 
      REG                            64     7364.191    18101.486    25465.676 
    Cm[0].Gm[0..[5].Mm[2].MUL       616    19468.409    52128.397    71596.806 
      mul_74_23                     552    12104.218    34399.146    46503.364 
      REG                            64     7364.191    17729.251    25093.442 
    Cm[0].Gm[0..[5].Mm[3].MUL       616    19468.409    56551.214    76019.622 
      mul_74_23                     552    12104.218    37675.445    49779.662 
      REG                            64     7364.191    18875.769    26239.960 
    Cm[0].Gm[0..[5].Mm[4].MUL       616    19468.409    52988.094    72456.502 
      mul_74_23                     552    12104.218    34653.157    46757.375 
      REG                            64     7364.191    18334.937    25699.127 
    Cm[0].Gm[0..[5].Mm[5].MUL       616    19468.409    54304.463    73772.871 
      mul_74_23                     552    12104.218    35639.704    47743.922 
      REG                            64     7364.191    18664.759    26028.949 
    Cm[0].Gm[0..[5].Mm[6].MUL       616    19468.409    53970.624    73439.032 
      mul_74_23                     552    12104.218    35286.388    47390.606 
      REG                            64     7364.191    18684.236    26048.426 
    Cm[0].Gm[0..[5].Mm[7].MUL       616    19468.409    51368.057    70836.466 
      mul_74_23                     552    12104.218    33226.894    45331.112 
      REG                            64     7364.191    18141.163    25505.353 
    Cm[0].Gm[0..[5].Mm[8].MUL       616    19468.409    52647.012    72115.420 
      mul_74_23                     552    12104.218    34793.436    46897.654 
      REG                            64     7364.191    17853.575    25217.766 
    Cm[0].Gm[0..[5].Mm[9].MUL       616    19468.409    53953.917    73422.326 
      mul_74_23                     552    12104.218    35505.885    47610.103 
      REG                            64     7364.191    18448.032    25812.223 
    Cm[0].Gm[0..5].Mm[10].MUL       616    19468.409    54769.644    74238.053 
      mul_74_23                     552    12104.218    35876.711    47980.929 
      REG                            64     7364.191    18892.933    26257.124 
    Cm[0].Gm[0..5].Mm[11].MUL       616    19468.409    54689.292    74157.701 
      mul_74_23                     552    12104.218    36247.416    48351.634 
      REG                            64     7364.191    18441.876    25806.067 
    Cm[0].Gm[0..5].Mm[12].MUL       616    19468.409    54195.989    73664.398 
      mul_74_23                     552    12104.218    34953.108    47057.326 
      REG                            64     7364.191    19242.881    26607.072 
    Cm[0].Gm[0..5].Mm[13].MUL       616    19468.409    51580.882    71049.291 
      mul_74_23                     552    12104.218    33304.964    45409.182 
      REG                            64     7364.191    18275.918    25640.108 
    Cm[0].Gm[0..[6].Mm[0].MUL       616    19468.409    54666.687    74135.096 
      mul_74_23                     552    12104.218    35836.031    47940.249 
      REG                            64     7364.191    18830.656    26194.847 
    Cm[0].Gm[0..[6].Mm[1].MUL       616    19468.409    54032.964    73501.373 
      mul_74_23                     552    12104.218    35908.263    48012.480 
      REG                            64     7364.191    18124.702    25488.893 
    Cm[0].Gm[0..[6].Mm[2].MUL       616    19468.409    56873.809    76342.218 
      mul_74_23                     552    12104.218    38430.577    50534.794 
      REG                            64     7364.191    18443.233    25807.424 
    Cm[0].Gm[0..[6].Mm[3].MUL       616    19468.409    56506.524    75974.932 
      mul_74_23                     552    12104.218    37905.248    50009.466 
      REG                            64     7364.191    18601.276    25965.466 
    Cm[0].Gm[0..[6].Mm[4].MUL       616    19468.409    55988.556    75456.965 
      mul_74_23                     552    12104.218    37492.327    49596.545 
      REG                            64     7364.191    18496.229    25860.420 
    Cm[0].Gm[0..[6].Mm[5].MUL       616    19468.409    56103.508    75571.917 
      mul_74_23                     552    12104.218    37026.914    49131.132 
      REG                            64     7364.191    19076.594    26440.785 
    Cm[0].Gm[0..[6].Mm[6].MUL       616    19468.409    53692.320    73160.729 
      mul_74_23                     552    12104.218    35339.822    47444.039 
      REG                            64     7364.191    18352.499    25716.689 
    Cm[0].Gm[0..[6].Mm[7].MUL       616    19468.409    52967.074    72435.483 
      mul_74_23                     552    12104.218    34528.971    46633.188 
      REG                            64     7364.191    18438.104    25802.294 
    Cm[0].Gm[0..[6].Mm[8].MUL       616    19468.409    54565.269    74033.677 
      mul_74_23                     552    12104.218    35254.429    47358.647 
      REG                            64     7364.191    19310.839    26675.030 
    Cm[0].Gm[0..[6].Mm[9].MUL       616    19468.409    53954.641    73423.050 
      mul_74_23                     552    12104.218    35030.337    47134.555 
      REG                            64     7364.191    18924.304    26288.495 
    Cm[0].Gm[0..6].Mm[10].MUL       616    19468.409    56144.240    75612.648 
      mul_74_23                     552    12104.218    37405.125    49509.343 
      REG                            64     7364.191    18739.114    26103.305 
    Cm[0].Gm[0..6].Mm[11].MUL       616    19468.409    55790.715    75259.124 
      mul_74_23                     552    12104.218    37232.077    49336.294 
      REG                            64     7364.191    18558.639    25922.829 
    Cm[0].Gm[0..6].Mm[12].MUL       616    19468.409    55085.606    74554.015 
      mul_74_23                     552    12104.218    36520.065    48624.283 
      REG                            64     7364.191    18565.541    25929.731 
    Cm[0].Gm[0..6].Mm[13].MUL       616    19468.409    53646.786    73115.195 
      mul_74_23                     552    12104.218    35669.067    47773.285 
      REG                            64     7364.191    17977.719    25341.910 
    Cm[0].Gm[0..[7].Mm[0].MUL       616    19468.409    50630.234    70098.642 
      mul_74_23                     552    12104.218    33035.286    45139.504 
      REG                            64     7364.191    17594.948    24959.138 
    Cm[0].Gm[0..[7].Mm[1].MUL       616    19468.409    51601.417    71069.825 
      mul_74_23                     552    12104.218    33978.499    46082.716 
      REG                            64     7364.191    17622.918    24987.109 
    Cm[0].Gm[0..[7].Mm[2].MUL       616    19468.409    52054.006    71522.415 
      mul_74_23                     552    12104.218    33931.702    46035.920 
      REG                            64     7364.191    18122.304    25486.495 
    Cm[0].Gm[0..[7].Mm[3].MUL       616    19468.409    54709.306    74177.715 
      mul_74_23                     552    12104.218    36091.967    48196.185 
      REG                            64     7364.191    18617.339    25981.530 
    Cm[0].Gm[0..[7].Mm[4].MUL       616    19468.409    52209.554    71677.963 
      mul_74_23                     552    12104.218    34262.321    46366.539 
      REG                            64     7364.191    17947.233    25311.424 
    Cm[0].Gm[0..[7].Mm[5].MUL       616    19468.409    54248.667    73717.076 
      mul_74_23                     552    12104.218    35985.935    48090.153 
      REG                            64     7364.191    18262.733    25626.923 
    Cm[0].Gm[0..[7].Mm[6].MUL       616    19468.409    52920.924    72389.333 
      mul_74_23                     552    12104.218    35479.886    47584.103 
      REG                            64     7364.191    17441.039    24805.229 
    Cm[0].Gm[0..[7].Mm[7].MUL       616    19468.409    52740.109    72208.518 
      mul_74_23                     552    12104.218    34521.094    46625.312 
      REG                            64     7364.191    18219.016    25583.206 
    Cm[0].Gm[0..[7].Mm[8].MUL       616    19468.409    50886.324    70354.732 
      mul_74_23                     552    12104.218    32987.372    45091.590 
      REG                            64     7364.191    17898.952    25263.142 
    Cm[0].Gm[0..[7].Mm[9].MUL       616    19468.409    53052.631    72521.040 
      mul_74_23                     552    12104.218    35028.051    47132.269 
      REG                            64     7364.191    18024.580    25388.771 
    Cm[0].Gm[0..7].Mm[10].MUL       616    19468.409    52310.515    71778.923 
      mul_74_23                     552    12104.218    33839.743    45943.961 
      REG                            64     7364.191    18470.772    25834.963 
    Cm[0].Gm[0..7].Mm[11].MUL       616    19468.409    53375.900    72844.308 
      mul_74_23                     552    12104.218    34934.427    47038.645 
      REG                            64     7364.191    18441.473    25805.664 
    Cm[0].Gm[0..7].Mm[12].MUL       616    19468.409    50968.883    70437.292 
      mul_74_23                     552    12104.218    33024.379    45128.597 
      REG                            64     7364.191    17944.504    25308.695 
    Cm[0].Gm[0..7].Mm[13].MUL       616    19468.409    50600.108    70068.516 
      mul_74_23                     552    12104.218    32603.449    44707.667 
      REG                            64     7364.191    17996.659    25360.849 
    Cm[0].Gm[0..[8].Mm[0].MUL       616    19468.409    51612.211    71080.619 
      mul_74_23                     552    12104.218    33888.964    45993.182 
      REG                            64     7364.191    17723.247    25087.437 
    Cm[0].Gm[0..[8].Mm[1].MUL       616    19468.409    54823.941    74292.349 
      mul_74_23                     552    12104.218    36499.944    48604.162 
      REG                            64     7364.191    18323.997    25688.188 
    Cm[0].Gm[0..[8].Mm[2].MUL       616    19468.409    55328.089    74796.498 
      mul_74_23                     552    12104.218    37208.019    49312.237 
      REG                            64     7364.191    18120.070    25484.261 
    Cm[0].Gm[0..[8].Mm[3].MUL       616    19468.409    55497.862    74966.271 
      mul_74_23                     552    12104.218    37142.793    49247.011 
      REG                            64     7364.191    18355.069    25719.260 
    Cm[0].Gm[0..[8].Mm[4].MUL       616    19468.409    55392.821    74861.229 
      mul_74_23                     552    12104.218    37227.184    49331.402 
      REG                            64     7364.191    18165.637    25529.827 
    Cm[0].Gm[0..[8].Mm[5].MUL       616    19468.409    56586.414    76054.822 
      mul_74_23                     552    12104.218    38068.184    50172.402 
      REG                            64     7364.191    18518.230    25882.420 
    Cm[0].Gm[0..[8].Mm[6].MUL       616    19468.409    53716.277    73184.686 
      mul_74_23                     552    12104.218    35926.466    48030.684 
      REG                            64     7364.191    17789.811    25154.001 
    Cm[0].Gm[0..[8].Mm[7].MUL       616    19468.409    53287.255    72755.663 
      mul_74_23                     552    12104.218    35358.348    47462.566 
      REG                            64     7364.191    17928.907    25293.097 
    Cm[0].Gm[0..[8].Mm[8].MUL       616    19468.409    54977.550    74445.959 
      mul_74_23                     552    12104.218    36554.946    48659.163 
      REG                            64     7364.191    18422.605    25786.795 
    Cm[0].Gm[0..[8].Mm[9].MUL       616    19468.409    53813.144    73281.553 
      mul_74_23                     552    12104.218    36020.133    48124.351 
      REG                            64     7364.191    17793.012    25157.202 
    Cm[0].Gm[0..8].Mm[10].MUL       616    19468.409    54471.815    73940.224 
      mul_74_23                     552    12104.218    36001.476    48105.694 
      REG                            64     7364.191    18470.339    25834.530 
    Cm[0].Gm[0..8].Mm[11].MUL       616    19468.409    54952.294    74420.703 
      mul_74_23                     552    12104.218    36250.618    48354.835 
      REG                            64     7364.191    18701.677    26065.867 
    Cm[0].Gm[0..8].Mm[12].MUL       616    19468.409    54519.265    73987.674 
      mul_74_23                     552    12104.218    35872.439    47976.657 
      REG                            64     7364.191    18646.827    26011.017 
    Cm[0].Gm[0..8].Mm[13].MUL       616    19468.409    51083.922    70552.331 
      mul_74_23                     552    12104.218    33527.607    45631.825 
      REG                            64     7364.191    17556.315    24920.506 
    Cm[0].Gm[0..[9].Mm[0].MUL       616    19468.409    54466.269    73934.677 
      mul_74_23                     552    12104.218    36750.907    48855.125 
      REG                            64     7364.191    17715.361    25079.552 
    Cm[0].Gm[0..[9].Mm[1].MUL       616    19468.409    55644.853    75113.262 
      mul_74_23                     552    12104.218    37594.680    49698.898 
      REG                            64     7364.191    18050.173    25414.363 
    Cm[0].Gm[0..[9].Mm[2].MUL       616    19468.409    55705.355    75173.764 
      mul_74_23                     552    12104.218    37262.586    49366.804 
      REG                            64     7364.191    18442.769    25806.960 
    Cm[0].Gm[0..[9].Mm[3].MUL       616    19468.409    56414.596    75883.004 
      mul_74_23                     552    12104.218    37995.255    50099.473 
      REG                            64     7364.191    18419.341    25783.531 
    Cm[0].Gm[0..[9].Mm[4].MUL       616    19468.409    57583.475    77051.883 
      mul_74_23                     552    12104.218    38507.745    50611.963 
      REG                            64     7364.191    19075.729    26439.920 
    Cm[0].Gm[0..[9].Mm[5].MUL       616    19468.409    55572.619    75041.028 
      mul_74_23                     552    12104.218    36992.339    49096.557 
      REG                            64     7364.191    18580.280    25944.471 
    Cm[0].Gm[0..[9].Mm[6].MUL       616    19468.409    54407.319    73875.728 
      mul_74_23                     552    12104.218    36100.752    48204.970 
      REG                            64     7364.191    18306.567    25670.758 
    Cm[0].Gm[0..[9].Mm[7].MUL       616    19468.409    53321.272    72789.681 
      mul_74_23                     552    12104.218    35050.687    47154.905 
      REG                            64     7364.191    18270.586    25634.776 
    Cm[0].Gm[0..[9].Mm[8].MUL       616    19468.409    55189.712    74658.121 
      mul_74_23                     552    12104.218    36710.467    48814.684 
      REG                            64     7364.191    18479.246    25843.436 
    Cm[0].Gm[0..[9].Mm[9].MUL       616    19468.409    56036.351    75504.760 
      mul_74_23                     552    12104.218    37652.531    49756.749 
      REG                            64     7364.191    18383.820    25748.011 
    Cm[0].Gm[0..9].Mm[10].MUL       616    19468.409    54198.408    73666.816 
      mul_74_23                     552    12104.218    35959.177    48063.394 
      REG                            64     7364.191    18239.231    25603.422 
    Cm[0].Gm[0..9].Mm[11].MUL       616    19468.409    55360.473    74828.882 
      mul_74_23                     552    12104.218    36630.102    48734.320 
      REG                            64     7364.191    18730.371    26094.561 
    Cm[0].Gm[0..9].Mm[12].MUL       616    19468.409    53817.035    73285.444 
      mul_74_23                     552    12104.218    35425.327    47529.545 
      REG                            64     7364.191    18391.708    25755.899 
    Cm[0].Gm[0..9].Mm[13].MUL       616    19468.409    53363.117    72831.526 
      mul_74_23                     552    12104.218    35381.569    47485.787 
      REG                            64     7364.191    17981.548    25345.739 
    Cm[0].Gm[0..10].Mm[0].MUL       616    19468.409    56201.281    75669.689 
      mul_74_23                     552    12104.218    37872.775    49976.993 
      REG                            64     7364.191    18328.506    25692.697 
    Cm[0].Gm[0..10].Mm[1].MUL       616    19468.409    53653.406    73121.815 
      mul_74_23                     552    12104.218    35412.380    47516.598 
      REG                            64     7364.191    18241.027    25605.217 
    Cm[0].Gm[0..10].Mm[2].MUL       616    19468.409    57430.857    76899.265 
      mul_74_23                     552    12104.218    38783.683    50887.901 
      REG                            64     7364.191    18647.173    26011.364 
    Cm[0].Gm[0..10].Mm[3].MUL       616    19468.409    55804.213    75272.621 
      mul_74_23                     552    12104.218    37664.255    49768.473 
      REG                            64     7364.191    18139.958    25504.148 
    Cm[0].Gm[0..10].Mm[4].MUL       616    19468.409    54971.212    74439.621 
      mul_74_23                     552    12104.218    36941.920    49046.138 
      REG                            64     7364.191    18029.292    25393.482 
    Cm[0].Gm[0..10].Mm[5].MUL       616    19468.409    56146.624    75615.033 
      mul_74_23                     552    12104.218    37618.795    49723.013 
      REG                            64     7364.191    18527.829    25892.020 
    Cm[0].Gm[0..10].Mm[6].MUL       616    19468.409    53190.317    72658.725 
      mul_74_23                     552    12104.218    35428.683    47532.900 
      REG                            64     7364.191    17761.634    25125.825 
    Cm[0].Gm[0..10].Mm[7].MUL       616    19468.409    51993.570    71461.979 
      mul_74_23                     552    12104.218    34340.340    46444.558 
      REG                            64     7364.191    17653.230    25017.421 
    Cm[0].Gm[0..10].Mm[8].MUL       616    19468.409    52990.222    72458.630 
      mul_74_23                     552    12104.218    34358.584    46462.802 
      REG                            64     7364.191    18631.637    25995.828 
    Cm[0].Gm[0..10].Mm[9].MUL       616    19468.409    54774.784    74243.193 
      mul_74_23                     552    12104.218    36585.050    48689.268 
      REG                            64     7364.191    18189.734    25553.925 
    Cm[0].Gm[0..0].Mm[10].MUL       616    19468.409    55981.525    75449.933 
      mul_74_23                     552    12104.218    37008.510    49112.727 
      REG                            64     7364.191    18973.015    26337.206 
    Cm[0].Gm[0..0].Mm[11].MUL       616    19468.409    55642.093    75110.502 
      mul_74_23                     552    12104.218    37598.557    49702.775 
      REG                            64     7364.191    18043.536    25407.726 
    Cm[0].Gm[0..0].Mm[12].MUL       616    19468.409    53266.004    72734.413 
      mul_74_23                     552    12104.218    34952.675    47056.893 
      REG                            64     7364.191    18313.329    25677.520 
    Cm[0].Gm[0..0].Mm[13].MUL       616    19468.409    52689.911    72158.320 
      mul_74_23                     552    12104.218    35008.676    47112.894 
      REG                            64     7364.191    17681.235    25045.426 
    Cm[0].Gm[0..11].Mm[0].MUL       616    19468.409    52163.590    71631.999 
      mul_74_23                     552    12104.218    34312.905    46417.122 
      REG                            64     7364.191    17850.685    25214.876 
    Cm[0].Gm[0..11].Mm[1].MUL       616    19468.409    53598.071    73066.479 
      mul_74_23                     552    12104.218    35339.627    47443.845 
      REG                            64     7364.191    18258.443    25622.634 
    Cm[0].Gm[0..11].Mm[2].MUL       616    19468.409    56369.842    75838.251 
      mul_74_23                     552    12104.218    38079.224    50183.442 
      REG                            64     7364.191    18290.618    25654.809 
    Cm[0].Gm[0..11].Mm[3].MUL       616    19468.409    56874.301    76342.710 
      mul_74_23                     552    12104.218    38602.406    50706.624 
      REG                            64     7364.191    18271.895    25636.086 
    Cm[0].Gm[0..11].Mm[4].MUL       616    19468.409    55408.548    74876.957 
      mul_74_23                     552    12104.218    37588.064    49692.282 
      REG                            64     7364.191    17820.484    25184.675 
    Cm[0].Gm[0..11].Mm[5].MUL       616    19468.409    56130.609    75599.018 
      mul_74_23                     552    12104.218    37894.238    49998.456 
      REG                            64     7364.191    18236.371    25600.562 
    Cm[0].Gm[0..11].Mm[6].MUL       616    19468.409    53882.692    73351.100 
      mul_74_23                     552    12104.218    36287.533    48391.751 
      REG                            64     7364.191    17595.159    24959.349 
    Cm[0].Gm[0..11].Mm[7].MUL       616    19468.409    55565.759    75034.168 
      mul_74_23                     552    12104.218    37834.604    49938.822 
      REG                            64     7364.191    17731.155    25095.346 
    Cm[0].Gm[0..11].Mm[8].MUL       616    19468.409    52884.904    72353.313 
      mul_74_23                     552    12104.218    34997.640    47101.858 
      REG                            64     7364.191    17887.265    25251.455 
    Cm[0].Gm[0..11].Mm[9].MUL       616    19468.409    50617.067    70085.476 
      mul_74_23                     552    12104.218    33139.558    45243.776 
      REG                            64     7364.191    17477.509    24841.699 
    Cm[0].Gm[0..1].Mm[10].MUL       616    19468.409    52741.643    72210.051 
      mul_74_23                     552    12104.218    35167.895    47272.113 
      REG                            64     7364.191    17573.748    24937.938 
    Cm[0].Gm[0..1].Mm[11].MUL       616    19468.409    54683.825    74152.234 
      mul_74_23                     552    12104.218    36230.775    48334.993 
      REG                            64     7364.191    18453.051    25817.241 
    Cm[0].Gm[0..1].Mm[12].MUL       616    19468.409    53635.009    73103.418 
      mul_74_23                     552    12104.218    35527.201    47631.419 
      REG                            64     7364.191    18107.808    25471.999 
    Cm[0].Gm[0..1].Mm[13].MUL       616    19468.409    55234.184    74702.592 
      mul_74_23                     552    12104.218    37207.201    49311.419 
      REG                            64     7364.191    18026.983    25391.174 
    Cm[0].Gm[0..12].Mm[0].MUL       616    19468.409    52242.493    71710.901 
      mul_74_23                     552    12104.218    34367.467    46471.685 
      REG                            64     7364.191    17875.025    25239.216 
    Cm[0].Gm[0..12].Mm[1].MUL       616    19468.409    53654.079    73122.488 
      mul_74_23                     552    12104.218    35502.172    47606.390 
      REG                            64     7364.191    18151.907    25516.098 
    Cm[0].Gm[0..12].Mm[2].MUL       616    19468.409    52923.365    72391.773 
      mul_74_23                     552    12104.218    35039.266    47143.484 
      REG                            64     7364.191    17884.098    25248.289 
    Cm[0].Gm[0..12].Mm[3].MUL       616    19468.409    56202.205    75670.614 
      mul_74_23                     552    12104.218    37889.478    49993.695 
      REG                            64     7364.191    18312.727    25676.918 
    Cm[0].Gm[0..12].Mm[4].MUL       616    19468.409    55778.053    75246.462 
      mul_74_23                     552    12104.218    37986.536    50090.754 
      REG                            64     7364.191    17791.517    25155.707 
    Cm[0].Gm[0..12].Mm[5].MUL       616    19468.409    55692.140    75160.549 
      mul_74_23                     552    12104.218    37700.784    49805.002 
      REG                            64     7364.191    17991.356    25355.547 
    Cm[0].Gm[0..12].Mm[6].MUL       616    19468.409    55355.037    74823.446 
      mul_74_23                     552    12104.218    37628.547    49732.765 
      REG                            64     7364.191    17726.490    25090.681 
    Cm[0].Gm[0..12].Mm[7].MUL       616    19468.409    54391.539    73859.948 
      mul_74_23                     552    12104.218    36274.768    48378.986 
      REG                            64     7364.191    18116.771    25480.962 
    Cm[0].Gm[0..12].Mm[8].MUL       616    19468.409    55191.089    74659.497 
      mul_74_23                     552    12104.218    36250.781    48354.999 
      REG                            64     7364.191    18940.308    26304.499 
    Cm[0].Gm[0..12].Mm[9].MUL       616    19468.409    54442.371    73910.779 
      mul_74_23                     552    12104.218    36573.293    48677.511 
      REG                            64     7364.191    17869.078    25233.269 
    Cm[0].Gm[0..2].Mm[10].MUL       616    19468.409    56394.677    75863.085 
      mul_74_23                     552    12104.218    38285.010    50389.228 
      REG                            64     7364.191    18109.666    25473.857 
    Cm[0].Gm[0..2].Mm[11].MUL       616    19468.409    55339.428    74807.836 
      mul_74_23                     552    12104.218    37146.411    49250.629 
      REG                            64     7364.191    18193.017    25557.208 
    Cm[0].Gm[0..2].Mm[12].MUL       616    19468.409    55010.742    74479.151 
      mul_74_23                     552    12104.218    36873.700    48977.918 
      REG                            64     7364.191    18137.042    25501.233 
    Cm[0].Gm[0..2].Mm[13].MUL       616    19468.409    53997.144    73465.552 
      mul_74_23                     552    12104.218    36177.351    48281.569 
      REG                            64     7364.191    17819.793    25183.983 
    Cm[0].Gm[0..13].Mm[0].MUL       616    19468.409    53662.095    73130.503 
      mul_74_23                     552    12104.218    34985.189    47089.406 
      REG                            64     7364.191    18676.906    26041.097 
    Cm[0].Gm[0..13].Mm[1].MUL       616    19468.409    56263.773    75732.182 
      mul_74_23                     552    12104.218    37456.207    49560.424 
      REG                            64     7364.191    18807.566    26171.757 
    Cm[0].Gm[0..13].Mm[2].MUL       616    19468.409    53955.024    73423.433 
      mul_74_23                     552    12104.218    35370.566    47474.784 
      REG                            64     7364.191    18584.459    25948.649 
    Cm[0].Gm[0..13].Mm[3].MUL       616    19468.409    55567.467    75035.875 
      mul_74_23                     552    12104.218    37016.112    49120.330 
      REG                            64     7364.191    18551.355    25915.545 
    Cm[0].Gm[0..13].Mm[4].MUL       616    19468.409    53847.274    73315.682 
      mul_74_23                     552    12104.218    35478.569    47582.787 
      REG                            64     7364.191    18368.705    25732.896 
    Cm[0].Gm[0..13].Mm[5].MUL       616    19468.409    56696.234    76164.643 
      mul_74_23                     552    12104.218    37689.955    49794.173 
      REG                            64     7364.191    19006.280    26370.470 
    Cm[0].Gm[0..13].Mm[6].MUL       616    19468.409    57010.827    76479.235 
      mul_74_23                     552    12104.218    38014.347    50118.565 
      REG                            64     7364.191    18996.480    26360.671 
    Cm[0].Gm[0..13].Mm[7].MUL       616    19468.409    55332.860    74801.268 
      mul_74_23                     552    12104.218    36693.861    48798.079 
      REG                            64     7364.191    18638.998    26003.189 
    Cm[0].Gm[0..13].Mm[8].MUL       616    19468.409    53712.192    73180.601 
      mul_74_23                     552    12104.218    35137.334    47241.552 
      REG                            64     7364.191    18574.858    25939.048 
    Cm[0].Gm[0..13].Mm[9].MUL       616    19468.409    55159.028    74627.437 
      mul_74_23                     552    12104.218    36664.293    48768.511 
      REG                            64     7364.191    18494.735    25858.926 
    Cm[0].Gm[0..3].Mm[10].MUL       616    19468.409    56026.050    75494.458 
      mul_74_23                     552    12104.218    37335.637    49439.855 
      REG                            64     7364.191    18690.413    26054.603 
    Cm[0].Gm[0..3].Mm[11].MUL       616    19468.409    56253.043    75721.451 
      mul_74_23                     552    12104.218    37408.128    49512.346 
      REG                            64     7364.191    18844.915    26209.105 
    Cm[0].Gm[0..3].Mm[12].MUL       616    19468.409    53398.133    72866.541 
      mul_74_23                     552    12104.218    34762.277    46866.494 
      REG                            64     7364.191    18635.856    26000.047 
    Cm[0].Gm[0..3].Mm[13].MUL       616    19468.409    54428.211    73896.620 
      mul_74_23                     552    12104.218    36048.336    48152.554 
      REG                            64     7364.191    18379.876    25744.066 
    Ca[0].Ga[0..[0].Ma[0].ACC       320    17178.016    80805.130    97983.146 
      REG                            96    11046.286    35274.504    46320.790 
      add_31_23                     200     6131.730    42291.355    48423.085 
    Ca[0].Ga[0..[1].Ma[0].ACC       320    17178.016    79984.907    97162.923 
      REG                            96    11046.286    34831.396    45877.682 
      add_31_23                     200     6131.730    41844.968    47976.698 
    Ca[0].Ga[0..[2].Ma[0].ACC       320    17178.016    83110.959   100288.975 
      REG                            96    11046.286    35497.781    46544.067 
      add_31_23                     200     6131.730    44203.096    50334.826 
    Ca[0].Ga[0..[3].Ma[0].ACC       320    17178.016    81743.360    98921.376 
      REG                            96    11046.286    35247.224    46293.510 
      add_31_23                     200     6131.730    43121.648    49253.378 
    Ca[0].Ga[0..[4].Ma[0].ACC       320    17178.016    80141.686    97319.702 
      REG                            96    11046.286    34718.376    45764.662 
      add_31_23                     200     6131.730    42320.769    48452.499 
    Ca[0].Ga[0..[5].Ma[0].ACC       320    17178.016    77279.490    94457.506 
      REG                            96    11046.286    34211.503    45257.789 
      add_31_23                     200     6131.730    40055.894    46187.624 
    Ca[0].Ga[0..[6].Ma[0].ACC       320    17178.016    86250.468   103428.484 
      REG                            96    11046.286    35413.582    46459.868 
      add_31_23                     200     6131.730    47601.346    53733.076 
    Ca[0].Ga[0..[7].Ma[0].ACC       320    17178.016    79013.979    96191.995 
      REG                            96    11046.286    34103.658    45149.944 
      add_31_23                     200     6131.730    42031.025    48162.755 
    Ca[0].Ga[0..[8].Ma[0].ACC       320    17178.016    81354.465    98532.481 
      REG                            96    11046.286    34904.078    45950.364 
      add_31_23                     200     6131.730    43183.690    49315.419 
    Ca[0].Ga[0..[9].Ma[0].ACC       320    17178.016    76920.458    94098.474 
      REG                            96    11046.286    33557.745    44604.031 
      add_31_23                     200     6131.730    40327.932    46459.662 
    Ca[0].Ga[0..10].Ma[0].ACC       320    17178.016    80679.491    97857.507 
      REG                            96    11046.286    33352.589    44398.875 
      add_31_23                     200     6131.730    44107.395    50239.125 
    Ca[0].Ga[0..11].Ma[0].ACC       320    17178.016    84392.045   101570.061 
      REG                            96    11046.286    34789.946    45836.232 
      add_31_23                     200     6131.730    46244.450    52376.180 
    Ca[0].Ga[0..12].Ma[0].ACC       320    17178.016    81744.593    98922.609 
      REG                            96    11046.286    34712.504    45758.790 
      add_31_23                     200     6131.730    44000.232    50131.962 
    Ca[0].Ga[0..13].Ma[0].ACC       320    17178.016    83175.953   100353.969 
      REG                            96    11046.286    35763.605    46809.891 
      add_31_23                     200     6131.730    44086.360    50218.090 
    Ca[0].Ga[0..[0].Ma[1].ACC       306    16796.704    91363.984   108160.688 
      REG                            96    11046.286    40425.162    51471.448 
      add_31_23                     186     5750.418    47131.859    52882.277 
    Ca[0].Ga[0..[0].Ma[2].ACC       306    16796.704    96740.672   113537.375 
      REG                            96    11046.286    41880.319    52926.605 
      add_31_23                     186     5750.418    50562.130    56312.548 
    Ca[0].Ga[0..[0].Ma[3].ACC       306    16796.704    93981.652   110778.356 
      REG                            96    11046.286    42262.824    53309.110 
      add_31_23                     186     5750.418    47488.365    53238.783 
    Ca[0].Ga[0..[0].Ma[4].ACC       306    16796.704    90640.499   107437.203 
      REG                            96    11046.286    39714.516    50760.802 
      add_31_23                     186     5750.418    47060.134    52810.552 
    Ca[0].Ga[0..[0].Ma[5].ACC       306    16796.704    92072.445   108869.149 
      REG                            96    11046.286    41155.166    52201.452 
      add_31_23                     186     5750.418    46867.712    52618.130 
    Ca[0].Ga[0..[0].Ma[6].ACC       306    16796.704    93572.322   110369.026 
      REG                            96    11046.286    39045.550    50091.836 
      add_31_23                     186     5750.418    50876.504    56626.922 
    Ca[0].Ga[0..[0].Ma[7].ACC       306    16796.704    97798.988   114595.692 
      REG                            96    11046.286    41660.197    52706.483 
      add_31_23                     186     5750.418    51972.660    57723.078 
    Ca[0].Ga[0..[0].Ma[8].ACC       306    16796.704    89951.952   106748.656 
      REG                            96    11046.286    39890.118    50936.404 
      add_31_23                     186     5750.418    46517.442    52267.860 
    Ca[0].Ga[0..[0].Ma[9].ACC       306    16796.704    93052.954   109849.658 
      REG                            96    11046.286    40543.124    51589.410 
      add_31_23                     186     5750.418    48609.295    54359.712 
    Ca[0].Ga[0..0].Ma[10].ACC       306    16796.704    93487.533   110284.237 
      REG                            96    11046.286    40678.167    51724.453 
      add_31_23                     186     5750.418    48766.655    54517.073 
    Ca[0].Ga[0..0].Ma[11].ACC       306    16796.704    98428.248   115224.952 
      REG                            96    11046.286    43357.825    54404.111 
      add_31_23                     186     5750.418    50815.962    56566.380 
    Ca[0].Ga[0..0].Ma[12].ACC       306    16796.704    93954.358   110751.062 
      REG                            96    11046.286    41404.220    52450.506 
      add_31_23                     186     5750.418    48691.347    54441.765 
    Ca[0].Ga[0..0].Ma[13].ACC       306    16796.704    90828.097   107624.801 
      REG                            96    11046.286    39307.142    50353.428 
      add_31_23                     186     5750.418    47604.085    53354.503 
    Ca[0].Ga[0..[1].Ma[1].ACC       306    16796.704    93760.684   110557.388 
      REG                            96    11046.286    41384.455    52430.742 
      add_31_23                     186     5750.418    48240.550    53990.968 
    Ca[0].Ga[0..[1].Ma[2].ACC       306    16796.704    93741.003   110537.707 
      REG                            96    11046.286    41501.858    52548.144 
      add_31_23                     186     5750.418    48137.144    53887.562 
    Ca[0].Ga[0..[1].Ma[3].ACC       306    16796.704    97089.308   113886.012 
      REG                            96    11046.286    43423.607    54469.893 
      add_31_23                     186     5750.418    49286.006    55036.423 
    Ca[0].Ga[0..[1].Ma[4].ACC       306    16796.704    92190.867   108987.571 
      REG                            96    11046.286    40922.830    51969.116 
      add_31_23                     186     5750.418    47158.776    52909.193 
    Ca[0].Ga[0..[1].Ma[5].ACC       306    16796.704    94941.463   111738.167 
      REG                            96    11046.286    42500.837    53547.123 
      add_31_23                     186     5750.418    48497.942    54248.360 
    Ca[0].Ga[0..[1].Ma[6].ACC       306    16796.704    90934.114   107730.818 
      REG                            96    11046.286    40847.030    51893.316 
      add_31_23                     186     5750.418    46321.261    52071.679 
    Ca[0].Ga[0..[1].Ma[7].ACC       306    16796.704    94363.530   111160.234 
      REG                            96    11046.286    41579.308    52625.594 
      add_31_23                     186     5750.418    48761.476    54511.894 
    Ca[0].Ga[0..[1].Ma[8].ACC       306    16796.704    89943.268   106739.972 
      REG                            96    11046.286    40114.844    51161.131 
      add_31_23                     186     5750.418    46125.924    51876.342 
    Ca[0].Ga[0..[1].Ma[9].ACC       306    16796.704    89966.575   106763.279 
      REG                            96    11046.286    40136.681    51182.967 
      add_31_23                     186     5750.418    46156.435    51906.853 
    Ca[0].Ga[0..1].Ma[10].ACC       306    16796.704    93988.690   110785.394 
      REG                            96    11046.286    41565.455    52611.741 
      add_31_23                     186     5750.418    48316.394    54066.812 
    Ca[0].Ga[0..1].Ma[11].ACC       306    16796.704    98012.628   114809.332 
      REG                            96    11046.286    43383.770    54430.056 
      add_31_23                     186     5750.418    50317.729    56068.147 
    Ca[0].Ga[0..1].Ma[12].ACC       306    16796.704    89314.094   106110.798 
      REG                            96    11046.286    41601.393    52647.679 
      add_31_23                     186     5750.418    43955.146    49705.564 
    Ca[0].Ga[0..1].Ma[13].ACC       306    16796.704    90188.185   106984.889 
      REG                            96    11046.286    40079.309    51125.595 
      add_31_23                     186     5750.418    46058.502    51808.920 
    Ca[0].Ga[0..[2].Ma[1].ACC       306    16796.704    93494.019   110290.723 
      REG                            96    11046.286    41759.621    52805.907 
      add_31_23                     186     5750.418    47659.420    53409.838 
    Ca[0].Ga[0..[2].Ma[2].ACC       306    16796.704    91532.646   108329.350 
      REG                            96    11046.286    41574.582    52620.868 
      add_31_23                     186     5750.418    46222.593    51973.011 
    Ca[0].Ga[0..[2].Ma[3].ACC       306    16796.704    97677.402   114474.105 
      REG                            96    11046.286    43264.474    54310.760 
      add_31_23                     186     5750.418    49992.495    55742.913 
    Ca[0].Ga[0..[2].Ma[4].ACC       306    16796.704    89461.524   106258.228 
      REG                            96    11046.286    39839.395    50885.681 
      add_31_23                     186     5750.418    45633.062    51383.480 
    Ca[0].Ga[0..[2].Ma[5].ACC       306    16796.704    90156.007   106952.710 
      REG                            96    11046.286    39544.628    50590.914 
      add_31_23                     186     5750.418    46735.849    52486.267 
    Ca[0].Ga[0..[2].Ma[6].ACC       306    16796.704    91591.721   108388.425 
      REG                            96    11046.286    40264.626    51310.912 
      add_31_23                     186     5750.418    47395.503    53145.921 
    Ca[0].Ga[0..[2].Ma[7].ACC       306    16796.704    93582.018   110378.721 
      REG                            96    11046.286    40669.014    51715.300 
      add_31_23                     186     5750.418    48825.724    54576.142 
    Ca[0].Ga[0..[2].Ma[8].ACC       306    16796.704    89666.643   106463.346 
      REG                            96    11046.286    40030.401    51076.687 
      add_31_23                     186     5750.418    46057.565    51807.983 
    Ca[0].Ga[0..[2].Ma[9].ACC       306    16796.704    89446.189   106242.893 
      REG                            96    11046.286    40301.046    51347.332 
      add_31_23                     186     5750.418    45407.554    51157.971 
    Ca[0].Ga[0..2].Ma[10].ACC       306    16796.704    97203.113   113999.817 
      REG                            96    11046.286    41843.543    52889.830 
      add_31_23                     186     5750.418    51081.111    56831.528 
    Ca[0].Ga[0..2].Ma[11].ACC       306    16796.704    96587.111   113383.814 
      REG                            96    11046.286    42276.762    53323.048 
      add_31_23                     186     5750.418    50100.456    55850.874 
    Ca[0].Ga[0..2].Ma[12].ACC       306    16796.704    89062.915   105859.618 
      REG                            96    11046.286    40632.487    51678.773 
      add_31_23                     186     5750.418    44766.245    50516.663 
    Ca[0].Ga[0..2].Ma[13].ACC       306    16796.704    91051.288   107847.992 
      REG                            96    11046.286    39395.046    50441.332 
      add_31_23                     186     5750.418    47563.720    53314.138 
    Ca[0].Ga[0..[3].Ma[1].ACC       306    16796.704    95626.195   112422.899 
      REG                            96    11046.286    40874.580    51920.867 
      add_31_23                     186     5750.418    50635.094    56385.511 
    Ca[0].Ga[0..[3].Ma[2].ACC       306    16796.704    92060.960   108857.664 
      REG                            96    11046.286    41266.742    52313.028 
      add_31_23                     186     5750.418    46648.053    52398.471 
    Ca[0].Ga[0..[3].Ma[3].ACC       306    16796.704    95204.396   112001.100 
      REG                            96    11046.286    41412.358    52458.644 
      add_31_23                     186     5750.418    49689.433    55439.850 
    Ca[0].Ga[0..[3].Ma[4].ACC       306    16796.704    87629.986   104426.690 
      REG                            96    11046.286    39359.384    50405.670 
      add_31_23                     186     5750.418    44587.261    50337.679 
    Ca[0].Ga[0..[3].Ma[5].ACC       306    16796.704    93063.884   109860.588 
      REG                            96    11046.286    41439.325    52485.611 
      add_31_23                     186     5750.418    47740.762    53491.180 
    Ca[0].Ga[0..[3].Ma[6].ACC       306    16796.704    89570.169   106366.873 
      REG                            96    11046.286    39539.530    50585.816 
      add_31_23                     186     5750.418    46422.823    52173.240 
    Ca[0].Ga[0..[3].Ma[7].ACC       306    16796.704    92738.309   109535.012 
      REG                            96    11046.286    41260.679    52306.965 
      add_31_23                     186     5750.418    47580.119    53330.536 
    Ca[0].Ga[0..[3].Ma[8].ACC       306    16796.704    89963.890   106760.594 
      REG                            96    11046.286    40066.926    51113.212 
      add_31_23                     186     5750.418    46240.445    51990.862 
    Ca[0].Ga[0..[3].Ma[9].ACC       306    16796.704    91108.463   107905.167 
      REG                            96    11046.286    40084.213    51130.499 
      add_31_23                     186     5750.418    47180.988    52931.405 
    Ca[0].Ga[0..3].Ma[10].ACC       306    16796.704    96563.161   113359.865 
      REG                            96    11046.286    42347.167    53393.453 
      add_31_23                     186     5750.418    49995.615    55746.033 
    Ca[0].Ga[0..3].Ma[11].ACC       306    16796.704    98014.287   114810.991 
      REG                            96    11046.286    43202.077    54248.364 
      add_31_23                     186     5750.418    50418.397    56168.815 
    Ca[0].Ga[0..3].Ma[12].ACC       306    16796.704    91097.032   107893.736 
      REG                            96    11046.286    40646.658    51692.944 
      add_31_23                     186     5750.418    46804.544    52554.962 
    Ca[0].Ga[0..3].Ma[13].ACC       306    16796.704    92631.942   109428.646 
      REG                            96    11046.286    39900.811    50947.097 
      add_31_23                     186     5750.418    48510.147    54260.565 
    Ca[0].Ga[0..[4].Ma[1].ACC       306    16796.704    90064.314   106861.018 
      REG                            96    11046.286    41182.064    52228.350 
      add_31_23                     186     5750.418    45146.678    50897.096 
    Ca[0].Ga[0..[4].Ma[2].ACC       306    16796.704    92989.270   109785.974 
      REG                            96    11046.286    41383.762    52430.048 
      add_31_23                     186     5750.418    47556.748    53307.166 
    Ca[0].Ga[0..[4].Ma[3].ACC       306    16796.704    92929.271   109725.975 
      REG                            96    11046.286    42106.898    53153.184 
      add_31_23                     186     5750.418    46727.229    52477.647 
    Ca[0].Ga[0..[4].Ma[4].ACC       306    16796.704    92761.935   109558.639 
      REG                            96    11046.286    40486.313    51532.599 
      add_31_23                     186     5750.418    48123.205    53873.622 
    Ca[0].Ga[0..[4].Ma[5].ACC       306    16796.704    87874.387   104671.091 
      REG                            96    11046.286    40129.333    51175.619 
      add_31_23                     186     5750.418    43917.320    49667.737 
    Ca[0].Ga[0..[4].Ma[6].ACC       306    16796.704    90693.095   107489.799 
      REG                            96    11046.286    39996.259    51042.545 
      add_31_23                     186     5750.418    47015.108    52765.526 
    Ca[0].Ga[0..[4].Ma[7].ACC       306    16796.704    93957.393   110754.097 
      REG                            96    11046.286    41157.926    52204.212 
      add_31_23                     186     5750.418    48758.773    54509.191 
    Ca[0].Ga[0..[4].Ma[8].ACC       306    16796.704    89612.500   106409.204 
      REG                            96    11046.286    40515.663    51561.950 
      add_31_23                     186     5750.418    45524.614    51275.032 
    Ca[0].Ga[0..[4].Ma[9].ACC       306    16796.704    92929.866   109726.569 
      REG                            96    11046.286    41822.981    52869.267 
      add_31_23                     186     5750.418    47030.092    52780.510 
    Ca[0].Ga[0..4].Ma[10].ACC       306    16796.704    92756.641   109553.345 
      REG                            96    11046.286    41182.669    52228.955 
      add_31_23                     186     5750.418    47240.257    52990.675 
    Ca[0].Ga[0..4].Ma[11].ACC       306    16796.704    97137.651   113934.355 
      REG                            96    11046.286    42938.572    53984.858 
      add_31_23                     186     5750.418    49925.661    55676.079 
    Ca[0].Ga[0..4].Ma[12].ACC       306    16796.704    92001.217   108797.920 
      REG                            96    11046.286    42295.270    53341.556 
      add_31_23                     186     5750.418    45947.788    51698.206 
    Ca[0].Ga[0..4].Ma[13].ACC       306    16796.704    95693.256   112489.960 
      REG                            96    11046.286    40672.817    51719.103 
      add_31_23                     186     5750.418    50819.420    56569.838 
    Ca[0].Ga[0..[5].Ma[1].ACC       306    16796.704    89083.806   105880.510 
      REG                            96    11046.286    39554.937    50601.223 
      add_31_23                     186     5750.418    45992.342    51742.759 
    Ca[0].Ga[0..[5].Ma[2].ACC       306    16796.704    93447.808   110244.512 
      REG                            96    11046.286    41068.118    52114.404 
      add_31_23                     186     5750.418    48169.193    53919.611 
    Ca[0].Ga[0..[5].Ma[3].ACC       306    16796.704    95410.175   112206.879 
      REG                            96    11046.286    42890.783    53937.069 
      add_31_23                     186     5750.418    48117.211    53867.629 
    Ca[0].Ga[0..[5].Ma[4].ACC       306    16796.704    89877.005   106673.708 
      REG                            96    11046.286    40350.169    51396.455 
      add_31_23                     186     5750.418    45542.205    51292.623 
    Ca[0].Ga[0..[5].Ma[5].ACC       306    16796.704    90620.033   107416.737 
      REG                            96    11046.286    40917.622    51963.908 
      add_31_23                     186     5750.418    45888.390    51638.808 
    Ca[0].Ga[0..[5].Ma[6].ACC       306    16796.704    90117.631   106914.335 
      REG                            96    11046.286    39182.423    50228.709 
      add_31_23                     186     5750.418    47363.187    53113.604 
    Ca[0].Ga[0..[5].Ma[7].ACC       306    16796.704    90737.989   107534.693 
      REG                            96    11046.286    40867.676    51913.962 
      add_31_23                     186     5750.418    45912.101    51662.519 
    Ca[0].Ga[0..[5].Ma[8].ACC       306    16796.704    90443.174   107239.878 
      REG                            96    11046.286    41086.576    52132.862 
      add_31_23                     186     5750.418    45650.066    51400.483 
    Ca[0].Ga[0..[5].Ma[9].ACC       306    16796.704    88276.622   105073.326 
      REG                            96    11046.286    39032.358    50078.644 
      add_31_23                     186     5750.418    45632.112    51382.530 
    Ca[0].Ga[0..5].Ma[10].ACC       306    16796.704    96945.486   113742.189 
      REG                            96    11046.286    42080.892    53127.178 
      add_31_23                     186     5750.418    50591.781    56342.199 
    Ca[0].Ga[0..5].Ma[11].ACC       306    16796.704    94886.778   111683.482 
      REG                            96    11046.286    42502.120    53548.406 
      add_31_23                     186     5750.418    48185.857    53936.275 
    Ca[0].Ga[0..5].Ma[12].ACC       306    16796.704    95006.226   111802.930 
      REG                            96    11046.286    42491.342    53537.629 
      add_31_23                     186     5750.418    48535.496    54285.914 
    Ca[0].Ga[0..5].Ma[13].ACC       306    16796.704    91424.799   108221.503 
      REG                            96    11046.286    39678.415    50724.701 
      add_31_23                     186     5750.418    47634.098    53384.515 
    Ca[0].Ga[0..[6].Ma[1].ACC       306    16796.704    94845.881   111642.585 
      REG                            96    11046.286    40797.413    51843.699 
      add_31_23                     186     5750.418    49874.271    55624.689 
    Ca[0].Ga[0..[6].Ma[2].ACC       306    16796.704    95906.260   112702.964 
      REG                            96    11046.286    41748.395    52794.681 
      add_31_23                     186     5750.418    50221.030    55971.447 
    Ca[0].Ga[0..[6].Ma[3].ACC       306    16796.704    97628.939   114425.643 
      REG                            96    11046.286    44667.367    55713.653 
      add_31_23                     186     5750.418    48718.002    54468.419 
    Ca[0].Ga[0..[6].Ma[4].ACC       306    16796.704    93821.001   110617.704 
      REG                            96    11046.286    40465.744    51512.030 
      add_31_23                     186     5750.418    49126.609    54877.027 
    Ca[0].Ga[0..[6].Ma[5].ACC       306    16796.704    95031.762   111828.466 
      REG                            96    11046.286    41876.617    52922.903 
      add_31_23                     186     5750.418    49227.384    54977.802 
    Ca[0].Ga[0..[6].Ma[6].ACC       306    16796.704    90502.834   107299.538 
      REG                            96    11046.286    39013.884    50060.170 
      add_31_23                     186     5750.418    47873.672    53624.090 
    Ca[0].Ga[0..[6].Ma[7].ACC       306    16796.704    95623.608   112420.311 
      REG                            96    11046.286    41239.216    52285.502 
      add_31_23                     186     5750.418    50319.295    56069.713 
    Ca[0].Ga[0..[6].Ma[8].ACC       306    16796.704    92035.734   108832.437 
      REG                            96    11046.286    41055.299    52101.585 
      add_31_23                     186     5750.418    47202.512    52952.930 
    Ca[0].Ga[0..[6].Ma[9].ACC       306    16796.704    91751.177   108547.881 
      REG                            96    11046.286    40505.839    51552.125 
      add_31_23                     186     5750.418    47468.626    53219.044 
    Ca[0].Ga[0..6].Ma[10].ACC       306    16796.704    96869.332   113666.036 
      REG                            96    11046.286    42101.681    53147.967 
      add_31_23                     186     5750.418    50556.548    56306.966 
    Ca[0].Ga[0..6].Ma[11].ACC       306    16796.704    99537.668   116334.371 
      REG                            96    11046.286    44172.475    55218.761 
      add_31_23                     186     5750.418    51048.820    56799.238 
    Ca[0].Ga[0..6].Ma[12].ACC       306    16796.704    93095.028   109891.731 
      REG                            96    11046.286    41814.320    52860.606 
      add_31_23                     186     5750.418    47587.888    53338.306 
    Ca[0].Ga[0..6].Ma[13].ACC       306    16796.704    94030.963   110827.667 
      REG                            96    11046.286    39874.909    50921.195 
      add_31_23                     186     5750.418    50066.355    55816.773 
    Ca[0].Ga[0..[7].Ma[1].ACC       306    16796.704    92054.494   108851.198 
      REG                            96    11046.286    41096.235    52142.521 
      add_31_23                     186     5750.418    46953.663    52704.081 
    Ca[0].Ga[0..[7].Ma[2].ACC       306    16796.704    94943.850   111740.554 
      REG                            96    11046.286    41661.013    52707.299 
      add_31_23                     186     5750.418    49262.209    55012.627 
    Ca[0].Ga[0..[7].Ma[3].ACC       306    16796.704    96692.615   113489.319 
      REG                            96    11046.286    42447.387    53493.673 
      add_31_23                     186     5750.418    49994.196    55744.614 
    Ca[0].Ga[0..[7].Ma[4].ACC       306    16796.704    91743.984   108540.688 
      REG                            96    11046.286    40580.315    51626.601 
      add_31_23                     186     5750.418    46951.961    52702.379 
    Ca[0].Ga[0..[7].Ma[5].ACC       306    16796.704    90577.640   107374.344 
      REG                            96    11046.286    41398.550    52444.836 
      add_31_23                     186     5750.418    45260.405    51010.822 
    Ca[0].Ga[0..[7].Ma[6].ACC       306    16796.704    89006.320   105803.024 
      REG                            96    11046.286    39747.647    50793.933 
      add_31_23                     186     5750.418    45556.779    51307.197 
    Ca[0].Ga[0..[7].Ma[7].ACC       306    16796.704    96232.127   113028.830 
      REG                            96    11046.286    42098.692    53144.978 
      add_31_23                     186     5750.418    49850.539    55600.957 
    Ca[0].Ga[0..[7].Ma[8].ACC       306    16796.704    88442.167   105238.871 
      REG                            96    11046.286    39581.057    50627.343 
      add_31_23                     186     5750.418    45123.117    50873.535 
    Ca[0].Ga[0..[7].Ma[9].ACC       306    16796.704    90384.527   107181.231 
      REG                            96    11046.286    40026.004    51072.290 
      add_31_23                     186     5750.418    46561.845    52312.263 
    Ca[0].Ga[0..7].Ma[10].ACC       306    16796.704    95647.285   112443.989 
      REG                            96    11046.286    41768.189    52814.475 
      add_31_23                     186     5750.418    49575.227    55325.645 
    Ca[0].Ga[0..7].Ma[11].ACC       306    16796.704    96008.078   112804.782 
      REG                            96    11046.286    43328.214    54374.501 
      add_31_23                     186     5750.418    48466.744    54217.162 
    Ca[0].Ga[0..7].Ma[12].ACC       306    16796.704    94240.967   111037.671 
      REG                            96    11046.286    42887.307    53933.593 
      add_31_23                     186     5750.418    47432.353    53182.770 
    Ca[0].Ga[0..7].Ma[13].ACC       306    16796.704    94347.292   111143.996 
      REG                            96    11046.286    40314.890    51361.176 
      add_31_23                     186     5750.418    49791.958    55542.375 
    Ca[0].Ga[0..[8].Ma[1].ACC       306    16796.704    94895.415   111692.119 
      REG                            96    11046.286    41576.898    52623.184 
      add_31_23                     186     5750.418    49252.615    55003.033 
    Ca[0].Ga[0..[8].Ma[2].ACC       306    16796.704    91108.345   107905.049 
      REG                            96    11046.286    41089.504    52135.790 
      add_31_23                     186     5750.418    45817.822    51568.240 
    Ca[0].Ga[0..[8].Ma[3].ACC       306    16796.704    94116.701   110913.405 
      REG                            96    11046.286    41998.539    53044.825 
      add_31_23                     186     5750.418    47940.335    53690.753 
    Ca[0].Ga[0..[8].Ma[4].ACC       306    16796.704    90556.421   107353.124 
      REG                            96    11046.286    39053.674    50099.960 
      add_31_23                     186     5750.418    47590.312    53340.730 
    Ca[0].Ga[0..[8].Ma[5].ACC       306    16796.704    95579.566   112376.270 
      REG                            96    11046.286    42237.682    53283.968 
      add_31_23                     186     5750.418    49275.780    55026.198 
    Ca[0].Ga[0..[8].Ma[6].ACC       306    16796.704    85499.823   102296.527 
      REG                            96    11046.286    38912.034    49958.320 
      add_31_23                     186     5750.418    43111.560    48861.978 
    Ca[0].Ga[0..[8].Ma[7].ACC       306    16796.704    94163.175   110959.878 
      REG                            96    11046.286    41070.893    52117.179 
      add_31_23                     186     5750.418    49110.272    54860.690 
    Ca[0].Ga[0..[8].Ma[8].ACC       306    16796.704    90878.946   107675.650 
      REG                            96    11046.286    40181.160    51227.446 
      add_31_23                     186     5750.418    47018.478    52768.896 
    Ca[0].Ga[0..[8].Ma[9].ACC       306    16796.704    90333.593   107130.296 
      REG                            96    11046.286    39927.095    50973.381 
      add_31_23                     186     5750.418    46749.172    52499.590 
    Ca[0].Ga[0..8].Ma[10].ACC       306    16796.704    96050.381   112847.085 
      REG                            96    11046.286    42115.156    53161.442 
      add_31_23                     186     5750.418    49722.711    55473.129 
    Ca[0].Ga[0..8].Ma[11].ACC       306    16796.704    99272.283   116068.986 
      REG                            96    11046.286    44381.037    55427.323 
      add_31_23                     186     5750.418    50352.032    56102.450 
    Ca[0].Ga[0..8].Ma[12].ACC       306    16796.704    89810.013   106606.716 
      REG                            96    11046.286    41717.281    52763.567 
      add_31_23                     186     5750.418    44386.804    50137.222 
    Ca[0].Ga[0..8].Ma[13].ACC       306    16796.704    90744.365   107541.068 
      REG                            96    11046.286    40714.509    51760.795 
      add_31_23                     186     5750.418    45806.956    51557.374 
    Ca[0].Ga[0..[9].Ma[1].ACC       306    16796.704    91382.207   108178.911 
      REG                            96    11046.286    40895.372    51941.658 
      add_31_23                     186     5750.418    46669.991    52420.409 
    Ca[0].Ga[0..[9].Ma[2].ACC       306    16796.704    93778.780   110575.484 
      REG                            96    11046.286    41248.451    52294.737 
      add_31_23                     186     5750.418    48767.128    54517.546 
    Ca[0].Ga[0..[9].Ma[3].ACC       306    16796.704    95244.595   112041.299 
      REG                            96    11046.286    41873.689    52919.975 
      add_31_23                     186     5750.418    49139.637    54890.055 
    Ca[0].Ga[0..[9].Ma[4].ACC       306    16796.704    91048.442   107845.146 
      REG                            96    11046.286    40126.616    51172.902 
      add_31_23                     186     5750.418    46985.595    52736.013 
    Ca[0].Ga[0..[9].Ma[5].ACC       306    16796.704    91021.026   107817.730 
      REG                            96    11046.286    40501.585    51547.871 
      add_31_23                     186     5750.418    46681.926    52432.344 
    Ca[0].Ga[0..[9].Ma[6].ACC       306    16796.704    92686.987   109483.691 
      REG                            96    11046.286    39357.633    50403.919 
      add_31_23                     186     5750.418    49366.503    55116.921 
    Ca[0].Ga[0..[9].Ma[7].ACC       306    16796.704    91221.233   108017.937 
      REG                            96    11046.286    40522.309    51568.595 
      add_31_23                     186     5750.418    46751.199    52501.617 
    Ca[0].Ga[0..[9].Ma[8].ACC       306    16796.704    89836.821   106633.525 
      REG                            96    11046.286    40245.074    51291.360 
      add_31_23                     186     5750.418    46019.726    51770.144 
    Ca[0].Ga[0..[9].Ma[9].ACC       306    16796.704    90116.119   106912.822 
      REG                            96    11046.286    40114.927    51161.213 
      add_31_23                     186     5750.418    46194.834    51945.252 
    Ca[0].Ga[0..9].Ma[10].ACC       306    16796.704    95614.761   112411.464 
      REG                            96    11046.286    42566.431    53612.717 
      add_31_23                     186     5750.418    48833.396    54583.814 
    Ca[0].Ga[0..9].Ma[11].ACC       306    16796.704    97016.865   113813.569 
      REG                            96    11046.286    43421.507    54467.793 
      add_31_23                     186     5750.418    49389.902    55140.320 
    Ca[0].Ga[0..9].Ma[12].ACC       306    16796.704    92632.099   109428.803 
      REG                            96    11046.286    41978.750    53025.036 
      add_31_23                     186     5750.418    46988.965    52739.383 
    Ca[0].Ga[0..9].Ma[13].ACC       306    16796.704    91900.651   108697.355 
      REG                            96    11046.286    41075.923    52122.209 
      add_31_23                     186     5750.418    46598.098    52348.515 
    Ca[0].Ga[0..10].Ma[1].ACC       306    16796.704    92775.753   109572.457 
      REG                            96    11046.286    40215.397    51261.683 
      add_31_23                     186     5750.418    48605.370    54355.788 
    Ca[0].Ga[0..10].Ma[2].ACC       306    16796.704    91743.657   108540.360 
      REG                            96    11046.286    40829.249    51875.535 
      add_31_23                     186     5750.418    46879.763    52630.181 
    Ca[0].Ga[0..10].Ma[3].ACC       306    16796.704    94787.633   111584.337 
      REG                            96    11046.286    42104.810    53151.096 
      add_31_23                     186     5750.418    48653.423    54403.840 
    Ca[0].Ga[0..10].Ma[4].ACC       306    16796.704    88464.386   105261.090 
      REG                            96    11046.286    38954.703    50000.989 
      add_31_23                     186     5750.418    45672.673    51423.090 
    Ca[0].Ga[0..10].Ma[5].ACC       306    16796.704    92842.490   109639.194 
      REG                            96    11046.286    41669.147    52715.433 
      add_31_23                     186     5750.418    47195.368    52945.786 
    Ca[0].Ga[0..10].Ma[6].ACC       306    16796.704    88800.055   105596.759 
      REG                            96    11046.286    38929.317    49975.603 
      add_31_23                     186     5750.418    46311.523    52061.941 
    Ca[0].Ga[0..10].Ma[7].ACC       306    16796.704    92951.895   109748.599 
      REG                            96    11046.286    42507.814    53554.100 
      add_31_23                     186     5750.418    46288.841    52039.258 
    Ca[0].Ga[0..10].Ma[8].ACC       306    16796.704    90674.487   107471.191 
      REG                            96    11046.286    40257.745    51304.031 
      add_31_23                     186     5750.418    46694.177    52444.595 
    Ca[0].Ga[0..10].Ma[9].ACC       306    16796.704    87984.474   104781.178 
      REG                            96    11046.286    39674.925    50721.211 
      add_31_23                     186     5750.418    44663.920    50414.337 
    Ca[0].Ga[0..0].Ma[10].ACC       306    16796.704    94381.942   111178.646 
      REG                            96    11046.286    41853.704    52899.990 
      add_31_23                     186     5750.418    48605.317    54355.735 
    Ca[0].Ga[0..0].Ma[11].ACC       306    16796.704    93663.037   110459.741 
      REG                            96    11046.286    42142.308    53188.594 
      add_31_23                     186     5750.418    47368.917    53119.334 
    Ca[0].Ga[0..0].Ma[12].ACC       306    16796.704    94049.892   110846.596 
      REG                            96    11046.286    43218.132    54264.418 
      add_31_23                     186     5750.418    46941.913    52692.331 
    Ca[0].Ga[0..0].Ma[13].ACC       306    16796.704    90754.680   107551.384 
      REG                            96    11046.286    39636.972    50683.258 
      add_31_23                     186     5750.418    47266.380    53016.797 
    Ca[0].Ga[0..11].Ma[1].ACC       306    16796.704    93685.150   110481.854 
      REG                            96    11046.286    40621.477    51667.763 
      add_31_23                     186     5750.418    48899.559    54649.977 
    Ca[0].Ga[0..11].Ma[2].ACC       306    16796.704    92458.206   109254.910 
      REG                            96    11046.286    41463.442    52509.728 
      add_31_23                     186     5750.418    47002.268    52752.686 
    Ca[0].Ga[0..11].Ma[3].ACC       306    16796.704    92189.639   108986.343 
      REG                            96    11046.286    41850.399    52896.685 
      add_31_23                     186     5750.418    46235.223    51985.641 
    Ca[0].Ga[0..11].Ma[4].ACC       306    16796.704    92485.061   109281.765 
      REG                            96    11046.286    40281.249    51327.535 
      add_31_23                     186     5750.418    48089.611    53840.028 
    Ca[0].Ga[0..11].Ma[5].ACC       306    16796.704    91947.932   108744.636 
      REG                            96    11046.286    41668.120    52714.406 
      add_31_23                     186     5750.418    46511.368    52261.786 
    Ca[0].Ga[0..11].Ma[6].ACC       306    16796.704    89016.503   105813.207 
      REG                            96    11046.286    39741.703    50787.989 
      add_31_23                     186     5750.418    45597.510    51347.928 
    Ca[0].Ga[0..11].Ma[7].ACC       306    16796.704    92037.578   108834.282 
      REG                            96    11046.286    41642.657    52688.943 
      add_31_23                     186     5750.418    46498.217    52248.635 
    Ca[0].Ga[0..11].Ma[8].ACC       306    16796.704    88514.493   105311.197 
      REG                            96    11046.286    40429.086    51475.372 
      add_31_23                     186     5750.418    44387.345    50137.762 
    Ca[0].Ga[0..11].Ma[9].ACC       306    16796.704    88601.992   105398.696 
      REG                            96    11046.286    39556.223    50602.509 
      add_31_23                     186     5750.418    45534.853    51285.271 
    Ca[0].Ga[0..1].Ma[10].ACC       306    16796.704    94208.890   111005.594 
      REG                            96    11046.286    42014.818    53061.105 
      add_31_23                     186     5750.418    47829.299    53579.717 
    Ca[0].Ga[0..1].Ma[11].ACC       306    16796.704    96432.691   113229.395 
      REG                            96    11046.286    42553.351    53599.637 
      add_31_23                     186     5750.418    49574.463    55324.881 
    Ca[0].Ga[0..1].Ma[12].ACC       306    16796.704    89857.873   106654.577 
      REG                            96    11046.286    41303.622    52349.908 
      add_31_23                     186     5750.418    44984.045    50734.463 
    Ca[0].Ga[0..1].Ma[13].ACC       306    16796.704    88827.229   105623.933 
      REG                            96    11046.286    39143.246    50189.532 
      add_31_23                     186     5750.418    45923.404    51673.821 
    Ca[0].Ga[0..12].Ma[1].ACC       306    16796.704    89212.795   106009.499 
      REG                            96    11046.286    39875.764    50922.050 
      add_31_23                     186     5750.418    45501.432    51251.850 
    Ca[0].Ga[0..12].Ma[2].ACC       306    16796.704    93109.342   109906.045 
      REG                            96    11046.286    40764.523    51810.809 
      add_31_23                     186     5750.418    48200.872    53951.289 
    Ca[0].Ga[0..12].Ma[3].ACC       306    16796.704    94967.699   111764.403 
      REG                            96    11046.286    42717.360    53763.646 
      add_31_23                     186     5750.418    47935.782    53686.200 
    Ca[0].Ga[0..12].Ma[4].ACC       306    16796.704    92663.954   109460.658 
      REG                            96    11046.286    40705.958    51752.244 
      add_31_23                     186     5750.418    47886.245    53636.663 
    Ca[0].Ga[0..12].Ma[5].ACC       306    16796.704    90437.595   107234.299 
      REG                            96    11046.286    40741.590    51787.876 
      add_31_23                     186     5750.418    45747.473    51497.891 
    Ca[0].Ga[0..12].Ma[6].ACC       306    16796.704    89453.439   106250.143 
      REG                            96    11046.286    39083.145    50129.431 
      add_31_23                     186     5750.418    46488.311    52238.729 
    Ca[0].Ga[0..12].Ma[7].ACC       306    16796.704    94587.574   111384.278 
      REG                            96    11046.286    41484.291    52530.577 
      add_31_23                     186     5750.418    49172.900    54923.318 
    Ca[0].Ga[0..12].Ma[8].ACC       306    16796.704    93707.175   110503.879 
      REG                            96    11046.286    41443.836    52490.122 
      add_31_23                     186     5750.418    48443.874    54194.292 
    Ca[0].Ga[0..12].Ma[9].ACC       306    16796.704    91148.629   107945.333 
      REG                            96    11046.286    40760.298    51806.584 
      add_31_23                     186     5750.418    46354.493    52104.911 
    Ca[0].Ga[0..2].Ma[10].ACC       306    16796.704    95246.725   112043.428 
      REG                            96    11046.286    42351.086    53397.372 
      add_31_23                     186     5750.418    48571.200    54321.618 
    Ca[0].Ga[0..2].Ma[11].ACC       306    16796.704    96541.125   113337.828 
      REG                            96    11046.286    42574.698    53620.984 
      add_31_23                     186     5750.418    49627.871    55378.289 
    Ca[0].Ga[0..2].Ma[12].ACC       306    16796.704    92088.699   108885.403 
      REG                            96    11046.286    42406.565    53452.851 
      add_31_23                     186     5750.418    45806.000    51556.417 
    Ca[0].Ga[0..2].Ma[13].ACC       306    16796.704    91313.914   108110.618 
      REG                            96    11046.286    39977.845    51024.131 
      add_31_23                     186     5750.418    47250.605    53001.023 
    Ca[0].Ga[0..13].Ma[1].ACC       306    16796.704    93667.730   110464.434 
      REG                            96    11046.286    41489.513    52535.799 
      add_31_23                     186     5750.418    48204.476    53954.894 
    Ca[0].Ga[0..13].Ma[2].ACC       306    16796.704    93258.301   110055.004 
      REG                            96    11046.286    41269.676    52315.963 
      add_31_23                     186     5750.418    48182.670    53933.088 
    Ca[0].Ga[0..13].Ma[3].ACC       306    16796.704    95436.808   112233.512 
      REG                            96    11046.286    41837.427    52883.713 
      add_31_23                     186     5750.418    49388.077    55138.495 
    Ca[0].Ga[0..13].Ma[4].ACC       306    16796.704    89622.740   106419.444 
      REG                            96    11046.286    40897.971    51944.257 
      add_31_23                     186     5750.418    44775.631    50526.049 
    Ca[0].Ga[0..13].Ma[5].ACC       306    16796.704    90162.859   106959.563 
      REG                            96    11046.286    40819.219    51865.505 
      add_31_23                     186     5750.418    45549.383    51299.801 
    Ca[0].Ga[0..13].Ma[6].ACC       306    16796.704    93317.369   110114.073 
      REG                            96    11046.286    40819.405    51865.691 
      add_31_23                     186     5750.418    48578.472    54328.889 
    Ca[0].Ga[0..13].Ma[7].ACC       306    16796.704    96534.316   113331.020 
      REG                            96    11046.286    41925.485    52971.771 
      add_31_23                     186     5750.418    50410.030    56160.448 
    Ca[0].Ga[0..13].Ma[8].ACC       306    16796.704    88961.004   105757.708 
      REG                            96    11046.286    40127.397    51173.683 
      add_31_23                     186     5750.418    45217.018    50967.436 
    Ca[0].Ga[0..13].Ma[9].ACC       306    16796.704    89942.117   106738.821 
      REG                            96    11046.286    39813.277    50859.563 
      add_31_23                     186     5750.418    46293.241    52043.659 
    Ca[0].Ga[0..3].Ma[10].ACC       306    16796.704    92814.542   109611.246 
      REG                            96    11046.286    40590.019    51636.305 
      add_31_23                     186     5750.418    47999.506    53749.924 
    Ca[0].Ga[0..3].Ma[11].ACC       306    16796.704    96438.372   113235.076 
      REG                            96    11046.286    42647.097    53693.383 
      add_31_23                     186     5750.418    49543.873    55294.290 
    Ca[0].Ga[0..3].Ma[12].ACC       306    16796.704    88578.287   105374.991 
      REG                            96    11046.286    41306.982    52353.268 
      add_31_23                     186     5750.418    43688.798    49439.215 
    Ca[0].Ga[0..3].Ma[13].ACC       306    16796.704    92380.974   109177.677 
      REG                            96    11046.286    40264.328    51310.614 
      add_31_23                     186     5750.418    48029.366    53779.784 
    MUL_CONTROL                      75     8342.494    14499.843    22842.337 
      delay_reg_..0].m_data_reg      75     8342.494    14499.843    22842.337 
    ACC_USER                         63     6961.708    17221.611    24183.319 
      delay_reg_..0].m_data_reg      63     6961.708    17221.611    24183.319 
    ACC_VALID_LAST                   10      959.043     1792.668     2751.712 
      delay_reg_..0].m_data_reg      10      959.043     1792.668     2751.712 
    MUX_SEL                           5      479.522   294800.825   295280.347 
    Mb[0].BYPASS_SUM                  5      479.522     1045.261     1524.783 
    Mb[1].BYPASS_SUM                  5      479.522     1092.195     1571.717 
    Mb[2].BYPASS_SUM                  5      479.522     1052.524     1532.046 
    Mb[3].BYPASS_SUM                  5      479.522     1066.529     1546.051 
    Mb[4].BYPASS_SUM                  5      479.522      999.137     1478.658 
    Mb[5].BYPASS_SUM                  5      479.522      972.660     1452.182 
    Mb[6].BYPASS_SUM                  5      479.522     1041.673     1521.195 
    Mb[7].BYPASS_SUM                  5      479.522     1029.201     1508.723 
    Mb[8].BYPASS_SUM                  5      479.522      992.196     1471.718 
    Mb[9].BYPASS_SUM                  5      479.522     1027.991     1507.513 
    Mb[10].BYPASS_SUM                 5      479.522     1009.266     1488.787 
    Mb[11].BYPASS_SUM                 5      479.522     1024.803     1504.325 
    Mb[12].BYPASS_SUM                 5      479.522     1045.261     1524.783 
    Mb[13].BYPASS_SUM                 5      479.522     1090.663     1570.184 
  SLICE                           33374  4175755.698  9009446.548 13185202.247 

